EAL: Detected CPU lcores: 128
EAL: Detected NUMA nodes: 2
EAL: Detected static linkage of DPDK
EAL: Multi-process socket /var/run/dpdk/rte/mp_socket
EAL: Selected IOVA mode 'PA'
EAL: VFIO support initialized
EAL: Probe PCI driver: mlx5_pci (15b3:101d) device: 0000:ca:00.0 (socket 1)
app-ndpiptest: connected
ndpip_rx_thread: avg_burst=0.032647; avg_replies=0.000938; pps=543552.020656;
pps=1814363; bps=21191760119;
pps=1872615; bps=21872152716;
pps=1878317; bps=21938746495;
pps=1879975; bps=21958113911;
pps=1885747; bps=22025532015;
pps=1886492; bps=22034232498;
pps=1886194; bps=22030750201;
pps=1884671; bps=22012965050;
pps=1887220; bps=22042732680;
pps=1887366; bps=22044444404;
pps=1886163; bps=22030390440;
pps=1885341; bps=22020785166;
pps=1888124; bps=22053297346;
pps=1888662; bps=22059583350;
pps=1887312; bps=22043809795;
pps=1889270; bps=22066675785;
