EAL: Detected CPU lcores: 128
EAL: Detected NUMA nodes: 2
EAL: Detected static linkage of DPDK
EAL: Multi-process socket /var/run/dpdk/rte/mp_socket
EAL: Selected IOVA mode 'PA'
EAL: VFIO support initialized
EAL: Probe PCI driver: mlx5_pci (15b3:101d) device: 0000:ca:00.0 (socket 1)
app-ndpiptest: connected
ndpip_rx_thread: avg_burst=0.016431; avg_replies=0.000610; pps=317538.976216;
pps=1764188; bps=20605726609;
pps=1819136; bps=21247519618;
pps=1826708; bps=21335956592;
pps=1828671; bps=21358878713;
pps=1827987; bps=21350893786;
pps=1829714; bps=21371060685;
pps=1828456; bps=21356371203;
pps=1827470; bps=21344854537;
pps=1825275; bps=21319212928;
pps=1826305; bps=21331243070;
pps=1827303; bps=21342903239;
pps=1826873; bps=21337881220;
pps=1828255; bps=21354028770;
pps=1827447; bps=21344582903;
pps=1827158; bps=21341207411;
pps=1827735; bps=21347955014;
