[dpdk]: lcore_mask=2
[dpdk]: channel=4
[dpdk]: promiscuous=1
[dpdk]: numa_on=1
[dpdk]: tx_csum_offoad_skip=0
[dpdk]: tso=0
[dpdk]: vlan_strip=1
[dpdk]: idle_sleep=0
[dpdk]: pkt_tx_delay=0
[dpdk]: symmetric_rss=0
[dpdk]: allow=0000:ca:00.0
[dpdk]: port_list=2
[dpdk]: nb_vdev=0
[dpdk]: nb_bond=0
[pcap]: enable=0
[pcap]: snaplen=96
[pcap]: savelen=16777216
[pcap]: savepath=.
[port2]: addr=10.1.1.2
[port2]: netmask=255.255.255.0
[port2]: broadcast=10.1.1.255
[port2]: gateway=10.1.1.254
[freebsd.boot]: hz=100
[freebsd.boot]: fd_reserve=1024
[freebsd.boot]: kern.ipc.maxsockets=262144
[freebsd.boot]: net.inet.tcp.syncache.hashsize=4096
[freebsd.boot]: net.inet.tcp.syncache.bucketlimit=100
[freebsd.boot]: net.inet.tcp.tcbhashsize=65536
[freebsd.boot]: kern.ncallout=262144
[freebsd.boot]: kern.features.inet6=1
[freebsd.boot]: net.inet6.ip6.auto_linklocal=1
[freebsd.boot]: net.inet6.ip6.accept_rtadv=2
[freebsd.boot]: net.inet6.icmp6.rediraccept=1
[freebsd.boot]: net.inet6.ip6.forwarding=0
[freebsd.sysctl]: kern.ipc.somaxconn=32768
[freebsd.sysctl]: kern.ipc.maxsockbuf=16777216
[freebsd.sysctl]: net.link.ether.inet.maxhold=5
[freebsd.sysctl]: net.inet.tcp.fast_finwait2_recycle=1
[freebsd.sysctl]: net.inet.tcp.sendspace=16384
[freebsd.sysctl]: net.inet.tcp.recvspace=8192
[freebsd.sysctl]: net.inet.tcp.cc.algorithm=cubic
[freebsd.sysctl]: net.inet.tcp.sendbuf_max=16777216
[freebsd.sysctl]: net.inet.tcp.recvbuf_max=16777216
[freebsd.sysctl]: net.inet.tcp.sendbuf_auto=1
[freebsd.sysctl]: net.inet.tcp.recvbuf_auto=1
[freebsd.sysctl]: net.inet.tcp.sendbuf_inc=16384
[freebsd.sysctl]: net.inet.tcp.sack.enable=1
[freebsd.sysctl]: net.inet.tcp.blackhole=1
[freebsd.sysctl]: net.inet.tcp.msl=2000
[freebsd.sysctl]: net.inet.tcp.delayed_ack=1
[freebsd.sysctl]: net.inet.tcp.rfc1323=1
[freebsd.sysctl]: net.inet.udp.blackhole=1
[freebsd.sysctl]: net.inet.ip.redirect=0
[freebsd.sysctl]: net.inet.ip.forwarding=0
[freebsd.sysctl]: net.inet.tcp.functions_default=freebsd
[freebsd.sysctl]: net.inet.tcp.hpts.skip_swi=1
[freebsd.sysctl]: net.inet.tcp.hpts.minsleep=250
[freebsd.sysctl]: net.inet.tcp.hpts.maxsleep=51200
f-stack -c2 -n4 --proc-type=primary 
EAL: Detected CPU lcores: 128
EAL: Detected NUMA nodes: 2
EAL: Detected static linkage of DPDK
EAL: Multi-process socket /var/run/dpdk/rte/mp_socket
EAL: Selected IOVA mode 'PA'
EAL: No available 1048576 kB hugepages reported
EAL: VFIO support initialized
EAL: Probe PCI driver: mlx5_pci (15b3:1017) device: 0000:31:00.0 (socket 0)
EAL: Probe PCI driver: mlx5_pci (15b3:1017) device: 0000:31:00.1 (socket 0)
EAL: Probe PCI driver: mlx5_pci (15b3:101d) device: 0000:ca:00.0 (socket 1)
EAL: Probe PCI driver: mlx5_pci (15b3:101d) device: 0000:ca:00.1 (socket 1)
lcore: 1, port: 2, queue: 0
create mbuf pool on socket 1
create ring:dispatch_ring_p2_q0 success, 2047 ring entries are now free!
Port 2 MAC: 04 3f 72 f2 9b 7a
Port 2 modified RSS hash function based on hardware support,requested:0x2003ffffc configured:0x3afbc
port[2]: rss table size: 512
set port 2 to promiscuous mode ok

Checking link statusdone
Port 2 Link Up - speed 100000 Mbps - full-duplex
Timecounters tick every 10.000 msec
WARNING: Adding ifaddrs to all fibs has been turned off by default. Consider tuning net.add_addr_allfibs if needed
Attempting to load tcp_bbr
tcp_bbr is now available
TCP Hpts created 1 swi interrupt threads and bound 0 to cpus
Timecounter "ff_clock" frequency 100 Hz quality 1
TCP_ratelimit: Is now initialized
f-stack-2: No addr6 config found.
f-stack-2: Ethernet address: 04:3f:72:f2:9b:7a
connected
pps=47141; bps=486881394;
pps=47256; bps=488067308;
pps=47237; bps=487875236;
pps=47248; bps=487982886;
pps=47252; bps=488019267;
pps=47250; bps=488007960;
pps=47249; bps=487997526;
pps=47244; bps=487947907;
pps=47244; bps=487945002;
pps=47182; bps=487307995;
pps=47222; bps=487718351;
pps=47243; bps=487943646;
pps=47243; bps=487941560;
pps=47249; bps=487990475;
pps=47250; bps=488008022;
pps=47242; bps=487931916;
Terminated
