EAL: Detected CPU lcores: 128
EAL: Detected NUMA nodes: 2
EAL: Detected static linkage of DPDK
EAL: Multi-process socket /var/run/dpdk/rte/mp_socket
EAL: Selected IOVA mode 'PA'
EAL: VFIO support initialized
EAL: Probe PCI driver: mlx5_pci (15b3:101d) device: 0000:ca:00.0 (socket 1)
app-ndpiptest: connected
pps=1723006; bps=8697735694;
pps=1667236; bps=8416211109;
pps=1726017; bps=8712937039;
pps=1674347; bps=8452106920;
pps=1674659; bps=8453680013;
pps=1725946; bps=8712577134;
pps=1671495; bps=8437710179;
ndpip_rx_thread: avg_burst=1.253786; avg_replies=0.019668; pps=1683278.103115;
pps=1719394; bps=8679503606;
pps=1675762; bps=8459250628;
pps=1669980; bps=8430061606;
pps=1722138; bps=8693355663;
pps=1669518; bps=8427731769;
pps=1669870; bps=8429508261;
pps=1721686; bps=8691074876;
pps=1670200; bps=8431171589;
ndpip_rx_thread: avg_burst=1.357824; avg_replies=0.021300; pps=1686843.313810;
pps=1723159; bps=8698507065;
pps=1670131; bps=8430825544;
pps=1668802; bps=8424116268;
