EAL: Detected CPU lcores: 128
EAL: Detected NUMA nodes: 2
EAL: Detected static linkage of DPDK
EAL: Multi-process socket /var/run/dpdk/rte/mp_socket
EAL: Selected IOVA mode 'PA'
EAL: VFIO support initialized
EAL: Probe PCI driver: mlx5_pci (15b3:101d) device: 0000:ca:00.0 (socket 1)
app-ndpiptest: connected
pps=1863410; bps=12984242099;
pps=1805528; bps=12580922990;
pps=1815506; bps=12650448547;
pps=1843237; bps=12843677928;
pps=1847828; bps=12875668015;
pps=1815582; bps=12650977674;
ndpip_rx_thread: avg_burst=1.151386; avg_replies=0.018019; pps=1808114.499825;
pps=1815172; bps=12648118642;
pps=1848550; bps=12880699501;
pps=1837724; bps=12805262465;
pps=1817260; bps=12662673881;
pps=1814876; bps=12646056550;
pps=1854248; bps=12920403521;
pps=1834929; bps=12785786706;
pps=1814065; bps=12640410427;
ndpip_rx_thread: avg_burst=1.465139; avg_replies=0.022932; pps=1832744.545595;
pps=1814038; bps=12640221774;
pps=1864001; bps=12988360856;
pps=1819637; bps=12679233739;
pps=1816356; bps=12656375345;
