EAL: Detected CPU lcores: 128
EAL: Detected NUMA nodes: 2
EAL: Detected static linkage of DPDK
EAL: Multi-process socket /var/run/dpdk/rte/mp_socket
EAL: Selected IOVA mode 'PA'
EAL: VFIO support initialized
EAL: Probe PCI driver: mlx5_pci (15b3:101d) device: 0000:ca:00.0 (socket 1)
app-ndpiptest: connected
pps=1909579; bps=4598267796;
pps=1852683; bps=4461261494;
pps=1857596; bps=4473092105;
pps=1858046; bps=4474176134;
pps=1914971; bps=4611250593;
pps=1856733; bps=4471013399;
ndpip_rx_thread: avg_burst=1.149338; avg_replies=0.017961; pps=1845529.251225;
pps=1858951; bps=4476354736;
pps=1857536; bps=4472949051;
pps=1860353; bps=4479730205;
pps=1916487; bps=4614902172;
pps=1859309; bps=4477216510;
pps=1860017; bps=4478922584;
pps=1861346; bps=4482121994;
ndpip_rx_thread: avg_burst=1.462272; avg_replies=0.022851; pps=1873053.278137;
pps=1858461; bps=4475175915;
pps=1919584; bps=4622358368;
pps=1861447; bps=4482366416;
pps=1862525; bps=4484962282;
pps=1862443; bps=4484765049;
