---------------------------------------------------------------------------------
Loading mtcp configuration from : perf.conf
EAL: Probing VFIO support...
EAL: VFIO support initialized
Loading interface setting
EAL: Detected 6 lcore(s)
EAL: Detected 1 NUMA nodes
EAL: Auto-detected process type: PRIMARY
EAL: Multi-process socket /var/run/dpdk/rte/mp_socket
EAL: No free hugepages reported in hugepages-1048576kB
EAL: PCI device 0000:1a:00.1 on NUMA socket -1
EAL:   Invalid NUMA socket, default to 0
EAL:   probe driver: 8086:10fb net_ixgbe
EAL:   using IOMMU type 1 (Type 1)
EAL: Ignore mapping IO port bar(2)
EAL: Auto-detected process type: PRIMARY
Total number of attached devices: 1
Interface name: dpdk0
Configurations:
Number of CPU cores available: 3
Number of CPU cores to use: 3
Maximum number of concurrency per core: 10000
Maximum number of preallocated buffers per core: 10000
Receive buffer size: 102400
Send buffer size: 102400
TCP timeout seconds: 30
TCP timewait seconds: 0
NICs to print statistics: dpdk0
---------------------------------------------------------------------------------
Interfaces:
name: dpdk0, ifindex: 0, hwaddr: 90:E2:BA:46:F2:25, ipaddr: 10.1.1.1, netmask: 255.255.255.0
Number of NIC queues: 3
---------------------------------------------------------------------------------
Loading routing configurations from : config/route.conf
fopen: No such file or directory
Skip loading static routing table
Routes:
Destination: 10.1.1.0/24, Mask: 255.255.255.0, Masked: 10.1.1.0, Route: ifdx-0
---------------------------------------------------------------------------------
Loading ARP table from : config/arp.conf
Initializing port 0... ARP Table:
IP addr: 10.1.1.2, dst_hwaddr: 90:E2:BA:46:F3:44
---------------------------------------------------------------------------------
done: 

Checking link statusdone
Port 0 Link Up - speed 10000 Mbps - full-duplex
CPU 1: initialization finished.
[mtcp_create_context:1359] CPU 1 is now the master thread.
[CPU 1] dpdk0 flows:      1, RX:       6(pps) (err:     0),  0.00(Gbps), TX:      16(pps),  0.00(Gbps)
[ ALL ] dpdk0 flows:      1, RX:       6(pps) (err:     0),  0.00(Gbps), TX:      16(pps),  0.00(Gbps)
[CPU 1] dpdk0 flows:      1, RX:   54806(pps) (err:     0),  0.04(Gbps), TX: 1688380(pps),  9.55(Gbps)
[ ALL ] dpdk0 flows:      1, RX:   54806(pps) (err:     0),  0.04(Gbps), TX: 1688380(pps),  9.55(Gbps)
[CPU 1] dpdk0 flows:      1, RX:   54548(pps) (err:     0),  0.04(Gbps), TX: 1694665(pps),  9.59(Gbps)
[ ALL ] dpdk0 flows:      1, RX:   54548(pps) (err:     0),  0.04(Gbps), TX: 1694665(pps),  9.59(Gbps)
[CPU 1] dpdk0 flows:      1, RX:   53963(pps) (err:     0),  0.04(Gbps), TX: 1711730(pps),  9.68(Gbps)
[ ALL ] dpdk0 flows:      1, RX:   53963(pps) (err:     0),  0.04(Gbps), TX: 1711730(pps),  9.68(Gbps)
[CPU 1] dpdk0 flows:      1, RX:   53983(pps) (err:     0),  0.04(Gbps), TX: 1711947(pps),  9.68(Gbps)
[ ALL ] dpdk0 flows:      1, RX:   53983(pps) (err:     0),  0.04(Gbps), TX: 1711947(pps),  9.68(Gbps)
[CPU 1] dpdk0 flows:      1, RX:   53988(pps) (err:     0),  0.04(Gbps), TX: 1711444(pps),  9.68(Gbps)
[ ALL ] dpdk0 flows:      1, RX:   53988(pps) (err:     0),  0.04(Gbps), TX: 1711444(pps),  9.68(Gbps)
[CPU 1] dpdk0 flows:      1, RX:   53961(pps) (err:     0),  0.04(Gbps), TX: 1712002(pps),  9.69(Gbps)
[ ALL ] dpdk0 flows:      1, RX:   53961(pps) (err:     0),  0.04(Gbps), TX: 1712002(pps),  9.69(Gbps)
[CPU 1] dpdk0 flows:      1, RX:   54027(pps) (err:     0),  0.04(Gbps), TX: 1712321(pps),  9.69(Gbps)
[ ALL ] dpdk0 flows:      1, RX:   54027(pps) (err:     0),  0.04(Gbps), TX: 1712321(pps),  9.69(Gbps)
[CPU 1] dpdk0 flows:      1, RX:   53988(pps) (err:     0),  0.04(Gbps), TX: 1711421(pps),  9.68(Gbps)
[ ALL ] dpdk0 flows:      1, RX:   53988(pps) (err:     0),  0.04(Gbps), TX: 1711421(pps),  9.68(Gbps)
[CPU 1] dpdk0 flows:      1, RX:   51896(pps) (err:     0),  0.04(Gbps), TX: 1621120(pps),  9.17(Gbps)
[ ALL ] dpdk0 flows:      1, RX:   51896(pps) (err:     0),  0.04(Gbps), TX: 1621120(pps),  9.17(Gbps)
[CPU 1] dpdk0 flows:      1, RX:   53914(pps) (err:     0),  0.04(Gbps), TX: 1691648(pps),  9.57(Gbps)
[ ALL ] dpdk0 flows:      1, RX:   53914(pps) (err:     0),  0.04(Gbps), TX: 1691648(pps),  9.57(Gbps)
[CPU 1] dpdk0 flows:      1, RX:   53532(pps) (err:     0),  0.04(Gbps), TX: 1684597(pps),  9.53(Gbps)
[ ALL ] dpdk0 flows:      1, RX:   53532(pps) (err:     0),  0.04(Gbps), TX: 1684597(pps),  9.53(Gbps)
[CPU 1] dpdk0 flows:      1, RX:   54396(pps) (err:     0),  0.04(Gbps), TX: 1707280(pps),  9.66(Gbps)
[ ALL ] dpdk0 flows:      1, RX:   54396(pps) (err:     0),  0.04(Gbps), TX: 1707280(pps),  9.66(Gbps)
[CPU 1] dpdk0 flows:      1, RX:   54028(pps) (err:     0),  0.04(Gbps), TX: 1699621(pps),  9.61(Gbps)
[ ALL ] dpdk0 flows:      1, RX:   54028(pps) (err:     0),  0.04(Gbps), TX: 1699621(pps),  9.61(Gbps)
[CPU 1] dpdk0 flows:      1, RX:   36256(pps) (err:     0),  0.03(Gbps), TX: 1138514(pps),  6.44(Gbps)
[ ALL ] dpdk0 flows:      1, RX:   36256(pps) (err:     0),  0.03(Gbps), TX: 1138514(pps),  6.44(Gbps)
[CPU 1] dpdk0 flows:      1, RX:       0(pps) (err:     0),  0.00(Gbps), TX:       0(pps),  0.00(Gbps)
[ ALL ] dpdk0 flows:      1, RX:       0(pps) (err:     0),  0.00(Gbps), TX:       0(pps),  0.00(Gbps)
[CPU 1] dpdk0 flows:      1, RX:       0(pps) (err:     0),  0.00(Gbps), TX:       0(pps),  0.00(Gbps)
[ ALL ] dpdk0 flows:      1, RX:       0(pps) (err:     0),  0.00(Gbps), TX:       0(pps),  0.00(Gbps)
[CPU 1] dpdk0 flows:      1, RX:       0(pps) (err:     0),  0.00(Gbps), TX:       0(pps),  0.00(Gbps)
[ ALL ] dpdk0 flows:      1, RX:       0(pps) (err:     0),  0.00(Gbps), TX:       0(pps),  0.00(Gbps)
[CPU 1] dpdk0 flows:      1, RX:       0(pps) (err:     0),  0.00(Gbps), TX:       0(pps),  0.00(Gbps)
[ ALL ] dpdk0 flows:      1, RX:       0(pps) (err:     0),  0.00(Gbps), TX:       0(pps),  0.00(Gbps)
[CPU 1] dpdk0 flows:      1, RX:       0(pps) (err:     0),  0.00(Gbps), TX:       0(pps),  0.00(Gbps)
[ ALL ] dpdk0 flows:      1, RX:       0(pps) (err:     0),  0.00(Gbps), TX:       0(pps),  0.00(Gbps)
[CPU 1] dpdk0 flows:      1, RX:       0(pps) (err:     0),  0.00(Gbps), TX:       0(pps),  0.00(Gbps)
[ ALL ] dpdk0 flows:      1, RX:       0(pps) (err:     0),  0.00(Gbps), TX:       0(pps),  0.00(Gbps)
[CPU 1] dpdk0 flows:      1, RX:       0(pps) (err:     0),  0.00(Gbps), TX:       0(pps),  0.00(Gbps)
[ ALL ] dpdk0 flows:      1, RX:       0(pps) (err:     0),  0.00(Gbps), TX:       0(pps),  0.00(Gbps)
[CPU 1] dpdk0 flows:      1, RX:       0(pps) (err:     0),  0.00(Gbps), TX:       0(pps),  0.00(Gbps)
[ ALL ] dpdk0 flows:      1, RX:       0(pps) (err:     0),  0.00(Gbps), TX:       0(pps),  0.00(Gbps)
[CPU 1] dpdk0 flows:      1, RX:       0(pps) (err:     0),  0.00(Gbps), TX:       0(pps),  0.00(Gbps)
[ ALL ] dpdk0 flows:      1, RX:       0(pps) (err:     0),  0.00(Gbps), TX:       0(pps),  0.00(Gbps)
[CPU 1] dpdk0 flows:      1, RX:       0(pps) (err:     0),  0.00(Gbps), TX:       0(pps),  0.00(Gbps)
[ ALL ] dpdk0 flows:      1, RX:       0(pps) (err:     0),  0.00(Gbps), TX:       0(pps),  0.00(Gbps)
[CPU 1] dpdk0 flows:      1, RX:       0(pps) (err:     0),  0.00(Gbps), TX:       0(pps),  0.00(Gbps)
[ ALL ] dpdk0 flows:      1, RX:       0(pps) (err:     0),  0.00(Gbps), TX:       0(pps),  0.00(Gbps)
[CPU 1] dpdk0 flows:      1, RX:       0(pps) (err:     0),  0.00(Gbps), TX:       0(pps),  0.00(Gbps)
[ ALL ] dpdk0 flows:      1, RX:       0(pps) (err:     0),  0.00(Gbps), TX:       0(pps),  0.00(Gbps)
[CPU 1] dpdk0 flows:      1, RX:       0(pps) (err:     0),  0.00(Gbps), TX:       0(pps),  0.00(Gbps)
[ ALL ] dpdk0 flows:      1, RX:       0(pps) (err:     0),  0.00(Gbps), TX:       0(pps),  0.00(Gbps)
[CPU 1] dpdk0 flows:      1, RX:       0(pps) (err:     0),  0.00(Gbps), TX:       0(pps),  0.00(Gbps)
[ ALL ] dpdk0 flows:      1, RX:       0(pps) (err:     0),  0.00(Gbps), TX:       0(pps),  0.00(Gbps)
