---------------------------------------------------------------------------------
Loading mtcp configuration from : perf.conf
EAL: Probing VFIO support...
EAL: VFIO support initialized
Loading interface setting
EAL: Detected 6 lcore(s)
EAL: Detected 1 NUMA nodes
EAL: Auto-detected process type: PRIMARY
EAL: Multi-process socket /var/run/dpdk/rte/mp_socket
EAL: No free hugepages reported in hugepages-1048576kB
EAL: PCI device 0000:1a:00.1 on NUMA socket -1
EAL:   Invalid NUMA socket, default to 0
EAL:   probe driver: 8086:10fb net_ixgbe
EAL:   using IOMMU type 1 (Type 1)
EAL: Ignore mapping IO port bar(2)
EAL: Auto-detected process type: PRIMARY
Total number of attached devices: 1
Interface name: dpdk0
Configurations:
Number of CPU cores available: 3
Number of CPU cores to use: 3
Maximum number of concurrency per core: 10000
Maximum number of preallocated buffers per core: 10000
Receive buffer size: 102400
Send buffer size: 102400
TCP timeout seconds: 30
TCP timewait seconds: 0
NICs to print statistics: dpdk0
---------------------------------------------------------------------------------
Interfaces:
name: dpdk0, ifindex: 0, hwaddr: 90:E2:BA:46:F2:25, ipaddr: 10.1.1.1, netmask: 255.255.255.0
Number of NIC queues: 3
---------------------------------------------------------------------------------
Loading routing configurations from : config/route.conf
fopen: No such file or directory
Skip loading static routing table
Routes:
Initializing port 0... Destination: 10.1.1.0/24, Mask: 255.255.255.0, Masked: 10.1.1.0, Route: ifdx-0
---------------------------------------------------------------------------------
Loading ARP table from : config/arp.conf
ARP Table:
IP addr: 10.1.1.2, dst_hwaddr: 90:E2:BA:46:F3:44
---------------------------------------------------------------------------------
done: 

Checking link statusdone
Port 0 Link Up - speed 10000 Mbps - full-duplex
CPU 1: initialization finished.
[mtcp_create_context:1359] CPU 1 is now the master thread.
[CPU 1] dpdk0 flows:      1, RX:       9(pps) (err:     0),  0.00(Gbps), TX:      21(pps),  0.00(Gbps)
[ ALL ] dpdk0 flows:      1, RX:       9(pps) (err:     0),  0.00(Gbps), TX:      21(pps),  0.00(Gbps)
[CPU 1] dpdk0 flows:      1, RX:  113823(pps) (err:     0),  0.08(Gbps), TX: 1018690(pps),  9.91(Gbps)
[ ALL ] dpdk0 flows:      1, RX:  113823(pps) (err:     0),  0.08(Gbps), TX: 1018690(pps),  9.91(Gbps)
[CPU 1] dpdk0 flows:      1, RX:  114369(pps) (err:     0),  0.08(Gbps), TX: 1021126(pps),  9.93(Gbps)
[ ALL ] dpdk0 flows:      1, RX:  114369(pps) (err:     0),  0.08(Gbps), TX: 1021126(pps),  9.93(Gbps)
[CPU 1] dpdk0 flows:      1, RX:  113294(pps) (err:     0),  0.08(Gbps), TX: 1024062(pps),  9.96(Gbps)
[ ALL ] dpdk0 flows:      1, RX:  113294(pps) (err:     0),  0.08(Gbps), TX: 1024062(pps),  9.96(Gbps)
[CPU 1] dpdk0 flows:      1, RX:  113395(pps) (err:     0),  0.08(Gbps), TX: 1024307(pps),  9.96(Gbps)
[ ALL ] dpdk0 flows:      1, RX:  113395(pps) (err:     0),  0.08(Gbps), TX: 1024307(pps),  9.96(Gbps)
[CPU 1] dpdk0 flows:      1, RX:  113479(pps) (err:     0),  0.08(Gbps), TX: 1024350(pps),  9.96(Gbps)
[ ALL ] dpdk0 flows:      1, RX:  113479(pps) (err:     0),  0.08(Gbps), TX: 1024350(pps),  9.96(Gbps)
[CPU 1] dpdk0 flows:      1, RX:  113601(pps) (err:     0),  0.08(Gbps), TX: 1024228(pps),  9.96(Gbps)
[ ALL ] dpdk0 flows:      1, RX:  113601(pps) (err:     0),  0.08(Gbps), TX: 1024228(pps),  9.96(Gbps)
[CPU 1] dpdk0 flows:      1, RX:  113195(pps) (err:     0),  0.08(Gbps), TX: 1024487(pps),  9.96(Gbps)
[ ALL ] dpdk0 flows:      1, RX:  113195(pps) (err:     0),  0.08(Gbps), TX: 1024487(pps),  9.96(Gbps)
[CPU 1] dpdk0 flows:      1, RX:  113419(pps) (err:     0),  0.08(Gbps), TX: 1024210(pps),  9.96(Gbps)
[ ALL ] dpdk0 flows:      1, RX:  113419(pps) (err:     0),  0.08(Gbps), TX: 1024210(pps),  9.96(Gbps)
[CPU 1] dpdk0 flows:      1, RX:  113462(pps) (err:     0),  0.08(Gbps), TX: 1024262(pps),  9.96(Gbps)
[ ALL ] dpdk0 flows:      1, RX:  113462(pps) (err:     0),  0.08(Gbps), TX: 1024262(pps),  9.96(Gbps)
[CPU 1] dpdk0 flows:      1, RX:  113316(pps) (err:     0),  0.08(Gbps), TX: 1024619(pps),  9.97(Gbps)
[ ALL ] dpdk0 flows:      1, RX:  113316(pps) (err:     0),  0.08(Gbps), TX: 1024619(pps),  9.97(Gbps)
[CPU 1] dpdk0 flows:      1, RX:  112405(pps) (err:     0),  0.08(Gbps), TX: 1003617(pps),  9.76(Gbps)
[ ALL ] dpdk0 flows:      1, RX:  112405(pps) (err:     0),  0.08(Gbps), TX: 1003617(pps),  9.76(Gbps)
[CPU 1] dpdk0 flows:      1, RX:  110921(pps) (err:     0),  0.08(Gbps), TX:  991634(pps),  9.64(Gbps)
[ ALL ] dpdk0 flows:      1, RX:  110921(pps) (err:     0),  0.08(Gbps), TX:  991634(pps),  9.64(Gbps)
[CPU 1] dpdk0 flows:      1, RX:  114235(pps) (err:     0),  0.08(Gbps), TX: 1012710(pps),  9.85(Gbps)
[ ALL ] dpdk0 flows:      1, RX:  114235(pps) (err:     0),  0.08(Gbps), TX: 1012710(pps),  9.85(Gbps)
[CPU 1] dpdk0 flows:      1, RX:  112657(pps) (err:     0),  0.08(Gbps), TX: 1008794(pps),  9.81(Gbps)
[ ALL ] dpdk0 flows:      1, RX:  112657(pps) (err:     0),  0.08(Gbps), TX: 1008794(pps),  9.81(Gbps)
[CPU 1] dpdk0 flows:      1, RX:  114594(pps) (err:     0),  0.08(Gbps), TX: 1019671(pps),  9.92(Gbps)
[ ALL ] dpdk0 flows:      1, RX:  114594(pps) (err:     0),  0.08(Gbps), TX: 1019671(pps),  9.92(Gbps)
[CPU 1] dpdk0 flows:      1, RX:  114449(pps) (err:     0),  0.08(Gbps), TX: 1016877(pps),  9.89(Gbps)
[ ALL ] dpdk0 flows:      1, RX:  114449(pps) (err:     0),  0.08(Gbps), TX: 1016877(pps),  9.89(Gbps)
[CPU 1] dpdk0 flows:      1, RX:  106247(pps) (err:     0),  0.08(Gbps), TX:  944475(pps),  9.19(Gbps)
[ ALL ] dpdk0 flows:      1, RX:  106247(pps) (err:     0),  0.08(Gbps), TX:  944475(pps),  9.19(Gbps)
[CPU 1] dpdk0 flows:      1, RX:       0(pps) (err:     0),  0.00(Gbps), TX:       0(pps),  0.00(Gbps)
[ ALL ] dpdk0 flows:      1, RX:       0(pps) (err:     0),  0.00(Gbps), TX:       0(pps),  0.00(Gbps)
[CPU 1] dpdk0 flows:      1, RX:       0(pps) (err:     0),  0.00(Gbps), TX:       0(pps),  0.00(Gbps)
[ ALL ] dpdk0 flows:      1, RX:       0(pps) (err:     0),  0.00(Gbps), TX:       0(pps),  0.00(Gbps)
[CPU 1] dpdk0 flows:      1, RX:       0(pps) (err:     0),  0.00(Gbps), TX:       0(pps),  0.00(Gbps)
[ ALL ] dpdk0 flows:      1, RX:       0(pps) (err:     0),  0.00(Gbps), TX:       0(pps),  0.00(Gbps)
[CPU 1] dpdk0 flows:      1, RX:       0(pps) (err:     0),  0.00(Gbps), TX:       0(pps),  0.00(Gbps)
[ ALL ] dpdk0 flows:      1, RX:       0(pps) (err:     0),  0.00(Gbps), TX:       0(pps),  0.00(Gbps)
[CPU 1] dpdk0 flows:      1, RX:       0(pps) (err:     0),  0.00(Gbps), TX:       0(pps),  0.00(Gbps)
[ ALL ] dpdk0 flows:      1, RX:       0(pps) (err:     0),  0.00(Gbps), TX:       0(pps),  0.00(Gbps)
[CPU 1] dpdk0 flows:      1, RX:       0(pps) (err:     0),  0.00(Gbps), TX:       0(pps),  0.00(Gbps)
[ ALL ] dpdk0 flows:      1, RX:       0(pps) (err:     0),  0.00(Gbps), TX:       0(pps),  0.00(Gbps)
[CPU 1] dpdk0 flows:      1, RX:       0(pps) (err:     0),  0.00(Gbps), TX:       0(pps),  0.00(Gbps)
[ ALL ] dpdk0 flows:      1, RX:       0(pps) (err:     0),  0.00(Gbps), TX:       0(pps),  0.00(Gbps)
[CPU 1] dpdk0 flows:      1, RX:       0(pps) (err:     0),  0.00(Gbps), TX:       0(pps),  0.00(Gbps)
[ ALL ] dpdk0 flows:      1, RX:       0(pps) (err:     0),  0.00(Gbps), TX:       0(pps),  0.00(Gbps)
[CPU 1] dpdk0 flows:      1, RX:       0(pps) (err:     0),  0.00(Gbps), TX:       0(pps),  0.00(Gbps)
[ ALL ] dpdk0 flows:      1, RX:       0(pps) (err:     0),  0.00(Gbps), TX:       0(pps),  0.00(Gbps)
[CPU 1] dpdk0 flows:      1, RX:       0(pps) (err:     0),  0.00(Gbps), TX:       0(pps),  0.00(Gbps)
[ ALL ] dpdk0 flows:      1, RX:       0(pps) (err:     0),  0.00(Gbps), TX:       0(pps),  0.00(Gbps)
[CPU 1] dpdk0 flows:      1, RX:       0(pps) (err:     0),  0.00(Gbps), TX:       0(pps),  0.00(Gbps)
[ ALL ] dpdk0 flows:      1, RX:       0(pps) (err:     0),  0.00(Gbps), TX:       0(pps),  0.00(Gbps)
[CPU 1] dpdk0 flows:      1, RX:       0(pps) (err:     0),  0.00(Gbps), TX:       0(pps),  0.00(Gbps)
[ ALL ] dpdk0 flows:      1, RX:       0(pps) (err:     0),  0.00(Gbps), TX:       0(pps),  0.00(Gbps)
[CPU 1] dpdk0 flows:      1, RX:       0(pps) (err:     0),  0.00(Gbps), TX:       0(pps),  0.00(Gbps)
[ ALL ] dpdk0 flows:      1, RX:       0(pps) (err:     0),  0.00(Gbps), TX:       0(pps),  0.00(Gbps)
[CPU 1] dpdk0 flows:      1, RX:       0(pps) (err:     0),  0.00(Gbps), TX:       0(pps),  0.00(Gbps)
[ ALL ] dpdk0 flows:      1, RX:       0(pps) (err:     0),  0.00(Gbps), TX:       0(pps),  0.00(Gbps)
