---------------------------------------------------------------------------------
Loading mtcp configuration from : perf.conf
EAL: Probing VFIO support...
EAL: VFIO support initialized
Loading interface setting
EAL: Detected 6 lcore(s)
EAL: Detected 1 NUMA nodes
EAL: Auto-detected process type: PRIMARY
EAL: Multi-process socket /var/run/dpdk/rte/mp_socket
EAL: No free hugepages reported in hugepages-1048576kB
EAL: PCI device 0000:1a:00.1 on NUMA socket -1
EAL:   Invalid NUMA socket, default to 0
EAL:   probe driver: 8086:10fb net_ixgbe
EAL:   using IOMMU type 1 (Type 1)
EAL: Ignore mapping IO port bar(2)
EAL: Auto-detected process type: PRIMARY
Total number of attached devices: 1
Interface name: dpdk0
Configurations:
Number of CPU cores available: 3
Number of CPU cores to use: 3
Maximum number of concurrency per core: 10000
Maximum number of preallocated buffers per core: 10000
Initializing port 0... Receive buffer size: 102400
Send buffer size: 102400
TCP timeout seconds: 30
TCP timewait seconds: 0
NICs to print statistics: dpdk0
---------------------------------------------------------------------------------
Interfaces:
name: dpdk0, ifindex: 0, hwaddr: 90:E2:BA:46:F2:25, ipaddr: 10.1.1.1, netmask: 255.255.255.0
Number of NIC queues: 3
---------------------------------------------------------------------------------
Loading routing configurations from : config/route.conf
fopen: No such file or directory
Skip loading static routing table
Routes:
Destination: 10.1.1.0/24, Mask: 255.255.255.0, Masked: 10.1.1.0, Route: ifdx-0
---------------------------------------------------------------------------------
Loading ARP table from : config/arp.conf
ARP Table:
IP addr: 10.1.1.2, dst_hwaddr: 90:E2:BA:46:F3:44
---------------------------------------------------------------------------------
done: 

Checking link statusdone
Port 0 Link Up - speed 10000 Mbps - full-duplex
CPU 1: initialization finished.
[mtcp_create_context:1359] CPU 1 is now the master thread.
[CPU 1] dpdk0 flows:      1, RX:       1(pps) (err:     0),  0.00(Gbps), TX:       2(pps),  0.00(Gbps)
[ ALL ] dpdk0 flows:      1, RX:       1(pps) (err:     0),  0.00(Gbps), TX:       2(pps),  0.00(Gbps)
[CPU 1] dpdk0 flows:      1, RX:   99365(pps) (err:     0),  0.07(Gbps), TX: 1193948(pps),  9.92(Gbps)
[ ALL ] dpdk0 flows:      1, RX:   99365(pps) (err:     0),  0.07(Gbps), TX: 1193948(pps),  9.92(Gbps)
[CPU 1] dpdk0 flows:      1, RX:   99819(pps) (err:     0),  0.07(Gbps), TX: 1195432(pps),  9.93(Gbps)
[ ALL ] dpdk0 flows:      1, RX:   99819(pps) (err:     0),  0.07(Gbps), TX: 1195432(pps),  9.93(Gbps)
[CPU 1] dpdk0 flows:      1, RX:   99183(pps) (err:     0),  0.07(Gbps), TX: 1199619(pps),  9.96(Gbps)
[ ALL ] dpdk0 flows:      1, RX:   99183(pps) (err:     0),  0.07(Gbps), TX: 1199619(pps),  9.96(Gbps)
[CPU 1] dpdk0 flows:      1, RX:   98964(pps) (err:     0),  0.07(Gbps), TX: 1199789(pps),  9.97(Gbps)
[ ALL ] dpdk0 flows:      1, RX:   98964(pps) (err:     0),  0.07(Gbps), TX: 1199789(pps),  9.97(Gbps)
[CPU 1] dpdk0 flows:      1, RX:   99127(pps) (err:     0),  0.07(Gbps), TX: 1199361(pps),  9.96(Gbps)
[ ALL ] dpdk0 flows:      1, RX:   99127(pps) (err:     0),  0.07(Gbps), TX: 1199361(pps),  9.96(Gbps)
[CPU 1] dpdk0 flows:      1, RX:   99034(pps) (err:     0),  0.07(Gbps), TX: 1199890(pps),  9.97(Gbps)
[ ALL ] dpdk0 flows:      1, RX:   99034(pps) (err:     0),  0.07(Gbps), TX: 1199890(pps),  9.97(Gbps)
[CPU 1] dpdk0 flows:      1, RX:   98731(pps) (err:     0),  0.07(Gbps), TX: 1199491(pps),  9.96(Gbps)
[ ALL ] dpdk0 flows:      1, RX:   98731(pps) (err:     0),  0.07(Gbps), TX: 1199491(pps),  9.96(Gbps)
[CPU 1] dpdk0 flows:      1, RX:   98892(pps) (err:     0),  0.07(Gbps), TX: 1199453(pps),  9.96(Gbps)
[ ALL ] dpdk0 flows:      1, RX:   98892(pps) (err:     0),  0.07(Gbps), TX: 1199453(pps),  9.96(Gbps)
[CPU 1] dpdk0 flows:      1, RX:   99008(pps) (err:     0),  0.07(Gbps), TX: 1199587(pps),  9.96(Gbps)
[ ALL ] dpdk0 flows:      1, RX:   99008(pps) (err:     0),  0.07(Gbps), TX: 1199587(pps),  9.96(Gbps)
[CPU 1] dpdk0 flows:      1, RX:   99502(pps) (err:     0),  0.07(Gbps), TX: 1196182(pps),  9.94(Gbps)
[ ALL ] dpdk0 flows:      1, RX:   99502(pps) (err:     0),  0.07(Gbps), TX: 1196182(pps),  9.94(Gbps)
[CPU 1] dpdk0 flows:      1, RX:   96684(pps) (err:     0),  0.07(Gbps), TX: 1132088(pps),  9.40(Gbps)
[ ALL ] dpdk0 flows:      1, RX:   96684(pps) (err:     0),  0.07(Gbps), TX: 1132088(pps),  9.40(Gbps)
[CPU 1] dpdk0 flows:      1, RX:   99456(pps) (err:     0),  0.07(Gbps), TX: 1169449(pps),  9.71(Gbps)
[ ALL ] dpdk0 flows:      1, RX:   99456(pps) (err:     0),  0.07(Gbps), TX: 1169449(pps),  9.71(Gbps)
[CPU 1] dpdk0 flows:      1, RX:   99633(pps) (err:     0),  0.07(Gbps), TX: 1195192(pps),  9.93(Gbps)
[ ALL ] dpdk0 flows:      1, RX:   99633(pps) (err:     0),  0.07(Gbps), TX: 1195192(pps),  9.93(Gbps)
[CPU 1] dpdk0 flows:      1, RX:   99755(pps) (err:     0),  0.07(Gbps), TX: 1195923(pps),  9.93(Gbps)
[ ALL ] dpdk0 flows:      1, RX:   99755(pps) (err:     0),  0.07(Gbps), TX: 1195923(pps),  9.93(Gbps)
[CPU 1] dpdk0 flows:      1, RX:   99592(pps) (err:     0),  0.07(Gbps), TX: 1190583(pps),  9.89(Gbps)
[ ALL ] dpdk0 flows:      1, RX:   99592(pps) (err:     0),  0.07(Gbps), TX: 1190583(pps),  9.89(Gbps)
[CPU 1] dpdk0 flows:      1, RX:   69646(pps) (err:     0),  0.05(Gbps), TX:  835257(pps),  6.94(Gbps)
[ ALL ] dpdk0 flows:      1, RX:   69646(pps) (err:     0),  0.05(Gbps), TX:  835257(pps),  6.94(Gbps)
[CPU 1] dpdk0 flows:      1, RX:       0(pps) (err:     0),  0.00(Gbps), TX:       0(pps),  0.00(Gbps)
[ ALL ] dpdk0 flows:      1, RX:       0(pps) (err:     0),  0.00(Gbps), TX:       0(pps),  0.00(Gbps)
[CPU 1] dpdk0 flows:      1, RX:       0(pps) (err:     0),  0.00(Gbps), TX:       0(pps),  0.00(Gbps)
[ ALL ] dpdk0 flows:      1, RX:       0(pps) (err:     0),  0.00(Gbps), TX:       0(pps),  0.00(Gbps)
[CPU 1] dpdk0 flows:      1, RX:       0(pps) (err:     0),  0.00(Gbps), TX:       0(pps),  0.00(Gbps)
[ ALL ] dpdk0 flows:      1, RX:       0(pps) (err:     0),  0.00(Gbps), TX:       0(pps),  0.00(Gbps)
[CPU 1] dpdk0 flows:      1, RX:       0(pps) (err:     0),  0.00(Gbps), TX:       0(pps),  0.00(Gbps)
[ ALL ] dpdk0 flows:      1, RX:       0(pps) (err:     0),  0.00(Gbps), TX:       0(pps),  0.00(Gbps)
[CPU 1] dpdk0 flows:      1, RX:       0(pps) (err:     0),  0.00(Gbps), TX:       0(pps),  0.00(Gbps)
[ ALL ] dpdk0 flows:      1, RX:       0(pps) (err:     0),  0.00(Gbps), TX:       0(pps),  0.00(Gbps)
[CPU 1] dpdk0 flows:      1, RX:       0(pps) (err:     0),  0.00(Gbps), TX:       0(pps),  0.00(Gbps)
[ ALL ] dpdk0 flows:      1, RX:       0(pps) (err:     0),  0.00(Gbps), TX:       0(pps),  0.00(Gbps)
[CPU 1] dpdk0 flows:      1, RX:       0(pps) (err:     0),  0.00(Gbps), TX:       0(pps),  0.00(Gbps)
[ ALL ] dpdk0 flows:      1, RX:       0(pps) (err:     0),  0.00(Gbps), TX:       0(pps),  0.00(Gbps)
[CPU 1] dpdk0 flows:      1, RX:       0(pps) (err:     0),  0.00(Gbps), TX:       0(pps),  0.00(Gbps)
[ ALL ] dpdk0 flows:      1, RX:       0(pps) (err:     0),  0.00(Gbps), TX:       0(pps),  0.00(Gbps)
[CPU 1] dpdk0 flows:      1, RX:       0(pps) (err:     0),  0.00(Gbps), TX:       0(pps),  0.00(Gbps)
[ ALL ] dpdk0 flows:      1, RX:       0(pps) (err:     0),  0.00(Gbps), TX:       0(pps),  0.00(Gbps)
[CPU 1] dpdk0 flows:      1, RX:       0(pps) (err:     0),  0.00(Gbps), TX:       0(pps),  0.00(Gbps)
[ ALL ] dpdk0 flows:      1, RX:       0(pps) (err:     0),  0.00(Gbps), TX:       0(pps),  0.00(Gbps)
[CPU 1] dpdk0 flows:      1, RX:       0(pps) (err:     0),  0.00(Gbps), TX:       0(pps),  0.00(Gbps)
[ ALL ] dpdk0 flows:      1, RX:       0(pps) (err:     0),  0.00(Gbps), TX:       0(pps),  0.00(Gbps)
[CPU 1] dpdk0 flows:      1, RX:       0(pps) (err:     0),  0.00(Gbps), TX:       0(pps),  0.00(Gbps)
[ ALL ] dpdk0 flows:      1, RX:       0(pps) (err:     0),  0.00(Gbps), TX:       0(pps),  0.00(Gbps)
[CPU 1] dpdk0 flows:      1, RX:       0(pps) (err:     0),  0.00(Gbps), TX:       0(pps),  0.00(Gbps)
[ ALL ] dpdk0 flows:      1, RX:       0(pps) (err:     0),  0.00(Gbps), TX:       0(pps),  0.00(Gbps)
