---------------------------------------------------------------------------------
Loading mtcp configuration from : perf.conf
Loading interface setting
EAL: Detected 6 lcore(s)
EAL: Detected 1 NUMA nodes
EAL: Auto-detected process type: PRIMARY
EAL: Multi-process socket /var/run/dpdk/rte/mp_socket
EAL: Probing VFIO support...
EAL: No free hugepages reported in hugepages-1048576kB
EAL: VFIO support initialized
EAL: PCI device 0000:1a:00.1 on NUMA socket -1
EAL:   Invalid NUMA socket, default to 0
EAL:   probe driver: 8086:10fb net_ixgbe
EAL:   using IOMMU type 1 (Type 1)
EAL: Ignore mapping IO port bar(2)
EAL: Auto-detected process type: PRIMARY
Total number of attached devices: 1
Interface name: dpdk0
Configurations:
Number of CPU cores available: 3
Number of CPU cores to use: 3
Maximum number of concurrency per core: 10000
Maximum number of preallocated buffers per core: 10000
Receive buffer size: 102400
Send buffer size: 102400
TCP timeout seconds: 30
TCP timewait seconds: 0
NICs to print statistics: dpdk0
---------------------------------------------------------------------------------
Interfaces:
name: dpdk0, ifindex: 0, hwaddr: 90:E2:BA:46:F2:25, ipaddr: 10.1.1.1, netmask: 255.255.255.0
Number of NIC queues: 3
---------------------------------------------------------------------------------
Loading routing configurations from : config/route.conf
fopen: No such file or directory
Skip loading static routing table
Routes:
Destination: 10.1.1.0/24, Mask: 255.255.255.0, Masked: 10.1.1.0, Route: ifdx-0
---------------------------------------------------------------------------------
Loading ARP table from : config/arp.conf
Initializing port 0... ARP Table:
IP addr: 10.1.1.2, dst_hwaddr: 90:E2:BA:46:F3:44
---------------------------------------------------------------------------------
done: 

Checking link statusdone
Port 0 Link Up - speed 10000 Mbps - full-duplex
CPU 1: initialization finished.
[mtcp_create_context:1359] CPU 1 is now the master thread.
[CPU 1] dpdk0 flows:      1, RX:      88(pps) (err:     0),  0.00(Gbps), TX:     333(pps),  0.00(Gbps)
[ ALL ] dpdk0 flows:      1, RX:      88(pps) (err:     0),  0.00(Gbps), TX:     333(pps),  0.00(Gbps)
[CPU 1] dpdk0 flows:      1, RX:   59650(pps) (err:     0),  0.04(Gbps), TX: 1899971(pps),  7.11(Gbps)
[ ALL ] dpdk0 flows:      1, RX:   59650(pps) (err:     0),  0.04(Gbps), TX: 1899971(pps),  7.11(Gbps)
[CPU 1] dpdk0 flows:      1, RX:   59916(pps) (err:     0),  0.04(Gbps), TX: 1915105(pps),  7.17(Gbps)
[ ALL ] dpdk0 flows:      1, RX:   59916(pps) (err:     0),  0.04(Gbps), TX: 1915105(pps),  7.17(Gbps)
[CPU 1] dpdk0 flows:      1, RX:   59968(pps) (err:     0),  0.04(Gbps), TX: 1916958(pps),  7.18(Gbps)
[ ALL ] dpdk0 flows:      1, RX:   59968(pps) (err:     0),  0.04(Gbps), TX: 1916958(pps),  7.18(Gbps)
[CPU 1] dpdk0 flows:      1, RX:   59960(pps) (err:     0),  0.04(Gbps), TX: 1916447(pps),  7.17(Gbps)
[ ALL ] dpdk0 flows:      1, RX:   59960(pps) (err:     0),  0.04(Gbps), TX: 1916447(pps),  7.17(Gbps)
[CPU 1] dpdk0 flows:      1, RX:   60002(pps) (err:     0),  0.04(Gbps), TX: 1917570(pps),  7.18(Gbps)
[ ALL ] dpdk0 flows:      1, RX:   60002(pps) (err:     0),  0.04(Gbps), TX: 1917570(pps),  7.18(Gbps)
[CPU 1] dpdk0 flows:      1, RX:   60009(pps) (err:     0),  0.04(Gbps), TX: 1918462(pps),  7.18(Gbps)
[ ALL ] dpdk0 flows:      1, RX:   60009(pps) (err:     0),  0.04(Gbps), TX: 1918462(pps),  7.18(Gbps)
[CPU 1] dpdk0 flows:      1, RX:   60019(pps) (err:     0),  0.04(Gbps), TX: 1918275(pps),  7.18(Gbps)
[ ALL ] dpdk0 flows:      1, RX:   60019(pps) (err:     0),  0.04(Gbps), TX: 1918275(pps),  7.18(Gbps)
[CPU 1] dpdk0 flows:      1, RX:   59923(pps) (err:     0),  0.04(Gbps), TX: 1915520(pps),  7.17(Gbps)
[ ALL ] dpdk0 flows:      1, RX:   59923(pps) (err:     0),  0.04(Gbps), TX: 1915520(pps),  7.17(Gbps)
[CPU 1] dpdk0 flows:      1, RX:   59938(pps) (err:     0),  0.04(Gbps), TX: 1915550(pps),  7.17(Gbps)
[ ALL ] dpdk0 flows:      1, RX:   59938(pps) (err:     0),  0.04(Gbps), TX: 1915550(pps),  7.17(Gbps)
[CPU 1] dpdk0 flows:      1, RX:   59912(pps) (err:     0),  0.04(Gbps), TX: 1914496(pps),  7.17(Gbps)
[ ALL ] dpdk0 flows:      1, RX:   59912(pps) (err:     0),  0.04(Gbps), TX: 1914496(pps),  7.17(Gbps)
[CPU 1] dpdk0 flows:      1, RX:   57051(pps) (err:     0),  0.04(Gbps), TX: 1819039(pps),  6.81(Gbps)
[ ALL ] dpdk0 flows:      1, RX:   57051(pps) (err:     0),  0.04(Gbps), TX: 1819039(pps),  6.81(Gbps)
[CPU 1] dpdk0 flows:      1, RX:   59266(pps) (err:     0),  0.04(Gbps), TX: 1887329(pps),  7.07(Gbps)
[ ALL ] dpdk0 flows:      1, RX:   59266(pps) (err:     0),  0.04(Gbps), TX: 1887329(pps),  7.07(Gbps)
[CPU 1] dpdk0 flows:      1, RX:   59178(pps) (err:     0),  0.04(Gbps), TX: 1890688(pps),  7.08(Gbps)
[ ALL ] dpdk0 flows:      1, RX:   59178(pps) (err:     0),  0.04(Gbps), TX: 1890688(pps),  7.08(Gbps)
[CPU 1] dpdk0 flows:      1, RX:   59782(pps) (err:     0),  0.04(Gbps), TX: 1909220(pps),  7.15(Gbps)
[ ALL ] dpdk0 flows:      1, RX:   59782(pps) (err:     0),  0.04(Gbps), TX: 1909220(pps),  7.15(Gbps)
[CPU 1] dpdk0 flows:      1, RX:   59544(pps) (err:     0),  0.04(Gbps), TX: 1900700(pps),  7.12(Gbps)
[ ALL ] dpdk0 flows:      1, RX:   59544(pps) (err:     0),  0.04(Gbps), TX: 1900700(pps),  7.12(Gbps)
[CPU 1] dpdk0 flows:      1, RX:   35471(pps) (err:     0),  0.03(Gbps), TX: 1131939(pps),  4.24(Gbps)
[ ALL ] dpdk0 flows:      1, RX:   35471(pps) (err:     0),  0.03(Gbps), TX: 1131939(pps),  4.24(Gbps)
[CPU 1] dpdk0 flows:      1, RX:       0(pps) (err:     0),  0.00(Gbps), TX:       0(pps),  0.00(Gbps)
[ ALL ] dpdk0 flows:      1, RX:       0(pps) (err:     0),  0.00(Gbps), TX:       0(pps),  0.00(Gbps)
[CPU 1] dpdk0 flows:      1, RX:       0(pps) (err:     0),  0.00(Gbps), TX:       0(pps),  0.00(Gbps)
[ ALL ] dpdk0 flows:      1, RX:       0(pps) (err:     0),  0.00(Gbps), TX:       0(pps),  0.00(Gbps)
[CPU 1] dpdk0 flows:      1, RX:       0(pps) (err:     0),  0.00(Gbps), TX:       0(pps),  0.00(Gbps)
[ ALL ] dpdk0 flows:      1, RX:       0(pps) (err:     0),  0.00(Gbps), TX:       0(pps),  0.00(Gbps)
[CPU 1] dpdk0 flows:      1, RX:       0(pps) (err:     0),  0.00(Gbps), TX:       0(pps),  0.00(Gbps)
[ ALL ] dpdk0 flows:      1, RX:       0(pps) (err:     0),  0.00(Gbps), TX:       0(pps),  0.00(Gbps)
[CPU 1] dpdk0 flows:      1, RX:       0(pps) (err:     0),  0.00(Gbps), TX:       0(pps),  0.00(Gbps)
[ ALL ] dpdk0 flows:      1, RX:       0(pps) (err:     0),  0.00(Gbps), TX:       0(pps),  0.00(Gbps)
[CPU 1] dpdk0 flows:      1, RX:       0(pps) (err:     0),  0.00(Gbps), TX:       0(pps),  0.00(Gbps)
[ ALL ] dpdk0 flows:      1, RX:       0(pps) (err:     0),  0.00(Gbps), TX:       0(pps),  0.00(Gbps)
[CPU 1] dpdk0 flows:      1, RX:       0(pps) (err:     0),  0.00(Gbps), TX:       0(pps),  0.00(Gbps)
[ ALL ] dpdk0 flows:      1, RX:       0(pps) (err:     0),  0.00(Gbps), TX:       0(pps),  0.00(Gbps)
[CPU 1] dpdk0 flows:      1, RX:       0(pps) (err:     0),  0.00(Gbps), TX:       0(pps),  0.00(Gbps)
[ ALL ] dpdk0 flows:      1, RX:       0(pps) (err:     0),  0.00(Gbps), TX:       0(pps),  0.00(Gbps)
[CPU 1] dpdk0 flows:      1, RX:       0(pps) (err:     0),  0.00(Gbps), TX:       0(pps),  0.00(Gbps)
[ ALL ] dpdk0 flows:      1, RX:       0(pps) (err:     0),  0.00(Gbps), TX:       0(pps),  0.00(Gbps)
[CPU 1] dpdk0 flows:      1, RX:       0(pps) (err:     0),  0.00(Gbps), TX:       0(pps),  0.00(Gbps)
[ ALL ] dpdk0 flows:      1, RX:       0(pps) (err:     0),  0.00(Gbps), TX:       0(pps),  0.00(Gbps)
[CPU 1] dpdk0 flows:      1, RX:       0(pps) (err:     0),  0.00(Gbps), TX:       0(pps),  0.00(Gbps)
[ ALL ] dpdk0 flows:      1, RX:       0(pps) (err:     0),  0.00(Gbps), TX:       0(pps),  0.00(Gbps)
