---------------------------------------------------------------------------------
Loading mtcp configuration from : perf.conf
EAL: Probing VFIO support...
EAL: VFIO support initialized
Loading interface setting
EAL: Detected 6 lcore(s)
EAL: Detected 1 NUMA nodes
EAL: Auto-detected process type: PRIMARY
EAL: Multi-process socket /var/run/dpdk/rte/mp_socket
EAL: No free hugepages reported in hugepages-1048576kB
EAL: PCI device 0000:1a:00.1 on NUMA socket -1
EAL:   Invalid NUMA socket, default to 0
EAL:   probe driver: 8086:10fb net_ixgbe
EAL:   using IOMMU type 1 (Type 1)
EAL: Ignore mapping IO port bar(2)
EAL: Auto-detected process type: PRIMARY
Total number of attached devices: 1
Interface name: dpdk0
Configurations:
Number of CPU cores available: 3
Number of CPU cores to use: 3
Maximum number of concurrency per core: 10000
Maximum number of preallocated buffers per core: 10000
Receive buffer size: 102400
Send buffer size: 102400
TCP timeout seconds: 30
TCP timewait seconds: 0
NICs to print statistics: dpdk0
---------------------------------------------------------------------------------
Interfaces:
name: dpdk0, ifindex: 0, hwaddr: 90:E2:BA:46:F2:25, ipaddr: 10.1.1.1, netmask: 255.255.255.0
Number of NIC queues: 3
---------------------------------------------------------------------------------
Loading routing configurations from : config/route.conf
fopen: No such file or directory
Skip loading static routing table
Routes:
Destination: 10.1.1.0/24, Mask: 255.255.255.0, Masked: 10.1.1.0, Route: ifdx-0
---------------------------------------------------------------------------------
Loading ARP table from : config/arp.conf
ARP Table:
IP addr: 10.1.1.2, dst_hwaddr: 90:E2:BA:46:F3:44
---------------------------------------------------------------------------------
Initializing port 0... done: 

Checking link statusdone
Port 0 Link Up - speed 10000 Mbps - full-duplex
CPU 1: initialization finished.
[mtcp_create_context:1359] CPU 1 is now the master thread.
[CPU 1] dpdk0 flows:      1, RX:       9(pps) (err:     0),  0.00(Gbps), TX:      10(pps),  0.00(Gbps)
[ ALL ] dpdk0 flows:      1, RX:       9(pps) (err:     0),  0.00(Gbps), TX:      10(pps),  0.00(Gbps)
[CPU 1] dpdk0 flows:      1, RX:   21308(pps) (err:     0),  0.02(Gbps), TX:   10658(pps),  0.09(Gbps)
[ ALL ] dpdk0 flows:      1, RX:   21308(pps) (err:     0),  0.02(Gbps), TX:   10658(pps),  0.09(Gbps)
[CPU 1] dpdk0 flows:      1, RX:   21576(pps) (err:     0),  0.02(Gbps), TX:   10790(pps),  0.10(Gbps)
[ ALL ] dpdk0 flows:      1, RX:   21576(pps) (err:     0),  0.02(Gbps), TX:   10790(pps),  0.10(Gbps)
[CPU 1] dpdk0 flows:      1, RX:   21676(pps) (err:     0),  0.02(Gbps), TX:   10838(pps),  0.10(Gbps)
[ ALL ] dpdk0 flows:      1, RX:   21676(pps) (err:     0),  0.02(Gbps), TX:   10838(pps),  0.10(Gbps)
[CPU 1] dpdk0 flows:      1, RX:   21691(pps) (err:     0),  0.02(Gbps), TX:   10845(pps),  0.10(Gbps)
[ ALL ] dpdk0 flows:      1, RX:   21691(pps) (err:     0),  0.02(Gbps), TX:   10845(pps),  0.10(Gbps)
[CPU 1] dpdk0 flows:      1, RX:   21544(pps) (err:     0),  0.02(Gbps), TX:   10772(pps),  0.10(Gbps)
[ ALL ] dpdk0 flows:      1, RX:   21544(pps) (err:     0),  0.02(Gbps), TX:   10772(pps),  0.10(Gbps)
[CPU 1] dpdk0 flows:      1, RX:   21612(pps) (err:     0),  0.02(Gbps), TX:   10806(pps),  0.10(Gbps)
[ ALL ] dpdk0 flows:      1, RX:   21612(pps) (err:     0),  0.02(Gbps), TX:   10806(pps),  0.10(Gbps)
[CPU 1] dpdk0 flows:      1, RX:   21195(pps) (err:     0),  0.02(Gbps), TX:   10599(pps),  0.09(Gbps)
[ ALL ] dpdk0 flows:      1, RX:   21195(pps) (err:     0),  0.02(Gbps), TX:   10599(pps),  0.09(Gbps)
[CPU 1] dpdk0 flows:      1, RX:   20870(pps) (err:     0),  0.02(Gbps), TX:   10435(pps),  0.09(Gbps)
[ ALL ] dpdk0 flows:      1, RX:   20870(pps) (err:     0),  0.02(Gbps), TX:   10435(pps),  0.09(Gbps)
[CPU 1] dpdk0 flows:      1, RX:   20872(pps) (err:     0),  0.02(Gbps), TX:   10436(pps),  0.09(Gbps)
[ ALL ] dpdk0 flows:      1, RX:   20872(pps) (err:     0),  0.02(Gbps), TX:   10436(pps),  0.09(Gbps)
[CPU 1] dpdk0 flows:      1, RX:   20847(pps) (err:     0),  0.02(Gbps), TX:   10424(pps),  0.09(Gbps)
[ ALL ] dpdk0 flows:      1, RX:   20847(pps) (err:     0),  0.02(Gbps), TX:   10424(pps),  0.09(Gbps)
[CPU 1] dpdk0 flows:      1, RX:   21296(pps) (err:     0),  0.02(Gbps), TX:   10648(pps),  0.09(Gbps)
[ ALL ] dpdk0 flows:      1, RX:   21296(pps) (err:     0),  0.02(Gbps), TX:   10648(pps),  0.09(Gbps)
[CPU 1] dpdk0 flows:      1, RX:   20820(pps) (err:     0),  0.01(Gbps), TX:   10410(pps),  0.09(Gbps)
[ ALL ] dpdk0 flows:      1, RX:   20820(pps) (err:     0),  0.01(Gbps), TX:   10410(pps),  0.09(Gbps)
[CPU 1] dpdk0 flows:      1, RX:   20876(pps) (err:     0),  0.02(Gbps), TX:   10439(pps),  0.09(Gbps)
[ ALL ] dpdk0 flows:      1, RX:   20876(pps) (err:     0),  0.02(Gbps), TX:   10439(pps),  0.09(Gbps)
[CPU 1] dpdk0 flows:      1, RX:   20838(pps) (err:     0),  0.02(Gbps), TX:   10419(pps),  0.09(Gbps)
[ ALL ] dpdk0 flows:      1, RX:   20838(pps) (err:     0),  0.02(Gbps), TX:   10419(pps),  0.09(Gbps)
[CPU 1] dpdk0 flows:      1, RX:   21236(pps) (err:     0),  0.02(Gbps), TX:   10618(pps),  0.09(Gbps)
[ ALL ] dpdk0 flows:      1, RX:   21236(pps) (err:     0),  0.02(Gbps), TX:   10618(pps),  0.09(Gbps)
[CPU 1] dpdk0 flows:      1, RX:   21773(pps) (err:     0),  0.02(Gbps), TX:   10886(pps),  0.10(Gbps)
[ ALL ] dpdk0 flows:      1, RX:   21773(pps) (err:     0),  0.02(Gbps), TX:   10886(pps),  0.10(Gbps)
[CPU 1] dpdk0 flows:      1, RX:   19312(pps) (err:     0),  0.01(Gbps), TX:    9656(pps),  0.09(Gbps)
[ ALL ] dpdk0 flows:      1, RX:   19312(pps) (err:     0),  0.01(Gbps), TX:    9656(pps),  0.09(Gbps)
[CPU 1] dpdk0 flows:      1, RX:       0(pps) (err:     0),  0.00(Gbps), TX:       0(pps),  0.00(Gbps)
[ ALL ] dpdk0 flows:      1, RX:       0(pps) (err:     0),  0.00(Gbps), TX:       0(pps),  0.00(Gbps)
[CPU 1] dpdk0 flows:      1, RX:       0(pps) (err:     0),  0.00(Gbps), TX:       0(pps),  0.00(Gbps)
[ ALL ] dpdk0 flows:      1, RX:       0(pps) (err:     0),  0.00(Gbps), TX:       0(pps),  0.00(Gbps)
[CPU 1] dpdk0 flows:      1, RX:       0(pps) (err:     0),  0.00(Gbps), TX:       0(pps),  0.00(Gbps)
[ ALL ] dpdk0 flows:      1, RX:       0(pps) (err:     0),  0.00(Gbps), TX:       0(pps),  0.00(Gbps)
[CPU 1] dpdk0 flows:      1, RX:       0(pps) (err:     0),  0.00(Gbps), TX:       0(pps),  0.00(Gbps)
[ ALL ] dpdk0 flows:      1, RX:       0(pps) (err:     0),  0.00(Gbps), TX:       0(pps),  0.00(Gbps)
[CPU 1] dpdk0 flows:      1, RX:       0(pps) (err:     0),  0.00(Gbps), TX:       0(pps),  0.00(Gbps)
[ ALL ] dpdk0 flows:      1, RX:       0(pps) (err:     0),  0.00(Gbps), TX:       0(pps),  0.00(Gbps)
[CPU 1] dpdk0 flows:      1, RX:       0(pps) (err:     0),  0.00(Gbps), TX:       0(pps),  0.00(Gbps)
[ ALL ] dpdk0 flows:      1, RX:       0(pps) (err:     0),  0.00(Gbps), TX:       0(pps),  0.00(Gbps)
[CPU 1] dpdk0 flows:      1, RX:       0(pps) (err:     0),  0.00(Gbps), TX:       0(pps),  0.00(Gbps)
[ ALL ] dpdk0 flows:      1, RX:       0(pps) (err:     0),  0.00(Gbps), TX:       0(pps),  0.00(Gbps)
[CPU 1] dpdk0 flows:      1, RX:       0(pps) (err:     0),  0.00(Gbps), TX:       0(pps),  0.00(Gbps)
[ ALL ] dpdk0 flows:      1, RX:       0(pps) (err:     0),  0.00(Gbps), TX:       0(pps),  0.00(Gbps)
[CPU 1] dpdk0 flows:      1, RX:       0(pps) (err:     0),  0.00(Gbps), TX:       0(pps),  0.00(Gbps)
[ ALL ] dpdk0 flows:      1, RX:       0(pps) (err:     0),  0.00(Gbps), TX:       0(pps),  0.00(Gbps)
[CPU 1] dpdk0 flows:      1, RX:       0(pps) (err:     0),  0.00(Gbps), TX:       0(pps),  0.00(Gbps)
[ ALL ] dpdk0 flows:      1, RX:       0(pps) (err:     0),  0.00(Gbps), TX:       0(pps),  0.00(Gbps)
