---------------------------------------------------------------------------------
EAL: Probing VFIO support...
EAL: VFIO support initialized
EAL: PCI device 0000:1a:00.1 on NUMA socket -1
EAL:   Invalid NUMA socket, default to 0
EAL:   probe driver: 8086:10fb net_ixgbe
EAL:   using IOMMU type 1 (Type 1)
Loading mtcp configuration from : perf.conf
Loading interface setting
EAL: Detected 6 lcore(s)
EAL: Detected 1 NUMA nodes
EAL: Auto-detected process type: PRIMARY
EAL: Multi-process socket /var/run/dpdk/rte/mp_socket
EAL: No free hugepages reported in hugepages-1048576kB
EAL: Ignore mapping IO port bar(2)
EAL: Auto-detected process type: PRIMARY
Total number of attached devices: 1
Interface name: dpdk0
Configurations:
Number of CPU cores available: 3
Number of CPU cores to use: 3
Maximum number of concurrency per core: 10000
Maximum number of preallocated buffers per core: 10000
Receive buffer size: 102400
Send buffer size: 102400
TCP timeout seconds: 30
TCP timewait seconds: 0
NICs to print statistics: dpdk0
---------------------------------------------------------------------------------
Interfaces:
name: dpdk0, ifindex: 0, hwaddr: 90:E2:BA:46:F2:25, ipaddr: 10.1.1.1, netmask: 255.255.255.0
Number of NIC queues: 3
---------------------------------------------------------------------------------
Loading routing configurations from : config/route.conf
fopen: No such file or directory
Skip loading static routing table
Routes:
Destination: 10.1.1.0/24, Mask: 255.255.255.0, Masked: 10.1.1.0, Route: ifdx-0
---------------------------------------------------------------------------------
Loading ARP table from : config/arp.conf
ARP Table:
IP addr: 10.1.1.2, dst_hwaddr: 90:E2:BA:46:F3:44
Initializing port 0... ---------------------------------------------------------------------------------
done: 

Checking link statusdone
Port 0 Link Up - speed 10000 Mbps - full-duplex
CPU 1: initialization finished.
[mtcp_create_context:1359] CPU 1 is now the master thread.
[CPU 1] dpdk0 flows:      1, RX:      11(pps) (err:     0),  0.00(Gbps), TX:      11(pps),  0.00(Gbps)
[ ALL ] dpdk0 flows:      1, RX:      11(pps) (err:     0),  0.00(Gbps), TX:      11(pps),  0.00(Gbps)
[CPU 1] dpdk0 flows:      1, RX:   21162(pps) (err:     0),  0.02(Gbps), TX:   10581(pps),  0.09(Gbps)
[ ALL ] dpdk0 flows:      1, RX:   21162(pps) (err:     0),  0.02(Gbps), TX:   10581(pps),  0.09(Gbps)
[CPU 1] dpdk0 flows:      1, RX:   20933(pps) (err:     0),  0.02(Gbps), TX:   10467(pps),  0.09(Gbps)
[ ALL ] dpdk0 flows:      1, RX:   20933(pps) (err:     0),  0.02(Gbps), TX:   10467(pps),  0.09(Gbps)
[CPU 1] dpdk0 flows:      1, RX:   21205(pps) (err:     0),  0.02(Gbps), TX:   10602(pps),  0.09(Gbps)
[ ALL ] dpdk0 flows:      1, RX:   21205(pps) (err:     0),  0.02(Gbps), TX:   10602(pps),  0.09(Gbps)
[CPU 1] dpdk0 flows:      1, RX:   21224(pps) (err:     0),  0.02(Gbps), TX:   10615(pps),  0.09(Gbps)
[ ALL ] dpdk0 flows:      1, RX:   21224(pps) (err:     0),  0.02(Gbps), TX:   10615(pps),  0.09(Gbps)
[CPU 1] dpdk0 flows:      1, RX:   21490(pps) (err:     0),  0.02(Gbps), TX:   10745(pps),  0.10(Gbps)
[ ALL ] dpdk0 flows:      1, RX:   21490(pps) (err:     0),  0.02(Gbps), TX:   10745(pps),  0.10(Gbps)
[CPU 1] dpdk0 flows:      1, RX:   21114(pps) (err:     0),  0.02(Gbps), TX:   10557(pps),  0.09(Gbps)
[ ALL ] dpdk0 flows:      1, RX:   21114(pps) (err:     0),  0.02(Gbps), TX:   10557(pps),  0.09(Gbps)
[CPU 1] dpdk0 flows:      1, RX:   21096(pps) (err:     0),  0.02(Gbps), TX:   10548(pps),  0.09(Gbps)
[ ALL ] dpdk0 flows:      1, RX:   21096(pps) (err:     0),  0.02(Gbps), TX:   10548(pps),  0.09(Gbps)
[CPU 1] dpdk0 flows:      1, RX:   21352(pps) (err:     0),  0.02(Gbps), TX:   10676(pps),  0.10(Gbps)
[ ALL ] dpdk0 flows:      1, RX:   21352(pps) (err:     0),  0.02(Gbps), TX:   10676(pps),  0.10(Gbps)
[CPU 1] dpdk0 flows:      1, RX:   21500(pps) (err:     0),  0.02(Gbps), TX:   10754(pps),  0.10(Gbps)
[ ALL ] dpdk0 flows:      1, RX:   21500(pps) (err:     0),  0.02(Gbps), TX:   10754(pps),  0.10(Gbps)
[CPU 1] dpdk0 flows:      1, RX:   22012(pps) (err:     0),  0.02(Gbps), TX:   11006(pps),  0.10(Gbps)
[ ALL ] dpdk0 flows:      1, RX:   22012(pps) (err:     0),  0.02(Gbps), TX:   11006(pps),  0.10(Gbps)
[CPU 1] dpdk0 flows:      1, RX:   21496(pps) (err:     0),  0.02(Gbps), TX:   10748(pps),  0.10(Gbps)
[ ALL ] dpdk0 flows:      1, RX:   21496(pps) (err:     0),  0.02(Gbps), TX:   10748(pps),  0.10(Gbps)
[CPU 1] dpdk0 flows:      1, RX:   21418(pps) (err:     0),  0.02(Gbps), TX:   10714(pps),  0.10(Gbps)
[ ALL ] dpdk0 flows:      1, RX:   21418(pps) (err:     0),  0.02(Gbps), TX:   10714(pps),  0.10(Gbps)
[CPU 1] dpdk0 flows:      1, RX:   21922(pps) (err:     0),  0.02(Gbps), TX:   10961(pps),  0.10(Gbps)
[ ALL ] dpdk0 flows:      1, RX:   21922(pps) (err:     0),  0.02(Gbps), TX:   10961(pps),  0.10(Gbps)
[CPU 1] dpdk0 flows:      1, RX:   21942(pps) (err:     0),  0.02(Gbps), TX:   10971(pps),  0.10(Gbps)
[ ALL ] dpdk0 flows:      1, RX:   21942(pps) (err:     0),  0.02(Gbps), TX:   10971(pps),  0.10(Gbps)
[CPU 1] dpdk0 flows:      1, RX:   21160(pps) (err:     0),  0.02(Gbps), TX:   10580(pps),  0.09(Gbps)
[ ALL ] dpdk0 flows:      1, RX:   21160(pps) (err:     0),  0.02(Gbps), TX:   10580(pps),  0.09(Gbps)
[CPU 1] dpdk0 flows:      1, RX:   21846(pps) (err:     0),  0.02(Gbps), TX:   10923(pps),  0.10(Gbps)
[ ALL ] dpdk0 flows:      1, RX:   21846(pps) (err:     0),  0.02(Gbps), TX:   10923(pps),  0.10(Gbps)
[CPU 1] dpdk0 flows:      1, RX:   21848(pps) (err:     0),  0.02(Gbps), TX:   10924(pps),  0.10(Gbps)
[ ALL ] dpdk0 flows:      1, RX:   21848(pps) (err:     0),  0.02(Gbps), TX:   10924(pps),  0.10(Gbps)
[CPU 1] dpdk0 flows:      1, RX:    3069(pps) (err:     0),  0.00(Gbps), TX:    1543(pps),  0.01(Gbps)
[ ALL ] dpdk0 flows:      1, RX:    3069(pps) (err:     0),  0.00(Gbps), TX:    1543(pps),  0.01(Gbps)
[CPU 1] dpdk0 flows:      1, RX:       0(pps) (err:     0),  0.00(Gbps), TX:       2(pps),  0.00(Gbps)
[ ALL ] dpdk0 flows:      1, RX:       0(pps) (err:     0),  0.00(Gbps), TX:       2(pps),  0.00(Gbps)
[CPU 1] dpdk0 flows:      1, RX:       0(pps) (err:     0),  0.00(Gbps), TX:       3(pps),  0.00(Gbps)
[ ALL ] dpdk0 flows:      1, RX:       0(pps) (err:     0),  0.00(Gbps), TX:       3(pps),  0.00(Gbps)
[CPU 1] dpdk0 flows:      1, RX:       0(pps) (err:     0),  0.00(Gbps), TX:       3(pps),  0.00(Gbps)
[ ALL ] dpdk0 flows:      1, RX:       0(pps) (err:     0),  0.00(Gbps), TX:       3(pps),  0.00(Gbps)
[CPU 1] dpdk0 flows:      1, RX:       0(pps) (err:     0),  0.00(Gbps), TX:       0(pps),  0.00(Gbps)
[ ALL ] dpdk0 flows:      1, RX:       0(pps) (err:     0),  0.00(Gbps), TX:       0(pps),  0.00(Gbps)
[CPU 1] dpdk0 flows:      1, RX:       0(pps) (err:     0),  0.00(Gbps), TX:       0(pps),  0.00(Gbps)
[ ALL ] dpdk0 flows:      1, RX:       0(pps) (err:     0),  0.00(Gbps), TX:       0(pps),  0.00(Gbps)
[CPU 1] dpdk0 flows:      1, RX:       0(pps) (err:     0),  0.00(Gbps), TX:       0(pps),  0.00(Gbps)
[ ALL ] dpdk0 flows:      1, RX:       0(pps) (err:     0),  0.00(Gbps), TX:       0(pps),  0.00(Gbps)
[CPU 1] dpdk0 flows:      1, RX:       0(pps) (err:     0),  0.00(Gbps), TX:       0(pps),  0.00(Gbps)
[ ALL ] dpdk0 flows:      1, RX:       0(pps) (err:     0),  0.00(Gbps), TX:       0(pps),  0.00(Gbps)
[CPU 1] dpdk0 flows:      1, RX:       0(pps) (err:     0),  0.00(Gbps), TX:       0(pps),  0.00(Gbps)
[ ALL ] dpdk0 flows:      1, RX:       0(pps) (err:     0),  0.00(Gbps), TX:       0(pps),  0.00(Gbps)
[CPU 1] dpdk0 flows:      1, RX:       0(pps) (err:     0),  0.00(Gbps), TX:       0(pps),  0.00(Gbps)
[ ALL ] dpdk0 flows:      1, RX:       0(pps) (err:     0),  0.00(Gbps), TX:       0(pps),  0.00(Gbps)
[CPU 1] dpdk0 flows:      1, RX:       0(pps) (err:     0),  0.00(Gbps), TX:       0(pps),  0.00(Gbps)
[ ALL ] dpdk0 flows:      1, RX:       0(pps) (err:     0),  0.00(Gbps), TX:       0(pps),  0.00(Gbps)
