---------------------------------------------------------------------------------
Loading mtcp configuration from : perf.conf
EAL: Probing VFIO support...
EAL: VFIO support initialized
EAL: PCI device 0000:1a:00.1 on NUMA socket -1
EAL:   Invalid NUMA socket, default to 0
EAL:   probe driver: 8086:10fb net_ixgbe
EAL:   using IOMMU type 1 (Type 1)
Loading interface setting
EAL: Detected 6 lcore(s)
EAL: Detected 1 NUMA nodes
EAL: Auto-detected process type: PRIMARY
EAL: Multi-process socket /var/run/dpdk/rte/mp_socket
EAL: No free hugepages reported in hugepages-1048576kB
EAL: Ignore mapping IO port bar(2)
EAL: Auto-detected process type: PRIMARY
Total number of attached devices: 1
Interface name: dpdk0
Configurations:
Number of CPU cores available: 3
Number of CPU cores to use: 3
Maximum number of concurrency per core: 10000
Maximum number of preallocated buffers per core: 10000
Receive buffer size: 102400
Send buffer size: 102400
TCP timeout seconds: 30
TCP timewait seconds: 0
NICs to print statistics: dpdk0
---------------------------------------------------------------------------------
Interfaces:
name: dpdk0, ifindex: 0, hwaddr: 90:E2:BA:46:F2:25, ipaddr: 10.1.1.1, netmask: 255.255.255.0
Initializing port 0... Number of NIC queues: 3
---------------------------------------------------------------------------------
Loading routing configurations from : config/route.conf
fopen: No such file or directory
Skip loading static routing table
Routes:
Destination: 10.1.1.0/24, Mask: 255.255.255.0, Masked: 10.1.1.0, Route: ifdx-0
---------------------------------------------------------------------------------
Loading ARP table from : config/arp.conf
ARP Table:
IP addr: 10.1.1.2, dst_hwaddr: 90:E2:BA:46:F3:44
---------------------------------------------------------------------------------
done: 

Checking link statusdone
Port 0 Link Up - speed 10000 Mbps - full-duplex
CPU 1: initialization finished.
[mtcp_create_context:1359] CPU 1 is now the master thread.
[CPU 1] dpdk0 flows:      1, RX:      58(pps) (err:     0),  0.00(Gbps), TX:     171(pps),  0.00(Gbps)
[ ALL ] dpdk0 flows:      1, RX:      58(pps) (err:     0),  0.00(Gbps), TX:     171(pps),  0.00(Gbps)
[CPU 1] dpdk0 flows:      1, RX:   62405(pps) (err:     0),  0.04(Gbps), TX: 1311147(pps),  9.90(Gbps)
[ ALL ] dpdk0 flows:      1, RX:   62405(pps) (err:     0),  0.04(Gbps), TX: 1311147(pps),  9.90(Gbps)
[CPU 1] dpdk0 flows:      1, RX:   62250(pps) (err:     0),  0.04(Gbps), TX: 1313466(pps),  9.92(Gbps)
[ ALL ] dpdk0 flows:      1, RX:   62250(pps) (err:     0),  0.04(Gbps), TX: 1313466(pps),  9.92(Gbps)
[CPU 1] dpdk0 flows:      1, RX:   61232(pps) (err:     0),  0.04(Gbps), TX: 1318529(pps),  9.95(Gbps)
[ ALL ] dpdk0 flows:      1, RX:   61232(pps) (err:     0),  0.04(Gbps), TX: 1318529(pps),  9.95(Gbps)
[CPU 1] dpdk0 flows:      1, RX:   61382(pps) (err:     0),  0.04(Gbps), TX: 1318678(pps),  9.96(Gbps)
[ ALL ] dpdk0 flows:      1, RX:   61382(pps) (err:     0),  0.04(Gbps), TX: 1318678(pps),  9.96(Gbps)
[CPU 1] dpdk0 flows:      1, RX:   61157(pps) (err:     0),  0.04(Gbps), TX: 1318932(pps),  9.96(Gbps)
[ ALL ] dpdk0 flows:      1, RX:   61157(pps) (err:     0),  0.04(Gbps), TX: 1318932(pps),  9.96(Gbps)
[CPU 1] dpdk0 flows:      1, RX:   61133(pps) (err:     0),  0.04(Gbps), TX: 1318077(pps),  9.95(Gbps)
[ ALL ] dpdk0 flows:      1, RX:   61133(pps) (err:     0),  0.04(Gbps), TX: 1318077(pps),  9.95(Gbps)
[CPU 1] dpdk0 flows:      1, RX:   61258(pps) (err:     0),  0.04(Gbps), TX: 1318016(pps),  9.95(Gbps)
[ ALL ] dpdk0 flows:      1, RX:   61258(pps) (err:     0),  0.04(Gbps), TX: 1318016(pps),  9.95(Gbps)
[CPU 1] dpdk0 flows:      1, RX:   61106(pps) (err:     0),  0.04(Gbps), TX: 1318765(pps),  9.96(Gbps)
[ ALL ] dpdk0 flows:      1, RX:   61106(pps) (err:     0),  0.04(Gbps), TX: 1318765(pps),  9.96(Gbps)
[CPU 1] dpdk0 flows:      1, RX:   61118(pps) (err:     0),  0.04(Gbps), TX: 1318637(pps),  9.96(Gbps)
[ ALL ] dpdk0 flows:      1, RX:   61118(pps) (err:     0),  0.04(Gbps), TX: 1318637(pps),  9.96(Gbps)
[CPU 1] dpdk0 flows:      1, RX:   61263(pps) (err:     0),  0.04(Gbps), TX: 1318441(pps),  9.95(Gbps)
[ ALL ] dpdk0 flows:      1, RX:   61263(pps) (err:     0),  0.04(Gbps), TX: 1318441(pps),  9.95(Gbps)
[CPU 1] dpdk0 flows:      1, RX:   59237(pps) (err:     0),  0.04(Gbps), TX: 1256189(pps),  9.48(Gbps)
[ ALL ] dpdk0 flows:      1, RX:   59237(pps) (err:     0),  0.04(Gbps), TX: 1256189(pps),  9.48(Gbps)
[CPU 1] dpdk0 flows:      1, RX:   61722(pps) (err:     0),  0.04(Gbps), TX: 1298107(pps),  9.80(Gbps)
[ ALL ] dpdk0 flows:      1, RX:   61722(pps) (err:     0),  0.04(Gbps), TX: 1298107(pps),  9.80(Gbps)
[CPU 1] dpdk0 flows:      1, RX:   61709(pps) (err:     0),  0.04(Gbps), TX: 1294942(pps),  9.78(Gbps)
[ ALL ] dpdk0 flows:      1, RX:   61709(pps) (err:     0),  0.04(Gbps), TX: 1294942(pps),  9.78(Gbps)
[CPU 1] dpdk0 flows:      1, RX:   61592(pps) (err:     0),  0.04(Gbps), TX: 1307138(pps),  9.87(Gbps)
[ ALL ] dpdk0 flows:      1, RX:   61592(pps) (err:     0),  0.04(Gbps), TX: 1307138(pps),  9.87(Gbps)
[CPU 1] dpdk0 flows:      1, RX:   61687(pps) (err:     0),  0.04(Gbps), TX: 1313562(pps),  9.92(Gbps)
[ ALL ] dpdk0 flows:      1, RX:   61687(pps) (err:     0),  0.04(Gbps), TX: 1313562(pps),  9.92(Gbps)
[CPU 1] dpdk0 flows:      1, RX:   26227(pps) (err:     0),  0.02(Gbps), TX:  558482(pps),  4.22(Gbps)
[ ALL ] dpdk0 flows:      1, RX:   26227(pps) (err:     0),  0.02(Gbps), TX:  558482(pps),  4.22(Gbps)
[CPU 1] dpdk0 flows:      1, RX:       0(pps) (err:     0),  0.00(Gbps), TX:       0(pps),  0.00(Gbps)
[ ALL ] dpdk0 flows:      1, RX:       0(pps) (err:     0),  0.00(Gbps), TX:       0(pps),  0.00(Gbps)
[CPU 1] dpdk0 flows:      1, RX:       0(pps) (err:     0),  0.00(Gbps), TX:       0(pps),  0.00(Gbps)
[ ALL ] dpdk0 flows:      1, RX:       0(pps) (err:     0),  0.00(Gbps), TX:       0(pps),  0.00(Gbps)
[CPU 1] dpdk0 flows:      1, RX:       0(pps) (err:     0),  0.00(Gbps), TX:       0(pps),  0.00(Gbps)
[ ALL ] dpdk0 flows:      1, RX:       0(pps) (err:     0),  0.00(Gbps), TX:       0(pps),  0.00(Gbps)
[CPU 1] dpdk0 flows:      1, RX:       0(pps) (err:     0),  0.00(Gbps), TX:       0(pps),  0.00(Gbps)
[ ALL ] dpdk0 flows:      1, RX:       0(pps) (err:     0),  0.00(Gbps), TX:       0(pps),  0.00(Gbps)
[CPU 1] dpdk0 flows:      1, RX:       0(pps) (err:     0),  0.00(Gbps), TX:       0(pps),  0.00(Gbps)
[ ALL ] dpdk0 flows:      1, RX:       0(pps) (err:     0),  0.00(Gbps), TX:       0(pps),  0.00(Gbps)
[CPU 1] dpdk0 flows:      1, RX:       0(pps) (err:     0),  0.00(Gbps), TX:       0(pps),  0.00(Gbps)
[ ALL ] dpdk0 flows:      1, RX:       0(pps) (err:     0),  0.00(Gbps), TX:       0(pps),  0.00(Gbps)
[CPU 1] dpdk0 flows:      1, RX:       0(pps) (err:     0),  0.00(Gbps), TX:       0(pps),  0.00(Gbps)
[ ALL ] dpdk0 flows:      1, RX:       0(pps) (err:     0),  0.00(Gbps), TX:       0(pps),  0.00(Gbps)
[CPU 1] dpdk0 flows:      1, RX:       0(pps) (err:     0),  0.00(Gbps), TX:       0(pps),  0.00(Gbps)
[ ALL ] dpdk0 flows:      1, RX:       0(pps) (err:     0),  0.00(Gbps), TX:       0(pps),  0.00(Gbps)
[CPU 1] dpdk0 flows:      1, RX:       0(pps) (err:     0),  0.00(Gbps), TX:       0(pps),  0.00(Gbps)
[ ALL ] dpdk0 flows:      1, RX:       0(pps) (err:     0),  0.00(Gbps), TX:       0(pps),  0.00(Gbps)
[CPU 1] dpdk0 flows:      1, RX:       0(pps) (err:     0),  0.00(Gbps), TX:       0(pps),  0.00(Gbps)
[ ALL ] dpdk0 flows:      1, RX:       0(pps) (err:     0),  0.00(Gbps), TX:       0(pps),  0.00(Gbps)
[CPU 1] dpdk0 flows:      1, RX:       0(pps) (err:     0),  0.00(Gbps), TX:       0(pps),  0.00(Gbps)
[ ALL ] dpdk0 flows:      1, RX:       0(pps) (err:     0),  0.00(Gbps), TX:       0(pps),  0.00(Gbps)
[CPU 1] dpdk0 flows:      1, RX:       0(pps) (err:     0),  0.00(Gbps), TX:       0(pps),  0.00(Gbps)
[ ALL ] dpdk0 flows:      1, RX:       0(pps) (err:     0),  0.00(Gbps), TX:       0(pps),  0.00(Gbps)
