---------------------------------------------------------------------------------
Loading mtcp configuration from : perf.conf
EAL: Probing VFIO support...
EAL: VFIO support initialized
EAL: PCI device 0000:1a:00.1 on NUMA socket -1
EAL:   Invalid NUMA socket, default to 0
EAL:   probe driver: 8086:10fb net_ixgbe
EAL:   using IOMMU type 1 (Type 1)
Loading interface setting
EAL: Detected 6 lcore(s)
EAL: Detected 1 NUMA nodes
EAL: Auto-detected process type: PRIMARY
EAL: Multi-process socket /var/run/dpdk/rte/mp_socket
EAL: No free hugepages reported in hugepages-1048576kB
EAL: Ignore mapping IO port bar(2)
EAL: Auto-detected process type: PRIMARY
Total number of attached devices: 1
Interface name: dpdk0
Configurations:
Number of CPU cores available: 3
Number of CPU cores to use: 3
Maximum number of concurrency per core: 10000
Maximum number of preallocated buffers per core: 10000
Receive buffer size: 102400
Send buffer size: 102400
TCP timeout seconds: 30
TCP timewait seconds: 0
NICs to print statistics: dpdk0
---------------------------------------------------------------------------------
Interfaces:
name: dpdk0, ifindex: 0, hwaddr: 90:E2:BA:46:F2:25, ipaddr: 10.1.1.1, netmask: 255.255.255.0
Number of NIC queues: 3
---------------------------------------------------------------------------------
Loading routing configurations from : config/route.conf
fopen: No such file or directory
Skip loading static routing table
Routes:
Initializing port 0... Destination: 10.1.1.0/24, Mask: 255.255.255.0, Masked: 10.1.1.0, Route: ifdx-0
---------------------------------------------------------------------------------
Loading ARP table from : config/arp.conf
ARP Table:
IP addr: 10.1.1.2, dst_hwaddr: 90:E2:BA:46:F3:44
---------------------------------------------------------------------------------
done: 

Checking link statusdone
Port 0 Link Up - speed 10000 Mbps - full-duplex
CPU 1: initialization finished.
[mtcp_create_context:1359] CPU 1 is now the master thread.
[CPU 1] dpdk0 flows:      1, RX:      52(pps) (err:     0),  0.00(Gbps), TX:     217(pps),  0.00(Gbps)
[ ALL ] dpdk0 flows:      1, RX:      52(pps) (err:     0),  0.00(Gbps), TX:     217(pps),  0.00(Gbps)
[CPU 1] dpdk0 flows:      1, RX:   68380(pps) (err:     0),  0.05(Gbps), TX: 2183764(pps),  3.48(Gbps)
[ ALL ] dpdk0 flows:      1, RX:   68380(pps) (err:     0),  0.05(Gbps), TX: 2183764(pps),  3.48(Gbps)
[CPU 1] dpdk0 flows:      1, RX:   68549(pps) (err:     0),  0.05(Gbps), TX: 2193566(pps),  3.49(Gbps)
[ ALL ] dpdk0 flows:      1, RX:   68549(pps) (err:     0),  0.05(Gbps), TX: 2193566(pps),  3.49(Gbps)
[CPU 1] dpdk0 flows:      1, RX:   68584(pps) (err:     0),  0.05(Gbps), TX: 2194688(pps),  3.49(Gbps)
[ ALL ] dpdk0 flows:      1, RX:   68584(pps) (err:     0),  0.05(Gbps), TX: 2194688(pps),  3.49(Gbps)
[CPU 1] dpdk0 flows:      1, RX:   68618(pps) (err:     0),  0.05(Gbps), TX: 2195712(pps),  3.49(Gbps)
[ ALL ] dpdk0 flows:      1, RX:   68618(pps) (err:     0),  0.05(Gbps), TX: 2195712(pps),  3.49(Gbps)
[CPU 1] dpdk0 flows:      1, RX:   68751(pps) (err:     0),  0.05(Gbps), TX: 2200033(pps),  3.50(Gbps)
[ ALL ] dpdk0 flows:      1, RX:   68751(pps) (err:     0),  0.05(Gbps), TX: 2200033(pps),  3.50(Gbps)
[CPU 1] dpdk0 flows:      1, RX:   68797(pps) (err:     0),  0.05(Gbps), TX: 2201505(pps),  3.50(Gbps)
[ ALL ] dpdk0 flows:      1, RX:   68797(pps) (err:     0),  0.05(Gbps), TX: 2201505(pps),  3.50(Gbps)
[CPU 1] dpdk0 flows:      1, RX:   68836(pps) (err:     0),  0.05(Gbps), TX: 2202719(pps),  3.51(Gbps)
[ ALL ] dpdk0 flows:      1, RX:   68836(pps) (err:     0),  0.05(Gbps), TX: 2202719(pps),  3.51(Gbps)
[CPU 1] dpdk0 flows:      1, RX:   68896(pps) (err:     0),  0.05(Gbps), TX: 2204672(pps),  3.51(Gbps)
[ ALL ] dpdk0 flows:      1, RX:   68896(pps) (err:     0),  0.05(Gbps), TX: 2204672(pps),  3.51(Gbps)
[CPU 1] dpdk0 flows:      1, RX:   68853(pps) (err:     0),  0.05(Gbps), TX: 2203235(pps),  3.51(Gbps)
[ ALL ] dpdk0 flows:      1, RX:   68853(pps) (err:     0),  0.05(Gbps), TX: 2203235(pps),  3.51(Gbps)
[CPU 1] dpdk0 flows:      1, RX:   65866(pps) (err:     0),  0.05(Gbps), TX: 2106240(pps),  3.35(Gbps)
[ ALL ] dpdk0 flows:      1, RX:   65866(pps) (err:     0),  0.05(Gbps), TX: 2106240(pps),  3.35(Gbps)
[CPU 1] dpdk0 flows:      1, RX:   68580(pps) (err:     0),  0.05(Gbps), TX: 2194077(pps),  3.49(Gbps)
[ ALL ] dpdk0 flows:      1, RX:   68580(pps) (err:     0),  0.05(Gbps), TX: 2194077(pps),  3.49(Gbps)
[CPU 1] dpdk0 flows:      1, RX:   67796(pps) (err:     0),  0.05(Gbps), TX: 2169088(pps),  3.45(Gbps)
[ ALL ] dpdk0 flows:      1, RX:   67796(pps) (err:     0),  0.05(Gbps), TX: 2169088(pps),  3.45(Gbps)
[CPU 1] dpdk0 flows:      1, RX:   68407(pps) (err:     0),  0.05(Gbps), TX: 2188643(pps),  3.48(Gbps)
[ ALL ] dpdk0 flows:      1, RX:   68407(pps) (err:     0),  0.05(Gbps), TX: 2188643(pps),  3.48(Gbps)
[CPU 1] dpdk0 flows:      1, RX:   64078(pps) (err:     0),  0.05(Gbps), TX: 2049774(pps),  3.26(Gbps)
[ ALL ] dpdk0 flows:      1, RX:   64078(pps) (err:     0),  0.05(Gbps), TX: 2049774(pps),  3.26(Gbps)
[CPU 1] dpdk0 flows:      1, RX:       0(pps) (err:     0),  0.00(Gbps), TX:       4(pps),  0.00(Gbps)
[ ALL ] dpdk0 flows:      1, RX:       0(pps) (err:     0),  0.00(Gbps), TX:       4(pps),  0.00(Gbps)
[CPU 1] dpdk0 flows:      1, RX:       0(pps) (err:     0),  0.00(Gbps), TX:       3(pps),  0.00(Gbps)
[ ALL ] dpdk0 flows:      1, RX:       0(pps) (err:     0),  0.00(Gbps), TX:       3(pps),  0.00(Gbps)
[CPU 1] dpdk0 flows:      1, RX:       0(pps) (err:     0),  0.00(Gbps), TX:       2(pps),  0.00(Gbps)
[ ALL ] dpdk0 flows:      1, RX:       0(pps) (err:     0),  0.00(Gbps), TX:       2(pps),  0.00(Gbps)
[CPU 1] dpdk0 flows:      1, RX:       0(pps) (err:     0),  0.00(Gbps), TX:       3(pps),  0.00(Gbps)
[ ALL ] dpdk0 flows:      1, RX:       0(pps) (err:     0),  0.00(Gbps), TX:       3(pps),  0.00(Gbps)
[CPU 1] dpdk0 flows:      1, RX:       0(pps) (err:     0),  0.00(Gbps), TX:       0(pps),  0.00(Gbps)
[ ALL ] dpdk0 flows:      1, RX:       0(pps) (err:     0),  0.00(Gbps), TX:       0(pps),  0.00(Gbps)
[CPU 1] dpdk0 flows:      1, RX:       0(pps) (err:     0),  0.00(Gbps), TX:       0(pps),  0.00(Gbps)
[ ALL ] dpdk0 flows:      1, RX:       0(pps) (err:     0),  0.00(Gbps), TX:       0(pps),  0.00(Gbps)
[CPU 1] dpdk0 flows:      1, RX:       0(pps) (err:     0),  0.00(Gbps), TX:       0(pps),  0.00(Gbps)
[ ALL ] dpdk0 flows:      1, RX:       0(pps) (err:     0),  0.00(Gbps), TX:       0(pps),  0.00(Gbps)
[CPU 1] dpdk0 flows:      1, RX:       0(pps) (err:     0),  0.00(Gbps), TX:       0(pps),  0.00(Gbps)
[ ALL ] dpdk0 flows:      1, RX:       0(pps) (err:     0),  0.00(Gbps), TX:       0(pps),  0.00(Gbps)
[CPU 1] dpdk0 flows:      1, RX:       0(pps) (err:     0),  0.00(Gbps), TX:       0(pps),  0.00(Gbps)
[ ALL ] dpdk0 flows:      1, RX:       0(pps) (err:     0),  0.00(Gbps), TX:       0(pps),  0.00(Gbps)
[CPU 1] dpdk0 flows:      1, RX:       0(pps) (err:     0),  0.00(Gbps), TX:       0(pps),  0.00(Gbps)
[ ALL ] dpdk0 flows:      1, RX:       0(pps) (err:     0),  0.00(Gbps), TX:       0(pps),  0.00(Gbps)
[CPU 1] dpdk0 flows:      1, RX:       0(pps) (err:     0),  0.00(Gbps), TX:       0(pps),  0.00(Gbps)
[ ALL ] dpdk0 flows:      1, RX:       0(pps) (err:     0),  0.00(Gbps), TX:       0(pps),  0.00(Gbps)
[CPU 1] dpdk0 flows:      1, RX:       0(pps) (err:     0),  0.00(Gbps), TX:       0(pps),  0.00(Gbps)
[ ALL ] dpdk0 flows:      1, RX:       0(pps) (err:     0),  0.00(Gbps), TX:       0(pps),  0.00(Gbps)
