---------------------------------------------------------------------------------
Loading mtcp configuration from : perf.conf
EAL: Probing VFIO support...
Loading interface setting
EAL: Detected 6 lcore(s)
EAL: Detected 1 NUMA nodes
EAL: Auto-detected process type: PRIMARY
EAL: Multi-process socket /var/run/dpdk/rte/mp_socket
EAL: No free hugepages reported in hugepages-1048576kB
EAL: VFIO support initialized
EAL: PCI device 0000:1a:00.1 on NUMA socket -1
EAL:   Invalid NUMA socket, default to 0
EAL:   probe driver: 8086:10fb net_ixgbe
EAL:   using IOMMU type 1 (Type 1)
EAL: Ignore mapping IO port bar(2)
EAL: Auto-detected process type: PRIMARY
Total number of attached devices: 1
Interface name: dpdk0
Configurations:
Number of CPU cores available: 3
Number of CPU cores to use: 3
Maximum number of concurrency per core: 10000
Maximum number of preallocated buffers per core: 10000
Receive buffer size: 102400
Send buffer size: 102400
TCP timeout seconds: 30
TCP timewait seconds: 0
NICs to print statistics: dpdk0
---------------------------------------------------------------------------------
Interfaces:
name: dpdk0, ifindex: 0, hwaddr: 90:E2:BA:46:F2:25, ipaddr: 10.1.1.1, netmask: 255.255.255.0
Number of NIC queues: 3
---------------------------------------------------------------------------------
Loading routing configurations from : config/route.conf
fopen: No such file or directory
Skip loading static routing table
Routes:
Destination: 10.1.1.0/24, Mask: 255.255.255.0, Masked: 10.1.1.0, Route: ifdx-0
---------------------------------------------------------------------------------
Loading ARP table from : config/arp.conf
Initializing port 0... ARP Table:
IP addr: 10.1.1.2, dst_hwaddr: 90:E2:BA:46:F3:44
---------------------------------------------------------------------------------
done: 

Checking link statusdone
Port 0 Link Up - speed 10000 Mbps - full-duplex
CPU 1: initialization finished.
[mtcp_create_context:1359] CPU 1 is now the master thread.
[CPU 1] dpdk0 flows:      1, RX:      18(pps) (err:     0),  0.00(Gbps), TX:      39(pps),  0.00(Gbps)
[ ALL ] dpdk0 flows:      1, RX:      18(pps) (err:     0),  0.00(Gbps), TX:      39(pps),  0.00(Gbps)
[CPU 1] dpdk0 flows:      1, RX:  111410(pps) (err:     0),  0.08(Gbps), TX: 1100428(pps),  9.90(Gbps)
[ ALL ] dpdk0 flows:      1, RX:  111410(pps) (err:     0),  0.08(Gbps), TX: 1100428(pps),  9.90(Gbps)
[CPU 1] dpdk0 flows:      1, RX:  111914(pps) (err:     0),  0.08(Gbps), TX: 1102993(pps),  9.93(Gbps)
[ ALL ] dpdk0 flows:      1, RX:  111914(pps) (err:     0),  0.08(Gbps), TX: 1102993(pps),  9.93(Gbps)
[CPU 1] dpdk0 flows:      1, RX:  110887(pps) (err:     0),  0.08(Gbps), TX: 1107185(pps),  9.96(Gbps)
[ ALL ] dpdk0 flows:      1, RX:  110887(pps) (err:     0),  0.08(Gbps), TX: 1107185(pps),  9.96(Gbps)
[CPU 1] dpdk0 flows:      1, RX:  110835(pps) (err:     0),  0.08(Gbps), TX: 1107137(pps),  9.96(Gbps)
[ ALL ] dpdk0 flows:      1, RX:  110835(pps) (err:     0),  0.08(Gbps), TX: 1107137(pps),  9.96(Gbps)
[CPU 1] dpdk0 flows:      1, RX:  110704(pps) (err:     0),  0.08(Gbps), TX: 1107411(pps),  9.97(Gbps)
[ ALL ] dpdk0 flows:      1, RX:  110704(pps) (err:     0),  0.08(Gbps), TX: 1107411(pps),  9.97(Gbps)
[CPU 1] dpdk0 flows:      1, RX:  110630(pps) (err:     0),  0.08(Gbps), TX: 1107135(pps),  9.96(Gbps)
[ ALL ] dpdk0 flows:      1, RX:  110630(pps) (err:     0),  0.08(Gbps), TX: 1107135(pps),  9.96(Gbps)
[CPU 1] dpdk0 flows:      1, RX:  110826(pps) (err:     0),  0.08(Gbps), TX: 1107099(pps),  9.96(Gbps)
[ ALL ] dpdk0 flows:      1, RX:  110826(pps) (err:     0),  0.08(Gbps), TX: 1107099(pps),  9.96(Gbps)
[CPU 1] dpdk0 flows:      1, RX:  110904(pps) (err:     0),  0.08(Gbps), TX: 1107045(pps),  9.96(Gbps)
[ ALL ] dpdk0 flows:      1, RX:  110904(pps) (err:     0),  0.08(Gbps), TX: 1107045(pps),  9.96(Gbps)
[CPU 1] dpdk0 flows:      1, RX:  110124(pps) (err:     0),  0.08(Gbps), TX: 1085508(pps),  9.77(Gbps)
[ ALL ] dpdk0 flows:      1, RX:  110124(pps) (err:     0),  0.08(Gbps), TX: 1085508(pps),  9.77(Gbps)
[CPU 1] dpdk0 flows:      1, RX:  108089(pps) (err:     0),  0.08(Gbps), TX: 1069207(pps),  9.62(Gbps)
[ ALL ] dpdk0 flows:      1, RX:  108089(pps) (err:     0),  0.08(Gbps), TX: 1069207(pps),  9.62(Gbps)
[CPU 1] dpdk0 flows:      1, RX:  110941(pps) (err:     0),  0.08(Gbps), TX: 1095867(pps),  9.86(Gbps)
[ ALL ] dpdk0 flows:      1, RX:  110941(pps) (err:     0),  0.08(Gbps), TX: 1095867(pps),  9.86(Gbps)
[CPU 1] dpdk0 flows:      1, RX:  109788(pps) (err:     0),  0.08(Gbps), TX: 1087251(pps),  9.78(Gbps)
[ ALL ] dpdk0 flows:      1, RX:  109788(pps) (err:     0),  0.08(Gbps), TX: 1087251(pps),  9.78(Gbps)
[CPU 1] dpdk0 flows:      1, RX:  111445(pps) (err:     0),  0.08(Gbps), TX: 1105714(pps),  9.95(Gbps)
[ ALL ] dpdk0 flows:      1, RX:  111445(pps) (err:     0),  0.08(Gbps), TX: 1105714(pps),  9.95(Gbps)
[CPU 1] dpdk0 flows:      1, RX:  111328(pps) (err:     0),  0.08(Gbps), TX: 1099078(pps),  9.89(Gbps)
[ ALL ] dpdk0 flows:      1, RX:  111328(pps) (err:     0),  0.08(Gbps), TX: 1099078(pps),  9.89(Gbps)
[CPU 1] dpdk0 flows:      1, RX:  112257(pps) (err:     0),  0.08(Gbps), TX: 1102733(pps),  9.92(Gbps)
[ ALL ] dpdk0 flows:      1, RX:  112257(pps) (err:     0),  0.08(Gbps), TX: 1102733(pps),  9.92(Gbps)
[CPU 1] dpdk0 flows:      1, RX:   34374(pps) (err:     0),  0.02(Gbps), TX:  338311(pps),  3.04(Gbps)
[ ALL ] dpdk0 flows:      1, RX:   34374(pps) (err:     0),  0.02(Gbps), TX:  338311(pps),  3.04(Gbps)
[CPU 1] dpdk0 flows:      1, RX:       0(pps) (err:     0),  0.00(Gbps), TX:       1(pps),  0.00(Gbps)
[ ALL ] dpdk0 flows:      1, RX:       0(pps) (err:     0),  0.00(Gbps), TX:       1(pps),  0.00(Gbps)
[CPU 1] dpdk0 flows:      1, RX:       0(pps) (err:     0),  0.00(Gbps), TX:       2(pps),  0.00(Gbps)
[ ALL ] dpdk0 flows:      1, RX:       0(pps) (err:     0),  0.00(Gbps), TX:       2(pps),  0.00(Gbps)
[CPU 1] dpdk0 flows:      1, RX:       0(pps) (err:     0),  0.00(Gbps), TX:       1(pps),  0.00(Gbps)
[ ALL ] dpdk0 flows:      1, RX:       0(pps) (err:     0),  0.00(Gbps), TX:       1(pps),  0.00(Gbps)
[CPU 1] dpdk0 flows:      1, RX:       0(pps) (err:     0),  0.00(Gbps), TX:       1(pps),  0.00(Gbps)
[ ALL ] dpdk0 flows:      1, RX:       0(pps) (err:     0),  0.00(Gbps), TX:       1(pps),  0.00(Gbps)
[CPU 1] dpdk0 flows:      1, RX:       0(pps) (err:     0),  0.00(Gbps), TX:       1(pps),  0.00(Gbps)
[ ALL ] dpdk0 flows:      1, RX:       0(pps) (err:     0),  0.00(Gbps), TX:       1(pps),  0.00(Gbps)
[CPU 1] dpdk0 flows:      1, RX:       0(pps) (err:     0),  0.00(Gbps), TX:       1(pps),  0.00(Gbps)
[ ALL ] dpdk0 flows:      1, RX:       0(pps) (err:     0),  0.00(Gbps), TX:       1(pps),  0.00(Gbps)
[CPU 1] dpdk0 flows:      1, RX:       0(pps) (err:     0),  0.00(Gbps), TX:       1(pps),  0.00(Gbps)
[ ALL ] dpdk0 flows:      1, RX:       0(pps) (err:     0),  0.00(Gbps), TX:       1(pps),  0.00(Gbps)
[CPU 1] dpdk0 flows:      1, RX:       0(pps) (err:     0),  0.00(Gbps), TX:       1(pps),  0.00(Gbps)
[ ALL ] dpdk0 flows:      1, RX:       0(pps) (err:     0),  0.00(Gbps), TX:       1(pps),  0.00(Gbps)
[CPU 1] dpdk0 flows:      1, RX:       0(pps) (err:     0),  0.00(Gbps), TX:       1(pps),  0.00(Gbps)
[ ALL ] dpdk0 flows:      1, RX:       0(pps) (err:     0),  0.00(Gbps), TX:       1(pps),  0.00(Gbps)
[CPU 1] dpdk0 flows:      1, RX:       0(pps) (err:     0),  0.00(Gbps), TX:       0(pps),  0.00(Gbps)
[ ALL ] dpdk0 flows:      1, RX:       0(pps) (err:     0),  0.00(Gbps), TX:       0(pps),  0.00(Gbps)
[CPU 1] dpdk0 flows:      1, RX:       0(pps) (err:     0),  0.00(Gbps), TX:       0(pps),  0.00(Gbps)
[ ALL ] dpdk0 flows:      1, RX:       0(pps) (err:     0),  0.00(Gbps), TX:       0(pps),  0.00(Gbps)
[CPU 1] dpdk0 flows:      1, RX:       0(pps) (err:     0),  0.00(Gbps), TX:       0(pps),  0.00(Gbps)
[ ALL ] dpdk0 flows:      1, RX:       0(pps) (err:     0),  0.00(Gbps), TX:       0(pps),  0.00(Gbps)
[CPU 1] dpdk0 flows:      1, RX:       0(pps) (err:     0),  0.00(Gbps), TX:       0(pps),  0.00(Gbps)
[ ALL ] dpdk0 flows:      1, RX:       0(pps) (err:     0),  0.00(Gbps), TX:       0(pps),  0.00(Gbps)
