---------------------------------------------------------------------------------
Loading mtcp configuration from : perf.conf
EAL: Probing VFIO support...
EAL: VFIO support initialized
EAL: PCI device 0000:1a:00.1 on NUMA socket -1
EAL:   Invalid NUMA socket, default to 0
EAL:   probe driver: 8086:10fb net_ixgbe
EAL:   using IOMMU type 1 (Type 1)
Loading interface setting
EAL: Detected 6 lcore(s)
EAL: Detected 1 NUMA nodes
EAL: Auto-detected process type: PRIMARY
EAL: Multi-process socket /var/run/dpdk/rte/mp_socket
EAL: No free hugepages reported in hugepages-1048576kB
EAL: Ignore mapping IO port bar(2)
EAL: Auto-detected process type: PRIMARY
Total number of attached devices: 1
Interface name: dpdk0
Configurations:
Number of CPU cores available: 3
Number of CPU cores to use: 3
Maximum number of concurrency per core: 10000
Maximum number of preallocated buffers per core: 10000
Receive buffer size: 102400
Send buffer size: 102400
TCP timeout seconds: 30
TCP timewait seconds: 0
NICs to print statistics: dpdk0
---------------------------------------------------------------------------------
Interfaces:
name: dpdk0, ifindex: 0, hwaddr: 90:E2:BA:46:F2:25, ipaddr: 10.1.1.1, netmask: 255.255.255.0
Number of NIC queues: 3
---------------------------------------------------------------------------------
Loading routing configurations from : config/route.conf
fopen: No such file or directory
Skip loading static routing table
Routes:
Destination: 10.1.1.0/24, Mask: 255.255.255.0, Masked: 10.1.1.0, Route: ifdx-0
---------------------------------------------------------------------------------
Loading ARP table from : config/arp.conf
Initializing port 0... ARP Table:
IP addr: 10.1.1.2, dst_hwaddr: 90:E2:BA:46:F3:44
---------------------------------------------------------------------------------
done: 

Checking link statusdone
Port 0 Link Up - speed 10000 Mbps - full-duplex
CPU 1: initialization finished.
[mtcp_create_context:1359] CPU 1 is now the master thread.
[CPU 1] dpdk0 flows:      1, RX:     117(pps) (err:     0),  0.00(Gbps), TX:     213(pps),  0.00(Gbps)
[ ALL ] dpdk0 flows:      1, RX:     117(pps) (err:     0),  0.00(Gbps), TX:     213(pps),  0.00(Gbps)
[CPU 1] dpdk0 flows:      1, RX:  149789(pps) (err:     0),  0.11(Gbps), TX:  867784(pps),  9.87(Gbps)
[ ALL ] dpdk0 flows:      1, RX:  149789(pps) (err:     0),  0.11(Gbps), TX:  867784(pps),  9.87(Gbps)
[CPU 1] dpdk0 flows:      1, RX:  150209(pps) (err:     0),  0.11(Gbps), TX:  868438(pps),  9.87(Gbps)
[ ALL ] dpdk0 flows:      1, RX:  150209(pps) (err:     0),  0.11(Gbps), TX:  868438(pps),  9.87(Gbps)
[CPU 1] dpdk0 flows:      1, RX:  148997(pps) (err:     0),  0.11(Gbps), TX:  871313(pps),  9.91(Gbps)
[ ALL ] dpdk0 flows:      1, RX:  148997(pps) (err:     0),  0.11(Gbps), TX:  871313(pps),  9.91(Gbps)
[CPU 1] dpdk0 flows:      1, RX:  149362(pps) (err:     0),  0.11(Gbps), TX:  872169(pps),  9.92(Gbps)
[ ALL ] dpdk0 flows:      1, RX:  149362(pps) (err:     0),  0.11(Gbps), TX:  872169(pps),  9.92(Gbps)
[CPU 1] dpdk0 flows:      1, RX:  148558(pps) (err:     0),  0.11(Gbps), TX:  872786(pps),  9.92(Gbps)
[ ALL ] dpdk0 flows:      1, RX:  148558(pps) (err:     0),  0.11(Gbps), TX:  872786(pps),  9.92(Gbps)
[CPU 1] dpdk0 flows:      1, RX:  148527(pps) (err:     0),  0.11(Gbps), TX:  873651(pps),  9.93(Gbps)
[ ALL ] dpdk0 flows:      1, RX:  148527(pps) (err:     0),  0.11(Gbps), TX:  873651(pps),  9.93(Gbps)
[CPU 1] dpdk0 flows:      1, RX:  149016(pps) (err:     0),  0.11(Gbps), TX:  872847(pps),  9.92(Gbps)
[ ALL ] dpdk0 flows:      1, RX:  149016(pps) (err:     0),  0.11(Gbps), TX:  872847(pps),  9.92(Gbps)
[CPU 1] dpdk0 flows:      1, RX:  149530(pps) (err:     0),  0.11(Gbps), TX:  870145(pps),  9.89(Gbps)
[ ALL ] dpdk0 flows:      1, RX:  149530(pps) (err:     0),  0.11(Gbps), TX:  870145(pps),  9.89(Gbps)
[CPU 1] dpdk0 flows:      1, RX:  148310(pps) (err:     0),  0.11(Gbps), TX:  827976(pps),  9.41(Gbps)
[ ALL ] dpdk0 flows:      1, RX:  148310(pps) (err:     0),  0.11(Gbps), TX:  827976(pps),  9.41(Gbps)
[CPU 1] dpdk0 flows:      1, RX:  151511(pps) (err:     0),  0.11(Gbps), TX:  860251(pps),  9.78(Gbps)
[ ALL ] dpdk0 flows:      1, RX:  151511(pps) (err:     0),  0.11(Gbps), TX:  860251(pps),  9.78(Gbps)
[CPU 1] dpdk0 flows:      1, RX:  153054(pps) (err:     0),  0.11(Gbps), TX:  854817(pps),  9.72(Gbps)
[ ALL ] dpdk0 flows:      1, RX:  153054(pps) (err:     0),  0.11(Gbps), TX:  854817(pps),  9.72(Gbps)
[CPU 1] dpdk0 flows:      1, RX:  154364(pps) (err:     0),  0.11(Gbps), TX:  870231(pps),  9.89(Gbps)
[ ALL ] dpdk0 flows:      1, RX:  154364(pps) (err:     0),  0.11(Gbps), TX:  870231(pps),  9.89(Gbps)
[CPU 1] dpdk0 flows:      1, RX:  153503(pps) (err:     0),  0.11(Gbps), TX:  866964(pps),  9.86(Gbps)
[ ALL ] dpdk0 flows:      1, RX:  153503(pps) (err:     0),  0.11(Gbps), TX:  866964(pps),  9.86(Gbps)
[CPU 1] dpdk0 flows:      1, RX:  154115(pps) (err:     0),  0.11(Gbps), TX:  864720(pps),  9.83(Gbps)
[ ALL ] dpdk0 flows:      1, RX:  154115(pps) (err:     0),  0.11(Gbps), TX:  864720(pps),  9.83(Gbps)
[CPU 1] dpdk0 flows:      1, RX:   62034(pps) (err:     0),  0.04(Gbps), TX:  345069(pps),  3.92(Gbps)
[ ALL ] dpdk0 flows:      1, RX:   62034(pps) (err:     0),  0.04(Gbps), TX:  345069(pps),  3.92(Gbps)
[CPU 1] dpdk0 flows:      1, RX:       0(pps) (err:     0),  0.00(Gbps), TX:       0(pps),  0.00(Gbps)
[ ALL ] dpdk0 flows:      1, RX:       0(pps) (err:     0),  0.00(Gbps), TX:       0(pps),  0.00(Gbps)
[CPU 1] dpdk0 flows:      1, RX:       0(pps) (err:     0),  0.00(Gbps), TX:       0(pps),  0.00(Gbps)
[ ALL ] dpdk0 flows:      1, RX:       0(pps) (err:     0),  0.00(Gbps), TX:       0(pps),  0.00(Gbps)
[CPU 1] dpdk0 flows:      1, RX:       0(pps) (err:     0),  0.00(Gbps), TX:       0(pps),  0.00(Gbps)
[ ALL ] dpdk0 flows:      1, RX:       0(pps) (err:     0),  0.00(Gbps), TX:       0(pps),  0.00(Gbps)
[CPU 1] dpdk0 flows:      1, RX:       0(pps) (err:     0),  0.00(Gbps), TX:       0(pps),  0.00(Gbps)
[ ALL ] dpdk0 flows:      1, RX:       0(pps) (err:     0),  0.00(Gbps), TX:       0(pps),  0.00(Gbps)
[CPU 1] dpdk0 flows:      1, RX:       0(pps) (err:     0),  0.00(Gbps), TX:       0(pps),  0.00(Gbps)
[ ALL ] dpdk0 flows:      1, RX:       0(pps) (err:     0),  0.00(Gbps), TX:       0(pps),  0.00(Gbps)
[CPU 1] dpdk0 flows:      1, RX:       0(pps) (err:     0),  0.00(Gbps), TX:       0(pps),  0.00(Gbps)
[ ALL ] dpdk0 flows:      1, RX:       0(pps) (err:     0),  0.00(Gbps), TX:       0(pps),  0.00(Gbps)
[CPU 1] dpdk0 flows:      1, RX:       0(pps) (err:     0),  0.00(Gbps), TX:       0(pps),  0.00(Gbps)
[ ALL ] dpdk0 flows:      1, RX:       0(pps) (err:     0),  0.00(Gbps), TX:       0(pps),  0.00(Gbps)
[CPU 1] dpdk0 flows:      1, RX:       0(pps) (err:     0),  0.00(Gbps), TX:       0(pps),  0.00(Gbps)
[ ALL ] dpdk0 flows:      1, RX:       0(pps) (err:     0),  0.00(Gbps), TX:       0(pps),  0.00(Gbps)
[CPU 1] dpdk0 flows:      1, RX:       0(pps) (err:     0),  0.00(Gbps), TX:       0(pps),  0.00(Gbps)
[ ALL ] dpdk0 flows:      1, RX:       0(pps) (err:     0),  0.00(Gbps), TX:       0(pps),  0.00(Gbps)
[CPU 1] dpdk0 flows:      1, RX:       0(pps) (err:     0),  0.00(Gbps), TX:       0(pps),  0.00(Gbps)
[ ALL ] dpdk0 flows:      1, RX:       0(pps) (err:     0),  0.00(Gbps), TX:       0(pps),  0.00(Gbps)
[CPU 1] dpdk0 flows:      1, RX:       0(pps) (err:     0),  0.00(Gbps), TX:       0(pps),  0.00(Gbps)
[ ALL ] dpdk0 flows:      1, RX:       0(pps) (err:     0),  0.00(Gbps), TX:       0(pps),  0.00(Gbps)
[CPU 1] dpdk0 flows:      1, RX:       0(pps) (err:     0),  0.00(Gbps), TX:       0(pps),  0.00(Gbps)
[ ALL ] dpdk0 flows:      1, RX:       0(pps) (err:     0),  0.00(Gbps), TX:       0(pps),  0.00(Gbps)
[CPU 1] dpdk0 flows:      1, RX:       0(pps) (err:     0),  0.00(Gbps), TX:       0(pps),  0.00(Gbps)
[ ALL ] dpdk0 flows:      1, RX:       0(pps) (err:     0),  0.00(Gbps), TX:       0(pps),  0.00(Gbps)
