---------------------------------------------------------------------------------
Loading mtcp configuration from : perf.conf
EAL: Probing VFIO support...
Loading interface setting
EAL: Detected 6 lcore(s)
EAL: Detected 1 NUMA nodes
EAL: Auto-detected process type: PRIMARY
EAL: Multi-process socket /var/run/dpdk/rte/mp_socket
EAL: No free hugepages reported in hugepages-1048576kB
EAL: VFIO support initialized
EAL: PCI device 0000:1a:00.1 on NUMA socket -1
EAL:   Invalid NUMA socket, default to 0
EAL:   probe driver: 8086:10fb net_ixgbe
EAL:   using IOMMU type 1 (Type 1)
EAL: Ignore mapping IO port bar(2)
EAL: Auto-detected process type: PRIMARY
Total number of attached devices: 1
Interface name: dpdk0
Configurations:
Number of CPU cores available: 3
Number of CPU cores to use: 3
Maximum number of concurrency per core: 10000
Maximum number of preallocated buffers per core: 10000
Receive buffer size: 102400
Send buffer size: 102400
TCP timeout seconds: 30
TCP timewait seconds: 0
NICs to print statistics: dpdk0
---------------------------------------------------------------------------------
Interfaces:
name: dpdk0, ifindex: 0, hwaddr: 90:E2:BA:46:F2:25, ipaddr: 10.1.1.1, netmask: 255.255.255.0
Number of NIC queues: 3
---------------------------------------------------------------------------------
Loading routing configurations from : config/route.conf
fopen: No such file or directory
Skip loading static routing table
Routes:
Initializing port 0... Destination: 10.1.1.0/24, Mask: 255.255.255.0, Masked: 10.1.1.0, Route: ifdx-0
---------------------------------------------------------------------------------
Loading ARP table from : config/arp.conf
ARP Table:
IP addr: 10.1.1.2, dst_hwaddr: 90:E2:BA:46:F3:44
---------------------------------------------------------------------------------
done: 

Checking link statusdone
Port 0 Link Up - speed 10000 Mbps - full-duplex
CPU 1: initialization finished.
[mtcp_create_context:1359] CPU 1 is now the master thread.
[CPU 1] dpdk0 flows:      1, RX:      14(pps) (err:     0),  0.00(Gbps), TX:      49(pps),  0.00(Gbps)
[ ALL ] dpdk0 flows:      1, RX:      14(pps) (err:     0),  0.00(Gbps), TX:      49(pps),  0.00(Gbps)
[CPU 1] dpdk0 flows:      1, RX:   58467(pps) (err:     0),  0.04(Gbps), TX: 1857880(pps),  7.84(Gbps)
[ ALL ] dpdk0 flows:      1, RX:   58467(pps) (err:     0),  0.04(Gbps), TX: 1857880(pps),  7.84(Gbps)
[CPU 1] dpdk0 flows:      1, RX:   58375(pps) (err:     0),  0.04(Gbps), TX: 1864290(pps),  7.87(Gbps)
[ ALL ] dpdk0 flows:      1, RX:   58375(pps) (err:     0),  0.04(Gbps), TX: 1864290(pps),  7.87(Gbps)
[CPU 1] dpdk0 flows:      1, RX:   58373(pps) (err:     0),  0.04(Gbps), TX: 1865343(pps),  7.88(Gbps)
[ ALL ] dpdk0 flows:      1, RX:   58373(pps) (err:     0),  0.04(Gbps), TX: 1865343(pps),  7.88(Gbps)
[CPU 1] dpdk0 flows:      1, RX:   58398(pps) (err:     0),  0.04(Gbps), TX: 1866082(pps),  7.88(Gbps)
[ ALL ] dpdk0 flows:      1, RX:   58398(pps) (err:     0),  0.04(Gbps), TX: 1866082(pps),  7.88(Gbps)
[CPU 1] dpdk0 flows:      1, RX:   58494(pps) (err:     0),  0.04(Gbps), TX: 1869056(pps),  7.89(Gbps)
[ ALL ] dpdk0 flows:      1, RX:   58494(pps) (err:     0),  0.04(Gbps), TX: 1869056(pps),  7.89(Gbps)
[CPU 1] dpdk0 flows:      1, RX:   58469(pps) (err:     0),  0.04(Gbps), TX: 1868607(pps),  7.89(Gbps)
[ ALL ] dpdk0 flows:      1, RX:   58469(pps) (err:     0),  0.04(Gbps), TX: 1868607(pps),  7.89(Gbps)
[CPU 1] dpdk0 flows:      1, RX:   58522(pps) (err:     0),  0.04(Gbps), TX: 1869249(pps),  7.89(Gbps)
[ ALL ] dpdk0 flows:      1, RX:   58522(pps) (err:     0),  0.04(Gbps), TX: 1869249(pps),  7.89(Gbps)
[CPU 1] dpdk0 flows:      1, RX:   58385(pps) (err:     0),  0.04(Gbps), TX: 1866014(pps),  7.88(Gbps)
[ ALL ] dpdk0 flows:      1, RX:   58385(pps) (err:     0),  0.04(Gbps), TX: 1866014(pps),  7.88(Gbps)
[CPU 1] dpdk0 flows:      1, RX:   58478(pps) (err:     0),  0.04(Gbps), TX: 1868160(pps),  7.89(Gbps)
[ ALL ] dpdk0 flows:      1, RX:   58478(pps) (err:     0),  0.04(Gbps), TX: 1868160(pps),  7.89(Gbps)
[CPU 1] dpdk0 flows:      1, RX:   58366(pps) (err:     0),  0.04(Gbps), TX: 1862306(pps),  7.86(Gbps)
[ ALL ] dpdk0 flows:      1, RX:   58366(pps) (err:     0),  0.04(Gbps), TX: 1862306(pps),  7.86(Gbps)
[CPU 1] dpdk0 flows:      1, RX:   55668(pps) (err:     0),  0.04(Gbps), TX: 1774017(pps),  7.49(Gbps)
[ ALL ] dpdk0 flows:      1, RX:   55668(pps) (err:     0),  0.04(Gbps), TX: 1774017(pps),  7.49(Gbps)
[CPU 1] dpdk0 flows:      1, RX:   57927(pps) (err:     0),  0.04(Gbps), TX: 1846046(pps),  7.79(Gbps)
[ ALL ] dpdk0 flows:      1, RX:   57927(pps) (err:     0),  0.04(Gbps), TX: 1846046(pps),  7.79(Gbps)
[CPU 1] dpdk0 flows:      1, RX:   57678(pps) (err:     0),  0.04(Gbps), TX: 1839743(pps),  7.77(Gbps)
[ ALL ] dpdk0 flows:      1, RX:   57678(pps) (err:     0),  0.04(Gbps), TX: 1839743(pps),  7.77(Gbps)
[CPU 1] dpdk0 flows:      1, RX:   58499(pps) (err:     0),  0.04(Gbps), TX: 1869440(pps),  7.89(Gbps)
[ ALL ] dpdk0 flows:      1, RX:   58499(pps) (err:     0),  0.04(Gbps), TX: 1869440(pps),  7.89(Gbps)
[CPU 1] dpdk0 flows:      1, RX:   56446(pps) (err:     0),  0.04(Gbps), TX: 1796002(pps),  7.58(Gbps)
[ ALL ] dpdk0 flows:      1, RX:   56446(pps) (err:     0),  0.04(Gbps), TX: 1796002(pps),  7.58(Gbps)
[CPU 1] dpdk0 flows:      1, RX:       0(pps) (err:     0),  0.00(Gbps), TX:       0(pps),  0.00(Gbps)
[ ALL ] dpdk0 flows:      1, RX:       0(pps) (err:     0),  0.00(Gbps), TX:       0(pps),  0.00(Gbps)
[CPU 1] dpdk0 flows:      1, RX:       0(pps) (err:     0),  0.00(Gbps), TX:       0(pps),  0.00(Gbps)
[ ALL ] dpdk0 flows:      1, RX:       0(pps) (err:     0),  0.00(Gbps), TX:       0(pps),  0.00(Gbps)
[CPU 1] dpdk0 flows:      1, RX:       0(pps) (err:     0),  0.00(Gbps), TX:       0(pps),  0.00(Gbps)
[ ALL ] dpdk0 flows:      1, RX:       0(pps) (err:     0),  0.00(Gbps), TX:       0(pps),  0.00(Gbps)
[CPU 1] dpdk0 flows:      1, RX:       0(pps) (err:     0),  0.00(Gbps), TX:       0(pps),  0.00(Gbps)
[ ALL ] dpdk0 flows:      1, RX:       0(pps) (err:     0),  0.00(Gbps), TX:       0(pps),  0.00(Gbps)
[CPU 1] dpdk0 flows:      1, RX:       0(pps) (err:     0),  0.00(Gbps), TX:       0(pps),  0.00(Gbps)
[ ALL ] dpdk0 flows:      1, RX:       0(pps) (err:     0),  0.00(Gbps), TX:       0(pps),  0.00(Gbps)
[CPU 1] dpdk0 flows:      1, RX:       0(pps) (err:     0),  0.00(Gbps), TX:       0(pps),  0.00(Gbps)
[ ALL ] dpdk0 flows:      1, RX:       0(pps) (err:     0),  0.00(Gbps), TX:       0(pps),  0.00(Gbps)
[CPU 1] dpdk0 flows:      1, RX:       0(pps) (err:     0),  0.00(Gbps), TX:       0(pps),  0.00(Gbps)
[ ALL ] dpdk0 flows:      1, RX:       0(pps) (err:     0),  0.00(Gbps), TX:       0(pps),  0.00(Gbps)
[CPU 1] dpdk0 flows:      1, RX:       0(pps) (err:     0),  0.00(Gbps), TX:       0(pps),  0.00(Gbps)
[ ALL ] dpdk0 flows:      1, RX:       0(pps) (err:     0),  0.00(Gbps), TX:       0(pps),  0.00(Gbps)
[CPU 1] dpdk0 flows:      1, RX:       0(pps) (err:     0),  0.00(Gbps), TX:       0(pps),  0.00(Gbps)
[ ALL ] dpdk0 flows:      1, RX:       0(pps) (err:     0),  0.00(Gbps), TX:       0(pps),  0.00(Gbps)
[CPU 1] dpdk0 flows:      1, RX:       0(pps) (err:     0),  0.00(Gbps), TX:       0(pps),  0.00(Gbps)
[ ALL ] dpdk0 flows:      1, RX:       0(pps) (err:     0),  0.00(Gbps), TX:       0(pps),  0.00(Gbps)
[CPU 1] dpdk0 flows:      1, RX:       0(pps) (err:     0),  0.00(Gbps), TX:       0(pps),  0.00(Gbps)
[ ALL ] dpdk0 flows:      1, RX:       0(pps) (err:     0),  0.00(Gbps), TX:       0(pps),  0.00(Gbps)
[CPU 1] dpdk0 flows:      1, RX:       0(pps) (err:     0),  0.00(Gbps), TX:       0(pps),  0.00(Gbps)
[ ALL ] dpdk0 flows:      1, RX:       0(pps) (err:     0),  0.00(Gbps), TX:       0(pps),  0.00(Gbps)
[CPU 1] dpdk0 flows:      1, RX:       0(pps) (err:     0),  0.00(Gbps), TX:       0(pps),  0.00(Gbps)
[ ALL ] dpdk0 flows:      1, RX:       0(pps) (err:     0),  0.00(Gbps), TX:       0(pps),  0.00(Gbps)
