---------------------------------------------------------------------------------
Loading mtcp configuration from : perf.conf
EAL: Probing VFIO support...
EAL: VFIO support initialized
Loading interface setting
EAL: Detected 6 lcore(s)
EAL: Detected 1 NUMA nodes
EAL: Auto-detected process type: PRIMARY
EAL: Multi-process socket /var/run/dpdk/rte/mp_socket
EAL: No free hugepages reported in hugepages-1048576kB
EAL: PCI device 0000:1a:00.1 on NUMA socket -1
EAL:   Invalid NUMA socket, default to 0
EAL:   probe driver: 8086:10fb net_ixgbe
EAL:   using IOMMU type 1 (Type 1)
EAL: Ignore mapping IO port bar(2)
EAL: Auto-detected process type: PRIMARY
Total number of attached devices: 1
Interface name: dpdk0
Configurations:
Number of CPU cores available: 3
Number of CPU cores to use: 3
Maximum number of concurrency per core: 10000
Maximum number of preallocated buffers per core: 10000
Receive buffer size: 102400
Send buffer size: 102400
TCP timeout seconds: 30
TCP timewait seconds: 0
NICs to print statistics: dpdk0
---------------------------------------------------------------------------------
Interfaces:
name: dpdk0, ifindex: 0, hwaddr: 90:E2:BA:46:F2:25, ipaddr: 10.1.1.1, netmask: 255.255.255.0
Number of NIC queues: 3
---------------------------------------------------------------------------------
Loading routing configurations from : config/route.conf
fopen: No such file or directory
Skip loading static routing table
Routes:
Destination: 10.1.1.0/24, Mask: 255.255.255.0, Masked: 10.1.1.0, Route: ifdx-0
---------------------------------------------------------------------------------
Loading ARP table from : config/arp.conf
ARP Table:
IP addr: 10.1.1.2, dst_hwaddr: 90:E2:BA:46:F3:44
---------------------------------------------------------------------------------
Initializing port 0... done: 

Checking link statusdone
Port 0 Link Up - speed 10000 Mbps - full-duplex
CPU 1: initialization finished.
[mtcp_create_context:1359] CPU 1 is now the master thread.
[CPU 1] dpdk0 flows:      1, RX:       1(pps) (err:     0),  0.00(Gbps), TX:       2(pps),  0.00(Gbps)
[ ALL ] dpdk0 flows:      1, RX:       1(pps) (err:     0),  0.00(Gbps), TX:       2(pps),  0.00(Gbps)
[CPU 1] dpdk0 flows:      1, RX:   78944(pps) (err:     0),  0.06(Gbps), TX: 2523335(pps),  2.81(Gbps)
[ ALL ] dpdk0 flows:      1, RX:   78944(pps) (err:     0),  0.06(Gbps), TX: 2523335(pps),  2.81(Gbps)
[CPU 1] dpdk0 flows:      1, RX:   79031(pps) (err:     0),  0.06(Gbps), TX: 2528993(pps),  2.81(Gbps)
[ ALL ] dpdk0 flows:      1, RX:   79031(pps) (err:     0),  0.06(Gbps), TX: 2528993(pps),  2.81(Gbps)
[CPU 1] dpdk0 flows:      1, RX:   79073(pps) (err:     0),  0.06(Gbps), TX: 2530335(pps),  2.81(Gbps)
[ ALL ] dpdk0 flows:      1, RX:   79073(pps) (err:     0),  0.06(Gbps), TX: 2530335(pps),  2.81(Gbps)
[CPU 1] dpdk0 flows:      1, RX:   79067(pps) (err:     0),  0.06(Gbps), TX: 2530144(pps),  2.81(Gbps)
[ ALL ] dpdk0 flows:      1, RX:   79067(pps) (err:     0),  0.06(Gbps), TX: 2530144(pps),  2.81(Gbps)
[CPU 1] dpdk0 flows:      1, RX:   79076(pps) (err:     0),  0.06(Gbps), TX: 2530433(pps),  2.81(Gbps)
[ ALL ] dpdk0 flows:      1, RX:   79076(pps) (err:     0),  0.06(Gbps), TX: 2530433(pps),  2.81(Gbps)
[CPU 1] dpdk0 flows:      1, RX:   79087(pps) (err:     0),  0.06(Gbps), TX: 2530787(pps),  2.81(Gbps)
[ ALL ] dpdk0 flows:      1, RX:   79087(pps) (err:     0),  0.06(Gbps), TX: 2530787(pps),  2.81(Gbps)
[CPU 1] dpdk0 flows:      1, RX:   79048(pps) (err:     0),  0.06(Gbps), TX: 2529536(pps),  2.81(Gbps)
[ ALL ] dpdk0 flows:      1, RX:   79048(pps) (err:     0),  0.06(Gbps), TX: 2529536(pps),  2.81(Gbps)
[CPU 1] dpdk0 flows:      1, RX:   78102(pps) (err:     0),  0.06(Gbps), TX: 2498972(pps),  2.78(Gbps)
[ ALL ] dpdk0 flows:      1, RX:   78102(pps) (err:     0),  0.06(Gbps), TX: 2498972(pps),  2.78(Gbps)
[CPU 1] dpdk0 flows:      1, RX:   77677(pps) (err:     0),  0.06(Gbps), TX: 2485024(pps),  2.76(Gbps)
[ ALL ] dpdk0 flows:      1, RX:   77677(pps) (err:     0),  0.06(Gbps), TX: 2485024(pps),  2.76(Gbps)
[CPU 1] dpdk0 flows:      1, RX:   79096(pps) (err:     0),  0.06(Gbps), TX: 2530913(pps),  2.81(Gbps)
[ ALL ] dpdk0 flows:      1, RX:   79096(pps) (err:     0),  0.06(Gbps), TX: 2530913(pps),  2.81(Gbps)
[CPU 1] dpdk0 flows:      1, RX:   78806(pps) (err:     0),  0.06(Gbps), TX: 2521568(pps),  2.80(Gbps)
[ ALL ] dpdk0 flows:      1, RX:   78806(pps) (err:     0),  0.06(Gbps), TX: 2521568(pps),  2.80(Gbps)
[CPU 1] dpdk0 flows:      1, RX:   79456(pps) (err:     0),  0.06(Gbps), TX: 2542496(pps),  2.83(Gbps)
[ ALL ] dpdk0 flows:      1, RX:   79456(pps) (err:     0),  0.06(Gbps), TX: 2542496(pps),  2.83(Gbps)
[CPU 1] dpdk0 flows:      1, RX:   79264(pps) (err:     0),  0.06(Gbps), TX: 2536419(pps),  2.82(Gbps)
[ ALL ] dpdk0 flows:      1, RX:   79264(pps) (err:     0),  0.06(Gbps), TX: 2536419(pps),  2.82(Gbps)
[CPU 1] dpdk0 flows:      1, RX:   61327(pps) (err:     0),  0.04(Gbps), TX: 1960320(pps),  2.18(Gbps)
[ ALL ] dpdk0 flows:      1, RX:   61327(pps) (err:     0),  0.04(Gbps), TX: 1960320(pps),  2.18(Gbps)
[CPU 1] dpdk0 flows:      1, RX:       0(pps) (err:     0),  0.00(Gbps), TX:       0(pps),  0.00(Gbps)
[ ALL ] dpdk0 flows:      1, RX:       0(pps) (err:     0),  0.00(Gbps), TX:       0(pps),  0.00(Gbps)
[CPU 1] dpdk0 flows:      1, RX:       0(pps) (err:     0),  0.00(Gbps), TX:       0(pps),  0.00(Gbps)
[ ALL ] dpdk0 flows:      1, RX:       0(pps) (err:     0),  0.00(Gbps), TX:       0(pps),  0.00(Gbps)
[CPU 1] dpdk0 flows:      1, RX:       0(pps) (err:     0),  0.00(Gbps), TX:       0(pps),  0.00(Gbps)
[ ALL ] dpdk0 flows:      1, RX:       0(pps) (err:     0),  0.00(Gbps), TX:       0(pps),  0.00(Gbps)
[CPU 1] dpdk0 flows:      1, RX:       0(pps) (err:     0),  0.00(Gbps), TX:       0(pps),  0.00(Gbps)
[ ALL ] dpdk0 flows:      1, RX:       0(pps) (err:     0),  0.00(Gbps), TX:       0(pps),  0.00(Gbps)
[CPU 1] dpdk0 flows:      1, RX:       0(pps) (err:     0),  0.00(Gbps), TX:       0(pps),  0.00(Gbps)
[ ALL ] dpdk0 flows:      1, RX:       0(pps) (err:     0),  0.00(Gbps), TX:       0(pps),  0.00(Gbps)
[CPU 1] dpdk0 flows:      1, RX:       0(pps) (err:     0),  0.00(Gbps), TX:       0(pps),  0.00(Gbps)
[ ALL ] dpdk0 flows:      1, RX:       0(pps) (err:     0),  0.00(Gbps), TX:       0(pps),  0.00(Gbps)
[CPU 1] dpdk0 flows:      1, RX:       0(pps) (err:     0),  0.00(Gbps), TX:       0(pps),  0.00(Gbps)
[ ALL ] dpdk0 flows:      1, RX:       0(pps) (err:     0),  0.00(Gbps), TX:       0(pps),  0.00(Gbps)
[CPU 1] dpdk0 flows:      1, RX:       0(pps) (err:     0),  0.00(Gbps), TX:       0(pps),  0.00(Gbps)
[ ALL ] dpdk0 flows:      1, RX:       0(pps) (err:     0),  0.00(Gbps), TX:       0(pps),  0.00(Gbps)
[CPU 1] dpdk0 flows:      1, RX:       0(pps) (err:     0),  0.00(Gbps), TX:       0(pps),  0.00(Gbps)
[ ALL ] dpdk0 flows:      1, RX:       0(pps) (err:     0),  0.00(Gbps), TX:       0(pps),  0.00(Gbps)
[CPU 1] dpdk0 flows:      1, RX:       0(pps) (err:     0),  0.00(Gbps), TX:       0(pps),  0.00(Gbps)
[ ALL ] dpdk0 flows:      1, RX:       0(pps) (err:     0),  0.00(Gbps), TX:       0(pps),  0.00(Gbps)
[CPU 1] dpdk0 flows:      1, RX:       0(pps) (err:     0),  0.00(Gbps), TX:       0(pps),  0.00(Gbps)
[ ALL ] dpdk0 flows:      1, RX:       0(pps) (err:     0),  0.00(Gbps), TX:       0(pps),  0.00(Gbps)
[CPU 1] dpdk0 flows:      1, RX:       0(pps) (err:     0),  0.00(Gbps), TX:       0(pps),  0.00(Gbps)
[ ALL ] dpdk0 flows:      1, RX:       0(pps) (err:     0),  0.00(Gbps), TX:       0(pps),  0.00(Gbps)
[CPU 1] dpdk0 flows:      1, RX:       0(pps) (err:     0),  0.00(Gbps), TX:       0(pps),  0.00(Gbps)
[ ALL ] dpdk0 flows:      1, RX:       0(pps) (err:     0),  0.00(Gbps), TX:       0(pps),  0.00(Gbps)
[CPU 1] dpdk0 flows:      1, RX:       0(pps) (err:     0),  0.00(Gbps), TX:       0(pps),  0.00(Gbps)
[ ALL ] dpdk0 flows:      1, RX:       0(pps) (err:     0),  0.00(Gbps), TX:       0(pps),  0.00(Gbps)
[CPU 1] dpdk0 flows:      1, RX:       0(pps) (err:     0),  0.00(Gbps), TX:       0(pps),  0.00(Gbps)
[ ALL ] dpdk0 flows:      1, RX:       0(pps) (err:     0),  0.00(Gbps), TX:       0(pps),  0.00(Gbps)
[CPU 1] dpdk0 flows:      1, RX:       0(pps) (err:     0),  0.00(Gbps), TX:       0(pps),  0.00(Gbps)
[ ALL ] dpdk0 flows:      1, RX:       0(pps) (err:     0),  0.00(Gbps), TX:       0(pps),  0.00(Gbps)
[CPU 1] dpdk0 flows:      1, RX:       0(pps) (err:     0),  0.00(Gbps), TX:       0(pps),  0.00(Gbps)
[ ALL ] dpdk0 flows:      1, RX:       0(pps) (err:     0),  0.00(Gbps), TX:       0(pps),  0.00(Gbps)
