---------------------------------------------------------------------------------
Loading mtcp configuration from : perf.conf
EAL: Probing VFIO support...
EAL: VFIO support initialized
EAL: PCI device 0000:1a:00.1 on NUMA socket -1
EAL:   Invalid NUMA socket, default to 0
EAL:   probe driver: 8086:10fb net_ixgbe
EAL:   using IOMMU type 1 (Type 1)
Loading interface setting
EAL: Detected 6 lcore(s)
EAL: Detected 1 NUMA nodes
EAL: Auto-detected process type: PRIMARY
EAL: Multi-process socket /var/run/dpdk/rte/mp_socket
EAL: No free hugepages reported in hugepages-1048576kB
EAL: Ignore mapping IO port bar(2)
EAL: Auto-detected process type: PRIMARY
Total number of attached devices: 1
Interface name: dpdk0
Configurations:
Number of CPU cores available: 3
Number of CPU cores to use: 3
Maximum number of concurrency per core: 10000
Maximum number of preallocated buffers per core: 10000
Receive buffer size: 102400
Send buffer size: 102400
TCP timeout seconds: 30
TCP timewait seconds: 0
NICs to print statistics: dpdk0
---------------------------------------------------------------------------------
Interfaces:
name: dpdk0, ifindex: 0, hwaddr: 90:E2:BA:46:F2:25, ipaddr: 10.1.1.1, netmask: 255.255.255.0
Number of NIC queues: 3
---------------------------------------------------------------------------------
Loading routing configurations from : config/route.conf
fopen: No such file or directory
Skip loading static routing table
Routes:
Destination: 10.1.1.0/24, Mask: 255.255.255.0, Masked: 10.1.1.0, Route: ifdx-0
---------------------------------------------------------------------------------
Loading ARP table from : config/arp.conf
Initializing port 0... ARP Table:
IP addr: 10.1.1.2, dst_hwaddr: 90:E2:BA:46:F3:44
---------------------------------------------------------------------------------
done: 

Checking link statusdone
Port 0 Link Up - speed 10000 Mbps - full-duplex
CPU 1: initialization finished.
[mtcp_create_context:1359] CPU 1 is now the master thread.
[CPU 1] dpdk0 flows:      1, RX:      11(pps) (err:     0),  0.00(Gbps), TX:      27(pps),  0.00(Gbps)
[ ALL ] dpdk0 flows:      1, RX:      11(pps) (err:     0),  0.00(Gbps), TX:      27(pps),  0.00(Gbps)
[CPU 1] dpdk0 flows:      1, RX:   50989(pps) (err:     0),  0.04(Gbps), TX: 1549730(pps),  9.52(Gbps)
[ ALL ] dpdk0 flows:      1, RX:   50989(pps) (err:     0),  0.04(Gbps), TX: 1549730(pps),  9.52(Gbps)
[CPU 1] dpdk0 flows:      1, RX:   50600(pps) (err:     0),  0.04(Gbps), TX: 1556570(pps),  9.57(Gbps)
[ ALL ] dpdk0 flows:      1, RX:   50600(pps) (err:     0),  0.04(Gbps), TX: 1556570(pps),  9.57(Gbps)
[CPU 1] dpdk0 flows:      1, RX:   50197(pps) (err:     0),  0.04(Gbps), TX: 1563339(pps),  9.61(Gbps)
[ ALL ] dpdk0 flows:      1, RX:   50197(pps) (err:     0),  0.04(Gbps), TX: 1563339(pps),  9.61(Gbps)
[CPU 1] dpdk0 flows:      1, RX:   50088(pps) (err:     0),  0.04(Gbps), TX: 1563483(pps),  9.61(Gbps)
[ ALL ] dpdk0 flows:      1, RX:   50088(pps) (err:     0),  0.04(Gbps), TX: 1563483(pps),  9.61(Gbps)
[CPU 1] dpdk0 flows:      1, RX:   50107(pps) (err:     0),  0.04(Gbps), TX: 1564506(pps),  9.62(Gbps)
[ ALL ] dpdk0 flows:      1, RX:   50107(pps) (err:     0),  0.04(Gbps), TX: 1564506(pps),  9.62(Gbps)
[CPU 1] dpdk0 flows:      1, RX:   50097(pps) (err:     0),  0.04(Gbps), TX: 1564450(pps),  9.62(Gbps)
[ ALL ] dpdk0 flows:      1, RX:   50097(pps) (err:     0),  0.04(Gbps), TX: 1564450(pps),  9.62(Gbps)
[CPU 1] dpdk0 flows:      1, RX:   50095(pps) (err:     0),  0.04(Gbps), TX: 1564385(pps),  9.61(Gbps)
[ ALL ] dpdk0 flows:      1, RX:   50095(pps) (err:     0),  0.04(Gbps), TX: 1564385(pps),  9.61(Gbps)
[CPU 1] dpdk0 flows:      1, RX:   50132(pps) (err:     0),  0.04(Gbps), TX: 1563972(pps),  9.61(Gbps)
[ ALL ] dpdk0 flows:      1, RX:   50132(pps) (err:     0),  0.04(Gbps), TX: 1563972(pps),  9.61(Gbps)
[CPU 1] dpdk0 flows:      1, RX:   50109(pps) (err:     0),  0.04(Gbps), TX: 1561743(pps),  9.60(Gbps)
[ ALL ] dpdk0 flows:      1, RX:   50109(pps) (err:     0),  0.04(Gbps), TX: 1561743(pps),  9.60(Gbps)
[CPU 1] dpdk0 flows:      1, RX:   48304(pps) (err:     0),  0.03(Gbps), TX: 1486416(pps),  9.14(Gbps)
[ ALL ] dpdk0 flows:      1, RX:   48304(pps) (err:     0),  0.03(Gbps), TX: 1486416(pps),  9.14(Gbps)
[CPU 1] dpdk0 flows:      1, RX:   49539(pps) (err:     0),  0.04(Gbps), TX: 1521661(pps),  9.35(Gbps)
[ ALL ] dpdk0 flows:      1, RX:   49539(pps) (err:     0),  0.04(Gbps), TX: 1521661(pps),  9.35(Gbps)
[CPU 1] dpdk0 flows:      1, RX:   50372(pps) (err:     0),  0.04(Gbps), TX: 1555553(pps),  9.56(Gbps)
[ ALL ] dpdk0 flows:      1, RX:   50372(pps) (err:     0),  0.04(Gbps), TX: 1555553(pps),  9.56(Gbps)
[CPU 1] dpdk0 flows:      1, RX:   50245(pps) (err:     0),  0.04(Gbps), TX: 1553318(pps),  9.55(Gbps)
[ ALL ] dpdk0 flows:      1, RX:   50245(pps) (err:     0),  0.04(Gbps), TX: 1553318(pps),  9.55(Gbps)
[CPU 1] dpdk0 flows:      1, RX:   46014(pps) (err:     0),  0.03(Gbps), TX: 1426428(pps),  8.77(Gbps)
[ ALL ] dpdk0 flows:      1, RX:   46014(pps) (err:     0),  0.03(Gbps), TX: 1426428(pps),  8.77(Gbps)
[CPU 1] dpdk0 flows:      1, RX:       0(pps) (err:     0),  0.00(Gbps), TX:       0(pps),  0.00(Gbps)
[ ALL ] dpdk0 flows:      1, RX:       0(pps) (err:     0),  0.00(Gbps), TX:       0(pps),  0.00(Gbps)
[CPU 1] dpdk0 flows:      1, RX:       0(pps) (err:     0),  0.00(Gbps), TX:       0(pps),  0.00(Gbps)
[ ALL ] dpdk0 flows:      1, RX:       0(pps) (err:     0),  0.00(Gbps), TX:       0(pps),  0.00(Gbps)
[CPU 1] dpdk0 flows:      1, RX:       0(pps) (err:     0),  0.00(Gbps), TX:       0(pps),  0.00(Gbps)
[ ALL ] dpdk0 flows:      1, RX:       0(pps) (err:     0),  0.00(Gbps), TX:       0(pps),  0.00(Gbps)
[CPU 1] dpdk0 flows:      1, RX:       0(pps) (err:     0),  0.00(Gbps), TX:       0(pps),  0.00(Gbps)
[ ALL ] dpdk0 flows:      1, RX:       0(pps) (err:     0),  0.00(Gbps), TX:       0(pps),  0.00(Gbps)
[CPU 1] dpdk0 flows:      1, RX:       0(pps) (err:     0),  0.00(Gbps), TX:       0(pps),  0.00(Gbps)
[ ALL ] dpdk0 flows:      1, RX:       0(pps) (err:     0),  0.00(Gbps), TX:       0(pps),  0.00(Gbps)
[CPU 1] dpdk0 flows:      1, RX:       0(pps) (err:     0),  0.00(Gbps), TX:       0(pps),  0.00(Gbps)
[ ALL ] dpdk0 flows:      1, RX:       0(pps) (err:     0),  0.00(Gbps), TX:       0(pps),  0.00(Gbps)
[CPU 1] dpdk0 flows:      1, RX:       0(pps) (err:     0),  0.00(Gbps), TX:       0(pps),  0.00(Gbps)
[ ALL ] dpdk0 flows:      1, RX:       0(pps) (err:     0),  0.00(Gbps), TX:       0(pps),  0.00(Gbps)
[CPU 1] dpdk0 flows:      1, RX:       0(pps) (err:     0),  0.00(Gbps), TX:       0(pps),  0.00(Gbps)
[ ALL ] dpdk0 flows:      1, RX:       0(pps) (err:     0),  0.00(Gbps), TX:       0(pps),  0.00(Gbps)
[CPU 1] dpdk0 flows:      1, RX:       0(pps) (err:     0),  0.00(Gbps), TX:       0(pps),  0.00(Gbps)
[ ALL ] dpdk0 flows:      1, RX:       0(pps) (err:     0),  0.00(Gbps), TX:       0(pps),  0.00(Gbps)
[CPU 1] dpdk0 flows:      1, RX:       0(pps) (err:     0),  0.00(Gbps), TX:       0(pps),  0.00(Gbps)
[ ALL ] dpdk0 flows:      1, RX:       0(pps) (err:     0),  0.00(Gbps), TX:       0(pps),  0.00(Gbps)
[CPU 1] dpdk0 flows:      1, RX:       0(pps) (err:     0),  0.00(Gbps), TX:       0(pps),  0.00(Gbps)
[ ALL ] dpdk0 flows:      1, RX:       0(pps) (err:     0),  0.00(Gbps), TX:       0(pps),  0.00(Gbps)
