---------------------------------------------------------------------------------
Loading mtcp configuration from : perf.conf
EAL: Probing VFIO support...
Loading interface setting
EAL: Detected 6 lcore(s)
EAL: Detected 1 NUMA nodes
EAL: Auto-detected process type: PRIMARY
EAL: Multi-process socket /var/run/dpdk/rte/mp_socket
EAL: No free hugepages reported in hugepages-1048576kB
EAL: VFIO support initialized
EAL: PCI device 0000:1a:00.1 on NUMA socket -1
EAL:   Invalid NUMA socket, default to 0
EAL:   probe driver: 8086:10fb net_ixgbe
EAL:   using IOMMU type 1 (Type 1)
EAL: Ignore mapping IO port bar(2)
EAL: Auto-detected process type: PRIMARY
Total number of attached devices: 1
Interface name: dpdk0
Configurations:
Number of CPU cores available: 3
Number of CPU cores to use: 3
Maximum number of concurrency per core: 10000
Maximum number of preallocated buffers per core: 10000
Receive buffer size: 102400
Send buffer size: 102400
TCP timeout seconds: 30
TCP timewait seconds: 0
NICs to print statistics: dpdk0
---------------------------------------------------------------------------------
Interfaces:
name: dpdk0, ifindex: 0, hwaddr: 90:E2:BA:46:F2:25, ipaddr: 10.1.1.1, netmask: 255.255.255.0
Number of NIC queues: 3
---------------------------------------------------------------------------------
Loading routing configurations from : config/route.conf
fopen: No such file or directory
Skip loading static routing table
Routes:
Destination: 10.1.1.0/24, Mask: 255.255.255.0, Masked: 10.1.1.0, Route: ifdx-0
---------------------------------------------------------------------------------
Loading ARP table from : config/arp.conf
Initializing port 0... done: 

Checking link statusdone
Port 0 Link Up - speed 10000 Mbps - full-duplex
ARP Table:
IP addr: 10.1.1.2, dst_hwaddr: 90:E2:BA:46:F3:44
---------------------------------------------------------------------------------
CPU 1: initialization finished.
[mtcp_create_context:1359] CPU 1 is now the master thread.
[CPU 1] dpdk0 flows:      1, RX:       1(pps) (err:     0),  0.00(Gbps), TX:       4(pps),  0.00(Gbps)
[ ALL ] dpdk0 flows:      1, RX:       1(pps) (err:     0),  0.00(Gbps), TX:       4(pps),  0.00(Gbps)
[CPU 1] dpdk0 flows:      1, RX:   23319(pps) (err:     0),  0.02(Gbps), TX:   11668(pps),  0.10(Gbps)
[ ALL ] dpdk0 flows:      1, RX:   23319(pps) (err:     0),  0.02(Gbps), TX:   11668(pps),  0.10(Gbps)
[CPU 1] dpdk0 flows:      1, RX:   23230(pps) (err:     0),  0.02(Gbps), TX:   11615(pps),  0.10(Gbps)
[ ALL ] dpdk0 flows:      1, RX:   23230(pps) (err:     0),  0.02(Gbps), TX:   11615(pps),  0.10(Gbps)
[CPU 1] dpdk0 flows:      1, RX:   22891(pps) (err:     0),  0.02(Gbps), TX:   11446(pps),  0.10(Gbps)
[ ALL ] dpdk0 flows:      1, RX:   22891(pps) (err:     0),  0.02(Gbps), TX:   11446(pps),  0.10(Gbps)
[CPU 1] dpdk0 flows:      1, RX:   22927(pps) (err:     0),  0.02(Gbps), TX:   11463(pps),  0.10(Gbps)
[ ALL ] dpdk0 flows:      1, RX:   22927(pps) (err:     0),  0.02(Gbps), TX:   11463(pps),  0.10(Gbps)
[CPU 1] dpdk0 flows:      1, RX:   22952(pps) (err:     0),  0.02(Gbps), TX:   11476(pps),  0.10(Gbps)
[ ALL ] dpdk0 flows:      1, RX:   22952(pps) (err:     0),  0.02(Gbps), TX:   11476(pps),  0.10(Gbps)
[CPU 1] dpdk0 flows:      1, RX:   22382(pps) (err:     0),  0.02(Gbps), TX:   11191(pps),  0.10(Gbps)
[ ALL ] dpdk0 flows:      1, RX:   22382(pps) (err:     0),  0.02(Gbps), TX:   11191(pps),  0.10(Gbps)
[CPU 1] dpdk0 flows:      1, RX:   22484(pps) (err:     0),  0.02(Gbps), TX:   11242(pps),  0.10(Gbps)
[ ALL ] dpdk0 flows:      1, RX:   22484(pps) (err:     0),  0.02(Gbps), TX:   11242(pps),  0.10(Gbps)
[CPU 1] dpdk0 flows:      1, RX:   22755(pps) (err:     0),  0.02(Gbps), TX:   11378(pps),  0.10(Gbps)
[ ALL ] dpdk0 flows:      1, RX:   22755(pps) (err:     0),  0.02(Gbps), TX:   11378(pps),  0.10(Gbps)
[CPU 1] dpdk0 flows:      1, RX:   22742(pps) (err:     0),  0.02(Gbps), TX:   11371(pps),  0.10(Gbps)
[ ALL ] dpdk0 flows:      1, RX:   22742(pps) (err:     0),  0.02(Gbps), TX:   11371(pps),  0.10(Gbps)
[CPU 1] dpdk0 flows:      1, RX:   22777(pps) (err:     0),  0.02(Gbps), TX:   11388(pps),  0.10(Gbps)
[ ALL ] dpdk0 flows:      1, RX:   22777(pps) (err:     0),  0.02(Gbps), TX:   11388(pps),  0.10(Gbps)
[CPU 1] dpdk0 flows:      1, RX:   22856(pps) (err:     0),  0.02(Gbps), TX:   11429(pps),  0.10(Gbps)
[ ALL ] dpdk0 flows:      1, RX:   22856(pps) (err:     0),  0.02(Gbps), TX:   11429(pps),  0.10(Gbps)
[CPU 1] dpdk0 flows:      1, RX:   23196(pps) (err:     0),  0.02(Gbps), TX:   11599(pps),  0.10(Gbps)
[ ALL ] dpdk0 flows:      1, RX:   23196(pps) (err:     0),  0.02(Gbps), TX:   11599(pps),  0.10(Gbps)
[CPU 1] dpdk0 flows:      1, RX:   23242(pps) (err:     0),  0.02(Gbps), TX:   11621(pps),  0.10(Gbps)
[ ALL ] dpdk0 flows:      1, RX:   23242(pps) (err:     0),  0.02(Gbps), TX:   11621(pps),  0.10(Gbps)
[CPU 1] dpdk0 flows:      1, RX:   23234(pps) (err:     0),  0.02(Gbps), TX:   11618(pps),  0.10(Gbps)
[ ALL ] dpdk0 flows:      1, RX:   23234(pps) (err:     0),  0.02(Gbps), TX:   11618(pps),  0.10(Gbps)
[CPU 1] dpdk0 flows:      1, RX:   22750(pps) (err:     0),  0.02(Gbps), TX:   11375(pps),  0.10(Gbps)
[ ALL ] dpdk0 flows:      1, RX:   22750(pps) (err:     0),  0.02(Gbps), TX:   11375(pps),  0.10(Gbps)
[CPU 1] dpdk0 flows:      1, RX:   22812(pps) (err:     0),  0.02(Gbps), TX:   11406(pps),  0.10(Gbps)
[ ALL ] dpdk0 flows:      1, RX:   22812(pps) (err:     0),  0.02(Gbps), TX:   11406(pps),  0.10(Gbps)
[CPU 1] dpdk0 flows:      1, RX:   22718(pps) (err:     0),  0.02(Gbps), TX:   11359(pps),  0.10(Gbps)
[ ALL ] dpdk0 flows:      1, RX:   22718(pps) (err:     0),  0.02(Gbps), TX:   11359(pps),  0.10(Gbps)
[CPU 1] dpdk0 flows:      1, RX:    1025(pps) (err:     0),  0.00(Gbps), TX:     521(pps),  0.00(Gbps)
[ ALL ] dpdk0 flows:      1, RX:    1025(pps) (err:     0),  0.00(Gbps), TX:     521(pps),  0.00(Gbps)
[CPU 1] dpdk0 flows:      1, RX:       0(pps) (err:     0),  0.00(Gbps), TX:       3(pps),  0.00(Gbps)
[ ALL ] dpdk0 flows:      1, RX:       0(pps) (err:     0),  0.00(Gbps), TX:       3(pps),  0.00(Gbps)
[CPU 1] dpdk0 flows:      1, RX:       0(pps) (err:     0),  0.00(Gbps), TX:       2(pps),  0.00(Gbps)
[ ALL ] dpdk0 flows:      1, RX:       0(pps) (err:     0),  0.00(Gbps), TX:       2(pps),  0.00(Gbps)
[CPU 1] dpdk0 flows:      1, RX:       0(pps) (err:     0),  0.00(Gbps), TX:       3(pps),  0.00(Gbps)
[ ALL ] dpdk0 flows:      1, RX:       0(pps) (err:     0),  0.00(Gbps), TX:       3(pps),  0.00(Gbps)
[CPU 1] dpdk0 flows:      1, RX:       0(pps) (err:     0),  0.00(Gbps), TX:       0(pps),  0.00(Gbps)
[ ALL ] dpdk0 flows:      1, RX:       0(pps) (err:     0),  0.00(Gbps), TX:       0(pps),  0.00(Gbps)
[CPU 1] dpdk0 flows:      1, RX:       0(pps) (err:     0),  0.00(Gbps), TX:       0(pps),  0.00(Gbps)
[ ALL ] dpdk0 flows:      1, RX:       0(pps) (err:     0),  0.00(Gbps), TX:       0(pps),  0.00(Gbps)
[CPU 1] dpdk0 flows:      1, RX:       0(pps) (err:     0),  0.00(Gbps), TX:       0(pps),  0.00(Gbps)
[ ALL ] dpdk0 flows:      1, RX:       0(pps) (err:     0),  0.00(Gbps), TX:       0(pps),  0.00(Gbps)
[CPU 1] dpdk0 flows:      1, RX:       0(pps) (err:     0),  0.00(Gbps), TX:       0(pps),  0.00(Gbps)
[ ALL ] dpdk0 flows:      1, RX:       0(pps) (err:     0),  0.00(Gbps), TX:       0(pps),  0.00(Gbps)
[CPU 1] dpdk0 flows:      1, RX:       0(pps) (err:     0),  0.00(Gbps), TX:       0(pps),  0.00(Gbps)
[ ALL ] dpdk0 flows:      1, RX:       0(pps) (err:     0),  0.00(Gbps), TX:       0(pps),  0.00(Gbps)
[CPU 1] dpdk0 flows:      1, RX:       0(pps) (err:     0),  0.00(Gbps), TX:       0(pps),  0.00(Gbps)
[ ALL ] dpdk0 flows:      1, RX:       0(pps) (err:     0),  0.00(Gbps), TX:       0(pps),  0.00(Gbps)
[CPU 1] dpdk0 flows:      1, RX:       0(pps) (err:     0),  0.00(Gbps), TX:       0(pps),  0.00(Gbps)
[ ALL ] dpdk0 flows:      1, RX:       0(pps) (err:     0),  0.00(Gbps), TX:       0(pps),  0.00(Gbps)
[CPU 1] dpdk0 flows:      1, RX:       0(pps) (err:     0),  0.00(Gbps), TX:       0(pps),  0.00(Gbps)
[ ALL ] dpdk0 flows:      1, RX:       0(pps) (err:     0),  0.00(Gbps), TX:       0(pps),  0.00(Gbps)
[CPU 1] dpdk0 flows:      1, RX:       0(pps) (err:     0),  0.00(Gbps), TX:       0(pps),  0.00(Gbps)
[ ALL ] dpdk0 flows:      1, RX:       0(pps) (err:     0),  0.00(Gbps), TX:       0(pps),  0.00(Gbps)
[CPU 1] dpdk0 flows:      1, RX:       0(pps) (err:     0),  0.00(Gbps), TX:       0(pps),  0.00(Gbps)
[ ALL ] dpdk0 flows:      1, RX:       0(pps) (err:     0),  0.00(Gbps), TX:       0(pps),  0.00(Gbps)
[CPU 1] dpdk0 flows:      1, RX:       0(pps) (err:     0),  0.00(Gbps), TX:       0(pps),  0.00(Gbps)
[ ALL ] dpdk0 flows:      1, RX:       0(pps) (err:     0),  0.00(Gbps), TX:       0(pps),  0.00(Gbps)
