---------------------------------------------------------------------------------
Loading mtcp configuration from : perf.conf
Loading interface setting
EAL: Detected 6 lcore(s)
EAL: Detected 1 NUMA nodes
EAL: Auto-detected process type: PRIMARY
EAL: Multi-process socket /var/run/dpdk/rte/mp_socket
EAL: Probing VFIO support...
EAL: No free hugepages reported in hugepages-1048576kB
EAL: VFIO support initialized
EAL: PCI device 0000:1a:00.1 on NUMA socket -1
EAL:   Invalid NUMA socket, default to 0
EAL:   probe driver: 8086:10fb net_ixgbe
EAL:   using IOMMU type 1 (Type 1)
EAL: Ignore mapping IO port bar(2)
EAL: Auto-detected process type: PRIMARY
Total number of attached devices: 1
Interface name: dpdk0
Configurations:
Number of CPU cores available: 3
Number of CPU cores to use: 3
Maximum number of concurrency per core: 10000
Maximum number of preallocated buffers per core: 10000
Receive buffer size: 102400
Send buffer size: 102400
TCP timeout seconds: 30
TCP timewait seconds: 0
NICs to print statistics: dpdk0
---------------------------------------------------------------------------------
Interfaces:
name: dpdk0, ifindex: 0, hwaddr: 90:E2:BA:46:F2:25, ipaddr: 10.1.1.1, netmask: 255.255.255.0
Number of NIC queues: 3
---------------------------------------------------------------------------------
Loading routing configurations from : config/route.conf
fopen: No such file or directory
Skip loading static routing table
Routes:
Destination: 10.1.1.0/24, Mask: 255.255.255.0, Masked: 10.1.1.0, Route: ifdx-0
---------------------------------------------------------------------------------
Loading ARP table from : config/arp.conf
Initializing port 0... ARP Table:
IP addr: 10.1.1.2, dst_hwaddr: 90:E2:BA:46:F3:44
---------------------------------------------------------------------------------
done: 

Checking link statusdone
Port 0 Link Up - speed 10000 Mbps - full-duplex
CPU 1: initialization finished.
[mtcp_create_context:1359] CPU 1 is now the master thread.
[CPU 1] dpdk0 flows:      1, RX:      72(pps) (err:     0),  0.00(Gbps), TX:     274(pps),  0.00(Gbps)
[ ALL ] dpdk0 flows:      1, RX:      72(pps) (err:     0),  0.00(Gbps), TX:     274(pps),  0.00(Gbps)
[CPU 1] dpdk0 flows:      1, RX:   56336(pps) (err:     0),  0.04(Gbps), TX: 1789232(pps),  8.85(Gbps)
[ ALL ] dpdk0 flows:      1, RX:   56336(pps) (err:     0),  0.04(Gbps), TX: 1789232(pps),  8.85(Gbps)
[CPU 1] dpdk0 flows:      1, RX:   56329(pps) (err:     0),  0.04(Gbps), TX: 1797120(pps),  8.89(Gbps)
[ ALL ] dpdk0 flows:      1, RX:   56329(pps) (err:     0),  0.04(Gbps), TX: 1797120(pps),  8.89(Gbps)
[CPU 1] dpdk0 flows:      1, RX:   56523(pps) (err:     0),  0.04(Gbps), TX: 1804416(pps),  8.92(Gbps)
[ ALL ] dpdk0 flows:      1, RX:   56523(pps) (err:     0),  0.04(Gbps), TX: 1804416(pps),  8.92(Gbps)
[CPU 1] dpdk0 flows:      1, RX:   56511(pps) (err:     0),  0.04(Gbps), TX: 1803551(pps),  8.92(Gbps)
[ ALL ] dpdk0 flows:      1, RX:   56511(pps) (err:     0),  0.04(Gbps), TX: 1803551(pps),  8.92(Gbps)
[CPU 1] dpdk0 flows:      1, RX:   56445(pps) (err:     0),  0.04(Gbps), TX: 1802240(pps),  8.91(Gbps)
[ ALL ] dpdk0 flows:      1, RX:   56445(pps) (err:     0),  0.04(Gbps), TX: 1802240(pps),  8.91(Gbps)
[CPU 1] dpdk0 flows:      1, RX:   56508(pps) (err:     0),  0.04(Gbps), TX: 1804163(pps),  8.92(Gbps)
[ ALL ] dpdk0 flows:      1, RX:   56508(pps) (err:     0),  0.04(Gbps), TX: 1804163(pps),  8.92(Gbps)
[CPU 1] dpdk0 flows:      1, RX:   56522(pps) (err:     0),  0.04(Gbps), TX: 1803264(pps),  8.91(Gbps)
[ ALL ] dpdk0 flows:      1, RX:   56522(pps) (err:     0),  0.04(Gbps), TX: 1803264(pps),  8.91(Gbps)
[CPU 1] dpdk0 flows:      1, RX:   56507(pps) (err:     0),  0.04(Gbps), TX: 1804157(pps),  8.92(Gbps)
[ ALL ] dpdk0 flows:      1, RX:   56507(pps) (err:     0),  0.04(Gbps), TX: 1804157(pps),  8.92(Gbps)
[CPU 1] dpdk0 flows:      1, RX:   56506(pps) (err:     0),  0.04(Gbps), TX: 1804416(pps),  8.92(Gbps)
[ ALL ] dpdk0 flows:      1, RX:   56506(pps) (err:     0),  0.04(Gbps), TX: 1804416(pps),  8.92(Gbps)
[CPU 1] dpdk0 flows:      1, RX:   53512(pps) (err:     0),  0.04(Gbps), TX: 1687356(pps),  8.34(Gbps)
[ ALL ] dpdk0 flows:      1, RX:   53512(pps) (err:     0),  0.04(Gbps), TX: 1687356(pps),  8.34(Gbps)
[CPU 1] dpdk0 flows:      1, RX:   55738(pps) (err:     0),  0.04(Gbps), TX: 1771685(pps),  8.76(Gbps)
[ ALL ] dpdk0 flows:      1, RX:   55738(pps) (err:     0),  0.04(Gbps), TX: 1771685(pps),  8.76(Gbps)
[CPU 1] dpdk0 flows:      1, RX:   56612(pps) (err:     0),  0.04(Gbps), TX: 1804066(pps),  8.92(Gbps)
[ ALL ] dpdk0 flows:      1, RX:   56612(pps) (err:     0),  0.04(Gbps), TX: 1804066(pps),  8.92(Gbps)
[CPU 1] dpdk0 flows:      1, RX:   56313(pps) (err:     0),  0.04(Gbps), TX: 1791838(pps),  8.86(Gbps)
[ ALL ] dpdk0 flows:      1, RX:   56313(pps) (err:     0),  0.04(Gbps), TX: 1791838(pps),  8.86(Gbps)
[CPU 1] dpdk0 flows:      1, RX:   33519(pps) (err:     0),  0.02(Gbps), TX: 1065701(pps),  5.27(Gbps)
[ ALL ] dpdk0 flows:      1, RX:   33519(pps) (err:     0),  0.02(Gbps), TX: 1065701(pps),  5.27(Gbps)
[CPU 1] dpdk0 flows:      1, RX:       0(pps) (err:     0),  0.00(Gbps), TX:       0(pps),  0.00(Gbps)
[ ALL ] dpdk0 flows:      1, RX:       0(pps) (err:     0),  0.00(Gbps), TX:       0(pps),  0.00(Gbps)
[CPU 1] dpdk0 flows:      1, RX:       0(pps) (err:     0),  0.00(Gbps), TX:       0(pps),  0.00(Gbps)
[ ALL ] dpdk0 flows:      1, RX:       0(pps) (err:     0),  0.00(Gbps), TX:       0(pps),  0.00(Gbps)
[CPU 1] dpdk0 flows:      1, RX:       0(pps) (err:     0),  0.00(Gbps), TX:       0(pps),  0.00(Gbps)
[ ALL ] dpdk0 flows:      1, RX:       0(pps) (err:     0),  0.00(Gbps), TX:       0(pps),  0.00(Gbps)
[CPU 1] dpdk0 flows:      1, RX:       0(pps) (err:     0),  0.00(Gbps), TX:       0(pps),  0.00(Gbps)
[ ALL ] dpdk0 flows:      1, RX:       0(pps) (err:     0),  0.00(Gbps), TX:       0(pps),  0.00(Gbps)
[CPU 1] dpdk0 flows:      1, RX:       0(pps) (err:     0),  0.00(Gbps), TX:       0(pps),  0.00(Gbps)
[ ALL ] dpdk0 flows:      1, RX:       0(pps) (err:     0),  0.00(Gbps), TX:       0(pps),  0.00(Gbps)
[CPU 1] dpdk0 flows:      1, RX:       0(pps) (err:     0),  0.00(Gbps), TX:       0(pps),  0.00(Gbps)
[ ALL ] dpdk0 flows:      1, RX:       0(pps) (err:     0),  0.00(Gbps), TX:       0(pps),  0.00(Gbps)
[CPU 1] dpdk0 flows:      1, RX:       0(pps) (err:     0),  0.00(Gbps), TX:       0(pps),  0.00(Gbps)
[ ALL ] dpdk0 flows:      1, RX:       0(pps) (err:     0),  0.00(Gbps), TX:       0(pps),  0.00(Gbps)
[CPU 1] dpdk0 flows:      1, RX:       0(pps) (err:     0),  0.00(Gbps), TX:       0(pps),  0.00(Gbps)
[ ALL ] dpdk0 flows:      1, RX:       0(pps) (err:     0),  0.00(Gbps), TX:       0(pps),  0.00(Gbps)
[CPU 1] dpdk0 flows:      1, RX:       0(pps) (err:     0),  0.00(Gbps), TX:       0(pps),  0.00(Gbps)
[ ALL ] dpdk0 flows:      1, RX:       0(pps) (err:     0),  0.00(Gbps), TX:       0(pps),  0.00(Gbps)
[CPU 1] dpdk0 flows:      1, RX:       0(pps) (err:     0),  0.00(Gbps), TX:       0(pps),  0.00(Gbps)
[ ALL ] dpdk0 flows:      1, RX:       0(pps) (err:     0),  0.00(Gbps), TX:       0(pps),  0.00(Gbps)
[CPU 1] dpdk0 flows:      1, RX:       0(pps) (err:     0),  0.00(Gbps), TX:       0(pps),  0.00(Gbps)
[ ALL ] dpdk0 flows:      1, RX:       0(pps) (err:     0),  0.00(Gbps), TX:       0(pps),  0.00(Gbps)
[CPU 1] dpdk0 flows:      1, RX:       0(pps) (err:     0),  0.00(Gbps), TX:       0(pps),  0.00(Gbps)
[ ALL ] dpdk0 flows:      1, RX:       0(pps) (err:     0),  0.00(Gbps), TX:       0(pps),  0.00(Gbps)
[CPU 1] dpdk0 flows:      1, RX:       0(pps) (err:     0),  0.00(Gbps), TX:       0(pps),  0.00(Gbps)
[ ALL ] dpdk0 flows:      1, RX:       0(pps) (err:     0),  0.00(Gbps), TX:       0(pps),  0.00(Gbps)
