---------------------------------------------------------------------------------
Loading mtcp configuration from : perf.conf
Loading interface setting
EAL: Detected 6 lcore(s)
EAL: Detected 1 NUMA nodes
EAL: Auto-detected process type: PRIMARY
EAL: Multi-process socket /var/run/dpdk/rte/mp_socket
EAL: Probing VFIO support...
EAL: No free hugepages reported in hugepages-1048576kB
EAL: VFIO support initialized
EAL: PCI device 0000:1a:00.1 on NUMA socket -1
EAL:   Invalid NUMA socket, default to 0
EAL:   probe driver: 8086:10fb net_ixgbe
EAL:   using IOMMU type 1 (Type 1)
EAL: Ignore mapping IO port bar(2)
EAL: Auto-detected process type: PRIMARY
Total number of attached devices: 1
Interface name: dpdk0
Configurations:
Number of CPU cores available: 3
Number of CPU cores to use: 3
Maximum number of concurrency per core: 10000
Maximum number of preallocated buffers per core: 10000
Receive buffer size: 102400
Send buffer size: 102400
TCP timeout seconds: 30
TCP timewait seconds: 0
NICs to print statistics: dpdk0
---------------------------------------------------------------------------------
Interfaces:
name: dpdk0, ifindex: 0, hwaddr: 90:E2:BA:46:F2:25, ipaddr: 10.1.1.1, netmask: 255.255.255.0
Number of NIC queues: 3
---------------------------------------------------------------------------------
Loading routing configurations from : config/route.conf
Initializing port 0... fopen: No such file or directory
Skip loading static routing table
Routes:
Destination: 10.1.1.0/24, Mask: 255.255.255.0, Masked: 10.1.1.0, Route: ifdx-0
---------------------------------------------------------------------------------
Loading ARP table from : config/arp.conf
ARP Table:
IP addr: 10.1.1.2, dst_hwaddr: 90:E2:BA:46:F3:44
---------------------------------------------------------------------------------
done: 

Checking link statusdone
Port 0 Link Up - speed 10000 Mbps - full-duplex
CPU 1: initialization finished.
[mtcp_create_context:1359] CPU 1 is now the master thread.
[CPU 1] dpdk0 flows:      1, RX:       6(pps) (err:     0),  0.00(Gbps), TX:      16(pps),  0.00(Gbps)
[ ALL ] dpdk0 flows:      1, RX:       6(pps) (err:     0),  0.00(Gbps), TX:      16(pps),  0.00(Gbps)
[CPU 1] dpdk0 flows:      1, RX:  109385(pps) (err:     0),  0.08(Gbps), TX: 1048251(pps),  9.90(Gbps)
[ ALL ] dpdk0 flows:      1, RX:  109385(pps) (err:     0),  0.08(Gbps), TX: 1048251(pps),  9.90(Gbps)
[CPU 1] dpdk0 flows:      1, RX:  110127(pps) (err:     0),  0.08(Gbps), TX: 1049372(pps),  9.91(Gbps)
[ ALL ] dpdk0 flows:      1, RX:  110127(pps) (err:     0),  0.08(Gbps), TX: 1049372(pps),  9.91(Gbps)
[CPU 1] dpdk0 flows:      1, RX:  108955(pps) (err:     0),  0.08(Gbps), TX: 1054596(pps),  9.96(Gbps)
[ ALL ] dpdk0 flows:      1, RX:  108955(pps) (err:     0),  0.08(Gbps), TX: 1054596(pps),  9.96(Gbps)
[CPU 1] dpdk0 flows:      1, RX:  108940(pps) (err:     0),  0.08(Gbps), TX: 1055055(pps),  9.96(Gbps)
[ ALL ] dpdk0 flows:      1, RX:  108940(pps) (err:     0),  0.08(Gbps), TX: 1055055(pps),  9.96(Gbps)
[CPU 1] dpdk0 flows:      1, RX:  108874(pps) (err:     0),  0.08(Gbps), TX: 1055012(pps),  9.96(Gbps)
[ ALL ] dpdk0 flows:      1, RX:  108874(pps) (err:     0),  0.08(Gbps), TX: 1055012(pps),  9.96(Gbps)
[CPU 1] dpdk0 flows:      1, RX:  108770(pps) (err:     0),  0.08(Gbps), TX: 1055026(pps),  9.96(Gbps)
[ ALL ] dpdk0 flows:      1, RX:  108770(pps) (err:     0),  0.08(Gbps), TX: 1055026(pps),  9.96(Gbps)
[CPU 1] dpdk0 flows:      1, RX:  108822(pps) (err:     0),  0.08(Gbps), TX: 1054897(pps),  9.96(Gbps)
[ ALL ] dpdk0 flows:      1, RX:  108822(pps) (err:     0),  0.08(Gbps), TX: 1054897(pps),  9.96(Gbps)
[CPU 1] dpdk0 flows:      1, RX:  108830(pps) (err:     0),  0.08(Gbps), TX: 1054730(pps),  9.96(Gbps)
[ ALL ] dpdk0 flows:      1, RX:  108830(pps) (err:     0),  0.08(Gbps), TX: 1054730(pps),  9.96(Gbps)
[CPU 1] dpdk0 flows:      1, RX:  108872(pps) (err:     0),  0.08(Gbps), TX: 1055080(pps),  9.96(Gbps)
[ ALL ] dpdk0 flows:      1, RX:  108872(pps) (err:     0),  0.08(Gbps), TX: 1055080(pps),  9.96(Gbps)
[CPU 1] dpdk0 flows:      1, RX:  107614(pps) (err:     0),  0.08(Gbps), TX: 1033545(pps),  9.76(Gbps)
[ ALL ] dpdk0 flows:      1, RX:  107614(pps) (err:     0),  0.08(Gbps), TX: 1033545(pps),  9.76(Gbps)
[CPU 1] dpdk0 flows:      1, RX:  106088(pps) (err:     0),  0.08(Gbps), TX: 1014559(pps),  9.58(Gbps)
[ ALL ] dpdk0 flows:      1, RX:  106088(pps) (err:     0),  0.08(Gbps), TX: 1014559(pps),  9.58(Gbps)
[CPU 1] dpdk0 flows:      1, RX:  108061(pps) (err:     0),  0.08(Gbps), TX: 1035075(pps),  9.78(Gbps)
[ ALL ] dpdk0 flows:      1, RX:  108061(pps) (err:     0),  0.08(Gbps), TX: 1035075(pps),  9.78(Gbps)
[CPU 1] dpdk0 flows:      1, RX:  109162(pps) (err:     0),  0.08(Gbps), TX: 1050954(pps),  9.93(Gbps)
[ ALL ] dpdk0 flows:      1, RX:  109162(pps) (err:     0),  0.08(Gbps), TX: 1050954(pps),  9.93(Gbps)
[CPU 1] dpdk0 flows:      1, RX:  109854(pps) (err:     0),  0.08(Gbps), TX: 1050806(pps),  9.92(Gbps)
[ ALL ] dpdk0 flows:      1, RX:  109854(pps) (err:     0),  0.08(Gbps), TX: 1050806(pps),  9.92(Gbps)
[CPU 1] dpdk0 flows:      1, RX:  109712(pps) (err:     0),  0.08(Gbps), TX: 1047415(pps),  9.89(Gbps)
[ ALL ] dpdk0 flows:      1, RX:  109712(pps) (err:     0),  0.08(Gbps), TX: 1047415(pps),  9.89(Gbps)
[CPU 1] dpdk0 flows:      1, RX:   91780(pps) (err:     0),  0.07(Gbps), TX:  875279(pps),  8.27(Gbps)
[ ALL ] dpdk0 flows:      1, RX:   91780(pps) (err:     0),  0.07(Gbps), TX:  875279(pps),  8.27(Gbps)
[CPU 1] dpdk0 flows:      1, RX:       0(pps) (err:     0),  0.00(Gbps), TX:       0(pps),  0.00(Gbps)
[ ALL ] dpdk0 flows:      1, RX:       0(pps) (err:     0),  0.00(Gbps), TX:       0(pps),  0.00(Gbps)
[CPU 1] dpdk0 flows:      1, RX:       0(pps) (err:     0),  0.00(Gbps), TX:       0(pps),  0.00(Gbps)
[ ALL ] dpdk0 flows:      1, RX:       0(pps) (err:     0),  0.00(Gbps), TX:       0(pps),  0.00(Gbps)
[CPU 1] dpdk0 flows:      1, RX:       0(pps) (err:     0),  0.00(Gbps), TX:       0(pps),  0.00(Gbps)
[ ALL ] dpdk0 flows:      1, RX:       0(pps) (err:     0),  0.00(Gbps), TX:       0(pps),  0.00(Gbps)
[CPU 1] dpdk0 flows:      1, RX:       0(pps) (err:     0),  0.00(Gbps), TX:       0(pps),  0.00(Gbps)
[ ALL ] dpdk0 flows:      1, RX:       0(pps) (err:     0),  0.00(Gbps), TX:       0(pps),  0.00(Gbps)
[CPU 1] dpdk0 flows:      1, RX:       0(pps) (err:     0),  0.00(Gbps), TX:       0(pps),  0.00(Gbps)
[ ALL ] dpdk0 flows:      1, RX:       0(pps) (err:     0),  0.00(Gbps), TX:       0(pps),  0.00(Gbps)
[CPU 1] dpdk0 flows:      1, RX:       0(pps) (err:     0),  0.00(Gbps), TX:       0(pps),  0.00(Gbps)
[ ALL ] dpdk0 flows:      1, RX:       0(pps) (err:     0),  0.00(Gbps), TX:       0(pps),  0.00(Gbps)
[CPU 1] dpdk0 flows:      1, RX:       0(pps) (err:     0),  0.00(Gbps), TX:       0(pps),  0.00(Gbps)
[ ALL ] dpdk0 flows:      1, RX:       0(pps) (err:     0),  0.00(Gbps), TX:       0(pps),  0.00(Gbps)
[CPU 1] dpdk0 flows:      1, RX:       0(pps) (err:     0),  0.00(Gbps), TX:       0(pps),  0.00(Gbps)
[ ALL ] dpdk0 flows:      1, RX:       0(pps) (err:     0),  0.00(Gbps), TX:       0(pps),  0.00(Gbps)
[CPU 1] dpdk0 flows:      1, RX:       0(pps) (err:     0),  0.00(Gbps), TX:       0(pps),  0.00(Gbps)
[ ALL ] dpdk0 flows:      1, RX:       0(pps) (err:     0),  0.00(Gbps), TX:       0(pps),  0.00(Gbps)
[CPU 1] dpdk0 flows:      1, RX:       0(pps) (err:     0),  0.00(Gbps), TX:       0(pps),  0.00(Gbps)
[ ALL ] dpdk0 flows:      1, RX:       0(pps) (err:     0),  0.00(Gbps), TX:       0(pps),  0.00(Gbps)
[CPU 1] dpdk0 flows:      1, RX:       0(pps) (err:     0),  0.00(Gbps), TX:       0(pps),  0.00(Gbps)
[ ALL ] dpdk0 flows:      1, RX:       0(pps) (err:     0),  0.00(Gbps), TX:       0(pps),  0.00(Gbps)
[CPU 1] dpdk0 flows:      1, RX:       0(pps) (err:     0),  0.00(Gbps), TX:       0(pps),  0.00(Gbps)
[ ALL ] dpdk0 flows:      1, RX:       0(pps) (err:     0),  0.00(Gbps), TX:       0(pps),  0.00(Gbps)
[CPU 1] dpdk0 flows:      1, RX:       0(pps) (err:     0),  0.00(Gbps), TX:       0(pps),  0.00(Gbps)
[ ALL ] dpdk0 flows:      1, RX:       0(pps) (err:     0),  0.00(Gbps), TX:       0(pps),  0.00(Gbps)
[CPU 1] dpdk0 flows:      1, RX:       0(pps) (err:     0),  0.00(Gbps), TX:       0(pps),  0.00(Gbps)
[ ALL ] dpdk0 flows:      1, RX:       0(pps) (err:     0),  0.00(Gbps), TX:       0(pps),  0.00(Gbps)
