---------------------------------------------------------------------------------
Loading mtcp configuration from : perf.conf
EAL: Probing VFIO support...
EAL: VFIO support initialized
EAL: PCI device 0000:1a:00.1 on NUMA socket -1
EAL:   Invalid NUMA socket, default to 0
EAL:   probe driver: 8086:10fb net_ixgbe
EAL:   using IOMMU type 1 (Type 1)
Loading interface setting
EAL: Detected 6 lcore(s)
EAL: Detected 1 NUMA nodes
EAL: Auto-detected process type: PRIMARY
EAL: Multi-process socket /var/run/dpdk/rte/mp_socket
EAL: No free hugepages reported in hugepages-1048576kB
EAL: Ignore mapping IO port bar(2)
EAL: Auto-detected process type: PRIMARY
Total number of attached devices: 1
Interface name: dpdk0
Configurations:
Number of CPU cores available: 3
Number of CPU cores to use: 3
Maximum number of concurrency per core: 10000
Maximum number of preallocated buffers per core: 10000
Receive buffer size: 102400
Send buffer size: 102400
TCP timeout seconds: 30
TCP timewait seconds: 0
NICs to print statistics: dpdk0
---------------------------------------------------------------------------------
Interfaces:
name: dpdk0, ifindex: 0, hwaddr: 90:E2:BA:46:F2:25, ipaddr: 10.1.1.1, netmask: 255.255.255.0
Number of NIC queues: 3
---------------------------------------------------------------------------------
Loading routing configurations from : config/route.conf
fopen: No such file or directory
Skip loading static routing table
Routes:
Destination: 10.1.1.0/24, Mask: 255.255.255.0, Masked: 10.1.1.0, Route: ifdx-0
---------------------------------------------------------------------------------
Loading ARP table from : config/arp.conf
Initializing port 0... ARP Table:
IP addr: 10.1.1.2, dst_hwaddr: 90:E2:BA:46:F3:44
---------------------------------------------------------------------------------
done: 

Checking link statusdone
Port 0 Link Up - speed 10000 Mbps - full-duplex
CPU 1: initialization finished.
[mtcp_create_context:1359] CPU 1 is now the master thread.
[CPU 1] dpdk0 flows:      1, RX:      71(pps) (err:     0),  0.00(Gbps), TX:     190(pps),  0.00(Gbps)
[ ALL ] dpdk0 flows:      1, RX:      71(pps) (err:     0),  0.00(Gbps), TX:     190(pps),  0.00(Gbps)
[CPU 1] dpdk0 flows:      1, RX:   91792(pps) (err:     0),  0.07(Gbps), TX: 1233816(pps),  9.92(Gbps)
[ ALL ] dpdk0 flows:      1, RX:   91792(pps) (err:     0),  0.07(Gbps), TX: 1233816(pps),  9.92(Gbps)
[CPU 1] dpdk0 flows:      1, RX:   92284(pps) (err:     0),  0.07(Gbps), TX: 1235367(pps),  9.93(Gbps)
[ ALL ] dpdk0 flows:      1, RX:   92284(pps) (err:     0),  0.07(Gbps), TX: 1235367(pps),  9.93(Gbps)
[CPU 1] dpdk0 flows:      1, RX:   91540(pps) (err:     0),  0.07(Gbps), TX: 1239458(pps),  9.96(Gbps)
[ ALL ] dpdk0 flows:      1, RX:   91540(pps) (err:     0),  0.07(Gbps), TX: 1239458(pps),  9.96(Gbps)
[CPU 1] dpdk0 flows:      1, RX:   91506(pps) (err:     0),  0.07(Gbps), TX: 1239632(pps),  9.96(Gbps)
[ ALL ] dpdk0 flows:      1, RX:   91506(pps) (err:     0),  0.07(Gbps), TX: 1239632(pps),  9.96(Gbps)
[CPU 1] dpdk0 flows:      1, RX:   91516(pps) (err:     0),  0.07(Gbps), TX: 1239750(pps),  9.96(Gbps)
[ ALL ] dpdk0 flows:      1, RX:   91516(pps) (err:     0),  0.07(Gbps), TX: 1239750(pps),  9.96(Gbps)
[CPU 1] dpdk0 flows:      1, RX:   91670(pps) (err:     0),  0.07(Gbps), TX: 1239227(pps),  9.96(Gbps)
[ ALL ] dpdk0 flows:      1, RX:   91670(pps) (err:     0),  0.07(Gbps), TX: 1239227(pps),  9.96(Gbps)
[CPU 1] dpdk0 flows:      1, RX:   91562(pps) (err:     0),  0.07(Gbps), TX: 1238798(pps),  9.96(Gbps)
[ ALL ] dpdk0 flows:      1, RX:   91562(pps) (err:     0),  0.07(Gbps), TX: 1238798(pps),  9.96(Gbps)
[CPU 1] dpdk0 flows:      1, RX:   91394(pps) (err:     0),  0.07(Gbps), TX: 1240038(pps),  9.97(Gbps)
[ ALL ] dpdk0 flows:      1, RX:   91394(pps) (err:     0),  0.07(Gbps), TX: 1240038(pps),  9.97(Gbps)
[CPU 1] dpdk0 flows:      1, RX:   91900(pps) (err:     0),  0.07(Gbps), TX: 1235870(pps),  9.93(Gbps)
[ ALL ] dpdk0 flows:      1, RX:   91900(pps) (err:     0),  0.07(Gbps), TX: 1235870(pps),  9.93(Gbps)
[CPU 1] dpdk0 flows:      1, RX:   88164(pps) (err:     0),  0.06(Gbps), TX: 1177781(pps),  9.47(Gbps)
[ ALL ] dpdk0 flows:      1, RX:   88164(pps) (err:     0),  0.06(Gbps), TX: 1177781(pps),  9.47(Gbps)
[CPU 1] dpdk0 flows:      1, RX:   91735(pps) (err:     0),  0.07(Gbps), TX: 1225488(pps),  9.85(Gbps)
[ ALL ] dpdk0 flows:      1, RX:   91735(pps) (err:     0),  0.07(Gbps), TX: 1225488(pps),  9.85(Gbps)
[CPU 1] dpdk0 flows:      1, RX:   91391(pps) (err:     0),  0.07(Gbps), TX: 1216584(pps),  9.78(Gbps)
[ ALL ] dpdk0 flows:      1, RX:   91391(pps) (err:     0),  0.07(Gbps), TX: 1216584(pps),  9.78(Gbps)
[CPU 1] dpdk0 flows:      1, RX:   92146(pps) (err:     0),  0.07(Gbps), TX: 1237857(pps),  9.95(Gbps)
[ ALL ] dpdk0 flows:      1, RX:   92146(pps) (err:     0),  0.07(Gbps), TX: 1237857(pps),  9.95(Gbps)
[CPU 1] dpdk0 flows:      1, RX:   92097(pps) (err:     0),  0.07(Gbps), TX: 1229653(pps),  9.88(Gbps)
[ ALL ] dpdk0 flows:      1, RX:   92097(pps) (err:     0),  0.07(Gbps), TX: 1229653(pps),  9.88(Gbps)
[CPU 1] dpdk0 flows:      1, RX:   92156(pps) (err:     0),  0.07(Gbps), TX: 1235526(pps),  9.93(Gbps)
[ ALL ] dpdk0 flows:      1, RX:   92156(pps) (err:     0),  0.07(Gbps), TX: 1235526(pps),  9.93(Gbps)
[CPU 1] dpdk0 flows:      1, RX:   17078(pps) (err:     0),  0.01(Gbps), TX:  226741(pps),  1.82(Gbps)
[ ALL ] dpdk0 flows:      1, RX:   17078(pps) (err:     0),  0.01(Gbps), TX:  226741(pps),  1.82(Gbps)
[CPU 1] dpdk0 flows:      1, RX:       0(pps) (err:     0),  0.00(Gbps), TX:       0(pps),  0.00(Gbps)
[ ALL ] dpdk0 flows:      1, RX:       0(pps) (err:     0),  0.00(Gbps), TX:       0(pps),  0.00(Gbps)
[CPU 1] dpdk0 flows:      1, RX:       0(pps) (err:     0),  0.00(Gbps), TX:       0(pps),  0.00(Gbps)
[ ALL ] dpdk0 flows:      1, RX:       0(pps) (err:     0),  0.00(Gbps), TX:       0(pps),  0.00(Gbps)
[CPU 1] dpdk0 flows:      1, RX:       0(pps) (err:     0),  0.00(Gbps), TX:       0(pps),  0.00(Gbps)
[ ALL ] dpdk0 flows:      1, RX:       0(pps) (err:     0),  0.00(Gbps), TX:       0(pps),  0.00(Gbps)
[CPU 1] dpdk0 flows:      1, RX:       0(pps) (err:     0),  0.00(Gbps), TX:       0(pps),  0.00(Gbps)
[ ALL ] dpdk0 flows:      1, RX:       0(pps) (err:     0),  0.00(Gbps), TX:       0(pps),  0.00(Gbps)
[CPU 1] dpdk0 flows:      1, RX:       0(pps) (err:     0),  0.00(Gbps), TX:       0(pps),  0.00(Gbps)
[ ALL ] dpdk0 flows:      1, RX:       0(pps) (err:     0),  0.00(Gbps), TX:       0(pps),  0.00(Gbps)
[CPU 1] dpdk0 flows:      1, RX:       0(pps) (err:     0),  0.00(Gbps), TX:       0(pps),  0.00(Gbps)
[ ALL ] dpdk0 flows:      1, RX:       0(pps) (err:     0),  0.00(Gbps), TX:       0(pps),  0.00(Gbps)
[CPU 1] dpdk0 flows:      1, RX:       0(pps) (err:     0),  0.00(Gbps), TX:       0(pps),  0.00(Gbps)
[ ALL ] dpdk0 flows:      1, RX:       0(pps) (err:     0),  0.00(Gbps), TX:       0(pps),  0.00(Gbps)
[CPU 1] dpdk0 flows:      1, RX:       0(pps) (err:     0),  0.00(Gbps), TX:       0(pps),  0.00(Gbps)
[ ALL ] dpdk0 flows:      1, RX:       0(pps) (err:     0),  0.00(Gbps), TX:       0(pps),  0.00(Gbps)
[CPU 1] dpdk0 flows:      1, RX:       0(pps) (err:     0),  0.00(Gbps), TX:       0(pps),  0.00(Gbps)
[ ALL ] dpdk0 flows:      1, RX:       0(pps) (err:     0),  0.00(Gbps), TX:       0(pps),  0.00(Gbps)
[CPU 1] dpdk0 flows:      1, RX:       0(pps) (err:     0),  0.00(Gbps), TX:       0(pps),  0.00(Gbps)
[ ALL ] dpdk0 flows:      1, RX:       0(pps) (err:     0),  0.00(Gbps), TX:       0(pps),  0.00(Gbps)
[CPU 1] dpdk0 flows:      1, RX:       0(pps) (err:     0),  0.00(Gbps), TX:       0(pps),  0.00(Gbps)
[ ALL ] dpdk0 flows:      1, RX:       0(pps) (err:     0),  0.00(Gbps), TX:       0(pps),  0.00(Gbps)
[CPU 1] dpdk0 flows:      1, RX:       0(pps) (err:     0),  0.00(Gbps), TX:       0(pps),  0.00(Gbps)
[ ALL ] dpdk0 flows:      1, RX:       0(pps) (err:     0),  0.00(Gbps), TX:       0(pps),  0.00(Gbps)
[CPU 1] dpdk0 flows:      1, RX:       0(pps) (err:     0),  0.00(Gbps), TX:       0(pps),  0.00(Gbps)
[ ALL ] dpdk0 flows:      1, RX:       0(pps) (err:     0),  0.00(Gbps), TX:       0(pps),  0.00(Gbps)
