---------------------------------------------------------------------------------
Loading mtcp configuration from : perf.conf
EAL: Probing VFIO support...
EAL: VFIO support initialized
EAL: PCI device 0000:1a:00.1 on NUMA socket -1
EAL:   Invalid NUMA socket, default to 0
EAL:   probe driver: 8086:10fb net_ixgbe
EAL:   using IOMMU type 1 (Type 1)
Loading interface setting
EAL: Detected 6 lcore(s)
EAL: Detected 1 NUMA nodes
EAL: Auto-detected process type: PRIMARY
EAL: Multi-process socket /var/run/dpdk/rte/mp_socket
EAL: No free hugepages reported in hugepages-1048576kB
EAL: Ignore mapping IO port bar(2)
EAL: Auto-detected process type: PRIMARY
Total number of attached devices: 1
Interface name: dpdk0
Configurations:
Number of CPU cores available: 3
Number of CPU cores to use: 3
Maximum number of concurrency per core: 10000
Maximum number of preallocated buffers per core: 10000
Receive buffer size: 102400
Send buffer size: 102400
TCP timeout seconds: 30
TCP timewait seconds: 0
NICs to print statistics: dpdk0
---------------------------------------------------------------------------------
Interfaces:
name: dpdk0, ifindex: 0, hwaddr: 90:E2:BA:46:F2:25, ipaddr: 10.1.1.1, netmask: 255.255.255.0
Number of NIC queues: 3
---------------------------------------------------------------------------------
Loading routing configurations from : config/route.conf
Initializing port 0... fopen: No such file or directory
Skip loading static routing table
Routes:
Destination: 10.1.1.0/24, Mask: 255.255.255.0, Masked: 10.1.1.0, Route: ifdx-0
---------------------------------------------------------------------------------
Loading ARP table from : config/arp.conf
ARP Table:
IP addr: 10.1.1.2, dst_hwaddr: 90:E2:BA:46:F3:44
---------------------------------------------------------------------------------
done: 

Checking link statusdone
Port 0 Link Up - speed 10000 Mbps - full-duplex
CPU 1: initialization finished.
[mtcp_create_context:1359] CPU 1 is now the master thread.
[CPU 1] dpdk0 flows:      1, RX:       9(pps) (err:     0),  0.00(Gbps), TX:      11(pps),  0.00(Gbps)
[ ALL ] dpdk0 flows:      1, RX:       9(pps) (err:     0),  0.00(Gbps), TX:      11(pps),  0.00(Gbps)
[CPU 1] dpdk0 flows:      1, RX:   13973(pps) (err:     0),  0.01(Gbps), TX:    9596(pps),  0.10(Gbps)
[ ALL ] dpdk0 flows:      1, RX:   13973(pps) (err:     0),  0.01(Gbps), TX:    9596(pps),  0.10(Gbps)
[CPU 1] dpdk0 flows:      1, RX:   13539(pps) (err:     0),  0.01(Gbps), TX:    9026(pps),  0.10(Gbps)
[ ALL ] dpdk0 flows:      1, RX:   13539(pps) (err:     0),  0.01(Gbps), TX:    9026(pps),  0.10(Gbps)
[CPU 1] dpdk0 flows:      1, RX:   13588(pps) (err:     0),  0.01(Gbps), TX:    9059(pps),  0.10(Gbps)
[ ALL ] dpdk0 flows:      1, RX:   13588(pps) (err:     0),  0.01(Gbps), TX:    9059(pps),  0.10(Gbps)
[CPU 1] dpdk0 flows:      1, RX:   13584(pps) (err:     0),  0.01(Gbps), TX:    9056(pps),  0.10(Gbps)
[ ALL ] dpdk0 flows:      1, RX:   13584(pps) (err:     0),  0.01(Gbps), TX:    9056(pps),  0.10(Gbps)
[CPU 1] dpdk0 flows:      1, RX:   13590(pps) (err:     0),  0.01(Gbps), TX:    9061(pps),  0.10(Gbps)
[ ALL ] dpdk0 flows:      1, RX:   13590(pps) (err:     0),  0.01(Gbps), TX:    9061(pps),  0.10(Gbps)
[CPU 1] dpdk0 flows:      1, RX:   13593(pps) (err:     0),  0.01(Gbps), TX:    9062(pps),  0.10(Gbps)
[ ALL ] dpdk0 flows:      1, RX:   13593(pps) (err:     0),  0.01(Gbps), TX:    9062(pps),  0.10(Gbps)
[CPU 1] dpdk0 flows:      1, RX:   13589(pps) (err:     0),  0.01(Gbps), TX:    9061(pps),  0.10(Gbps)
[ ALL ] dpdk0 flows:      1, RX:   13589(pps) (err:     0),  0.01(Gbps), TX:    9061(pps),  0.10(Gbps)
[CPU 1] dpdk0 flows:      1, RX:   13593(pps) (err:     0),  0.01(Gbps), TX:    9062(pps),  0.10(Gbps)
[ ALL ] dpdk0 flows:      1, RX:   13593(pps) (err:     0),  0.01(Gbps), TX:    9062(pps),  0.10(Gbps)
[CPU 1] dpdk0 flows:      1, RX:   13581(pps) (err:     0),  0.01(Gbps), TX:    9054(pps),  0.10(Gbps)
[ ALL ] dpdk0 flows:      1, RX:   13581(pps) (err:     0),  0.01(Gbps), TX:    9054(pps),  0.10(Gbps)
[CPU 1] dpdk0 flows:      1, RX:   13644(pps) (err:     0),  0.01(Gbps), TX:    9096(pps),  0.10(Gbps)
[ ALL ] dpdk0 flows:      1, RX:   13644(pps) (err:     0),  0.01(Gbps), TX:    9096(pps),  0.10(Gbps)
[CPU 1] dpdk0 flows:      1, RX:   13650(pps) (err:     0),  0.01(Gbps), TX:    9100(pps),  0.10(Gbps)
[ ALL ] dpdk0 flows:      1, RX:   13650(pps) (err:     0),  0.01(Gbps), TX:    9100(pps),  0.10(Gbps)
[CPU 1] dpdk0 flows:      1, RX:   13608(pps) (err:     0),  0.01(Gbps), TX:    9072(pps),  0.10(Gbps)
[ ALL ] dpdk0 flows:      1, RX:   13608(pps) (err:     0),  0.01(Gbps), TX:    9072(pps),  0.10(Gbps)
[CPU 1] dpdk0 flows:      1, RX:   13656(pps) (err:     0),  0.01(Gbps), TX:    9104(pps),  0.10(Gbps)
[ ALL ] dpdk0 flows:      1, RX:   13656(pps) (err:     0),  0.01(Gbps), TX:    9104(pps),  0.10(Gbps)
[CPU 1] dpdk0 flows:      1, RX:   13650(pps) (err:     0),  0.01(Gbps), TX:    9100(pps),  0.10(Gbps)
[ ALL ] dpdk0 flows:      1, RX:   13650(pps) (err:     0),  0.01(Gbps), TX:    9100(pps),  0.10(Gbps)
[CPU 1] dpdk0 flows:      1, RX:   13599(pps) (err:     0),  0.01(Gbps), TX:    9066(pps),  0.10(Gbps)
[ ALL ] dpdk0 flows:      1, RX:   13599(pps) (err:     0),  0.01(Gbps), TX:    9066(pps),  0.10(Gbps)
[CPU 1] dpdk0 flows:      1, RX:   13592(pps) (err:     0),  0.01(Gbps), TX:    9062(pps),  0.10(Gbps)
[ ALL ] dpdk0 flows:      1, RX:   13592(pps) (err:     0),  0.01(Gbps), TX:    9062(pps),  0.10(Gbps)
[CPU 1] dpdk0 flows:      1, RX:   13594(pps) (err:     0),  0.01(Gbps), TX:    9062(pps),  0.10(Gbps)
[ ALL ] dpdk0 flows:      1, RX:   13594(pps) (err:     0),  0.01(Gbps), TX:    9062(pps),  0.10(Gbps)
[CPU 1] dpdk0 flows:      1, RX:   13593(pps) (err:     0),  0.01(Gbps), TX:    9062(pps),  0.10(Gbps)
[ ALL ] dpdk0 flows:      1, RX:   13593(pps) (err:     0),  0.01(Gbps), TX:    9062(pps),  0.10(Gbps)
[CPU 1] dpdk0 flows:      1, RX:   13599(pps) (err:     0),  0.01(Gbps), TX:    9066(pps),  0.10(Gbps)
[ ALL ] dpdk0 flows:      1, RX:   13599(pps) (err:     0),  0.01(Gbps), TX:    9066(pps),  0.10(Gbps)
[CPU 1] dpdk0 flows:      1, RX:    6927(pps) (err:     0),  0.00(Gbps), TX:    4618(pps),  0.05(Gbps)
[ ALL ] dpdk0 flows:      1, RX:    6927(pps) (err:     0),  0.00(Gbps), TX:    4618(pps),  0.05(Gbps)
[CPU 1] dpdk0 flows:      1, RX:       0(pps) (err:     0),  0.00(Gbps), TX:       0(pps),  0.00(Gbps)
[ ALL ] dpdk0 flows:      1, RX:       0(pps) (err:     0),  0.00(Gbps), TX:       0(pps),  0.00(Gbps)
[CPU 1] dpdk0 flows:      1, RX:       0(pps) (err:     0),  0.00(Gbps), TX:       0(pps),  0.00(Gbps)
[ ALL ] dpdk0 flows:      1, RX:       0(pps) (err:     0),  0.00(Gbps), TX:       0(pps),  0.00(Gbps)
[CPU 1] dpdk0 flows:      1, RX:       0(pps) (err:     0),  0.00(Gbps), TX:       0(pps),  0.00(Gbps)
[ ALL ] dpdk0 flows:      1, RX:       0(pps) (err:     0),  0.00(Gbps), TX:       0(pps),  0.00(Gbps)
[CPU 1] dpdk0 flows:      1, RX:       0(pps) (err:     0),  0.00(Gbps), TX:       0(pps),  0.00(Gbps)
[ ALL ] dpdk0 flows:      1, RX:       0(pps) (err:     0),  0.00(Gbps), TX:       0(pps),  0.00(Gbps)
[CPU 1] dpdk0 flows:      1, RX:       0(pps) (err:     0),  0.00(Gbps), TX:       0(pps),  0.00(Gbps)
[ ALL ] dpdk0 flows:      1, RX:       0(pps) (err:     0),  0.00(Gbps), TX:       0(pps),  0.00(Gbps)
[CPU 1] dpdk0 flows:      1, RX:       0(pps) (err:     0),  0.00(Gbps), TX:       0(pps),  0.00(Gbps)
[ ALL ] dpdk0 flows:      1, RX:       0(pps) (err:     0),  0.00(Gbps), TX:       0(pps),  0.00(Gbps)
[CPU 1] dpdk0 flows:      1, RX:       0(pps) (err:     0),  0.00(Gbps), TX:       0(pps),  0.00(Gbps)
[ ALL ] dpdk0 flows:      1, RX:       0(pps) (err:     0),  0.00(Gbps), TX:       0(pps),  0.00(Gbps)
[CPU 1] dpdk0 flows:      1, RX:       0(pps) (err:     0),  0.00(Gbps), TX:       0(pps),  0.00(Gbps)
[ ALL ] dpdk0 flows:      1, RX:       0(pps) (err:     0),  0.00(Gbps), TX:       0(pps),  0.00(Gbps)
[CPU 1] dpdk0 flows:      1, RX:       0(pps) (err:     0),  0.00(Gbps), TX:       0(pps),  0.00(Gbps)
[ ALL ] dpdk0 flows:      1, RX:       0(pps) (err:     0),  0.00(Gbps), TX:       0(pps),  0.00(Gbps)
[CPU 1] dpdk0 flows:      1, RX:       0(pps) (err:     0),  0.00(Gbps), TX:       0(pps),  0.00(Gbps)
[ ALL ] dpdk0 flows:      1, RX:       0(pps) (err:     0),  0.00(Gbps), TX:       0(pps),  0.00(Gbps)
[CPU 1] dpdk0 flows:      1, RX:       0(pps) (err:     0),  0.00(Gbps), TX:       0(pps),  0.00(Gbps)
[ ALL ] dpdk0 flows:      1, RX:       0(pps) (err:     0),  0.00(Gbps), TX:       0(pps),  0.00(Gbps)
