---------------------------------------------------------------------------------
Loading mtcp configuration from : perf.conf
EAL: Probing VFIO support...
EAL: VFIO support initialized
EAL: PCI device 0000:1a:00.1 on NUMA socket -1
EAL:   Invalid NUMA socket, default to 0
EAL:   probe driver: 8086:10fb net_ixgbe
EAL:   using IOMMU type 1 (Type 1)
Loading interface setting
EAL: Detected 6 lcore(s)
EAL: Detected 1 NUMA nodes
EAL: Auto-detected process type: PRIMARY
EAL: Multi-process socket /var/run/dpdk/rte/mp_socket
EAL: No free hugepages reported in hugepages-1048576kB
EAL: Ignore mapping IO port bar(2)
EAL: Auto-detected process type: PRIMARY
Total number of attached devices: 1
Interface name: dpdk0
Configurations:
Number of CPU cores available: 3
Number of CPU cores to use: 3
Maximum number of concurrency per core: 10000
Maximum number of preallocated buffers per core: 10000
Receive buffer size: 102400
Send buffer size: 102400
TCP timeout seconds: 30
TCP timewait seconds: 0
NICs to print statistics: dpdk0
---------------------------------------------------------------------------------
Interfaces:
name: dpdk0, ifindex: 0, hwaddr: 90:E2:BA:46:F2:25, ipaddr: 10.1.1.1, netmask: 255.255.255.0
Number of NIC queues: 3
---------------------------------------------------------------------------------
Loading routing configurations from : config/route.conf
fopen: No such file or directory
Skip loading static routing table
Routes:
Destination: 10.1.1.0/24, Mask: 255.255.255.0, Masked: 10.1.1.0, Route: ifdx-0
---------------------------------------------------------------------------------
Loading ARP table from : config/arp.conf
ARP Table:
IP addr: 10.1.1.2, dst_hwaddr: 90:E2:BA:46:F3:44
---------------------------------------------------------------------------------
Initializing port 0... done: 

Checking link statusdone
Port 0 Link Up - speed 10000 Mbps - full-duplex
CPU 1: initialization finished.
[mtcp_create_context:1359] CPU 1 is now the master thread.
[CPU 1] dpdk0 flows:      0, RX:       0(pps) (err:     0),  0.00(Gbps), TX:       0(pps),  0.00(Gbps)
[ ALL ] dpdk0 flows:      0, RX:       0(pps) (err:     0),  0.00(Gbps), TX:       0(pps),  0.00(Gbps)
[CPU 1] dpdk0 flows:      1, RX:   14038(pps) (err:     0),  0.01(Gbps), TX:    9629(pps),  0.10(Gbps)
[ ALL ] dpdk0 flows:      1, RX:   14038(pps) (err:     0),  0.01(Gbps), TX:    9629(pps),  0.10(Gbps)
[CPU 1] dpdk0 flows:      1, RX:   13692(pps) (err:     0),  0.01(Gbps), TX:    9128(pps),  0.10(Gbps)
[ ALL ] dpdk0 flows:      1, RX:   13692(pps) (err:     0),  0.01(Gbps), TX:    9128(pps),  0.10(Gbps)
[CPU 1] dpdk0 flows:      1, RX:   13662(pps) (err:     0),  0.01(Gbps), TX:    9108(pps),  0.10(Gbps)
[ ALL ] dpdk0 flows:      1, RX:   13662(pps) (err:     0),  0.01(Gbps), TX:    9108(pps),  0.10(Gbps)
[CPU 1] dpdk0 flows:      1, RX:   13686(pps) (err:     0),  0.01(Gbps), TX:    9124(pps),  0.10(Gbps)
[ ALL ] dpdk0 flows:      1, RX:   13686(pps) (err:     0),  0.01(Gbps), TX:    9124(pps),  0.10(Gbps)
[CPU 1] dpdk0 flows:      1, RX:   13680(pps) (err:     0),  0.01(Gbps), TX:    9120(pps),  0.10(Gbps)
[ ALL ] dpdk0 flows:      1, RX:   13680(pps) (err:     0),  0.01(Gbps), TX:    9120(pps),  0.10(Gbps)
[CPU 1] dpdk0 flows:      1, RX:   13698(pps) (err:     0),  0.01(Gbps), TX:    9132(pps),  0.10(Gbps)
[ ALL ] dpdk0 flows:      1, RX:   13698(pps) (err:     0),  0.01(Gbps), TX:    9132(pps),  0.10(Gbps)
[CPU 1] dpdk0 flows:      1, RX:   13701(pps) (err:     0),  0.01(Gbps), TX:    9134(pps),  0.10(Gbps)
[ ALL ] dpdk0 flows:      1, RX:   13701(pps) (err:     0),  0.01(Gbps), TX:    9134(pps),  0.10(Gbps)
[CPU 1] dpdk0 flows:      1, RX:   13688(pps) (err:     0),  0.01(Gbps), TX:    9126(pps),  0.10(Gbps)
[ ALL ] dpdk0 flows:      1, RX:   13688(pps) (err:     0),  0.01(Gbps), TX:    9126(pps),  0.10(Gbps)
[CPU 1] dpdk0 flows:      1, RX:   13673(pps) (err:     0),  0.01(Gbps), TX:    9115(pps),  0.10(Gbps)
[ ALL ] dpdk0 flows:      1, RX:   13673(pps) (err:     0),  0.01(Gbps), TX:    9115(pps),  0.10(Gbps)
[CPU 1] dpdk0 flows:      1, RX:   13675(pps) (err:     0),  0.01(Gbps), TX:    9117(pps),  0.10(Gbps)
[ ALL ] dpdk0 flows:      1, RX:   13675(pps) (err:     0),  0.01(Gbps), TX:    9117(pps),  0.10(Gbps)
[CPU 1] dpdk0 flows:      1, RX:   13687(pps) (err:     0),  0.01(Gbps), TX:    9125(pps),  0.10(Gbps)
[ ALL ] dpdk0 flows:      1, RX:   13687(pps) (err:     0),  0.01(Gbps), TX:    9125(pps),  0.10(Gbps)
[CPU 1] dpdk0 flows:      1, RX:   13679(pps) (err:     0),  0.01(Gbps), TX:    9119(pps),  0.10(Gbps)
[ ALL ] dpdk0 flows:      1, RX:   13679(pps) (err:     0),  0.01(Gbps), TX:    9119(pps),  0.10(Gbps)
[CPU 1] dpdk0 flows:      1, RX:   13639(pps) (err:     0),  0.01(Gbps), TX:    9093(pps),  0.10(Gbps)
[ ALL ] dpdk0 flows:      1, RX:   13639(pps) (err:     0),  0.01(Gbps), TX:    9093(pps),  0.10(Gbps)
[CPU 1] dpdk0 flows:      1, RX:   13644(pps) (err:     0),  0.01(Gbps), TX:    9096(pps),  0.10(Gbps)
[ ALL ] dpdk0 flows:      1, RX:   13644(pps) (err:     0),  0.01(Gbps), TX:    9096(pps),  0.10(Gbps)
[CPU 1] dpdk0 flows:      1, RX:   13701(pps) (err:     0),  0.01(Gbps), TX:    9134(pps),  0.10(Gbps)
[ ALL ] dpdk0 flows:      1, RX:   13701(pps) (err:     0),  0.01(Gbps), TX:    9134(pps),  0.10(Gbps)
[CPU 1] dpdk0 flows:      1, RX:   13668(pps) (err:     0),  0.01(Gbps), TX:    9112(pps),  0.10(Gbps)
[ ALL ] dpdk0 flows:      1, RX:   13668(pps) (err:     0),  0.01(Gbps), TX:    9112(pps),  0.10(Gbps)
[CPU 1] dpdk0 flows:      1, RX:   13695(pps) (err:     0),  0.01(Gbps), TX:    9130(pps),  0.10(Gbps)
[ ALL ] dpdk0 flows:      1, RX:   13695(pps) (err:     0),  0.01(Gbps), TX:    9130(pps),  0.10(Gbps)
[CPU 1] dpdk0 flows:      1, RX:    8595(pps) (err:     0),  0.01(Gbps), TX:    5730(pps),  0.06(Gbps)
[ ALL ] dpdk0 flows:      1, RX:    8595(pps) (err:     0),  0.01(Gbps), TX:    5730(pps),  0.06(Gbps)
[CPU 1] dpdk0 flows:      1, RX:       0(pps) (err:     0),  0.00(Gbps), TX:       0(pps),  0.00(Gbps)
[ ALL ] dpdk0 flows:      1, RX:       0(pps) (err:     0),  0.00(Gbps), TX:       0(pps),  0.00(Gbps)
[CPU 1] dpdk0 flows:      1, RX:       0(pps) (err:     0),  0.00(Gbps), TX:       0(pps),  0.00(Gbps)
[ ALL ] dpdk0 flows:      1, RX:       0(pps) (err:     0),  0.00(Gbps), TX:       0(pps),  0.00(Gbps)
[CPU 1] dpdk0 flows:      1, RX:       0(pps) (err:     0),  0.00(Gbps), TX:       0(pps),  0.00(Gbps)
[ ALL ] dpdk0 flows:      1, RX:       0(pps) (err:     0),  0.00(Gbps), TX:       0(pps),  0.00(Gbps)
[CPU 1] dpdk0 flows:      1, RX:       0(pps) (err:     0),  0.00(Gbps), TX:       0(pps),  0.00(Gbps)
[ ALL ] dpdk0 flows:      1, RX:       0(pps) (err:     0),  0.00(Gbps), TX:       0(pps),  0.00(Gbps)
[CPU 1] dpdk0 flows:      1, RX:       0(pps) (err:     0),  0.00(Gbps), TX:       0(pps),  0.00(Gbps)
[ ALL ] dpdk0 flows:      1, RX:       0(pps) (err:     0),  0.00(Gbps), TX:       0(pps),  0.00(Gbps)
[CPU 1] dpdk0 flows:      1, RX:       0(pps) (err:     0),  0.00(Gbps), TX:       0(pps),  0.00(Gbps)
[ ALL ] dpdk0 flows:      1, RX:       0(pps) (err:     0),  0.00(Gbps), TX:       0(pps),  0.00(Gbps)
[CPU 1] dpdk0 flows:      1, RX:       0(pps) (err:     0),  0.00(Gbps), TX:       0(pps),  0.00(Gbps)
[ ALL ] dpdk0 flows:      1, RX:       0(pps) (err:     0),  0.00(Gbps), TX:       0(pps),  0.00(Gbps)
[CPU 1] dpdk0 flows:      1, RX:       0(pps) (err:     0),  0.00(Gbps), TX:       0(pps),  0.00(Gbps)
[ ALL ] dpdk0 flows:      1, RX:       0(pps) (err:     0),  0.00(Gbps), TX:       0(pps),  0.00(Gbps)
[CPU 1] dpdk0 flows:      1, RX:       0(pps) (err:     0),  0.00(Gbps), TX:       0(pps),  0.00(Gbps)
[ ALL ] dpdk0 flows:      1, RX:       0(pps) (err:     0),  0.00(Gbps), TX:       0(pps),  0.00(Gbps)
[CPU 1] dpdk0 flows:      1, RX:       0(pps) (err:     0),  0.00(Gbps), TX:       0(pps),  0.00(Gbps)
[ ALL ] dpdk0 flows:      1, RX:       0(pps) (err:     0),  0.00(Gbps), TX:       0(pps),  0.00(Gbps)
