---------------------------------------------------------------------------------
Loading mtcp configuration from : perf.conf
EAL: Probing VFIO support...
EAL: VFIO support initialized
Loading interface setting
EAL: Detected 6 lcore(s)
EAL: Detected 1 NUMA nodes
EAL: Auto-detected process type: PRIMARY
EAL: Multi-process socket /var/run/dpdk/rte/mp_socket
EAL: No free hugepages reported in hugepages-1048576kB
EAL: PCI device 0000:1a:00.1 on NUMA socket -1
EAL:   Invalid NUMA socket, default to 0
EAL:   probe driver: 8086:10fb net_ixgbe
EAL:   using IOMMU type 1 (Type 1)
EAL: Ignore mapping IO port bar(2)
Total number of attached devices: 1
Interface name: dpdk0
EAL: Auto-detected process type: PRIMARY
Configurations:
Number of CPU cores available: 3
Number of CPU cores to use: 3
Maximum number of concurrency per core: 10000
Maximum number of preallocated buffers per core: 10000
Receive buffer size: 102400
Send buffer size: 102400
TCP timeout seconds: 30
TCP timewait seconds: 0
NICs to print statistics: dpdk0
---------------------------------------------------------------------------------
Interfaces:
name: dpdk0, ifindex: 0, hwaddr: 90:E2:BA:46:F2:25, ipaddr: 10.1.1.1, netmask: 255.255.255.0
Number of NIC queues: 3
---------------------------------------------------------------------------------
Loading routing configurations from : config/route.conf
fopen: No such file or directory
Initializing port 0... Skip loading static routing table
Routes:
Destination: 10.1.1.0/24, Mask: 255.255.255.0, Masked: 10.1.1.0, Route: ifdx-0
---------------------------------------------------------------------------------
Loading ARP table from : config/arp.conf
ARP Table:
IP addr: 10.1.1.2, dst_hwaddr: 90:E2:BA:46:F3:44
---------------------------------------------------------------------------------
done: 

Checking link statusdone
Port 0 Link Up - speed 10000 Mbps - full-duplex
CPU 1: initialization finished.
[mtcp_create_context:1359] CPU 1 is now the master thread.
[CPU 1] dpdk0 flows:      1, RX:       9(pps) (err:     0),  0.00(Gbps), TX:      10(pps),  0.00(Gbps)
[ ALL ] dpdk0 flows:      1, RX:       9(pps) (err:     0),  0.00(Gbps), TX:      10(pps),  0.00(Gbps)
[CPU 1] dpdk0 flows:      1, RX:   21772(pps) (err:     0),  0.02(Gbps), TX:   10889(pps),  0.10(Gbps)
[ ALL ] dpdk0 flows:      1, RX:   21772(pps) (err:     0),  0.02(Gbps), TX:   10889(pps),  0.10(Gbps)
[CPU 1] dpdk0 flows:      1, RX:   21635(pps) (err:     0),  0.02(Gbps), TX:   10817(pps),  0.10(Gbps)
[ ALL ] dpdk0 flows:      1, RX:   21635(pps) (err:     0),  0.02(Gbps), TX:   10817(pps),  0.10(Gbps)
[CPU 1] dpdk0 flows:      1, RX:   21648(pps) (err:     0),  0.02(Gbps), TX:   10824(pps),  0.10(Gbps)
[ ALL ] dpdk0 flows:      1, RX:   21648(pps) (err:     0),  0.02(Gbps), TX:   10824(pps),  0.10(Gbps)
[CPU 1] dpdk0 flows:      1, RX:   21394(pps) (err:     0),  0.02(Gbps), TX:   10701(pps),  0.10(Gbps)
[ ALL ] dpdk0 flows:      1, RX:   21394(pps) (err:     0),  0.02(Gbps), TX:   10701(pps),  0.10(Gbps)
[CPU 1] dpdk0 flows:      1, RX:   21569(pps) (err:     0),  0.02(Gbps), TX:   10785(pps),  0.10(Gbps)
[ ALL ] dpdk0 flows:      1, RX:   21569(pps) (err:     0),  0.02(Gbps), TX:   10785(pps),  0.10(Gbps)
[CPU 1] dpdk0 flows:      1, RX:   21610(pps) (err:     0),  0.02(Gbps), TX:   10805(pps),  0.10(Gbps)
[ ALL ] dpdk0 flows:      1, RX:   21610(pps) (err:     0),  0.02(Gbps), TX:   10805(pps),  0.10(Gbps)
[CPU 1] dpdk0 flows:      1, RX:   21431(pps) (err:     0),  0.02(Gbps), TX:   10716(pps),  0.10(Gbps)
[ ALL ] dpdk0 flows:      1, RX:   21431(pps) (err:     0),  0.02(Gbps), TX:   10716(pps),  0.10(Gbps)
[CPU 1] dpdk0 flows:      1, RX:   21293(pps) (err:     0),  0.02(Gbps), TX:   10646(pps),  0.09(Gbps)
[ ALL ] dpdk0 flows:      1, RX:   21293(pps) (err:     0),  0.02(Gbps), TX:   10646(pps),  0.09(Gbps)
[CPU 1] dpdk0 flows:      1, RX:   21265(pps) (err:     0),  0.02(Gbps), TX:   10633(pps),  0.09(Gbps)
[ ALL ] dpdk0 flows:      1, RX:   21265(pps) (err:     0),  0.02(Gbps), TX:   10633(pps),  0.09(Gbps)
[CPU 1] dpdk0 flows:      1, RX:   21617(pps) (err:     0),  0.02(Gbps), TX:   10808(pps),  0.10(Gbps)
[ ALL ] dpdk0 flows:      1, RX:   21617(pps) (err:     0),  0.02(Gbps), TX:   10808(pps),  0.10(Gbps)
[CPU 1] dpdk0 flows:      1, RX:   21702(pps) (err:     0),  0.02(Gbps), TX:   10851(pps),  0.10(Gbps)
[ ALL ] dpdk0 flows:      1, RX:   21702(pps) (err:     0),  0.02(Gbps), TX:   10851(pps),  0.10(Gbps)
[CPU 1] dpdk0 flows:      1, RX:   21663(pps) (err:     0),  0.02(Gbps), TX:   10832(pps),  0.10(Gbps)
[ ALL ] dpdk0 flows:      1, RX:   21663(pps) (err:     0),  0.02(Gbps), TX:   10832(pps),  0.10(Gbps)
[CPU 1] dpdk0 flows:      1, RX:   21610(pps) (err:     0),  0.02(Gbps), TX:   10805(pps),  0.10(Gbps)
[ ALL ] dpdk0 flows:      1, RX:   21610(pps) (err:     0),  0.02(Gbps), TX:   10805(pps),  0.10(Gbps)
[CPU 1] dpdk0 flows:      1, RX:   21598(pps) (err:     0),  0.02(Gbps), TX:   10799(pps),  0.10(Gbps)
[ ALL ] dpdk0 flows:      1, RX:   21598(pps) (err:     0),  0.02(Gbps), TX:   10799(pps),  0.10(Gbps)
[CPU 1] dpdk0 flows:      1, RX:   21602(pps) (err:     0),  0.02(Gbps), TX:   10801(pps),  0.10(Gbps)
[ ALL ] dpdk0 flows:      1, RX:   21602(pps) (err:     0),  0.02(Gbps), TX:   10801(pps),  0.10(Gbps)
[CPU 1] dpdk0 flows:      1, RX:   21614(pps) (err:     0),  0.02(Gbps), TX:   10808(pps),  0.10(Gbps)
[ ALL ] dpdk0 flows:      1, RX:   21614(pps) (err:     0),  0.02(Gbps), TX:   10808(pps),  0.10(Gbps)
[CPU 1] dpdk0 flows:      1, RX:   21626(pps) (err:     0),  0.02(Gbps), TX:   10813(pps),  0.10(Gbps)
[ ALL ] dpdk0 flows:      1, RX:   21626(pps) (err:     0),  0.02(Gbps), TX:   10813(pps),  0.10(Gbps)
[CPU 1] dpdk0 flows:      1, RX:   21610(pps) (err:     0),  0.02(Gbps), TX:   10805(pps),  0.10(Gbps)
[ ALL ] dpdk0 flows:      1, RX:   21610(pps) (err:     0),  0.02(Gbps), TX:   10805(pps),  0.10(Gbps)
[CPU 1] dpdk0 flows:      1, RX:    7891(pps) (err:     0),  0.01(Gbps), TX:    3953(pps),  0.04(Gbps)
[ ALL ] dpdk0 flows:      1, RX:    7891(pps) (err:     0),  0.01(Gbps), TX:    3953(pps),  0.04(Gbps)
[CPU 1] dpdk0 flows:      1, RX:       0(pps) (err:     0),  0.00(Gbps), TX:       3(pps),  0.00(Gbps)
[ ALL ] dpdk0 flows:      1, RX:       0(pps) (err:     0),  0.00(Gbps), TX:       3(pps),  0.00(Gbps)
[CPU 1] dpdk0 flows:      1, RX:       0(pps) (err:     0),  0.00(Gbps), TX:       2(pps),  0.00(Gbps)
[ ALL ] dpdk0 flows:      1, RX:       0(pps) (err:     0),  0.00(Gbps), TX:       2(pps),  0.00(Gbps)
[CPU 1] dpdk0 flows:      1, RX:       0(pps) (err:     0),  0.00(Gbps), TX:       3(pps),  0.00(Gbps)
[ ALL ] dpdk0 flows:      1, RX:       0(pps) (err:     0),  0.00(Gbps), TX:       3(pps),  0.00(Gbps)
[CPU 1] dpdk0 flows:      1, RX:       0(pps) (err:     0),  0.00(Gbps), TX:       1(pps),  0.00(Gbps)
[ ALL ] dpdk0 flows:      1, RX:       0(pps) (err:     0),  0.00(Gbps), TX:       1(pps),  0.00(Gbps)
[CPU 1] dpdk0 flows:      1, RX:       0(pps) (err:     0),  0.00(Gbps), TX:       0(pps),  0.00(Gbps)
[ ALL ] dpdk0 flows:      1, RX:       0(pps) (err:     0),  0.00(Gbps), TX:       0(pps),  0.00(Gbps)
[CPU 1] dpdk0 flows:      1, RX:       0(pps) (err:     0),  0.00(Gbps), TX:       0(pps),  0.00(Gbps)
[ ALL ] dpdk0 flows:      1, RX:       0(pps) (err:     0),  0.00(Gbps), TX:       0(pps),  0.00(Gbps)
[CPU 1] dpdk0 flows:      1, RX:       0(pps) (err:     0),  0.00(Gbps), TX:       0(pps),  0.00(Gbps)
[ ALL ] dpdk0 flows:      1, RX:       0(pps) (err:     0),  0.00(Gbps), TX:       0(pps),  0.00(Gbps)
[CPU 1] dpdk0 flows:      1, RX:       0(pps) (err:     0),  0.00(Gbps), TX:       0(pps),  0.00(Gbps)
[ ALL ] dpdk0 flows:      1, RX:       0(pps) (err:     0),  0.00(Gbps), TX:       0(pps),  0.00(Gbps)
[CPU 1] dpdk0 flows:      1, RX:       0(pps) (err:     0),  0.00(Gbps), TX:       0(pps),  0.00(Gbps)
[ ALL ] dpdk0 flows:      1, RX:       0(pps) (err:     0),  0.00(Gbps), TX:       0(pps),  0.00(Gbps)
[CPU 1] dpdk0 flows:      1, RX:       0(pps) (err:     0),  0.00(Gbps), TX:       0(pps),  0.00(Gbps)
[ ALL ] dpdk0 flows:      1, RX:       0(pps) (err:     0),  0.00(Gbps), TX:       0(pps),  0.00(Gbps)
[CPU 1] dpdk0 flows:      1, RX:       0(pps) (err:     0),  0.00(Gbps), TX:       0(pps),  0.00(Gbps)
[ ALL ] dpdk0 flows:      1, RX:       0(pps) (err:     0),  0.00(Gbps), TX:       0(pps),  0.00(Gbps)
