---------------------------------------------------------------------------------
Loading mtcp configuration from : perf.conf
EAL: Probing VFIO support...
EAL: VFIO support initialized
EAL: PCI device 0000:1a:00.1 on NUMA socket -1
EAL:   Invalid NUMA socket, default to 0
EAL:   probe driver: 8086:10fb net_ixgbe
EAL:   using IOMMU type 1 (Type 1)
Loading interface setting
EAL: Detected 6 lcore(s)
EAL: Detected 1 NUMA nodes
EAL: Auto-detected process type: PRIMARY
EAL: Multi-process socket /var/run/dpdk/rte/mp_socket
EAL: No free hugepages reported in hugepages-1048576kB
EAL: Ignore mapping IO port bar(2)
EAL: Auto-detected process type: PRIMARY
Total number of attached devices: 1
Interface name: dpdk0
Configurations:
Number of CPU cores available: 3
Number of CPU cores to use: 3
Maximum number of concurrency per core: 10000
Maximum number of preallocated buffers per core: 10000
Receive buffer size: 102400
Send buffer size: 102400
TCP timeout seconds: 30
TCP timewait seconds: 0
NICs to print statistics: dpdk0
---------------------------------------------------------------------------------
Interfaces:
name: dpdk0, ifindex: 0, hwaddr: 90:E2:BA:46:F2:25, ipaddr: 10.1.1.1, netmask: 255.255.255.0
Number of NIC queues: 3
---------------------------------------------------------------------------------
Loading routing configurations from : config/route.conf
fopen: No such file or directory
Skip loading static routing table
Routes:
Destination: 10.1.1.0/24, Mask: 255.255.255.0, Masked: 10.1.1.0, Route: ifdx-0
---------------------------------------------------------------------------------
Loading ARP table from : config/arp.conf
Initializing port 0... ARP Table:
IP addr: 10.1.1.2, dst_hwaddr: 90:E2:BA:46:F3:44
---------------------------------------------------------------------------------
done: 

Checking link statusdone
Port 0 Link Up - speed 10000 Mbps - full-duplex
CPU 1: initialization finished.
[mtcp_create_context:1359] CPU 1 is now the master thread.
[CPU 1] dpdk0 flows:      1, RX:      49(pps) (err:     0),  0.00(Gbps), TX:     126(pps),  0.00(Gbps)
[ ALL ] dpdk0 flows:      1, RX:      49(pps) (err:     0),  0.00(Gbps), TX:     126(pps),  0.00(Gbps)
[CPU 1] dpdk0 flows:      1, RX:  115139(pps) (err:     0),  0.08(Gbps), TX: 1071098(pps),  9.91(Gbps)
[ ALL ] dpdk0 flows:      1, RX:  115139(pps) (err:     0),  0.08(Gbps), TX: 1071098(pps),  9.91(Gbps)
[CPU 1] dpdk0 flows:      1, RX:  115924(pps) (err:     0),  0.08(Gbps), TX: 1072142(pps),  9.92(Gbps)
[ ALL ] dpdk0 flows:      1, RX:  115924(pps) (err:     0),  0.08(Gbps), TX: 1072142(pps),  9.92(Gbps)
[CPU 1] dpdk0 flows:      1, RX:  114536(pps) (err:     0),  0.08(Gbps), TX: 1076669(pps),  9.97(Gbps)
[ ALL ] dpdk0 flows:      1, RX:  114536(pps) (err:     0),  0.08(Gbps), TX: 1076669(pps),  9.97(Gbps)
[CPU 1] dpdk0 flows:      1, RX:  114608(pps) (err:     0),  0.08(Gbps), TX: 1076236(pps),  9.96(Gbps)
[ ALL ] dpdk0 flows:      1, RX:  114608(pps) (err:     0),  0.08(Gbps), TX: 1076236(pps),  9.96(Gbps)
[CPU 1] dpdk0 flows:      1, RX:  114707(pps) (err:     0),  0.08(Gbps), TX: 1076686(pps),  9.97(Gbps)
[ ALL ] dpdk0 flows:      1, RX:  114707(pps) (err:     0),  0.08(Gbps), TX: 1076686(pps),  9.97(Gbps)
[CPU 1] dpdk0 flows:      1, RX:  114632(pps) (err:     0),  0.08(Gbps), TX: 1076278(pps),  9.96(Gbps)
[ ALL ] dpdk0 flows:      1, RX:  114632(pps) (err:     0),  0.08(Gbps), TX: 1076278(pps),  9.96(Gbps)
[CPU 1] dpdk0 flows:      1, RX:  114626(pps) (err:     0),  0.08(Gbps), TX: 1076100(pps),  9.96(Gbps)
[ ALL ] dpdk0 flows:      1, RX:  114626(pps) (err:     0),  0.08(Gbps), TX: 1076100(pps),  9.96(Gbps)
[CPU 1] dpdk0 flows:      1, RX:  114696(pps) (err:     0),  0.08(Gbps), TX: 1075329(pps),  9.95(Gbps)
[ ALL ] dpdk0 flows:      1, RX:  114696(pps) (err:     0),  0.08(Gbps), TX: 1075329(pps),  9.95(Gbps)
[CPU 1] dpdk0 flows:      1, RX:  113970(pps) (err:     0),  0.08(Gbps), TX: 1055210(pps),  9.77(Gbps)
[ ALL ] dpdk0 flows:      1, RX:  113970(pps) (err:     0),  0.08(Gbps), TX: 1055210(pps),  9.77(Gbps)
[CPU 1] dpdk0 flows:      1, RX:  114712(pps) (err:     0),  0.08(Gbps), TX: 1076591(pps),  9.96(Gbps)
[ ALL ] dpdk0 flows:      1, RX:  114712(pps) (err:     0),  0.08(Gbps), TX: 1076591(pps),  9.96(Gbps)
[CPU 1] dpdk0 flows:      1, RX:  114744(pps) (err:     0),  0.08(Gbps), TX: 1076477(pps),  9.96(Gbps)
[ ALL ] dpdk0 flows:      1, RX:  114744(pps) (err:     0),  0.08(Gbps), TX: 1076477(pps),  9.96(Gbps)
[CPU 1] dpdk0 flows:      1, RX:  110952(pps) (err:     0),  0.08(Gbps), TX: 1014615(pps),  9.39(Gbps)
[ ALL ] dpdk0 flows:      1, RX:  110952(pps) (err:     0),  0.08(Gbps), TX: 1014615(pps),  9.39(Gbps)
[CPU 1] dpdk0 flows:      1, RX:  115127(pps) (err:     0),  0.08(Gbps), TX: 1073589(pps),  9.94(Gbps)
[ ALL ] dpdk0 flows:      1, RX:  115127(pps) (err:     0),  0.08(Gbps), TX: 1073589(pps),  9.94(Gbps)
[CPU 1] dpdk0 flows:      1, RX:  115890(pps) (err:     0),  0.08(Gbps), TX: 1071910(pps),  9.92(Gbps)
[ ALL ] dpdk0 flows:      1, RX:  115890(pps) (err:     0),  0.08(Gbps), TX: 1071910(pps),  9.92(Gbps)
[CPU 1] dpdk0 flows:      1, RX:  115508(pps) (err:     0),  0.08(Gbps), TX: 1068148(pps),  9.89(Gbps)
[ ALL ] dpdk0 flows:      1, RX:  115508(pps) (err:     0),  0.08(Gbps), TX: 1068148(pps),  9.89(Gbps)
[CPU 1] dpdk0 flows:      1, RX:   64312(pps) (err:     0),  0.05(Gbps), TX:  592636(pps),  5.49(Gbps)
[ ALL ] dpdk0 flows:      1, RX:   64312(pps) (err:     0),  0.05(Gbps), TX:  592636(pps),  5.49(Gbps)
[CPU 1] dpdk0 flows:      1, RX:       0(pps) (err:     0),  0.00(Gbps), TX:       0(pps),  0.00(Gbps)
[ ALL ] dpdk0 flows:      1, RX:       0(pps) (err:     0),  0.00(Gbps), TX:       0(pps),  0.00(Gbps)
[CPU 1] dpdk0 flows:      1, RX:       0(pps) (err:     0),  0.00(Gbps), TX:       0(pps),  0.00(Gbps)
[ ALL ] dpdk0 flows:      1, RX:       0(pps) (err:     0),  0.00(Gbps), TX:       0(pps),  0.00(Gbps)
[CPU 1] dpdk0 flows:      1, RX:       0(pps) (err:     0),  0.00(Gbps), TX:       0(pps),  0.00(Gbps)
[ ALL ] dpdk0 flows:      1, RX:       0(pps) (err:     0),  0.00(Gbps), TX:       0(pps),  0.00(Gbps)
[CPU 1] dpdk0 flows:      1, RX:       0(pps) (err:     0),  0.00(Gbps), TX:       0(pps),  0.00(Gbps)
[ ALL ] dpdk0 flows:      1, RX:       0(pps) (err:     0),  0.00(Gbps), TX:       0(pps),  0.00(Gbps)
[CPU 1] dpdk0 flows:      1, RX:       0(pps) (err:     0),  0.00(Gbps), TX:       0(pps),  0.00(Gbps)
[ ALL ] dpdk0 flows:      1, RX:       0(pps) (err:     0),  0.00(Gbps), TX:       0(pps),  0.00(Gbps)
[CPU 1] dpdk0 flows:      1, RX:       0(pps) (err:     0),  0.00(Gbps), TX:       0(pps),  0.00(Gbps)
[ ALL ] dpdk0 flows:      1, RX:       0(pps) (err:     0),  0.00(Gbps), TX:       0(pps),  0.00(Gbps)
[CPU 1] dpdk0 flows:      1, RX:       0(pps) (err:     0),  0.00(Gbps), TX:       0(pps),  0.00(Gbps)
[ ALL ] dpdk0 flows:      1, RX:       0(pps) (err:     0),  0.00(Gbps), TX:       0(pps),  0.00(Gbps)
[CPU 1] dpdk0 flows:      1, RX:       0(pps) (err:     0),  0.00(Gbps), TX:       0(pps),  0.00(Gbps)
[ ALL ] dpdk0 flows:      1, RX:       0(pps) (err:     0),  0.00(Gbps), TX:       0(pps),  0.00(Gbps)
[CPU 1] dpdk0 flows:      1, RX:       0(pps) (err:     0),  0.00(Gbps), TX:       0(pps),  0.00(Gbps)
[ ALL ] dpdk0 flows:      1, RX:       0(pps) (err:     0),  0.00(Gbps), TX:       0(pps),  0.00(Gbps)
[CPU 1] dpdk0 flows:      1, RX:       0(pps) (err:     0),  0.00(Gbps), TX:       0(pps),  0.00(Gbps)
[ ALL ] dpdk0 flows:      1, RX:       0(pps) (err:     0),  0.00(Gbps), TX:       0(pps),  0.00(Gbps)
[CPU 1] dpdk0 flows:      1, RX:       0(pps) (err:     0),  0.00(Gbps), TX:       0(pps),  0.00(Gbps)
[ ALL ] dpdk0 flows:      1, RX:       0(pps) (err:     0),  0.00(Gbps), TX:       0(pps),  0.00(Gbps)
[CPU 1] dpdk0 flows:      1, RX:       0(pps) (err:     0),  0.00(Gbps), TX:       0(pps),  0.00(Gbps)
[ ALL ] dpdk0 flows:      1, RX:       0(pps) (err:     0),  0.00(Gbps), TX:       0(pps),  0.00(Gbps)
[CPU 1] dpdk0 flows:      1, RX:       0(pps) (err:     0),  0.00(Gbps), TX:       0(pps),  0.00(Gbps)
[ ALL ] dpdk0 flows:      1, RX:       0(pps) (err:     0),  0.00(Gbps), TX:       0(pps),  0.00(Gbps)
[CPU 1] dpdk0 flows:      1, RX:       0(pps) (err:     0),  0.00(Gbps), TX:       0(pps),  0.00(Gbps)
[ ALL ] dpdk0 flows:      1, RX:       0(pps) (err:     0),  0.00(Gbps), TX:       0(pps),  0.00(Gbps)
