---------------------------------------------------------------------------------
Loading mtcp configuration from : perf.conf
Loading interface setting
EAL: Detected 6 lcore(s)
EAL: Detected 1 NUMA nodes
EAL: Auto-detected process type: PRIMARY
EAL: Multi-process socket /var/run/dpdk/rte/mp_socket
EAL: Probing VFIO support...
EAL: No free hugepages reported in hugepages-1048576kB
EAL: VFIO support initialized
EAL: PCI device 0000:1a:00.1 on NUMA socket -1
EAL:   Invalid NUMA socket, default to 0
EAL:   probe driver: 8086:10fb net_ixgbe
EAL:   using IOMMU type 1 (Type 1)
EAL: Ignore mapping IO port bar(2)
Total number of attached devices: 1
EAL: Auto-detected process type: PRIMARY
Interface name: dpdk0
Configurations:
Number of CPU cores available: 3
Number of CPU cores to use: 3
Maximum number of concurrency per core: 10000
Maximum number of preallocated buffers per core: 10000
Receive buffer size: 102400
Send buffer size: 102400
TCP timeout seconds: 30
TCP timewait seconds: 0
NICs to print statistics: dpdk0
---------------------------------------------------------------------------------
Interfaces:
name: dpdk0, ifindex: 0, hwaddr: 90:E2:BA:46:F2:25, ipaddr: 10.1.1.1, netmask: 255.255.255.0
Number of NIC queues: 3
---------------------------------------------------------------------------------
Loading routing configurations from : config/route.conf
fopen: No such file or directory
Skip loading static routing table
Routes:
Destination: 10.1.1.0/24, Mask: 255.255.255.0, Masked: 10.1.1.0, Route: ifdx-0
---------------------------------------------------------------------------------
Loading ARP table from : config/arp.conf
ARP Table:
IP addr: 10.1.1.2, dst_hwaddr: 90:E2:BA:46:F3:44
---------------------------------------------------------------------------------
Initializing port 0... done: 

Checking link statusdone
Port 0 Link Up - speed 10000 Mbps - full-duplex
CPU 1: initialization finished.
[mtcp_create_context:1359] CPU 1 is now the master thread.
[CPU 1] dpdk0 flows:      1, RX:     114(pps) (err:     0),  0.00(Gbps), TX:     372(pps),  0.00(Gbps)
[ ALL ] dpdk0 flows:      1, RX:     114(pps) (err:     0),  0.00(Gbps), TX:     372(pps),  0.00(Gbps)
[CPU 1] dpdk0 flows:      1, RX:   52315(pps) (err:     0),  0.04(Gbps), TX: 1662660(pps),  8.60(Gbps)
[ ALL ] dpdk0 flows:      1, RX:   52315(pps) (err:     0),  0.04(Gbps), TX: 1662660(pps),  8.60(Gbps)
[CPU 1] dpdk0 flows:      1, RX:   52368(pps) (err:     0),  0.04(Gbps), TX: 1669663(pps),  8.64(Gbps)
[ ALL ] dpdk0 flows:      1, RX:   52368(pps) (err:     0),  0.04(Gbps), TX: 1669663(pps),  8.64(Gbps)
[CPU 1] dpdk0 flows:      1, RX:   52382(pps) (err:     0),  0.04(Gbps), TX: 1671010(pps),  8.65(Gbps)
[ ALL ] dpdk0 flows:      1, RX:   52382(pps) (err:     0),  0.04(Gbps), TX: 1671010(pps),  8.65(Gbps)
[CPU 1] dpdk0 flows:      1, RX:   52251(pps) (err:     0),  0.04(Gbps), TX: 1668352(pps),  8.63(Gbps)
[ ALL ] dpdk0 flows:      1, RX:   52251(pps) (err:     0),  0.04(Gbps), TX: 1668352(pps),  8.63(Gbps)
[CPU 1] dpdk0 flows:      1, RX:   52391(pps) (err:     0),  0.04(Gbps), TX: 1672319(pps),  8.65(Gbps)
[ ALL ] dpdk0 flows:      1, RX:   52391(pps) (err:     0),  0.04(Gbps), TX: 1672319(pps),  8.65(Gbps)
[CPU 1] dpdk0 flows:      1, RX:   52389(pps) (err:     0),  0.04(Gbps), TX: 1672064(pps),  8.65(Gbps)
[ ALL ] dpdk0 flows:      1, RX:   52389(pps) (err:     0),  0.04(Gbps), TX: 1672064(pps),  8.65(Gbps)
[CPU 1] dpdk0 flows:      1, RX:   52396(pps) (err:     0),  0.04(Gbps), TX: 1672863(pps),  8.66(Gbps)
[ ALL ] dpdk0 flows:      1, RX:   52396(pps) (err:     0),  0.04(Gbps), TX: 1672863(pps),  8.66(Gbps)
[CPU 1] dpdk0 flows:      1, RX:   52437(pps) (err:     0),  0.04(Gbps), TX: 1672960(pps),  8.66(Gbps)
[ ALL ] dpdk0 flows:      1, RX:   52437(pps) (err:     0),  0.04(Gbps), TX: 1672960(pps),  8.66(Gbps)
[CPU 1] dpdk0 flows:      1, RX:   52413(pps) (err:     0),  0.04(Gbps), TX: 1672506(pps),  8.65(Gbps)
[ ALL ] dpdk0 flows:      1, RX:   52413(pps) (err:     0),  0.04(Gbps), TX: 1672506(pps),  8.65(Gbps)
[CPU 1] dpdk0 flows:      1, RX:   49958(pps) (err:     0),  0.04(Gbps), TX: 1580071(pps),  8.18(Gbps)
[ ALL ] dpdk0 flows:      1, RX:   49958(pps) (err:     0),  0.04(Gbps), TX: 1580071(pps),  8.18(Gbps)
[CPU 1] dpdk0 flows:      1, RX:   51159(pps) (err:     0),  0.04(Gbps), TX: 1623646(pps),  8.40(Gbps)
[ ALL ] dpdk0 flows:      1, RX:   51159(pps) (err:     0),  0.04(Gbps), TX: 1623646(pps),  8.40(Gbps)
[CPU 1] dpdk0 flows:      1, RX:   52199(pps) (err:     0),  0.04(Gbps), TX: 1657665(pps),  8.58(Gbps)
[ ALL ] dpdk0 flows:      1, RX:   52199(pps) (err:     0),  0.04(Gbps), TX: 1657665(pps),  8.58(Gbps)
[CPU 1] dpdk0 flows:      1, RX:   52332(pps) (err:     0),  0.04(Gbps), TX: 1665341(pps),  8.62(Gbps)
[ ALL ] dpdk0 flows:      1, RX:   52332(pps) (err:     0),  0.04(Gbps), TX: 1665341(pps),  8.62(Gbps)
[CPU 1] dpdk0 flows:      1, RX:   16309(pps) (err:     0),  0.01(Gbps), TX:  518532(pps),  2.68(Gbps)
[ ALL ] dpdk0 flows:      1, RX:   16309(pps) (err:     0),  0.01(Gbps), TX:  518532(pps),  2.68(Gbps)
[CPU 1] dpdk0 flows:      1, RX:       0(pps) (err:     0),  0.00(Gbps), TX:       3(pps),  0.00(Gbps)
[ ALL ] dpdk0 flows:      1, RX:       0(pps) (err:     0),  0.00(Gbps), TX:       3(pps),  0.00(Gbps)
[CPU 1] dpdk0 flows:      1, RX:       0(pps) (err:     0),  0.00(Gbps), TX:       2(pps),  0.00(Gbps)
[ ALL ] dpdk0 flows:      1, RX:       0(pps) (err:     0),  0.00(Gbps), TX:       2(pps),  0.00(Gbps)
[CPU 1] dpdk0 flows:      1, RX:       0(pps) (err:     0),  0.00(Gbps), TX:       3(pps),  0.00(Gbps)
[ ALL ] dpdk0 flows:      1, RX:       0(pps) (err:     0),  0.00(Gbps), TX:       3(pps),  0.00(Gbps)
[CPU 1] dpdk0 flows:      1, RX:       0(pps) (err:     0),  0.00(Gbps), TX:       1(pps),  0.00(Gbps)
[ ALL ] dpdk0 flows:      1, RX:       0(pps) (err:     0),  0.00(Gbps), TX:       1(pps),  0.00(Gbps)
[CPU 1] dpdk0 flows:      1, RX:       0(pps) (err:     0),  0.00(Gbps), TX:       0(pps),  0.00(Gbps)
[ ALL ] dpdk0 flows:      1, RX:       0(pps) (err:     0),  0.00(Gbps), TX:       0(pps),  0.00(Gbps)
[CPU 1] dpdk0 flows:      1, RX:       0(pps) (err:     0),  0.00(Gbps), TX:       0(pps),  0.00(Gbps)
[ ALL ] dpdk0 flows:      1, RX:       0(pps) (err:     0),  0.00(Gbps), TX:       0(pps),  0.00(Gbps)
[CPU 1] dpdk0 flows:      1, RX:       0(pps) (err:     0),  0.00(Gbps), TX:       0(pps),  0.00(Gbps)
[ ALL ] dpdk0 flows:      1, RX:       0(pps) (err:     0),  0.00(Gbps), TX:       0(pps),  0.00(Gbps)
[CPU 1] dpdk0 flows:      1, RX:       0(pps) (err:     0),  0.00(Gbps), TX:       0(pps),  0.00(Gbps)
[ ALL ] dpdk0 flows:      1, RX:       0(pps) (err:     0),  0.00(Gbps), TX:       0(pps),  0.00(Gbps)
[CPU 1] dpdk0 flows:      1, RX:       0(pps) (err:     0),  0.00(Gbps), TX:       0(pps),  0.00(Gbps)
[ ALL ] dpdk0 flows:      1, RX:       0(pps) (err:     0),  0.00(Gbps), TX:       0(pps),  0.00(Gbps)
[CPU 1] dpdk0 flows:      1, RX:       0(pps) (err:     0),  0.00(Gbps), TX:       0(pps),  0.00(Gbps)
[ ALL ] dpdk0 flows:      1, RX:       0(pps) (err:     0),  0.00(Gbps), TX:       0(pps),  0.00(Gbps)
