---------------------------------------------------------------------------------
Loading mtcp configuration from : perf.conf
EAL: Probing VFIO support...
EAL: VFIO support initialized
Loading interface setting
EAL: Detected 6 lcore(s)
EAL: Detected 1 NUMA nodes
EAL: Auto-detected process type: PRIMARY
EAL: Multi-process socket /var/run/dpdk/rte/mp_socket
EAL: No free hugepages reported in hugepages-1048576kB
EAL: PCI device 0000:1a:00.1 on NUMA socket -1
EAL:   Invalid NUMA socket, default to 0
EAL:   probe driver: 8086:10fb net_ixgbe
EAL:   using IOMMU type 1 (Type 1)
EAL: Ignore mapping IO port bar(2)
EAL: Auto-detected process type: PRIMARY
Total number of attached devices: 1
Interface name: dpdk0
Configurations:
Number of CPU cores available: 3
Number of CPU cores to use: 3
Maximum number of concurrency per core: 10000
Maximum number of preallocated buffers per core: 10000
Receive buffer size: 102400
Send buffer size: 102400
TCP timeout seconds: 30
TCP timewait seconds: 0
NICs to print statistics: dpdk0
---------------------------------------------------------------------------------
Interfaces:
name: dpdk0, ifindex: 0, hwaddr: 90:E2:BA:46:F2:25, ipaddr: 10.1.1.1, netmask: 255.255.255.0
Number of NIC queues: 3
---------------------------------------------------------------------------------
Loading routing configurations from : config/route.conf
fopen: No such file or directory
Skip loading static routing table
Routes:
Destination: 10.1.1.0/24, Mask: 255.255.255.0, Masked: 10.1.1.0, Route: ifdx-0
---------------------------------------------------------------------------------
Loading ARP table from : config/arp.conf
Initializing port 0... ARP Table:
IP addr: 10.1.1.2, dst_hwaddr: 90:E2:BA:46:F3:44
---------------------------------------------------------------------------------
done: 

Checking link statusdone
Port 0 Link Up - speed 10000 Mbps - full-duplex
CPU 1: initialization finished.
[mtcp_create_context:1359] CPU 1 is now the master thread.
[CPU 1] dpdk0 flows:      1, RX:       6(pps) (err:     0),  0.00(Gbps), TX:      16(pps),  0.00(Gbps)
[ ALL ] dpdk0 flows:      1, RX:       6(pps) (err:     0),  0.00(Gbps), TX:      16(pps),  0.00(Gbps)
[CPU 1] dpdk0 flows:      1, RX:  125484(pps) (err:     0),  0.09(Gbps), TX:  996186(pps),  9.89(Gbps)
[ ALL ] dpdk0 flows:      1, RX:  125484(pps) (err:     0),  0.09(Gbps), TX:  996186(pps),  9.89(Gbps)
[CPU 1] dpdk0 flows:      1, RX:  125989(pps) (err:     0),  0.09(Gbps), TX:  998191(pps),  9.91(Gbps)
[ ALL ] dpdk0 flows:      1, RX:  125989(pps) (err:     0),  0.09(Gbps), TX:  998191(pps),  9.91(Gbps)
[CPU 1] dpdk0 flows:      1, RX:  124403(pps) (err:     0),  0.09(Gbps), TX: 1002644(pps),  9.96(Gbps)
[ ALL ] dpdk0 flows:      1, RX:  124403(pps) (err:     0),  0.09(Gbps), TX: 1002644(pps),  9.96(Gbps)
[CPU 1] dpdk0 flows:      1, RX:  124545(pps) (err:     0),  0.09(Gbps), TX: 1002796(pps),  9.96(Gbps)
[ ALL ] dpdk0 flows:      1, RX:  124545(pps) (err:     0),  0.09(Gbps), TX: 1002796(pps),  9.96(Gbps)
[CPU 1] dpdk0 flows:      1, RX:  124607(pps) (err:     0),  0.09(Gbps), TX: 1003036(pps),  9.96(Gbps)
[ ALL ] dpdk0 flows:      1, RX:  124607(pps) (err:     0),  0.09(Gbps), TX: 1003036(pps),  9.96(Gbps)
[CPU 1] dpdk0 flows:      1, RX:  124600(pps) (err:     0),  0.09(Gbps), TX: 1002454(pps),  9.96(Gbps)
[ ALL ] dpdk0 flows:      1, RX:  124600(pps) (err:     0),  0.09(Gbps), TX: 1002454(pps),  9.96(Gbps)
[CPU 1] dpdk0 flows:      1, RX:  124547(pps) (err:     0),  0.09(Gbps), TX: 1003302(pps),  9.97(Gbps)
[ ALL ] dpdk0 flows:      1, RX:  124547(pps) (err:     0),  0.09(Gbps), TX: 1003302(pps),  9.97(Gbps)
[CPU 1] dpdk0 flows:      1, RX:  124521(pps) (err:     0),  0.09(Gbps), TX: 1002900(pps),  9.96(Gbps)
[ ALL ] dpdk0 flows:      1, RX:  124521(pps) (err:     0),  0.09(Gbps), TX: 1002900(pps),  9.96(Gbps)
[CPU 1] dpdk0 flows:      1, RX:  124399(pps) (err:     0),  0.09(Gbps), TX: 1002696(pps),  9.96(Gbps)
[ ALL ] dpdk0 flows:      1, RX:  124399(pps) (err:     0),  0.09(Gbps), TX: 1002696(pps),  9.96(Gbps)
[CPU 1] dpdk0 flows:      1, RX:  124573(pps) (err:     0),  0.09(Gbps), TX: 1001296(pps),  9.95(Gbps)
[ ALL ] dpdk0 flows:      1, RX:  124573(pps) (err:     0),  0.09(Gbps), TX: 1001296(pps),  9.95(Gbps)
[CPU 1] dpdk0 flows:      1, RX:  120443(pps) (err:     0),  0.09(Gbps), TX:  955708(pps),  9.49(Gbps)
[ ALL ] dpdk0 flows:      1, RX:  120443(pps) (err:     0),  0.09(Gbps), TX:  955708(pps),  9.49(Gbps)
[CPU 1] dpdk0 flows:      1, RX:  128248(pps) (err:     0),  0.09(Gbps), TX:  972849(pps),  9.66(Gbps)
[ ALL ] dpdk0 flows:      1, RX:  128248(pps) (err:     0),  0.09(Gbps), TX:  972849(pps),  9.66(Gbps)
[CPU 1] dpdk0 flows:      1, RX:  126448(pps) (err:     0),  0.09(Gbps), TX:  997488(pps),  9.91(Gbps)
[ ALL ] dpdk0 flows:      1, RX:  126448(pps) (err:     0),  0.09(Gbps), TX:  997488(pps),  9.91(Gbps)
[CPU 1] dpdk0 flows:      1, RX:  126930(pps) (err:     0),  0.09(Gbps), TX:  999922(pps),  9.93(Gbps)
[ ALL ] dpdk0 flows:      1, RX:  126930(pps) (err:     0),  0.09(Gbps), TX:  999922(pps),  9.93(Gbps)
[CPU 1] dpdk0 flows:      1, RX:  127580(pps) (err:     0),  0.09(Gbps), TX:  993052(pps),  9.86(Gbps)
[ ALL ] dpdk0 flows:      1, RX:  127580(pps) (err:     0),  0.09(Gbps), TX:  993052(pps),  9.86(Gbps)
[CPU 1] dpdk0 flows:      1, RX:   71615(pps) (err:     0),  0.05(Gbps), TX:  563738(pps),  5.60(Gbps)
[ ALL ] dpdk0 flows:      1, RX:   71615(pps) (err:     0),  0.05(Gbps), TX:  563738(pps),  5.60(Gbps)
[CPU 1] dpdk0 flows:      1, RX:       0(pps) (err:     0),  0.00(Gbps), TX:       0(pps),  0.00(Gbps)
[ ALL ] dpdk0 flows:      1, RX:       0(pps) (err:     0),  0.00(Gbps), TX:       0(pps),  0.00(Gbps)
[CPU 1] dpdk0 flows:      1, RX:       0(pps) (err:     0),  0.00(Gbps), TX:       0(pps),  0.00(Gbps)
[ ALL ] dpdk0 flows:      1, RX:       0(pps) (err:     0),  0.00(Gbps), TX:       0(pps),  0.00(Gbps)
[CPU 1] dpdk0 flows:      1, RX:       0(pps) (err:     0),  0.00(Gbps), TX:       0(pps),  0.00(Gbps)
[ ALL ] dpdk0 flows:      1, RX:       0(pps) (err:     0),  0.00(Gbps), TX:       0(pps),  0.00(Gbps)
[CPU 1] dpdk0 flows:      1, RX:       0(pps) (err:     0),  0.00(Gbps), TX:       0(pps),  0.00(Gbps)
[ ALL ] dpdk0 flows:      1, RX:       0(pps) (err:     0),  0.00(Gbps), TX:       0(pps),  0.00(Gbps)
[CPU 1] dpdk0 flows:      1, RX:       0(pps) (err:     0),  0.00(Gbps), TX:       0(pps),  0.00(Gbps)
[ ALL ] dpdk0 flows:      1, RX:       0(pps) (err:     0),  0.00(Gbps), TX:       0(pps),  0.00(Gbps)
[CPU 1] dpdk0 flows:      1, RX:       0(pps) (err:     0),  0.00(Gbps), TX:       0(pps),  0.00(Gbps)
[ ALL ] dpdk0 flows:      1, RX:       0(pps) (err:     0),  0.00(Gbps), TX:       0(pps),  0.00(Gbps)
[CPU 1] dpdk0 flows:      1, RX:       0(pps) (err:     0),  0.00(Gbps), TX:       0(pps),  0.00(Gbps)
[ ALL ] dpdk0 flows:      1, RX:       0(pps) (err:     0),  0.00(Gbps), TX:       0(pps),  0.00(Gbps)
[CPU 1] dpdk0 flows:      1, RX:       0(pps) (err:     0),  0.00(Gbps), TX:       0(pps),  0.00(Gbps)
[ ALL ] dpdk0 flows:      1, RX:       0(pps) (err:     0),  0.00(Gbps), TX:       0(pps),  0.00(Gbps)
[CPU 1] dpdk0 flows:      1, RX:       0(pps) (err:     0),  0.00(Gbps), TX:       0(pps),  0.00(Gbps)
[ ALL ] dpdk0 flows:      1, RX:       0(pps) (err:     0),  0.00(Gbps), TX:       0(pps),  0.00(Gbps)
[CPU 1] dpdk0 flows:      1, RX:       0(pps) (err:     0),  0.00(Gbps), TX:       0(pps),  0.00(Gbps)
[ ALL ] dpdk0 flows:      1, RX:       0(pps) (err:     0),  0.00(Gbps), TX:       0(pps),  0.00(Gbps)
[CPU 1] dpdk0 flows:      1, RX:       0(pps) (err:     0),  0.00(Gbps), TX:       0(pps),  0.00(Gbps)
[ ALL ] dpdk0 flows:      1, RX:       0(pps) (err:     0),  0.00(Gbps), TX:       0(pps),  0.00(Gbps)
[CPU 1] dpdk0 flows:      1, RX:       0(pps) (err:     0),  0.00(Gbps), TX:       0(pps),  0.00(Gbps)
[ ALL ] dpdk0 flows:      1, RX:       0(pps) (err:     0),  0.00(Gbps), TX:       0(pps),  0.00(Gbps)
[CPU 1] dpdk0 flows:      1, RX:       0(pps) (err:     0),  0.00(Gbps), TX:       0(pps),  0.00(Gbps)
[ ALL ] dpdk0 flows:      1, RX:       0(pps) (err:     0),  0.00(Gbps), TX:       0(pps),  0.00(Gbps)
