---------------------------------------------------------------------------------
Loading mtcp configuration from : perf.conf
EAL: Probing VFIO support...
EAL: VFIO support initialized
Loading interface setting
EAL: Detected 6 lcore(s)
EAL: Detected 1 NUMA nodes
EAL: Auto-detected process type: PRIMARY
EAL: Multi-process socket /var/run/dpdk/rte/mp_socket
EAL: No free hugepages reported in hugepages-1048576kB
EAL: PCI device 0000:1a:00.1 on NUMA socket -1
EAL:   Invalid NUMA socket, default to 0
EAL:   probe driver: 8086:10fb net_ixgbe
EAL:   using IOMMU type 1 (Type 1)
EAL: Ignore mapping IO port bar(2)
EAL: Auto-detected process type: PRIMARY
Total number of attached devices: 1
Interface name: dpdk0
Configurations:
Number of CPU cores available: 3
Number of CPU cores to use: 3
Maximum number of concurrency per core: 10000
Maximum number of preallocated buffers per core: 10000
Receive buffer size: 102400
Send buffer size: 102400
TCP timeout seconds: 30
TCP timewait seconds: 0
NICs to print statistics: dpdk0
---------------------------------------------------------------------------------
Interfaces:
name: dpdk0, ifindex: 0, hwaddr: 90:E2:BA:46:F2:25, ipaddr: 10.1.1.1, netmask: 255.255.255.0
Number of NIC queues: 3
---------------------------------------------------------------------------------
Loading routing configurations from : config/route.conf
fopen: No such file or directory
Skip loading static routing table
Routes:
Destination: 10.1.1.0/24, Mask: 255.255.255.0, Masked: 10.1.1.0, Route: ifdx-0
---------------------------------------------------------------------------------
Loading ARP table from : config/arp.conf
Initializing port 0... done: 

Checking link status.ARP Table:
IP addr: 10.1.1.2, dst_hwaddr: 90:E2:BA:46:F3:44
---------------------------------------------------------------------------------
done
Port 0 Link Up - speed 10000 Mbps - full-duplex
CPU 1: initialization finished.
[mtcp_create_context:1359] CPU 1 is now the master thread.
[CPU 1] dpdk0 flows:      1, RX:      61(pps) (err:     0),  0.00(Gbps), TX:     239(pps),  0.00(Gbps)
[ ALL ] dpdk0 flows:      1, RX:      61(pps) (err:     0),  0.00(Gbps), TX:     239(pps),  0.00(Gbps)
[CPU 1] dpdk0 flows:      1, RX:   55585(pps) (err:     0),  0.04(Gbps), TX: 1769966(pps),  7.05(Gbps)
[ ALL ] dpdk0 flows:      1, RX:   55585(pps) (err:     0),  0.04(Gbps), TX: 1769966(pps),  7.05(Gbps)
[CPU 1] dpdk0 flows:      1, RX:   55552(pps) (err:     0),  0.04(Gbps), TX: 1775359(pps),  7.07(Gbps)
[ ALL ] dpdk0 flows:      1, RX:   55552(pps) (err:     0),  0.04(Gbps), TX: 1775359(pps),  7.07(Gbps)
[CPU 1] dpdk0 flows:      1, RX:   55550(pps) (err:     0),  0.04(Gbps), TX: 1775422(pps),  7.07(Gbps)
[ ALL ] dpdk0 flows:      1, RX:   55550(pps) (err:     0),  0.04(Gbps), TX: 1775422(pps),  7.07(Gbps)
[CPU 1] dpdk0 flows:      1, RX:   55587(pps) (err:     0),  0.04(Gbps), TX: 1776323(pps),  7.08(Gbps)
[ ALL ] dpdk0 flows:      1, RX:   55587(pps) (err:     0),  0.04(Gbps), TX: 1776323(pps),  7.08(Gbps)
[CPU 1] dpdk0 flows:      1, RX:   55571(pps) (err:     0),  0.04(Gbps), TX: 1776445(pps),  7.08(Gbps)
[ ALL ] dpdk0 flows:      1, RX:   55571(pps) (err:     0),  0.04(Gbps), TX: 1776445(pps),  7.08(Gbps)
[CPU 1] dpdk0 flows:      1, RX:   55537(pps) (err:     0),  0.04(Gbps), TX: 1775104(pps),  7.07(Gbps)
[ ALL ] dpdk0 flows:      1, RX:   55537(pps) (err:     0),  0.04(Gbps), TX: 1775104(pps),  7.07(Gbps)
[CPU 1] dpdk0 flows:      1, RX:   55442(pps) (err:     0),  0.04(Gbps), TX: 1772162(pps),  7.06(Gbps)
[ ALL ] dpdk0 flows:      1, RX:   55442(pps) (err:     0),  0.04(Gbps), TX: 1772162(pps),  7.06(Gbps)
[CPU 1] dpdk0 flows:      1, RX:   55608(pps) (err:     0),  0.04(Gbps), TX: 1777344(pps),  7.08(Gbps)
[ ALL ] dpdk0 flows:      1, RX:   55608(pps) (err:     0),  0.04(Gbps), TX: 1777344(pps),  7.08(Gbps)
[CPU 1] dpdk0 flows:      1, RX:   55446(pps) (err:     0),  0.04(Gbps), TX: 1772063(pps),  7.06(Gbps)
[ ALL ] dpdk0 flows:      1, RX:   55446(pps) (err:     0),  0.04(Gbps), TX: 1772063(pps),  7.06(Gbps)
[CPU 1] dpdk0 flows:      1, RX:   53084(pps) (err:     0),  0.04(Gbps), TX: 1691423(pps),  6.74(Gbps)
[ ALL ] dpdk0 flows:      1, RX:   53084(pps) (err:     0),  0.04(Gbps), TX: 1691423(pps),  6.74(Gbps)
[CPU 1] dpdk0 flows:      1, RX:   54756(pps) (err:     0),  0.04(Gbps), TX: 1726464(pps),  6.88(Gbps)
[ ALL ] dpdk0 flows:      1, RX:   54756(pps) (err:     0),  0.04(Gbps), TX: 1726464(pps),  6.88(Gbps)
[CPU 1] dpdk0 flows:      1, RX:   55485(pps) (err:     0),  0.04(Gbps), TX: 1772739(pps),  7.06(Gbps)
[ ALL ] dpdk0 flows:      1, RX:   55485(pps) (err:     0),  0.04(Gbps), TX: 1772739(pps),  7.06(Gbps)
[CPU 1] dpdk0 flows:      1, RX:   55417(pps) (err:     0),  0.04(Gbps), TX: 1770173(pps),  7.05(Gbps)
[ ALL ] dpdk0 flows:      1, RX:   55417(pps) (err:     0),  0.04(Gbps), TX: 1770173(pps),  7.05(Gbps)
[CPU 1] dpdk0 flows:      1, RX:   55158(pps) (err:     0),  0.04(Gbps), TX: 1760000(pps),  7.01(Gbps)
[ ALL ] dpdk0 flows:      1, RX:   55158(pps) (err:     0),  0.04(Gbps), TX: 1760000(pps),  7.01(Gbps)
[CPU 1] dpdk0 flows:      1, RX:   12746(pps) (err:     0),  0.01(Gbps), TX:  406015(pps),  1.62(Gbps)
[ ALL ] dpdk0 flows:      1, RX:   12746(pps) (err:     0),  0.01(Gbps), TX:  406015(pps),  1.62(Gbps)
[CPU 1] dpdk0 flows:      1, RX:       0(pps) (err:     0),  0.00(Gbps), TX:       0(pps),  0.00(Gbps)
[ ALL ] dpdk0 flows:      1, RX:       0(pps) (err:     0),  0.00(Gbps), TX:       0(pps),  0.00(Gbps)
[CPU 1] dpdk0 flows:      1, RX:       0(pps) (err:     0),  0.00(Gbps), TX:       0(pps),  0.00(Gbps)
[ ALL ] dpdk0 flows:      1, RX:       0(pps) (err:     0),  0.00(Gbps), TX:       0(pps),  0.00(Gbps)
[CPU 1] dpdk0 flows:      1, RX:       0(pps) (err:     0),  0.00(Gbps), TX:       0(pps),  0.00(Gbps)
[ ALL ] dpdk0 flows:      1, RX:       0(pps) (err:     0),  0.00(Gbps), TX:       0(pps),  0.00(Gbps)
[CPU 1] dpdk0 flows:      1, RX:       0(pps) (err:     0),  0.00(Gbps), TX:       0(pps),  0.00(Gbps)
[ ALL ] dpdk0 flows:      1, RX:       0(pps) (err:     0),  0.00(Gbps), TX:       0(pps),  0.00(Gbps)
[CPU 1] dpdk0 flows:      1, RX:       0(pps) (err:     0),  0.00(Gbps), TX:       0(pps),  0.00(Gbps)
[ ALL ] dpdk0 flows:      1, RX:       0(pps) (err:     0),  0.00(Gbps), TX:       0(pps),  0.00(Gbps)
[CPU 1] dpdk0 flows:      1, RX:       0(pps) (err:     0),  0.00(Gbps), TX:       0(pps),  0.00(Gbps)
[ ALL ] dpdk0 flows:      1, RX:       0(pps) (err:     0),  0.00(Gbps), TX:       0(pps),  0.00(Gbps)
[CPU 1] dpdk0 flows:      1, RX:       0(pps) (err:     0),  0.00(Gbps), TX:       0(pps),  0.00(Gbps)
[ ALL ] dpdk0 flows:      1, RX:       0(pps) (err:     0),  0.00(Gbps), TX:       0(pps),  0.00(Gbps)
[CPU 1] dpdk0 flows:      1, RX:       0(pps) (err:     0),  0.00(Gbps), TX:       0(pps),  0.00(Gbps)
[ ALL ] dpdk0 flows:      1, RX:       0(pps) (err:     0),  0.00(Gbps), TX:       0(pps),  0.00(Gbps)
[CPU 1] dpdk0 flows:      1, RX:       0(pps) (err:     0),  0.00(Gbps), TX:       0(pps),  0.00(Gbps)
[ ALL ] dpdk0 flows:      1, RX:       0(pps) (err:     0),  0.00(Gbps), TX:       0(pps),  0.00(Gbps)
[CPU 1] dpdk0 flows:      1, RX:       0(pps) (err:     0),  0.00(Gbps), TX:       0(pps),  0.00(Gbps)
[ ALL ] dpdk0 flows:      1, RX:       0(pps) (err:     0),  0.00(Gbps), TX:       0(pps),  0.00(Gbps)
[CPU 1] dpdk0 flows:      1, RX:       0(pps) (err:     0),  0.00(Gbps), TX:       0(pps),  0.00(Gbps)
[ ALL ] dpdk0 flows:      1, RX:       0(pps) (err:     0),  0.00(Gbps), TX:       0(pps),  0.00(Gbps)
