---------------------------------------------------------------------------------
EAL: Probing VFIO support...
Loading mtcp configuration from : perf.conf
Loading interface setting
EAL: Detected 6 lcore(s)
EAL: Detected 1 NUMA nodes
EAL: Auto-detected process type: PRIMARY
EAL: Multi-process socket /var/run/dpdk/rte/mp_socket
EAL: No free hugepages reported in hugepages-1048576kB
EAL: VFIO support initialized
EAL: PCI device 0000:1a:00.1 on NUMA socket -1
EAL:   Invalid NUMA socket, default to 0
EAL:   probe driver: 8086:10fb net_ixgbe
EAL:   using IOMMU type 1 (Type 1)
EAL: Ignore mapping IO port bar(2)
Total number of attached devices: 1
EAL: Auto-detected process type: PRIMARY
Interface name: dpdk0
Configurations:
Number of CPU cores available: 3
Number of CPU cores to use: 3
Maximum number of concurrency per core: 10000
Maximum number of preallocated buffers per core: 10000
Receive buffer size: 102400
Send buffer size: 102400
TCP timeout seconds: 30
TCP timewait seconds: 0
NICs to print statistics: dpdk0
---------------------------------------------------------------------------------
Interfaces:
name: dpdk0, ifindex: 0, hwaddr: 90:E2:BA:46:F2:25, ipaddr: 10.1.1.1, netmask: 255.255.255.0
Number of NIC queues: 3
---------------------------------------------------------------------------------
Loading routing configurations from : config/route.conf
fopen: No such file or directory
Skip loading static routing table
Routes:
Destination: 10.1.1.0/24, Mask: 255.255.255.0, Masked: 10.1.1.0, Route: ifdx-0
---------------------------------------------------------------------------------
Loading ARP table from : config/arp.conf
ARP Table:
IP addr: 10.1.1.2, dst_hwaddr: 90:E2:BA:46:F3:44
---------------------------------------------------------------------------------
Initializing port 0... done: 

Checking link statusdone
Port 0 Link Up - speed 10000 Mbps - full-duplex
CPU 1: initialization finished.
[mtcp_create_context:1359] CPU 1 is now the master thread.
[CPU 1] dpdk0 flows:      1, RX:       1(pps) (err:     0),  0.00(Gbps), TX:       2(pps),  0.00(Gbps)
[ ALL ] dpdk0 flows:      1, RX:       1(pps) (err:     0),  0.00(Gbps), TX:       2(pps),  0.00(Gbps)
[CPU 1] dpdk0 flows:      1, RX:   84218(pps) (err:     0),  0.06(Gbps), TX: 1273202(pps),  9.92(Gbps)
[ ALL ] dpdk0 flows:      1, RX:   84218(pps) (err:     0),  0.06(Gbps), TX: 1273202(pps),  9.92(Gbps)
[CPU 1] dpdk0 flows:      1, RX:   85099(pps) (err:     0),  0.06(Gbps), TX: 1274546(pps),  9.93(Gbps)
[ ALL ] dpdk0 flows:      1, RX:   85099(pps) (err:     0),  0.06(Gbps), TX: 1274546(pps),  9.93(Gbps)
[CPU 1] dpdk0 flows:      1, RX:   84362(pps) (err:     0),  0.06(Gbps), TX: 1279694(pps),  9.97(Gbps)
[ ALL ] dpdk0 flows:      1, RX:   84362(pps) (err:     0),  0.06(Gbps), TX: 1279694(pps),  9.97(Gbps)
[CPU 1] dpdk0 flows:      1, RX:   84482(pps) (err:     0),  0.06(Gbps), TX: 1279868(pps),  9.97(Gbps)
[ ALL ] dpdk0 flows:      1, RX:   84482(pps) (err:     0),  0.06(Gbps), TX: 1279868(pps),  9.97(Gbps)
[CPU 1] dpdk0 flows:      1, RX:   84470(pps) (err:     0),  0.06(Gbps), TX: 1279669(pps),  9.97(Gbps)
[ ALL ] dpdk0 flows:      1, RX:   84470(pps) (err:     0),  0.06(Gbps), TX: 1279669(pps),  9.97(Gbps)
[CPU 1] dpdk0 flows:      1, RX:   84487(pps) (err:     0),  0.06(Gbps), TX: 1279951(pps),  9.97(Gbps)
[ ALL ] dpdk0 flows:      1, RX:   84487(pps) (err:     0),  0.06(Gbps), TX: 1279951(pps),  9.97(Gbps)
[CPU 1] dpdk0 flows:      1, RX:   84614(pps) (err:     0),  0.06(Gbps), TX: 1279345(pps),  9.96(Gbps)
[ ALL ] dpdk0 flows:      1, RX:   84614(pps) (err:     0),  0.06(Gbps), TX: 1279345(pps),  9.96(Gbps)
[CPU 1] dpdk0 flows:      1, RX:   83142(pps) (err:     0),  0.06(Gbps), TX: 1253559(pps),  9.76(Gbps)
[ ALL ] dpdk0 flows:      1, RX:   83142(pps) (err:     0),  0.06(Gbps), TX: 1253559(pps),  9.76(Gbps)
[CPU 1] dpdk0 flows:      1, RX:   81874(pps) (err:     0),  0.06(Gbps), TX: 1230488(pps),  9.58(Gbps)
[ ALL ] dpdk0 flows:      1, RX:   81874(pps) (err:     0),  0.06(Gbps), TX: 1230488(pps),  9.58(Gbps)
[CPU 1] dpdk0 flows:      1, RX:   83854(pps) (err:     0),  0.06(Gbps), TX: 1257105(pps),  9.79(Gbps)
[ ALL ] dpdk0 flows:      1, RX:   83854(pps) (err:     0),  0.06(Gbps), TX: 1257105(pps),  9.79(Gbps)
[CPU 1] dpdk0 flows:      1, RX:   85404(pps) (err:     0),  0.06(Gbps), TX: 1277632(pps),  9.95(Gbps)
[ ALL ] dpdk0 flows:      1, RX:   85404(pps) (err:     0),  0.06(Gbps), TX: 1277632(pps),  9.95(Gbps)
[CPU 1] dpdk0 flows:      1, RX:   85403(pps) (err:     0),  0.06(Gbps), TX: 1264367(pps),  9.85(Gbps)
[ ALL ] dpdk0 flows:      1, RX:   85403(pps) (err:     0),  0.06(Gbps), TX: 1264367(pps),  9.85(Gbps)
[CPU 1] dpdk0 flows:      1, RX:   60912(pps) (err:     0),  0.04(Gbps), TX:  907815(pps),  7.07(Gbps)
[ ALL ] dpdk0 flows:      1, RX:   60912(pps) (err:     0),  0.04(Gbps), TX:  907815(pps),  7.07(Gbps)
[CPU 1] dpdk0 flows:      1, RX:       0(pps) (err:     0),  0.00(Gbps), TX:       2(pps),  0.00(Gbps)
[ ALL ] dpdk0 flows:      1, RX:       0(pps) (err:     0),  0.00(Gbps), TX:       2(pps),  0.00(Gbps)
[CPU 1] dpdk0 flows:      1, RX:       0(pps) (err:     0),  0.00(Gbps), TX:       1(pps),  0.00(Gbps)
[ ALL ] dpdk0 flows:      1, RX:       0(pps) (err:     0),  0.00(Gbps), TX:       1(pps),  0.00(Gbps)
[CPU 1] dpdk0 flows:      1, RX:       0(pps) (err:     0),  0.00(Gbps), TX:       1(pps),  0.00(Gbps)
[ ALL ] dpdk0 flows:      1, RX:       0(pps) (err:     0),  0.00(Gbps), TX:       1(pps),  0.00(Gbps)
[CPU 1] dpdk0 flows:      1, RX:       0(pps) (err:     0),  0.00(Gbps), TX:       1(pps),  0.00(Gbps)
[ ALL ] dpdk0 flows:      1, RX:       0(pps) (err:     0),  0.00(Gbps), TX:       1(pps),  0.00(Gbps)
[CPU 1] dpdk0 flows:      1, RX:       0(pps) (err:     0),  0.00(Gbps), TX:       1(pps),  0.00(Gbps)
[ ALL ] dpdk0 flows:      1, RX:       0(pps) (err:     0),  0.00(Gbps), TX:       1(pps),  0.00(Gbps)
[CPU 1] dpdk0 flows:      1, RX:       0(pps) (err:     0),  0.00(Gbps), TX:       2(pps),  0.00(Gbps)
[ ALL ] dpdk0 flows:      1, RX:       0(pps) (err:     0),  0.00(Gbps), TX:       2(pps),  0.00(Gbps)
[CPU 1] dpdk0 flows:      1, RX:       0(pps) (err:     0),  0.00(Gbps), TX:       1(pps),  0.00(Gbps)
[ ALL ] dpdk0 flows:      1, RX:       0(pps) (err:     0),  0.00(Gbps), TX:       1(pps),  0.00(Gbps)
[CPU 1] dpdk0 flows:      1, RX:       0(pps) (err:     0),  0.00(Gbps), TX:       1(pps),  0.00(Gbps)
[ ALL ] dpdk0 flows:      1, RX:       0(pps) (err:     0),  0.00(Gbps), TX:       1(pps),  0.00(Gbps)
[CPU 1] dpdk0 flows:      1, RX:       0(pps) (err:     0),  0.00(Gbps), TX:       1(pps),  0.00(Gbps)
[ ALL ] dpdk0 flows:      1, RX:       0(pps) (err:     0),  0.00(Gbps), TX:       1(pps),  0.00(Gbps)
[CPU 1] dpdk0 flows:      1, RX:       0(pps) (err:     0),  0.00(Gbps), TX:       0(pps),  0.00(Gbps)
[ ALL ] dpdk0 flows:      1, RX:       0(pps) (err:     0),  0.00(Gbps), TX:       0(pps),  0.00(Gbps)
[CPU 1] dpdk0 flows:      1, RX:       0(pps) (err:     0),  0.00(Gbps), TX:       0(pps),  0.00(Gbps)
[ ALL ] dpdk0 flows:      1, RX:       0(pps) (err:     0),  0.00(Gbps), TX:       0(pps),  0.00(Gbps)
[CPU 1] dpdk0 flows:      1, RX:       0(pps) (err:     0),  0.00(Gbps), TX:       0(pps),  0.00(Gbps)
[ ALL ] dpdk0 flows:      1, RX:       0(pps) (err:     0),  0.00(Gbps), TX:       0(pps),  0.00(Gbps)
