---------------------------------------------------------------------------------
Loading mtcp configuration from : perf.conf
EAL: Probing VFIO support...
EAL: VFIO support initialized
Loading interface setting
EAL: Detected 6 lcore(s)
EAL: Detected 1 NUMA nodes
EAL: Auto-detected process type: PRIMARY
EAL: Multi-process socket /var/run/dpdk/rte/mp_socket
EAL: No free hugepages reported in hugepages-1048576kB
EAL: PCI device 0000:1a:00.1 on NUMA socket -1
EAL:   Invalid NUMA socket, default to 0
EAL:   probe driver: 8086:10fb net_ixgbe
EAL:   using IOMMU type 1 (Type 1)
EAL: Ignore mapping IO port bar(2)
EAL: Auto-detected process type: PRIMARY
Total number of attached devices: 1
Interface name: dpdk0
Configurations:
Number of CPU cores available: 3
Number of CPU cores to use: 3
Maximum number of concurrency per core: 10000
Maximum number of preallocated buffers per core: 10000
Receive buffer size: 102400
Send buffer size: 102400
TCP timeout seconds: 30
TCP timewait seconds: 0
NICs to print statistics: dpdk0
---------------------------------------------------------------------------------
Interfaces:
name: dpdk0, ifindex: 0, hwaddr: 90:E2:BA:46:F2:25, ipaddr: 10.1.1.1, netmask: 255.255.255.0
Number of NIC queues: 3
---------------------------------------------------------------------------------
Loading routing configurations from : config/route.conf
fopen: No such file or directory
Skip loading static routing table
Routes:
Destination: 10.1.1.0/24, Mask: 255.255.255.0, Masked: 10.1.1.0, Route: ifdx-0
---------------------------------------------------------------------------------
Loading ARP table from : config/arp.conf
Initializing port 0... ARP Table:
IP addr: 10.1.1.2, dst_hwaddr: 90:E2:BA:46:F3:44
---------------------------------------------------------------------------------
done: 

Checking link status.done
Port 0 Link Up - speed 10000 Mbps - full-duplex
CPU 1: initialization finished.
[mtcp_create_context:1359] CPU 1 is now the master thread.
[CPU 1] dpdk0 flows:      0, RX:       0(pps) (err:     0),  0.00(Gbps), TX:       0(pps),  0.00(Gbps)
[ ALL ] dpdk0 flows:      0, RX:       0(pps) (err:     0),  0.00(Gbps), TX:       0(pps),  0.00(Gbps)
[CPU 1] dpdk0 flows:      1, RX:   81550(pps) (err:     0),  0.06(Gbps), TX: 2608870(pps),  2.27(Gbps)
[ ALL ] dpdk0 flows:      1, RX:   81550(pps) (err:     0),  0.06(Gbps), TX: 2608870(pps),  2.27(Gbps)
[CPU 1] dpdk0 flows:      1, RX:   81715(pps) (err:     0),  0.06(Gbps), TX: 2615645(pps),  2.28(Gbps)
[ ALL ] dpdk0 flows:      1, RX:   81715(pps) (err:     0),  0.06(Gbps), TX: 2615645(pps),  2.28(Gbps)
[CPU 1] dpdk0 flows:      1, RX:   81719(pps) (err:     0),  0.06(Gbps), TX: 2615009(pps),  2.28(Gbps)
[ ALL ] dpdk0 flows:      1, RX:   81719(pps) (err:     0),  0.06(Gbps), TX: 2615009(pps),  2.28(Gbps)
[CPU 1] dpdk0 flows:      1, RX:   81661(pps) (err:     0),  0.06(Gbps), TX: 2613151(pps),  2.28(Gbps)
[ ALL ] dpdk0 flows:      1, RX:   81661(pps) (err:     0),  0.06(Gbps), TX: 2613151(pps),  2.28(Gbps)
[CPU 1] dpdk0 flows:      1, RX:   81688(pps) (err:     0),  0.06(Gbps), TX: 2614016(pps),  2.28(Gbps)
[ ALL ] dpdk0 flows:      1, RX:   81688(pps) (err:     0),  0.06(Gbps), TX: 2614016(pps),  2.28(Gbps)
[CPU 1] dpdk0 flows:      1, RX:   81699(pps) (err:     0),  0.06(Gbps), TX: 2614369(pps),  2.28(Gbps)
[ ALL ] dpdk0 flows:      1, RX:   81699(pps) (err:     0),  0.06(Gbps), TX: 2614369(pps),  2.28(Gbps)
[CPU 1] dpdk0 flows:      1, RX:   80456(pps) (err:     0),  0.06(Gbps), TX: 2572299(pps),  2.24(Gbps)
[ ALL ] dpdk0 flows:      1, RX:   80456(pps) (err:     0),  0.06(Gbps), TX: 2572299(pps),  2.24(Gbps)
[CPU 1] dpdk0 flows:      1, RX:   81413(pps) (err:     0),  0.06(Gbps), TX: 2606740(pps),  2.27(Gbps)
[ ALL ] dpdk0 flows:      1, RX:   81413(pps) (err:     0),  0.06(Gbps), TX: 2606740(pps),  2.27(Gbps)
[CPU 1] dpdk0 flows:      1, RX:   80675(pps) (err:     0),  0.06(Gbps), TX: 2581376(pps),  2.25(Gbps)
[ ALL ] dpdk0 flows:      1, RX:   80675(pps) (err:     0),  0.06(Gbps), TX: 2581376(pps),  2.25(Gbps)
[CPU 1] dpdk0 flows:      1, RX:   81600(pps) (err:     0),  0.06(Gbps), TX: 2611200(pps),  2.28(Gbps)
[ ALL ] dpdk0 flows:      1, RX:   81600(pps) (err:     0),  0.06(Gbps), TX: 2611200(pps),  2.28(Gbps)
[CPU 1] dpdk0 flows:      1, RX:   81319(pps) (err:     0),  0.06(Gbps), TX: 2602176(pps),  2.27(Gbps)
[ ALL ] dpdk0 flows:      1, RX:   81319(pps) (err:     0),  0.06(Gbps), TX: 2602176(pps),  2.27(Gbps)
[CPU 1] dpdk0 flows:      1, RX:   81342(pps) (err:     0),  0.06(Gbps), TX: 2602913(pps),  2.27(Gbps)
[ ALL ] dpdk0 flows:      1, RX:   81342(pps) (err:     0),  0.06(Gbps), TX: 2602913(pps),  2.27(Gbps)
[CPU 1] dpdk0 flows:      1, RX:   65203(pps) (err:     0),  0.05(Gbps), TX: 2086436(pps),  1.82(Gbps)
[ ALL ] dpdk0 flows:      1, RX:   65203(pps) (err:     0),  0.05(Gbps), TX: 2086436(pps),  1.82(Gbps)
[CPU 1] dpdk0 flows:      1, RX:       0(pps) (err:     0),  0.00(Gbps), TX:       2(pps),  0.00(Gbps)
[ ALL ] dpdk0 flows:      1, RX:       0(pps) (err:     0),  0.00(Gbps), TX:       2(pps),  0.00(Gbps)
[CPU 1] dpdk0 flows:      1, RX:       0(pps) (err:     0),  0.00(Gbps), TX:       2(pps),  0.00(Gbps)
[ ALL ] dpdk0 flows:      1, RX:       0(pps) (err:     0),  0.00(Gbps), TX:       2(pps),  0.00(Gbps)
[CPU 1] dpdk0 flows:      1, RX:       0(pps) (err:     0),  0.00(Gbps), TX:       1(pps),  0.00(Gbps)
[ ALL ] dpdk0 flows:      1, RX:       0(pps) (err:     0),  0.00(Gbps), TX:       1(pps),  0.00(Gbps)
[CPU 1] dpdk0 flows:      1, RX:       0(pps) (err:     0),  0.00(Gbps), TX:       2(pps),  0.00(Gbps)
[ ALL ] dpdk0 flows:      1, RX:       0(pps) (err:     0),  0.00(Gbps), TX:       2(pps),  0.00(Gbps)
[CPU 1] dpdk0 flows:      1, RX:       0(pps) (err:     0),  0.00(Gbps), TX:       2(pps),  0.00(Gbps)
[ ALL ] dpdk0 flows:      1, RX:       0(pps) (err:     0),  0.00(Gbps), TX:       2(pps),  0.00(Gbps)
[CPU 1] dpdk0 flows:      1, RX:       0(pps) (err:     0),  0.00(Gbps), TX:       1(pps),  0.00(Gbps)
[ ALL ] dpdk0 flows:      1, RX:       0(pps) (err:     0),  0.00(Gbps), TX:       1(pps),  0.00(Gbps)
[CPU 1] dpdk0 flows:      1, RX:       0(pps) (err:     0),  0.00(Gbps), TX:       1(pps),  0.00(Gbps)
[ ALL ] dpdk0 flows:      1, RX:       0(pps) (err:     0),  0.00(Gbps), TX:       1(pps),  0.00(Gbps)
[CPU 1] dpdk0 flows:      1, RX:       0(pps) (err:     0),  0.00(Gbps), TX:       0(pps),  0.00(Gbps)
[ ALL ] dpdk0 flows:      1, RX:       0(pps) (err:     0),  0.00(Gbps), TX:       0(pps),  0.00(Gbps)
[CPU 1] dpdk0 flows:      1, RX:       0(pps) (err:     0),  0.00(Gbps), TX:       0(pps),  0.00(Gbps)
[ ALL ] dpdk0 flows:      1, RX:       0(pps) (err:     0),  0.00(Gbps), TX:       0(pps),  0.00(Gbps)
[CPU 1] dpdk0 flows:      1, RX:       0(pps) (err:     0),  0.00(Gbps), TX:       0(pps),  0.00(Gbps)
[ ALL ] dpdk0 flows:      1, RX:       0(pps) (err:     0),  0.00(Gbps), TX:       0(pps),  0.00(Gbps)
[CPU 1] dpdk0 flows:      1, RX:       0(pps) (err:     0),  0.00(Gbps), TX:       0(pps),  0.00(Gbps)
[ ALL ] dpdk0 flows:      1, RX:       0(pps) (err:     0),  0.00(Gbps), TX:       0(pps),  0.00(Gbps)
[CPU 1] dpdk0 flows:      1, RX:       0(pps) (err:     0),  0.00(Gbps), TX:       0(pps),  0.00(Gbps)
[ ALL ] dpdk0 flows:      1, RX:       0(pps) (err:     0),  0.00(Gbps), TX:       0(pps),  0.00(Gbps)
[CPU 1] dpdk0 flows:      1, RX:       0(pps) (err:     0),  0.00(Gbps), TX:       0(pps),  0.00(Gbps)
[ ALL ] dpdk0 flows:      1, RX:       0(pps) (err:     0),  0.00(Gbps), TX:       0(pps),  0.00(Gbps)
[CPU 1] dpdk0 flows:      1, RX:       0(pps) (err:     0),  0.00(Gbps), TX:       0(pps),  0.00(Gbps)
[ ALL ] dpdk0 flows:      1, RX:       0(pps) (err:     0),  0.00(Gbps), TX:       0(pps),  0.00(Gbps)
[CPU 1] dpdk0 flows:      1, RX:       0(pps) (err:     0),  0.00(Gbps), TX:       0(pps),  0.00(Gbps)
[ ALL ] dpdk0 flows:      1, RX:       0(pps) (err:     0),  0.00(Gbps), TX:       0(pps),  0.00(Gbps)
