---------------------------------------------------------------------------------
Loading mtcp configuration from : perf.conf
EAL: Probing VFIO support...
EAL: VFIO support initialized
EAL: PCI device 0000:1a:00.1 on NUMA socket -1
EAL:   Invalid NUMA socket, default to 0
EAL:   probe driver: 8086:10fb net_ixgbe
EAL:   using IOMMU type 1 (Type 1)
Loading interface setting
EAL: Detected 6 lcore(s)
EAL: Detected 1 NUMA nodes
EAL: Auto-detected process type: PRIMARY
EAL: Multi-process socket /var/run/dpdk/rte/mp_socket
EAL: No free hugepages reported in hugepages-1048576kB
EAL: Ignore mapping IO port bar(2)
EAL: Auto-detected process type: PRIMARY
Initializing port 0... Total number of attached devices: 1
Interface name: dpdk0
Configurations:
Number of CPU cores available: 3
Number of CPU cores to use: 3
Maximum number of concurrency per core: 10000
Maximum number of preallocated buffers per core: 10000
Receive buffer size: 102400
Send buffer size: 102400
TCP timeout seconds: 30
TCP timewait seconds: 0
NICs to print statistics: dpdk0
---------------------------------------------------------------------------------
Interfaces:
name: dpdk0, ifindex: 0, hwaddr: 90:E2:BA:46:F2:25, ipaddr: 10.1.1.1, netmask: 255.255.255.0
Number of NIC queues: 3
---------------------------------------------------------------------------------
Loading routing configurations from : config/route.conf
fopen: No such file or directory
Skip loading static routing table
Routes:
Destination: 10.1.1.0/24, Mask: 255.255.255.0, Masked: 10.1.1.0, Route: ifdx-0
---------------------------------------------------------------------------------
Loading ARP table from : config/arp.conf
ARP Table:
IP addr: 10.1.1.2, dst_hwaddr: 90:E2:BA:46:F3:44
---------------------------------------------------------------------------------
done: 

Checking link statusdone
Port 0 Link Up - speed 10000 Mbps - full-duplex
CPU 1: initialization finished.
[mtcp_create_context:1359] CPU 1 is now the master thread.
[CPU 1] dpdk0 flows:      1, RX:       7(pps) (err:     0),  0.00(Gbps), TX:       9(pps),  0.00(Gbps)
[ ALL ] dpdk0 flows:      1, RX:       7(pps) (err:     0),  0.00(Gbps), TX:       9(pps),  0.00(Gbps)
[CPU 1] dpdk0 flows:      1, RX:   10003(pps) (err:     0),  0.01(Gbps), TX:   10003(pps),  0.10(Gbps)
[ ALL ] dpdk0 flows:      1, RX:   10003(pps) (err:     0),  0.01(Gbps), TX:   10003(pps),  0.10(Gbps)
[CPU 1] dpdk0 flows:      1, RX:    9810(pps) (err:     0),  0.01(Gbps), TX:    9810(pps),  0.10(Gbps)
[ ALL ] dpdk0 flows:      1, RX:    9810(pps) (err:     0),  0.01(Gbps), TX:    9810(pps),  0.10(Gbps)
[CPU 1] dpdk0 flows:      1, RX:    9612(pps) (err:     0),  0.01(Gbps), TX:    9612(pps),  0.09(Gbps)
[ ALL ] dpdk0 flows:      1, RX:    9612(pps) (err:     0),  0.01(Gbps), TX:    9612(pps),  0.09(Gbps)
[CPU 1] dpdk0 flows:      1, RX:    9547(pps) (err:     0),  0.01(Gbps), TX:    9547(pps),  0.09(Gbps)
[ ALL ] dpdk0 flows:      1, RX:    9547(pps) (err:     0),  0.01(Gbps), TX:    9547(pps),  0.09(Gbps)
[CPU 1] dpdk0 flows:      1, RX:    9746(pps) (err:     0),  0.01(Gbps), TX:    9746(pps),  0.10(Gbps)
[ ALL ] dpdk0 flows:      1, RX:    9746(pps) (err:     0),  0.01(Gbps), TX:    9746(pps),  0.10(Gbps)
[CPU 1] dpdk0 flows:      1, RX:    9783(pps) (err:     0),  0.01(Gbps), TX:    9783(pps),  0.10(Gbps)
[ ALL ] dpdk0 flows:      1, RX:    9783(pps) (err:     0),  0.01(Gbps), TX:    9783(pps),  0.10(Gbps)
[CPU 1] dpdk0 flows:      1, RX:    9777(pps) (err:     0),  0.01(Gbps), TX:    9777(pps),  0.10(Gbps)
[ ALL ] dpdk0 flows:      1, RX:    9777(pps) (err:     0),  0.01(Gbps), TX:    9777(pps),  0.10(Gbps)
[CPU 1] dpdk0 flows:      1, RX:    9777(pps) (err:     0),  0.01(Gbps), TX:    9777(pps),  0.10(Gbps)
[ ALL ] dpdk0 flows:      1, RX:    9777(pps) (err:     0),  0.01(Gbps), TX:    9777(pps),  0.10(Gbps)
[CPU 1] dpdk0 flows:      1, RX:    9661(pps) (err:     0),  0.01(Gbps), TX:    9661(pps),  0.09(Gbps)
[ ALL ] dpdk0 flows:      1, RX:    9661(pps) (err:     0),  0.01(Gbps), TX:    9661(pps),  0.09(Gbps)
[CPU 1] dpdk0 flows:      1, RX:    9563(pps) (err:     0),  0.01(Gbps), TX:    9563(pps),  0.09(Gbps)
[ ALL ] dpdk0 flows:      1, RX:    9563(pps) (err:     0),  0.01(Gbps), TX:    9563(pps),  0.09(Gbps)
[CPU 1] dpdk0 flows:      1, RX:    9564(pps) (err:     0),  0.01(Gbps), TX:    9564(pps),  0.09(Gbps)
[ ALL ] dpdk0 flows:      1, RX:    9564(pps) (err:     0),  0.01(Gbps), TX:    9564(pps),  0.09(Gbps)
[CPU 1] dpdk0 flows:      1, RX:    9716(pps) (err:     0),  0.01(Gbps), TX:    9716(pps),  0.10(Gbps)
[ ALL ] dpdk0 flows:      1, RX:    9716(pps) (err:     0),  0.01(Gbps), TX:    9716(pps),  0.10(Gbps)
[CPU 1] dpdk0 flows:      1, RX:    9811(pps) (err:     0),  0.01(Gbps), TX:    9811(pps),  0.10(Gbps)
[ ALL ] dpdk0 flows:      1, RX:    9811(pps) (err:     0),  0.01(Gbps), TX:    9811(pps),  0.10(Gbps)
[CPU 1] dpdk0 flows:      1, RX:    9798(pps) (err:     0),  0.01(Gbps), TX:    9798(pps),  0.10(Gbps)
[ ALL ] dpdk0 flows:      1, RX:    9798(pps) (err:     0),  0.01(Gbps), TX:    9798(pps),  0.10(Gbps)
[CPU 1] dpdk0 flows:      1, RX:    9625(pps) (err:     0),  0.01(Gbps), TX:    9625(pps),  0.09(Gbps)
[ ALL ] dpdk0 flows:      1, RX:    9625(pps) (err:     0),  0.01(Gbps), TX:    9625(pps),  0.09(Gbps)
[CPU 1] dpdk0 flows:      1, RX:    9738(pps) (err:     0),  0.01(Gbps), TX:    9738(pps),  0.10(Gbps)
[ ALL ] dpdk0 flows:      1, RX:    9738(pps) (err:     0),  0.01(Gbps), TX:    9738(pps),  0.10(Gbps)
[CPU 1] dpdk0 flows:      1, RX:    2646(pps) (err:     0),  0.00(Gbps), TX:    2652(pps),  0.03(Gbps)
[ ALL ] dpdk0 flows:      1, RX:    2646(pps) (err:     0),  0.00(Gbps), TX:    2652(pps),  0.03(Gbps)
[CPU 1] dpdk0 flows:      1, RX:       0(pps) (err:     0),  0.00(Gbps), TX:       1(pps),  0.00(Gbps)
[ ALL ] dpdk0 flows:      1, RX:       0(pps) (err:     0),  0.00(Gbps), TX:       1(pps),  0.00(Gbps)
[CPU 1] dpdk0 flows:      1, RX:       0(pps) (err:     0),  0.00(Gbps), TX:       2(pps),  0.00(Gbps)
[ ALL ] dpdk0 flows:      1, RX:       0(pps) (err:     0),  0.00(Gbps), TX:       2(pps),  0.00(Gbps)
[CPU 1] dpdk0 flows:      1, RX:       0(pps) (err:     0),  0.00(Gbps), TX:       1(pps),  0.00(Gbps)
[ ALL ] dpdk0 flows:      1, RX:       0(pps) (err:     0),  0.00(Gbps), TX:       1(pps),  0.00(Gbps)
[CPU 1] dpdk0 flows:      1, RX:       0(pps) (err:     0),  0.00(Gbps), TX:       1(pps),  0.00(Gbps)
[ ALL ] dpdk0 flows:      1, RX:       0(pps) (err:     0),  0.00(Gbps), TX:       1(pps),  0.00(Gbps)
[CPU 1] dpdk0 flows:      1, RX:       0(pps) (err:     0),  0.00(Gbps), TX:       1(pps),  0.00(Gbps)
[ ALL ] dpdk0 flows:      1, RX:       0(pps) (err:     0),  0.00(Gbps), TX:       1(pps),  0.00(Gbps)
[CPU 1] dpdk0 flows:      1, RX:       0(pps) (err:     0),  0.00(Gbps), TX:       1(pps),  0.00(Gbps)
[ ALL ] dpdk0 flows:      1, RX:       0(pps) (err:     0),  0.00(Gbps), TX:       1(pps),  0.00(Gbps)
[CPU 1] dpdk0 flows:      1, RX:       0(pps) (err:     0),  0.00(Gbps), TX:       1(pps),  0.00(Gbps)
[ ALL ] dpdk0 flows:      1, RX:       0(pps) (err:     0),  0.00(Gbps), TX:       1(pps),  0.00(Gbps)
[CPU 1] dpdk0 flows:      1, RX:       0(pps) (err:     0),  0.00(Gbps), TX:       1(pps),  0.00(Gbps)
[ ALL ] dpdk0 flows:      1, RX:       0(pps) (err:     0),  0.00(Gbps), TX:       1(pps),  0.00(Gbps)
[CPU 1] dpdk0 flows:      1, RX:       0(pps) (err:     0),  0.00(Gbps), TX:       1(pps),  0.00(Gbps)
[ ALL ] dpdk0 flows:      1, RX:       0(pps) (err:     0),  0.00(Gbps), TX:       1(pps),  0.00(Gbps)
[CPU 1] dpdk0 flows:      1, RX:       0(pps) (err:     0),  0.00(Gbps), TX:       0(pps),  0.00(Gbps)
[ ALL ] dpdk0 flows:      1, RX:       0(pps) (err:     0),  0.00(Gbps), TX:       0(pps),  0.00(Gbps)
[CPU 1] dpdk0 flows:      1, RX:       0(pps) (err:     0),  0.00(Gbps), TX:       0(pps),  0.00(Gbps)
[ ALL ] dpdk0 flows:      1, RX:       0(pps) (err:     0),  0.00(Gbps), TX:       0(pps),  0.00(Gbps)
