---------------------------------------------------------------------------------
Loading mtcp configuration from : perf.conf
EAL: Probing VFIO support...
EAL: VFIO support initialized
EAL: PCI device 0000:1a:00.1 on NUMA socket -1
EAL:   Invalid NUMA socket, default to 0
EAL:   probe driver: 8086:10fb net_ixgbe
EAL:   using IOMMU type 1 (Type 1)
EAL: Ignore mapping IO port bar(2)
Loading interface setting
EAL: Detected 6 lcore(s)
EAL: Detected 1 NUMA nodes
EAL: Auto-detected process type: PRIMARY
EAL: Multi-process socket /var/run/dpdk/rte/mp_socket
EAL: No free hugepages reported in hugepages-1048576kB
EAL: Auto-detected process type: PRIMARY
Total number of attached devices: 1
Interface name: dpdk0
Configurations:
Number of CPU cores available: 3
Number of CPU cores to use: 3
Maximum number of concurrency per core: 10000
Maximum number of preallocated buffers per core: 10000
Receive buffer size: 102400
Send buffer size: 102400
TCP timeout seconds: 30
TCP timewait seconds: 0
NICs to print statistics: dpdk0
---------------------------------------------------------------------------------
Interfaces:
name: dpdk0, ifindex: 0, hwaddr: 90:E2:BA:46:F2:25, ipaddr: 10.1.1.1, netmask: 255.255.255.0
Number of NIC queues: 3
---------------------------------------------------------------------------------
Loading routing configurations from : config/route.conf
fopen: No such file or directory
Skip loading static routing table
Routes:
Initializing port 0... Destination: 10.1.1.0/24, Mask: 255.255.255.0, Masked: 10.1.1.0, Route: ifdx-0
---------------------------------------------------------------------------------
Loading ARP table from : config/arp.conf
ARP Table:
IP addr: 10.1.1.2, dst_hwaddr: 90:E2:BA:46:F3:44
---------------------------------------------------------------------------------
done: 

Checking link statusdone
Port 0 Link Up - speed 10000 Mbps - full-duplex
CPU 1: initialization finished.
[mtcp_create_context:1359] CPU 1 is now the master thread.
[CPU 1] dpdk0 flows:      1, RX:      78(pps) (err:     0),  0.00(Gbps), TX:     320(pps),  0.00(Gbps)
[ ALL ] dpdk0 flows:      1, RX:      78(pps) (err:     0),  0.00(Gbps), TX:     320(pps),  0.00(Gbps)
[CPU 1] dpdk0 flows:      1, RX:   56952(pps) (err:     0),  0.04(Gbps), TX: 1814756(pps),  5.93(Gbps)
[ ALL ] dpdk0 flows:      1, RX:   56952(pps) (err:     0),  0.04(Gbps), TX: 1814756(pps),  5.93(Gbps)
[CPU 1] dpdk0 flows:      1, RX:   56815(pps) (err:     0),  0.04(Gbps), TX: 1816383(pps),  5.93(Gbps)
[ ALL ] dpdk0 flows:      1, RX:   56815(pps) (err:     0),  0.04(Gbps), TX: 1816383(pps),  5.93(Gbps)
[CPU 1] dpdk0 flows:      1, RX:   56887(pps) (err:     0),  0.04(Gbps), TX: 1819103(pps),  5.94(Gbps)
[ ALL ] dpdk0 flows:      1, RX:   56887(pps) (err:     0),  0.04(Gbps), TX: 1819103(pps),  5.94(Gbps)
[CPU 1] dpdk0 flows:      1, RX:   56932(pps) (err:     0),  0.04(Gbps), TX: 1820770(pps),  5.95(Gbps)
[ ALL ] dpdk0 flows:      1, RX:   56932(pps) (err:     0),  0.04(Gbps), TX: 1820770(pps),  5.95(Gbps)
[CPU 1] dpdk0 flows:      1, RX:   56884(pps) (err:     0),  0.04(Gbps), TX: 1819423(pps),  5.94(Gbps)
[ ALL ] dpdk0 flows:      1, RX:   56884(pps) (err:     0),  0.04(Gbps), TX: 1819423(pps),  5.94(Gbps)
[CPU 1] dpdk0 flows:      1, RX:   56950(pps) (err:     0),  0.04(Gbps), TX: 1821311(pps),  5.95(Gbps)
[ ALL ] dpdk0 flows:      1, RX:   56950(pps) (err:     0),  0.04(Gbps), TX: 1821311(pps),  5.95(Gbps)
[CPU 1] dpdk0 flows:      1, RX:   56872(pps) (err:     0),  0.04(Gbps), TX: 1818752(pps),  5.94(Gbps)
[ ALL ] dpdk0 flows:      1, RX:   56872(pps) (err:     0),  0.04(Gbps), TX: 1818752(pps),  5.94(Gbps)
[CPU 1] dpdk0 flows:      1, RX:   56915(pps) (err:     0),  0.04(Gbps), TX: 1820130(pps),  5.94(Gbps)
[ ALL ] dpdk0 flows:      1, RX:   56915(pps) (err:     0),  0.04(Gbps), TX: 1820130(pps),  5.94(Gbps)
[CPU 1] dpdk0 flows:      1, RX:   56929(pps) (err:     0),  0.04(Gbps), TX: 1820447(pps),  5.94(Gbps)
[ ALL ] dpdk0 flows:      1, RX:   56929(pps) (err:     0),  0.04(Gbps), TX: 1820447(pps),  5.94(Gbps)
[CPU 1] dpdk0 flows:      1, RX:   56053(pps) (err:     0),  0.04(Gbps), TX: 1790049(pps),  5.85(Gbps)
[ ALL ] dpdk0 flows:      1, RX:   56053(pps) (err:     0),  0.04(Gbps), TX: 1790049(pps),  5.85(Gbps)
[CPU 1] dpdk0 flows:      1, RX:   54730(pps) (err:     0),  0.04(Gbps), TX: 1744896(pps),  5.70(Gbps)
[ ALL ] dpdk0 flows:      1, RX:   54730(pps) (err:     0),  0.04(Gbps), TX: 1744896(pps),  5.70(Gbps)
[CPU 1] dpdk0 flows:      1, RX:   56036(pps) (err:     0),  0.04(Gbps), TX: 1788349(pps),  5.84(Gbps)
[ ALL ] dpdk0 flows:      1, RX:   56036(pps) (err:     0),  0.04(Gbps), TX: 1788349(pps),  5.84(Gbps)
[CPU 1] dpdk0 flows:      1, RX:   56988(pps) (err:     0),  0.04(Gbps), TX: 1821921(pps),  5.95(Gbps)
[ ALL ] dpdk0 flows:      1, RX:   56988(pps) (err:     0),  0.04(Gbps), TX: 1821921(pps),  5.95(Gbps)
[CPU 1] dpdk0 flows:      1, RX:   56689(pps) (err:     0),  0.04(Gbps), TX: 1810945(pps),  5.91(Gbps)
[ ALL ] dpdk0 flows:      1, RX:   56689(pps) (err:     0),  0.04(Gbps), TX: 1810945(pps),  5.91(Gbps)
[CPU 1] dpdk0 flows:      1, RX:   54389(pps) (err:     0),  0.04(Gbps), TX: 1736737(pps),  5.67(Gbps)
[ ALL ] dpdk0 flows:      1, RX:   54389(pps) (err:     0),  0.04(Gbps), TX: 1736737(pps),  5.67(Gbps)
[CPU 1] dpdk0 flows:      1, RX:       0(pps) (err:     0),  0.00(Gbps), TX:       0(pps),  0.00(Gbps)
[ ALL ] dpdk0 flows:      1, RX:       0(pps) (err:     0),  0.00(Gbps), TX:       0(pps),  0.00(Gbps)
[CPU 1] dpdk0 flows:      1, RX:       0(pps) (err:     0),  0.00(Gbps), TX:       0(pps),  0.00(Gbps)
[ ALL ] dpdk0 flows:      1, RX:       0(pps) (err:     0),  0.00(Gbps), TX:       0(pps),  0.00(Gbps)
[CPU 1] dpdk0 flows:      1, RX:       0(pps) (err:     0),  0.00(Gbps), TX:       0(pps),  0.00(Gbps)
[ ALL ] dpdk0 flows:      1, RX:       0(pps) (err:     0),  0.00(Gbps), TX:       0(pps),  0.00(Gbps)
[CPU 1] dpdk0 flows:      1, RX:       0(pps) (err:     0),  0.00(Gbps), TX:       0(pps),  0.00(Gbps)
[ ALL ] dpdk0 flows:      1, RX:       0(pps) (err:     0),  0.00(Gbps), TX:       0(pps),  0.00(Gbps)
[CPU 1] dpdk0 flows:      1, RX:       0(pps) (err:     0),  0.00(Gbps), TX:       0(pps),  0.00(Gbps)
[ ALL ] dpdk0 flows:      1, RX:       0(pps) (err:     0),  0.00(Gbps), TX:       0(pps),  0.00(Gbps)
[CPU 1] dpdk0 flows:      1, RX:       0(pps) (err:     0),  0.00(Gbps), TX:       0(pps),  0.00(Gbps)
[ ALL ] dpdk0 flows:      1, RX:       0(pps) (err:     0),  0.00(Gbps), TX:       0(pps),  0.00(Gbps)
[CPU 1] dpdk0 flows:      1, RX:       0(pps) (err:     0),  0.00(Gbps), TX:       0(pps),  0.00(Gbps)
[ ALL ] dpdk0 flows:      1, RX:       0(pps) (err:     0),  0.00(Gbps), TX:       0(pps),  0.00(Gbps)
[CPU 1] dpdk0 flows:      1, RX:       0(pps) (err:     0),  0.00(Gbps), TX:       0(pps),  0.00(Gbps)
[ ALL ] dpdk0 flows:      1, RX:       0(pps) (err:     0),  0.00(Gbps), TX:       0(pps),  0.00(Gbps)
[CPU 1] dpdk0 flows:      1, RX:       0(pps) (err:     0),  0.00(Gbps), TX:       0(pps),  0.00(Gbps)
[ ALL ] dpdk0 flows:      1, RX:       0(pps) (err:     0),  0.00(Gbps), TX:       0(pps),  0.00(Gbps)
[CPU 1] dpdk0 flows:      1, RX:       0(pps) (err:     0),  0.00(Gbps), TX:       0(pps),  0.00(Gbps)
[ ALL ] dpdk0 flows:      1, RX:       0(pps) (err:     0),  0.00(Gbps), TX:       0(pps),  0.00(Gbps)
[CPU 1] dpdk0 flows:      1, RX:       0(pps) (err:     0),  0.00(Gbps), TX:       0(pps),  0.00(Gbps)
[ ALL ] dpdk0 flows:      1, RX:       0(pps) (err:     0),  0.00(Gbps), TX:       0(pps),  0.00(Gbps)
