---------------------------------------------------------------------------------
Loading mtcp configuration from : perf.conf
EAL: Probing VFIO support...
EAL: VFIO support initialized
Loading interface setting
EAL: Detected 6 lcore(s)
EAL: Detected 1 NUMA nodes
EAL: Auto-detected process type: PRIMARY
EAL: Multi-process socket /var/run/dpdk/rte/mp_socket
EAL: No free hugepages reported in hugepages-1048576kB
EAL: PCI device 0000:1a:00.1 on NUMA socket -1
EAL:   Invalid NUMA socket, default to 0
EAL:   probe driver: 8086:10fb net_ixgbe
EAL:   using IOMMU type 1 (Type 1)
EAL: Ignore mapping IO port bar(2)
EAL: Auto-detected process type: PRIMARY
Total number of attached devices: 1
Interface name: dpdk0
Configurations:
Number of CPU cores available: 3
Number of CPU cores to use: 3
Maximum number of concurrency per core: 10000
Maximum number of preallocated buffers per core: 10000
Receive buffer size: 102400
Send buffer size: 102400
TCP timeout seconds: 30
TCP timewait seconds: 0
NICs to print statistics: dpdk0
---------------------------------------------------------------------------------
Interfaces:
name: dpdk0, ifindex: 0, hwaddr: 90:E2:BA:46:F2:25, ipaddr: 10.1.1.1, netmask: 255.255.255.0
Number of NIC queues: 3
---------------------------------------------------------------------------------
Loading routing configurations from : config/route.conf
fopen: No such file or directory
Skip loading static routing table
Routes:
Destination: 10.1.1.0/24, Mask: 255.255.255.0, Masked: 10.1.1.0, Route: ifdx-0
---------------------------------------------------------------------------------
Loading ARP table from : config/arp.conf
ARP Table:
IP addr: 10.1.1.2, dst_hwaddr: 90:E2:BA:46:F3:44
---------------------------------------------------------------------------------
Initializing port 0... done: 

Checking link statusdone
Port 0 Link Up - speed 10000 Mbps - full-duplex
CPU 1: initialization finished.
[mtcp_create_context:1359] CPU 1 is now the master thread.
[CPU 1] dpdk0 flows:      1, RX:       1(pps) (err:     0),  0.00(Gbps), TX:       2(pps),  0.00(Gbps)
[ ALL ] dpdk0 flows:      1, RX:       1(pps) (err:     0),  0.00(Gbps), TX:       2(pps),  0.00(Gbps)
[CPU 1] dpdk0 flows:      1, RX:   21510(pps) (err:     0),  0.02(Gbps), TX:   10759(pps),  0.10(Gbps)
[ ALL ] dpdk0 flows:      1, RX:   21510(pps) (err:     0),  0.02(Gbps), TX:   10759(pps),  0.10(Gbps)
[CPU 1] dpdk0 flows:      1, RX:   21940(pps) (err:     0),  0.02(Gbps), TX:   10973(pps),  0.10(Gbps)
[ ALL ] dpdk0 flows:      1, RX:   21940(pps) (err:     0),  0.02(Gbps), TX:   10973(pps),  0.10(Gbps)
[CPU 1] dpdk0 flows:      1, RX:   21627(pps) (err:     0),  0.02(Gbps), TX:   10818(pps),  0.10(Gbps)
[ ALL ] dpdk0 flows:      1, RX:   21627(pps) (err:     0),  0.02(Gbps), TX:   10818(pps),  0.10(Gbps)
[CPU 1] dpdk0 flows:      1, RX:   21388(pps) (err:     0),  0.02(Gbps), TX:   10694(pps),  0.10(Gbps)
[ ALL ] dpdk0 flows:      1, RX:   21388(pps) (err:     0),  0.02(Gbps), TX:   10694(pps),  0.10(Gbps)
[CPU 1] dpdk0 flows:      1, RX:   21422(pps) (err:     0),  0.02(Gbps), TX:   10711(pps),  0.10(Gbps)
[ ALL ] dpdk0 flows:      1, RX:   21422(pps) (err:     0),  0.02(Gbps), TX:   10711(pps),  0.10(Gbps)
[CPU 1] dpdk0 flows:      1, RX:   21458(pps) (err:     0),  0.02(Gbps), TX:   10729(pps),  0.10(Gbps)
[ ALL ] dpdk0 flows:      1, RX:   21458(pps) (err:     0),  0.02(Gbps), TX:   10729(pps),  0.10(Gbps)
[CPU 1] dpdk0 flows:      1, RX:   21542(pps) (err:     0),  0.02(Gbps), TX:   10776(pps),  0.10(Gbps)
[ ALL ] dpdk0 flows:      1, RX:   21542(pps) (err:     0),  0.02(Gbps), TX:   10776(pps),  0.10(Gbps)
[CPU 1] dpdk0 flows:      1, RX:   21926(pps) (err:     0),  0.02(Gbps), TX:   10963(pps),  0.10(Gbps)
[ ALL ] dpdk0 flows:      1, RX:   21926(pps) (err:     0),  0.02(Gbps), TX:   10963(pps),  0.10(Gbps)
[CPU 1] dpdk0 flows:      1, RX:   21950(pps) (err:     0),  0.02(Gbps), TX:   10975(pps),  0.10(Gbps)
[ ALL ] dpdk0 flows:      1, RX:   21950(pps) (err:     0),  0.02(Gbps), TX:   10975(pps),  0.10(Gbps)
[CPU 1] dpdk0 flows:      1, RX:   21811(pps) (err:     0),  0.02(Gbps), TX:   10906(pps),  0.10(Gbps)
[ ALL ] dpdk0 flows:      1, RX:   21811(pps) (err:     0),  0.02(Gbps), TX:   10906(pps),  0.10(Gbps)
[CPU 1] dpdk0 flows:      1, RX:   21932(pps) (err:     0),  0.02(Gbps), TX:   10966(pps),  0.10(Gbps)
[ ALL ] dpdk0 flows:      1, RX:   21932(pps) (err:     0),  0.02(Gbps), TX:   10966(pps),  0.10(Gbps)
[CPU 1] dpdk0 flows:      1, RX:   21912(pps) (err:     0),  0.02(Gbps), TX:   10956(pps),  0.10(Gbps)
[ ALL ] dpdk0 flows:      1, RX:   21912(pps) (err:     0),  0.02(Gbps), TX:   10956(pps),  0.10(Gbps)
[CPU 1] dpdk0 flows:      1, RX:   21884(pps) (err:     0),  0.02(Gbps), TX:   10942(pps),  0.10(Gbps)
[ ALL ] dpdk0 flows:      1, RX:   21884(pps) (err:     0),  0.02(Gbps), TX:   10942(pps),  0.10(Gbps)
[CPU 1] dpdk0 flows:      1, RX:   21958(pps) (err:     0),  0.02(Gbps), TX:   10979(pps),  0.10(Gbps)
[ ALL ] dpdk0 flows:      1, RX:   21958(pps) (err:     0),  0.02(Gbps), TX:   10979(pps),  0.10(Gbps)
[CPU 1] dpdk0 flows:      1, RX:   21940(pps) (err:     0),  0.02(Gbps), TX:   10970(pps),  0.10(Gbps)
[ ALL ] dpdk0 flows:      1, RX:   21940(pps) (err:     0),  0.02(Gbps), TX:   10970(pps),  0.10(Gbps)
[CPU 1] dpdk0 flows:      1, RX:   21824(pps) (err:     0),  0.02(Gbps), TX:   10912(pps),  0.10(Gbps)
[ ALL ] dpdk0 flows:      1, RX:   21824(pps) (err:     0),  0.02(Gbps), TX:   10912(pps),  0.10(Gbps)
[CPU 1] dpdk0 flows:      1, RX:   19057(pps) (err:     0),  0.01(Gbps), TX:    9534(pps),  0.08(Gbps)
[ ALL ] dpdk0 flows:      1, RX:   19057(pps) (err:     0),  0.01(Gbps), TX:    9534(pps),  0.08(Gbps)
[CPU 1] dpdk0 flows:      1, RX:       0(pps) (err:     0),  0.00(Gbps), TX:       3(pps),  0.00(Gbps)
[ ALL ] dpdk0 flows:      1, RX:       0(pps) (err:     0),  0.00(Gbps), TX:       3(pps),  0.00(Gbps)
[CPU 1] dpdk0 flows:      1, RX:       0(pps) (err:     0),  0.00(Gbps), TX:       3(pps),  0.00(Gbps)
[ ALL ] dpdk0 flows:      1, RX:       0(pps) (err:     0),  0.00(Gbps), TX:       3(pps),  0.00(Gbps)
[CPU 1] dpdk0 flows:      1, RX:       0(pps) (err:     0),  0.00(Gbps), TX:       3(pps),  0.00(Gbps)
[ ALL ] dpdk0 flows:      1, RX:       0(pps) (err:     0),  0.00(Gbps), TX:       3(pps),  0.00(Gbps)
[CPU 1] dpdk0 flows:      1, RX:       0(pps) (err:     0),  0.00(Gbps), TX:       2(pps),  0.00(Gbps)
[ ALL ] dpdk0 flows:      1, RX:       0(pps) (err:     0),  0.00(Gbps), TX:       2(pps),  0.00(Gbps)
[CPU 1] dpdk0 flows:      1, RX:       0(pps) (err:     0),  0.00(Gbps), TX:       0(pps),  0.00(Gbps)
[ ALL ] dpdk0 flows:      1, RX:       0(pps) (err:     0),  0.00(Gbps), TX:       0(pps),  0.00(Gbps)
[CPU 1] dpdk0 flows:      1, RX:       0(pps) (err:     0),  0.00(Gbps), TX:       0(pps),  0.00(Gbps)
[ ALL ] dpdk0 flows:      1, RX:       0(pps) (err:     0),  0.00(Gbps), TX:       0(pps),  0.00(Gbps)
[CPU 1] dpdk0 flows:      1, RX:       0(pps) (err:     0),  0.00(Gbps), TX:       0(pps),  0.00(Gbps)
[ ALL ] dpdk0 flows:      1, RX:       0(pps) (err:     0),  0.00(Gbps), TX:       0(pps),  0.00(Gbps)
[CPU 1] dpdk0 flows:      1, RX:       0(pps) (err:     0),  0.00(Gbps), TX:       0(pps),  0.00(Gbps)
[ ALL ] dpdk0 flows:      1, RX:       0(pps) (err:     0),  0.00(Gbps), TX:       0(pps),  0.00(Gbps)
[CPU 1] dpdk0 flows:      1, RX:       0(pps) (err:     0),  0.00(Gbps), TX:       0(pps),  0.00(Gbps)
[ ALL ] dpdk0 flows:      1, RX:       0(pps) (err:     0),  0.00(Gbps), TX:       0(pps),  0.00(Gbps)
