---------------------------------------------------------------------------------
Loading mtcp configuration from : perf.conf
Loading interface setting
EAL: Detected 6 lcore(s)
EAL: Detected 1 NUMA nodes
EAL: Auto-detected process type: PRIMARY
EAL: Multi-process socket /var/run/dpdk/rte/mp_socket
EAL: Probing VFIO support...
EAL: No free hugepages reported in hugepages-1048576kB
EAL: VFIO support initialized
EAL: PCI device 0000:1a:00.1 on NUMA socket -1
EAL:   Invalid NUMA socket, default to 0
EAL:   probe driver: 8086:10fb net_ixgbe
EAL:   using IOMMU type 1 (Type 1)
EAL: Ignore mapping IO port bar(2)
EAL: Auto-detected process type: PRIMARY
Total number of attached devices: 1
Interface name: dpdk0
Configurations:
Number of CPU cores available: 3
Number of CPU cores to use: 3
Maximum number of concurrency per core: 10000
Maximum number of preallocated buffers per core: 10000
Receive buffer size: 102400
Send buffer size: 102400
TCP timeout seconds: 30
TCP timewait seconds: 0
NICs to print statistics: dpdk0
---------------------------------------------------------------------------------
Interfaces:
name: dpdk0, ifindex: 0, hwaddr: 90:E2:BA:46:F2:25, ipaddr: 10.1.1.1, netmask: 255.255.255.0
Number of NIC queues: 3
---------------------------------------------------------------------------------
Loading routing configurations from : config/route.conf
fopen: No such file or directory
Skip loading static routing table
Routes:
Destination: 10.1.1.0/24, Mask: 255.255.255.0, Masked: 10.1.1.0, Route: ifdx-0
---------------------------------------------------------------------------------
Loading ARP table from : config/arp.conf
ARP Table:
IP addr: 10.1.1.2, dst_hwaddr: 90:E2:BA:46:F3:44
---------------------------------------------------------------------------------
Initializing port 0... done: 

Checking link status.done
Port 0 Link Up - speed 10000 Mbps - full-duplex
CPU 1: initialization finished.
[mtcp_create_context:1359] CPU 1 is now the master thread.
[CPU 1] dpdk0 flows:      1, RX:     103(pps) (err:     0),  0.00(Gbps), TX:     307(pps),  0.00(Gbps)
[ ALL ] dpdk0 flows:      1, RX:     103(pps) (err:     0),  0.00(Gbps), TX:     307(pps),  0.00(Gbps)
[CPU 1] dpdk0 flows:      1, RX:   63960(pps) (err:     0),  0.05(Gbps), TX: 1445513(pps),  9.89(Gbps)
[ ALL ] dpdk0 flows:      1, RX:   63960(pps) (err:     0),  0.05(Gbps), TX: 1445513(pps),  9.89(Gbps)
[CPU 1] dpdk0 flows:      1, RX:   64432(pps) (err:     0),  0.05(Gbps), TX: 1449084(pps),  9.91(Gbps)
[ ALL ] dpdk0 flows:      1, RX:   64432(pps) (err:     0),  0.05(Gbps), TX: 1449084(pps),  9.91(Gbps)
[CPU 1] dpdk0 flows:      1, RX:   63167(pps) (err:     0),  0.05(Gbps), TX: 1456104(pps),  9.96(Gbps)
[ ALL ] dpdk0 flows:      1, RX:   63167(pps) (err:     0),  0.05(Gbps), TX: 1456104(pps),  9.96(Gbps)
[CPU 1] dpdk0 flows:      1, RX:   63234(pps) (err:     0),  0.05(Gbps), TX: 1456387(pps),  9.96(Gbps)
[ ALL ] dpdk0 flows:      1, RX:   63234(pps) (err:     0),  0.05(Gbps), TX: 1456387(pps),  9.96(Gbps)
[CPU 1] dpdk0 flows:      1, RX:   63239(pps) (err:     0),  0.05(Gbps), TX: 1456074(pps),  9.96(Gbps)
[ ALL ] dpdk0 flows:      1, RX:   63239(pps) (err:     0),  0.05(Gbps), TX: 1456074(pps),  9.96(Gbps)
[CPU 1] dpdk0 flows:      1, RX:   63061(pps) (err:     0),  0.05(Gbps), TX: 1455461(pps),  9.95(Gbps)
[ ALL ] dpdk0 flows:      1, RX:   63061(pps) (err:     0),  0.05(Gbps), TX: 1455461(pps),  9.95(Gbps)
[CPU 1] dpdk0 flows:      1, RX:   63129(pps) (err:     0),  0.05(Gbps), TX: 1456130(pps),  9.96(Gbps)
[ ALL ] dpdk0 flows:      1, RX:   63129(pps) (err:     0),  0.05(Gbps), TX: 1456130(pps),  9.96(Gbps)
[CPU 1] dpdk0 flows:      1, RX:   63150(pps) (err:     0),  0.05(Gbps), TX: 1455051(pps),  9.95(Gbps)
[ ALL ] dpdk0 flows:      1, RX:   63150(pps) (err:     0),  0.05(Gbps), TX: 1455051(pps),  9.95(Gbps)
[CPU 1] dpdk0 flows:      1, RX:   60861(pps) (err:     0),  0.04(Gbps), TX: 1383143(pps),  9.46(Gbps)
[ ALL ] dpdk0 flows:      1, RX:   60861(pps) (err:     0),  0.04(Gbps), TX: 1383143(pps),  9.46(Gbps)
[CPU 1] dpdk0 flows:      1, RX:   63336(pps) (err:     0),  0.05(Gbps), TX: 1434213(pps),  9.81(Gbps)
[ ALL ] dpdk0 flows:      1, RX:   63336(pps) (err:     0),  0.05(Gbps), TX: 1434213(pps),  9.81(Gbps)
[CPU 1] dpdk0 flows:      1, RX:   64507(pps) (err:     0),  0.05(Gbps), TX: 1414501(pps),  9.67(Gbps)
[ ALL ] dpdk0 flows:      1, RX:   64507(pps) (err:     0),  0.05(Gbps), TX: 1414501(pps),  9.67(Gbps)
[CPU 1] dpdk0 flows:      1, RX:   65813(pps) (err:     0),  0.05(Gbps), TX: 1445583(pps),  9.89(Gbps)
[ ALL ] dpdk0 flows:      1, RX:   65813(pps) (err:     0),  0.05(Gbps), TX: 1445583(pps),  9.89(Gbps)
[CPU 1] dpdk0 flows:      1, RX:   63303(pps) (err:     0),  0.05(Gbps), TX: 1442997(pps),  9.87(Gbps)
[ ALL ] dpdk0 flows:      1, RX:   63303(pps) (err:     0),  0.05(Gbps), TX: 1442997(pps),  9.87(Gbps)
[CPU 1] dpdk0 flows:      1, RX:   38891(pps) (err:     0),  0.03(Gbps), TX:  888071(pps),  6.07(Gbps)
[ ALL ] dpdk0 flows:      1, RX:   38891(pps) (err:     0),  0.03(Gbps), TX:  888071(pps),  6.07(Gbps)
[CPU 1] dpdk0 flows:      1, RX:       0(pps) (err:     0),  0.00(Gbps), TX:       0(pps),  0.00(Gbps)
[ ALL ] dpdk0 flows:      1, RX:       0(pps) (err:     0),  0.00(Gbps), TX:       0(pps),  0.00(Gbps)
[CPU 1] dpdk0 flows:      1, RX:       0(pps) (err:     0),  0.00(Gbps), TX:       0(pps),  0.00(Gbps)
[ ALL ] dpdk0 flows:      1, RX:       0(pps) (err:     0),  0.00(Gbps), TX:       0(pps),  0.00(Gbps)
[CPU 1] dpdk0 flows:      1, RX:       0(pps) (err:     0),  0.00(Gbps), TX:       0(pps),  0.00(Gbps)
[ ALL ] dpdk0 flows:      1, RX:       0(pps) (err:     0),  0.00(Gbps), TX:       0(pps),  0.00(Gbps)
[CPU 1] dpdk0 flows:      1, RX:       0(pps) (err:     0),  0.00(Gbps), TX:       0(pps),  0.00(Gbps)
[ ALL ] dpdk0 flows:      1, RX:       0(pps) (err:     0),  0.00(Gbps), TX:       0(pps),  0.00(Gbps)
[CPU 1] dpdk0 flows:      1, RX:       0(pps) (err:     0),  0.00(Gbps), TX:       0(pps),  0.00(Gbps)
[ ALL ] dpdk0 flows:      1, RX:       0(pps) (err:     0),  0.00(Gbps), TX:       0(pps),  0.00(Gbps)
[CPU 1] dpdk0 flows:      1, RX:       0(pps) (err:     0),  0.00(Gbps), TX:       0(pps),  0.00(Gbps)
[ ALL ] dpdk0 flows:      1, RX:       0(pps) (err:     0),  0.00(Gbps), TX:       0(pps),  0.00(Gbps)
[CPU 1] dpdk0 flows:      1, RX:       0(pps) (err:     0),  0.00(Gbps), TX:       0(pps),  0.00(Gbps)
[ ALL ] dpdk0 flows:      1, RX:       0(pps) (err:     0),  0.00(Gbps), TX:       0(pps),  0.00(Gbps)
[CPU 1] dpdk0 flows:      1, RX:       0(pps) (err:     0),  0.00(Gbps), TX:       0(pps),  0.00(Gbps)
[ ALL ] dpdk0 flows:      1, RX:       0(pps) (err:     0),  0.00(Gbps), TX:       0(pps),  0.00(Gbps)
[CPU 1] dpdk0 flows:      1, RX:       0(pps) (err:     0),  0.00(Gbps), TX:       0(pps),  0.00(Gbps)
[ ALL ] dpdk0 flows:      1, RX:       0(pps) (err:     0),  0.00(Gbps), TX:       0(pps),  0.00(Gbps)
[CPU 1] dpdk0 flows:      1, RX:       0(pps) (err:     0),  0.00(Gbps), TX:       0(pps),  0.00(Gbps)
[ ALL ] dpdk0 flows:      1, RX:       0(pps) (err:     0),  0.00(Gbps), TX:       0(pps),  0.00(Gbps)
[CPU 1] dpdk0 flows:      1, RX:       0(pps) (err:     0),  0.00(Gbps), TX:       0(pps),  0.00(Gbps)
[ ALL ] dpdk0 flows:      1, RX:       0(pps) (err:     0),  0.00(Gbps), TX:       0(pps),  0.00(Gbps)
