---------------------------------------------------------------------------------
Loading mtcp configuration from : perf.conf
EAL: Probing VFIO support...
EAL: VFIO support initialized
EAL: PCI device 0000:1a:00.1 on NUMA socket -1
EAL:   Invalid NUMA socket, default to 0
EAL:   probe driver: 8086:10fb net_ixgbe
EAL:   using IOMMU type 1 (Type 1)
Loading interface setting
EAL: Detected 6 lcore(s)
EAL: Detected 1 NUMA nodes
EAL: Auto-detected process type: PRIMARY
EAL: Multi-process socket /var/run/dpdk/rte/mp_socket
EAL: No free hugepages reported in hugepages-1048576kB
EAL: Ignore mapping IO port bar(2)
EAL: Auto-detected process type: PRIMARY
Total number of attached devices: 1
Interface name: dpdk0
Configurations:
Number of CPU cores available: 3
Number of CPU cores to use: 3
Maximum number of concurrency per core: 10000
Maximum number of preallocated buffers per core: 10000
Receive buffer size: 102400
Send buffer size: 102400
TCP timeout seconds: 30
TCP timewait seconds: 0
NICs to print statistics: dpdk0
---------------------------------------------------------------------------------
Interfaces:
name: dpdk0, ifindex: 0, hwaddr: 90:E2:BA:46:F2:25, ipaddr: 10.1.1.1, netmask: 255.255.255.0
Number of NIC queues: 3
---------------------------------------------------------------------------------
Loading routing configurations from : config/route.conf
fopen: No such file or directory
Skip loading static routing table
Routes:
Destination: 10.1.1.0/24, Mask: 255.255.255.0, Masked: 10.1.1.0, Route: ifdx-0
---------------------------------------------------------------------------------
Loading ARP table from : config/arp.conf
Initializing port 0... ARP Table:
IP addr: 10.1.1.2, dst_hwaddr: 90:E2:BA:46:F3:44
---------------------------------------------------------------------------------
done: 

Checking link statusdone
Port 0 Link Up - speed 10000 Mbps - full-duplex
CPU 1: initialization finished.
[mtcp_create_context:1359] CPU 1 is now the master thread.
[CPU 1] dpdk0 flows:      1, RX:       1(pps) (err:     0),  0.00(Gbps), TX:       2(pps),  0.00(Gbps)
[ ALL ] dpdk0 flows:      1, RX:       1(pps) (err:     0),  0.00(Gbps), TX:       2(pps),  0.00(Gbps)
[CPU 1] dpdk0 flows:      1, RX:   68042(pps) (err:     0),  0.05(Gbps), TX: 1392694(pps),  9.85(Gbps)
[ ALL ] dpdk0 flows:      1, RX:   68042(pps) (err:     0),  0.05(Gbps), TX: 1392694(pps),  9.85(Gbps)
[CPU 1] dpdk0 flows:      1, RX:   68034(pps) (err:     0),  0.05(Gbps), TX: 1396326(pps),  9.88(Gbps)
[ ALL ] dpdk0 flows:      1, RX:   68034(pps) (err:     0),  0.05(Gbps), TX: 1396326(pps),  9.88(Gbps)
[CPU 1] dpdk0 flows:      1, RX:   65442(pps) (err:     0),  0.05(Gbps), TX: 1407874(pps),  9.96(Gbps)
[ ALL ] dpdk0 flows:      1, RX:   65442(pps) (err:     0),  0.05(Gbps), TX: 1407874(pps),  9.96(Gbps)
[CPU 1] dpdk0 flows:      1, RX:   65451(pps) (err:     0),  0.05(Gbps), TX: 1407780(pps),  9.96(Gbps)
[ ALL ] dpdk0 flows:      1, RX:   65451(pps) (err:     0),  0.05(Gbps), TX: 1407780(pps),  9.96(Gbps)
[CPU 1] dpdk0 flows:      1, RX:   65402(pps) (err:     0),  0.05(Gbps), TX: 1408389(pps),  9.96(Gbps)
[ ALL ] dpdk0 flows:      1, RX:   65402(pps) (err:     0),  0.05(Gbps), TX: 1408389(pps),  9.96(Gbps)
[CPU 1] dpdk0 flows:      1, RX:   65528(pps) (err:     0),  0.05(Gbps), TX: 1407629(pps),  9.96(Gbps)
[ ALL ] dpdk0 flows:      1, RX:   65528(pps) (err:     0),  0.05(Gbps), TX: 1407629(pps),  9.96(Gbps)
[CPU 1] dpdk0 flows:      1, RX:   65708(pps) (err:     0),  0.05(Gbps), TX: 1404766(pps),  9.94(Gbps)
[ ALL ] dpdk0 flows:      1, RX:   65708(pps) (err:     0),  0.05(Gbps), TX: 1404766(pps),  9.94(Gbps)
[CPU 1] dpdk0 flows:      1, RX:   63283(pps) (err:     0),  0.05(Gbps), TX: 1333988(pps),  9.44(Gbps)
[ ALL ] dpdk0 flows:      1, RX:   63283(pps) (err:     0),  0.05(Gbps), TX: 1333988(pps),  9.44(Gbps)
[CPU 1] dpdk0 flows:      1, RX:   66645(pps) (err:     0),  0.05(Gbps), TX: 1390974(pps),  9.84(Gbps)
[ ALL ] dpdk0 flows:      1, RX:   66645(pps) (err:     0),  0.05(Gbps), TX: 1390974(pps),  9.84(Gbps)
[CPU 1] dpdk0 flows:      1, RX:   67238(pps) (err:     0),  0.05(Gbps), TX: 1385909(pps),  9.81(Gbps)
[ ALL ] dpdk0 flows:      1, RX:   67238(pps) (err:     0),  0.05(Gbps), TX: 1385909(pps),  9.81(Gbps)
[CPU 1] dpdk0 flows:      1, RX:   67332(pps) (err:     0),  0.05(Gbps), TX: 1402497(pps),  9.92(Gbps)
[ ALL ] dpdk0 flows:      1, RX:   67332(pps) (err:     0),  0.05(Gbps), TX: 1402497(pps),  9.92(Gbps)
[CPU 1] dpdk0 flows:      1, RX:   65850(pps) (err:     0),  0.05(Gbps), TX: 1394666(pps),  9.87(Gbps)
[ ALL ] dpdk0 flows:      1, RX:   65850(pps) (err:     0),  0.05(Gbps), TX: 1394666(pps),  9.87(Gbps)
[CPU 1] dpdk0 flows:      1, RX:   45305(pps) (err:     0),  0.03(Gbps), TX:  957862(pps),  6.78(Gbps)
[ ALL ] dpdk0 flows:      1, RX:   45305(pps) (err:     0),  0.03(Gbps), TX:  957862(pps),  6.78(Gbps)
[CPU 1] dpdk0 flows:      1, RX:       0(pps) (err:     0),  0.00(Gbps), TX:       0(pps),  0.00(Gbps)
[ ALL ] dpdk0 flows:      1, RX:       0(pps) (err:     0),  0.00(Gbps), TX:       0(pps),  0.00(Gbps)
[CPU 1] dpdk0 flows:      1, RX:       0(pps) (err:     0),  0.00(Gbps), TX:       0(pps),  0.00(Gbps)
[ ALL ] dpdk0 flows:      1, RX:       0(pps) (err:     0),  0.00(Gbps), TX:       0(pps),  0.00(Gbps)
[CPU 1] dpdk0 flows:      1, RX:       0(pps) (err:     0),  0.00(Gbps), TX:       0(pps),  0.00(Gbps)
[ ALL ] dpdk0 flows:      1, RX:       0(pps) (err:     0),  0.00(Gbps), TX:       0(pps),  0.00(Gbps)
[CPU 1] dpdk0 flows:      1, RX:       0(pps) (err:     0),  0.00(Gbps), TX:       0(pps),  0.00(Gbps)
[ ALL ] dpdk0 flows:      1, RX:       0(pps) (err:     0),  0.00(Gbps), TX:       0(pps),  0.00(Gbps)
[CPU 1] dpdk0 flows:      1, RX:       0(pps) (err:     0),  0.00(Gbps), TX:       0(pps),  0.00(Gbps)
[ ALL ] dpdk0 flows:      1, RX:       0(pps) (err:     0),  0.00(Gbps), TX:       0(pps),  0.00(Gbps)
[CPU 1] dpdk0 flows:      1, RX:       0(pps) (err:     0),  0.00(Gbps), TX:       0(pps),  0.00(Gbps)
[ ALL ] dpdk0 flows:      1, RX:       0(pps) (err:     0),  0.00(Gbps), TX:       0(pps),  0.00(Gbps)
[CPU 1] dpdk0 flows:      1, RX:       0(pps) (err:     0),  0.00(Gbps), TX:       0(pps),  0.00(Gbps)
[ ALL ] dpdk0 flows:      1, RX:       0(pps) (err:     0),  0.00(Gbps), TX:       0(pps),  0.00(Gbps)
[CPU 1] dpdk0 flows:      1, RX:       0(pps) (err:     0),  0.00(Gbps), TX:       0(pps),  0.00(Gbps)
[ ALL ] dpdk0 flows:      1, RX:       0(pps) (err:     0),  0.00(Gbps), TX:       0(pps),  0.00(Gbps)
[CPU 1] dpdk0 flows:      1, RX:       0(pps) (err:     0),  0.00(Gbps), TX:       0(pps),  0.00(Gbps)
[ ALL ] dpdk0 flows:      1, RX:       0(pps) (err:     0),  0.00(Gbps), TX:       0(pps),  0.00(Gbps)
[CPU 1] dpdk0 flows:      1, RX:       0(pps) (err:     0),  0.00(Gbps), TX:       0(pps),  0.00(Gbps)
[ ALL ] dpdk0 flows:      1, RX:       0(pps) (err:     0),  0.00(Gbps), TX:       0(pps),  0.00(Gbps)
[CPU 1] dpdk0 flows:      1, RX:       0(pps) (err:     0),  0.00(Gbps), TX:       0(pps),  0.00(Gbps)
[ ALL ] dpdk0 flows:      1, RX:       0(pps) (err:     0),  0.00(Gbps), TX:       0(pps),  0.00(Gbps)
[CPU 1] dpdk0 flows:      1, RX:       0(pps) (err:     0),  0.00(Gbps), TX:       0(pps),  0.00(Gbps)
[ ALL ] dpdk0 flows:      1, RX:       0(pps) (err:     0),  0.00(Gbps), TX:       0(pps),  0.00(Gbps)
