[dpdk]: lcore_mask=2
[dpdk]: channel=4
[dpdk]: promiscuous=1
[dpdk]: numa_on=1
[dpdk]: tx_csum_offoad_skip=0
[dpdk]: tso=0
[dpdk]: vlan_strip=1
[dpdk]: idle_sleep=0
[dpdk]: pkt_tx_delay=0
[dpdk]: symmetric_rss=0
[dpdk]: allow=0000:1a:00.0
[dpdk]: port_list=0
[dpdk]: nb_vdev=0
[dpdk]: nb_bond=0
[pcap]: enable=0
[pcap]: snaplen=96
[pcap]: savelen=16777216
[pcap]: savepath=.
[port0]: addr=10.1.1.2
[port0]: netmask=255.255.255.0
[port0]: broadcast=10.1.1.255
[port0]: gateway=10.1.1.254
[freebsd.boot]: hz=100
[freebsd.boot]: fd_reserve=1024
[freebsd.boot]: kern.ipc.maxsockets=262144
[freebsd.boot]: net.inet.tcp.syncache.hashsize=4096
[freebsd.boot]: net.inet.tcp.syncache.bucketlimit=100
[freebsd.boot]: net.inet.tcp.tcbhashsize=65536
[freebsd.boot]: kern.ncallout=262144
[freebsd.boot]: kern.features.inet6=1
[freebsd.boot]: net.inet6.ip6.auto_linklocal=1
[freebsd.boot]: net.inet6.ip6.accept_rtadv=2
[freebsd.boot]: net.inet6.icmp6.rediraccept=1
[freebsd.boot]: net.inet6.ip6.forwarding=0
[freebsd.sysctl]: kern.ipc.somaxconn=32768
[freebsd.sysctl]: kern.ipc.maxsockbuf=16777216
[freebsd.sysctl]: net.link.ether.inet.maxhold=5
[freebsd.sysctl]: net.inet.tcp.fast_finwait2_recycle=1
[freebsd.sysctl]: net.inet.tcp.sendspace=16384
[freebsd.sysctl]: net.inet.tcp.recvspace=8192
[freebsd.sysctl]: net.inet.tcp.cc.algorithm=cubic
[freebsd.sysctl]: net.inet.tcp.sendbuf_max=16777216
[freebsd.sysctl]: net.inet.tcp.recvbuf_max=16777216
[freebsd.sysctl]: net.inet.tcp.sendbuf_auto=1
[freebsd.sysctl]: net.inet.tcp.recvbuf_auto=1
[freebsd.sysctl]: net.inet.tcp.sendbuf_inc=16384
[freebsd.sysctl]: net.inet.tcp.sack.enable=1
[freebsd.sysctl]: net.inet.tcp.blackhole=1
[freebsd.sysctl]: net.inet.tcp.msl=2000
[freebsd.sysctl]: net.inet.tcp.delayed_ack=1
[freebsd.sysctl]: net.inet.tcp.rfc1323=1
[freebsd.sysctl]: net.inet.udp.blackhole=1
[freebsd.sysctl]: net.inet.ip.redirect=0
[freebsd.sysctl]: net.inet.ip.forwarding=0
[freebsd.sysctl]: net.inet.tcp.functions_default=freebsd
[freebsd.sysctl]: net.inet.tcp.hpts.skip_swi=1
[freebsd.sysctl]: net.inet.tcp.hpts.minsleep=250
[freebsd.sysctl]: net.inet.tcp.hpts.maxsleep=51200
f-stack -c2 -n4 --proc-type=primary 
EAL: Detected CPU lcores: 6
EAL: Detected NUMA nodes: 1
EAL: Detected static linkage of DPDK
EAL: Multi-process socket /var/run/dpdk/rte/mp_socket
EAL: Selected IOVA mode 'VA'
EAL: No available 1048576 kB hugepages reported
EAL: VFIO support initialized
EAL: Using IOMMU type 1 (Type 1)
EAL: Ignore mapping IO port bar(2)
EAL: Probe PCI driver: net_ixgbe (8086:10fb) device: 0000:1a:00.0 (socket 0)
lcore: 1, port: 0, queue: 0
create mbuf pool on socket 0
create ring:dispatch_ring_p0_q0 success, 2047 ring entries are now free!
Port 0 MAC: 90 e2 ba 46 f3 44
Port 0 modified RSS hash function based on hardware support,requested:0x2003ffffc configured:0x38d34
port[0]: rss table size: 128
set port 0 to promiscuous mode ok

Checking link statusdone
Port 0 Link Up - speed 10000 Mbps - full-duplex
Timecounters tick every 10.000 msec
WARNING: Adding ifaddrs to all fibs has been turned off by default. Consider tuning net.add_addr_allfibs if needed
Attempting to load tcp_bbr
tcp_bbr is now available
TCP Hpts created 1 swi interrupt threads and bound 0 to cpus
Timecounter "ff_clock" frequency 100 Hz quality 1
TCP_ratelimit: Is now initialized
f-stack-0: No addr6 config found.
f-stack-0: Ethernet address: 90:e2:ba:46:f3:44
connected
pps=8049; bps=88940566;
pps=7948; bps=87813781;
pps=8234; bps=90990603;
pps=8133; bps=89869700;
pps=8246; bps=91108141;
pps=8330; bps=92047884;
pps=8288; bps=91574190;
pps=8205; bps=90664866;
pps=8167; bps=90233286;
pps=8046; bps=88902386;
pps=8154; bps=90102380;
pps=7962; bps=87975042;
pps=8051; bps=88953057;
pps=8167; bps=90236836;
pps=8240; bps=91044364;
pps=8287; bps=91563105;
pps=8273; bps=91415608;
pps=8281; bps=91500106;
