---------------------------------------------------------------------------------
Loading mtcp configuration from : perf.conf
EAL: Probing VFIO support...
EAL: VFIO support initialized
Loading interface setting
EAL: Detected 6 lcore(s)
EAL: Detected 1 NUMA nodes
EAL: Auto-detected process type: PRIMARY
EAL: Multi-process socket /var/run/dpdk/rte/mp_socket
EAL: No free hugepages reported in hugepages-1048576kB
EAL: PCI device 0000:1a:00.0 on NUMA socket -1
EAL:   Invalid NUMA socket, default to 0
EAL:   probe driver: 8086:10fb net_ixgbe
EAL:   using IOMMU type 1 (Type 1)
EAL: Ignore mapping IO port bar(2)
EAL: Auto-detected process type: PRIMARY
Total number of attached devices: 1
Interface name: dpdk0
Configurations:
Number of CPU cores available: 3
Number of CPU cores to use: 3
Maximum number of concurrency per core: 10000
Maximum number of preallocated buffers per core: 10000
Receive buffer size: 102400
Send buffer size: 102400
TCP timeout seconds: 30
TCP timewait seconds: 0
NICs to print statistics: dpdk0
---------------------------------------------------------------------------------
Interfaces:
name: dpdk0, ifindex: 0, hwaddr: 90:E2:BA:46:F3:44, ipaddr: 10.1.1.2, netmask: 255.255.255.0
Number of NIC queues: 3
---------------------------------------------------------------------------------
Loading routing configurations from : config/route.conf
fopen: No such file or directory
Skip loading static routing table
Routes:
Destination: 10.1.1.0/24, Mask: 255.255.255.0, Masked: 10.1.1.0, Route: ifdx-0
---------------------------------------------------------------------------------
Loading ARP table from : config/arp.conf
ARP Table:
IP addr: 10.1.1.1, dst_hwaddr: 90:E2:BA:46:F2:25
---------------------------------------------------------------------------------
Initializing port 0... done: 

Checking link statusdone
Port 0 Link Up - speed 10000 Mbps - full-duplex
CPU 1: initialization finished.
[mtcp_create_context:1359] CPU 1 is now the master thread.
[CPU 1] dpdk0 flows:      0, RX:       0(pps) (err:     0),  0.00(Gbps), TX:       0(pps),  0.00(Gbps)
[ ALL ] dpdk0 flows:      0, RX:       0(pps) (err:     0),  0.00(Gbps), TX:       0(pps),  0.00(Gbps)
[CPU 1] dpdk0 flows:      0, RX:       0(pps) (err:     0),  0.00(Gbps), TX:       0(pps),  0.00(Gbps)
[ ALL ] dpdk0 flows:      0, RX:       0(pps) (err:     0),  0.00(Gbps), TX:       0(pps),  0.00(Gbps)
clientfd=1;
[CPU 1] dpdk0 flows:      1, RX:   51072(pps) (err:     0),  0.55(Gbps), TX:    7415(pps),  0.01(Gbps)
[ ALL ] dpdk0 flows:      1, RX:   51072(pps) (err:     0),  0.55(Gbps), TX:    7415(pps),  0.01(Gbps)
pps=896944; bps=9263651006;
[CPU 1] dpdk0 flows:      1, RX:  915461(pps) (err:     0),  9.93(Gbps), TX:  131034(pps),  0.09(Gbps)
[ ALL ] dpdk0 flows:      1, RX:  915461(pps) (err:     0),  9.93(Gbps), TX:  131034(pps),  0.09(Gbps)
pps=897913; bps=9273662252;
[CPU 1] dpdk0 flows:      1, RX:  916262(pps) (err:     0),  9.94(Gbps), TX:  131515(pps),  0.09(Gbps)
[ ALL ] dpdk0 flows:      1, RX:  916262(pps) (err:     0),  9.94(Gbps), TX:  131515(pps),  0.09(Gbps)
pps=900729; bps=9302732777;
[CPU 1] dpdk0 flows:      1, RX:  918410(pps) (err:     0),  9.96(Gbps), TX:  130686(pps),  0.09(Gbps)
[ ALL ] dpdk0 flows:      1, RX:  918410(pps) (err:     0),  9.96(Gbps), TX:  130686(pps),  0.09(Gbps)
pps=900825; bps=9303727486;
[CPU 1] dpdk0 flows:      1, RX:  918246(pps) (err:     0),  9.96(Gbps), TX:  130718(pps),  0.09(Gbps)
[ ALL ] dpdk0 flows:      1, RX:  918246(pps) (err:     0),  9.96(Gbps), TX:  130718(pps),  0.09(Gbps)
pps=900659; bps=9302015503;
[CPU 1] dpdk0 flows:      1, RX:  918566(pps) (err:     0),  9.97(Gbps), TX:  130538(pps),  0.09(Gbps)
[ ALL ] dpdk0 flows:      1, RX:  918566(pps) (err:     0),  9.97(Gbps), TX:  130538(pps),  0.09(Gbps)
pps=900688; bps=9302313170;
[CPU 1] dpdk0 flows:      1, RX:  918148(pps) (err:     0),  9.96(Gbps), TX:  130634(pps),  0.09(Gbps)
[ ALL ] dpdk0 flows:      1, RX:  918148(pps) (err:     0),  9.96(Gbps), TX:  130634(pps),  0.09(Gbps)
pps=900521; bps=9300586637;
[CPU 1] dpdk0 flows:      1, RX:  918203(pps) (err:     0),  9.96(Gbps), TX:  130665(pps),  0.09(Gbps)
[ ALL ] dpdk0 flows:      1, RX:  918203(pps) (err:     0),  9.96(Gbps), TX:  130665(pps),  0.09(Gbps)
pps=900609; bps=9301505992;
[CPU 1] dpdk0 flows:      1, RX:  918482(pps) (err:     0),  9.96(Gbps), TX:  130617(pps),  0.09(Gbps)
[ ALL ] dpdk0 flows:      1, RX:  918482(pps) (err:     0),  9.96(Gbps), TX:  130617(pps),  0.09(Gbps)
pps=856530; bps=8846252613;
[CPU 1] dpdk0 flows:      1, RX:  873079(pps) (err:     0),  9.47(Gbps), TX:  126449(pps),  0.09(Gbps)
[ ALL ] dpdk0 flows:      1, RX:  873079(pps) (err:     0),  9.47(Gbps), TX:  126449(pps),  0.09(Gbps)
pps=887499; bps=9166102782;
[CPU 1] dpdk0 flows:      1, RX:  904468(pps) (err:     0),  9.81(Gbps), TX:  132502(pps),  0.10(Gbps)
[ ALL ] dpdk0 flows:      1, RX:  904468(pps) (err:     0),  9.81(Gbps), TX:  132502(pps),  0.10(Gbps)
pps=882755; bps=9117097565;
[CPU 1] dpdk0 flows:      1, RX:  900245(pps) (err:     0),  9.77(Gbps), TX:  130434(pps),  0.09(Gbps)
[ ALL ] dpdk0 flows:      1, RX:  900245(pps) (err:     0),  9.77(Gbps), TX:  130434(pps),  0.09(Gbps)
pps=897677; bps=9271211581;
[CPU 1] dpdk0 flows:      1, RX:  915014(pps) (err:     0),  9.93(Gbps), TX:  132489(pps),  0.10(Gbps)
[ ALL ] dpdk0 flows:      1, RX:  915014(pps) (err:     0),  9.93(Gbps), TX:  132489(pps),  0.10(Gbps)
pps=893837; bps=9231551346;
[CPU 1] dpdk0 flows:      1, RX:  911666(pps) (err:     0),  9.89(Gbps), TX:  131780(pps),  0.09(Gbps)
[ ALL ] dpdk0 flows:      1, RX:  911666(pps) (err:     0),  9.89(Gbps), TX:  131780(pps),  0.09(Gbps)
pps=896517; bps=9259243501;
[CPU 1] dpdk0 flows:      1, RX:  914012(pps) (err:     0),  9.92(Gbps), TX:  132281(pps),  0.10(Gbps)
[ ALL ] dpdk0 flows:      1, RX:  914012(pps) (err:     0),  9.92(Gbps), TX:  132281(pps),  0.10(Gbps)
