---------------------------------------------------------------------------------
EAL: Probing VFIO support...
EAL: VFIO support initialized
Loading mtcp configuration from : perf.conf
Loading interface setting
EAL: Detected 6 lcore(s)
EAL: Detected 1 NUMA nodes
EAL: Auto-detected process type: PRIMARY
EAL: Multi-process socket /var/run/dpdk/rte/mp_socket
EAL: No free hugepages reported in hugepages-1048576kB
EAL: PCI device 0000:1a:00.0 on NUMA socket -1
EAL:   Invalid NUMA socket, default to 0
EAL:   probe driver: 8086:10fb net_ixgbe
EAL:   using IOMMU type 1 (Type 1)
EAL: Ignore mapping IO port bar(2)
EAL: Auto-detected process type: PRIMARY
Total number of attached devices: 1
Interface name: dpdk0
Configurations:
Number of CPU cores available: 3
Number of CPU cores to use: 3
Maximum number of concurrency per core: 10000
Maximum number of preallocated buffers per core: 10000
Receive buffer size: 102400
Send buffer size: 102400
TCP timeout seconds: 30
TCP timewait seconds: 0
NICs to print statistics: dpdk0
---------------------------------------------------------------------------------
Interfaces:
name: dpdk0, ifindex: 0, hwaddr: 90:E2:BA:46:F3:44, ipaddr: 10.1.1.2, netmask: 255.255.255.0
Number of NIC queues: 3
---------------------------------------------------------------------------------
Loading routing configurations from : config/route.conf
fopen: No such file or directory
Skip loading static routing table
Routes:
Destination: 10.1.1.0/24, Mask: 255.255.255.0, Masked: 10.1.1.0, Route: ifdx-0
---------------------------------------------------------------------------------
Loading ARP table from : config/arp.conf
ARP Table:
IP addr: 10.1.1.1, dst_hwaddr: 90:E2:BA:46:F2:25
---------------------------------------------------------------------------------
Initializing port 0... done: 

Checking link statusdone
Port 0 Link Up - speed 10000 Mbps - full-duplex
CPU 1: initialization finished.
[mtcp_create_context:1359] CPU 1 is now the master thread.
[CPU 1] dpdk0 flows:      0, RX:       0(pps) (err:     0),  0.00(Gbps), TX:       0(pps),  0.00(Gbps)
[ ALL ] dpdk0 flows:      0, RX:       0(pps) (err:     0),  0.00(Gbps), TX:       0(pps),  0.00(Gbps)
[CPU 1] dpdk0 flows:      0, RX:       0(pps) (err:     0),  0.00(Gbps), TX:       0(pps),  0.00(Gbps)
[ ALL ] dpdk0 flows:      0, RX:       0(pps) (err:     0),  0.00(Gbps), TX:       0(pps),  0.00(Gbps)
clientfd=1;
[CPU 1] dpdk0 flows:      1, RX:  567994(pps) (err:     0),  5.76(Gbps), TX:   72175(pps),  0.05(Gbps)
[ ALL ] dpdk0 flows:      1, RX:  567994(pps) (err:     0),  5.76(Gbps), TX:   72175(pps),  0.05(Gbps)
pps=958314; bps=9207493130;
[CPU 1] dpdk0 flows:      1, RX:  977515(pps) (err:     0),  9.92(Gbps), TX:  124769(pps),  0.09(Gbps)
[ ALL ] dpdk0 flows:      1, RX:  977515(pps) (err:     0),  9.92(Gbps), TX:  124769(pps),  0.09(Gbps)
pps=959333; bps=9217282620;
[CPU 1] dpdk0 flows:      1, RX:  980130(pps) (err:     0),  9.95(Gbps), TX:  124023(pps),  0.09(Gbps)
[ ALL ] dpdk0 flows:      1, RX:  980130(pps) (err:     0),  9.95(Gbps), TX:  124023(pps),  0.09(Gbps)
pps=963211; bps=9254542438;
[CPU 1] dpdk0 flows:      1, RX:  981637(pps) (err:     0),  9.96(Gbps), TX:  123867(pps),  0.09(Gbps)
[ ALL ] dpdk0 flows:      1, RX:  981637(pps) (err:     0),  9.96(Gbps), TX:  123867(pps),  0.09(Gbps)
pps=963324; bps=9255624752;
[CPU 1] dpdk0 flows:      1, RX:  981474(pps) (err:     0),  9.96(Gbps), TX:  123674(pps),  0.09(Gbps)
[ ALL ] dpdk0 flows:      1, RX:  981474(pps) (err:     0),  9.96(Gbps), TX:  123674(pps),  0.09(Gbps)
pps=962736; bps=9249977227;
[CPU 1] dpdk0 flows:      1, RX:  981510(pps) (err:     0),  9.96(Gbps), TX:  123580(pps),  0.09(Gbps)
[ ALL ] dpdk0 flows:      1, RX:  981510(pps) (err:     0),  9.96(Gbps), TX:  123580(pps),  0.09(Gbps)
pps=963384; bps=9256197585;
[CPU 1] dpdk0 flows:      1, RX:  981542(pps) (err:     0),  9.96(Gbps), TX:  123457(pps),  0.09(Gbps)
[ ALL ] dpdk0 flows:      1, RX:  981542(pps) (err:     0),  9.96(Gbps), TX:  123457(pps),  0.09(Gbps)
pps=963343; bps=9255810065;
[CPU 1] dpdk0 flows:      1, RX:  981663(pps) (err:     0),  9.96(Gbps), TX:  123814(pps),  0.09(Gbps)
[ ALL ] dpdk0 flows:      1, RX:  981663(pps) (err:     0),  9.96(Gbps), TX:  123814(pps),  0.09(Gbps)
pps=963463; bps=9256962881;
[CPU 1] dpdk0 flows:      1, RX:  981775(pps) (err:     0),  9.96(Gbps), TX:  123756(pps),  0.09(Gbps)
[ ALL ] dpdk0 flows:      1, RX:  981775(pps) (err:     0),  9.96(Gbps), TX:  123756(pps),  0.09(Gbps)
pps=962974; bps=9252264399;
[CPU 1] dpdk0 flows:      1, RX:  972634(pps) (err:     0),  9.87(Gbps), TX:  124496(pps),  0.09(Gbps)
[ ALL ] dpdk0 flows:      1, RX:  972634(pps) (err:     0),  9.87(Gbps), TX:  124496(pps),  0.09(Gbps)
pps=916604; bps=8806744128;
[CPU 1] dpdk0 flows:      1, RX:  939589(pps) (err:     0),  9.54(Gbps), TX:  119858(pps),  0.09(Gbps)
[ ALL ] dpdk0 flows:      1, RX:  939589(pps) (err:     0),  9.54(Gbps), TX:  119858(pps),  0.09(Gbps)
pps=952616; bps=9152742277;
[CPU 1] dpdk0 flows:      1, RX:  967874(pps) (err:     0),  9.82(Gbps), TX:  125652(pps),  0.09(Gbps)
[ ALL ] dpdk0 flows:      1, RX:  967874(pps) (err:     0),  9.82(Gbps), TX:  125652(pps),  0.09(Gbps)
pps=956877; bps=9193687222;
[CPU 1] dpdk0 flows:      1, RX:  965599(pps) (err:     0),  9.80(Gbps), TX:  123438(pps),  0.09(Gbps)
[ ALL ] dpdk0 flows:      1, RX:  965599(pps) (err:     0),  9.80(Gbps), TX:  123438(pps),  0.09(Gbps)
pps=947262; bps=9101306477;
[CPU 1] dpdk0 flows:      1, RX:  978657(pps) (err:     0),  9.93(Gbps), TX:  125101(pps),  0.09(Gbps)
[ ALL ] dpdk0 flows:      1, RX:  978657(pps) (err:     0),  9.93(Gbps), TX:  125101(pps),  0.09(Gbps)
pps=959435; bps=9218263132;
[CPU 1] dpdk0 flows:      1, RX:  977319(pps) (err:     0),  9.92(Gbps), TX:  125589(pps),  0.09(Gbps)
[ ALL ] dpdk0 flows:      1, RX:  977319(pps) (err:     0),  9.92(Gbps), TX:  125589(pps),  0.09(Gbps)
pps=955527; bps=9180706308;
[CPU 1] dpdk0 flows:      1, RX:  973445(pps) (err:     0),  9.88(Gbps), TX:  125794(pps),  0.09(Gbps)
[ ALL ] dpdk0 flows:      1, RX:  973445(pps) (err:     0),  9.88(Gbps), TX:  125794(pps),  0.09(Gbps)
pps=958339; bps=9207733621;
