---------------------------------------------------------------------------------
EAL: Probing VFIO support...
EAL: VFIO support initialized
Loading mtcp configuration from : perf.conf
Loading interface setting
EAL: Detected 6 lcore(s)
EAL: Detected 1 NUMA nodes
EAL: Auto-detected process type: PRIMARY
EAL: Multi-process socket /var/run/dpdk/rte/mp_socket
EAL: No free hugepages reported in hugepages-1048576kB
EAL: PCI device 0000:1a:00.0 on NUMA socket -1
EAL:   Invalid NUMA socket, default to 0
EAL:   probe driver: 8086:10fb net_ixgbe
EAL:   using IOMMU type 1 (Type 1)
EAL: Ignore mapping IO port bar(2)
Total number of attached devices: 1
EAL: Auto-detected process type: PRIMARY
Interface name: dpdk0
Configurations:
Number of CPU cores available: 3
Number of CPU cores to use: 3
Maximum number of concurrency per core: 10000
Maximum number of preallocated buffers per core: 10000
Receive buffer size: 102400
Send buffer size: 102400
TCP timeout seconds: 30
TCP timewait seconds: 0
NICs to print statistics: dpdk0
---------------------------------------------------------------------------------
Interfaces:
name: dpdk0, ifindex: 0, hwaddr: 90:E2:BA:46:F3:44, ipaddr: 10.1.1.2, netmask: 255.255.255.0
Number of NIC queues: 3
---------------------------------------------------------------------------------
Loading routing configurations from : config/route.conf
fopen: No such file or directory
Skip loading static routing table
Routes:
Initializing port 0... Destination: 10.1.1.0/24, Mask: 255.255.255.0, Masked: 10.1.1.0, Route: ifdx-0
---------------------------------------------------------------------------------
Loading ARP table from : config/arp.conf
ARP Table:
IP addr: 10.1.1.1, dst_hwaddr: 90:E2:BA:46:F2:25
---------------------------------------------------------------------------------
done: 

Checking link statusdone
Port 0 Link Up - speed 10000 Mbps - full-duplex
CPU 1: initialization finished.
[mtcp_create_context:1359] CPU 1 is now the master thread.
[CPU 1] dpdk0 flows:      0, RX:       0(pps) (err:     0),  0.00(Gbps), TX:       0(pps),  0.00(Gbps)
[ ALL ] dpdk0 flows:      0, RX:       0(pps) (err:     0),  0.00(Gbps), TX:       0(pps),  0.00(Gbps)
[CPU 1] dpdk0 flows:      0, RX:       0(pps) (err:     0),  0.00(Gbps), TX:       0(pps),  0.00(Gbps)
[ ALL ] dpdk0 flows:      0, RX:       0(pps) (err:     0),  0.00(Gbps), TX:       0(pps),  0.00(Gbps)
clientfd=1;
[CPU 1] dpdk0 flows:      1, RX:  952799(pps) (err:     0),  1.97(Gbps), TX:   29992(pps),  0.02(Gbps)
[ ALL ] dpdk0 flows:      1, RX:  952799(pps) (err:     0),  1.97(Gbps), TX:   29992(pps),  0.02(Gbps)
pps=1810974; bps=2622291456;
[CPU 1] dpdk0 flows:      1, RX: 1946273(pps) (err:     0),  4.03(Gbps), TX:   60845(pps),  0.04(Gbps)
[ ALL ] dpdk0 flows:      1, RX: 1946273(pps) (err:     0),  4.03(Gbps), TX:   60845(pps),  0.04(Gbps)
pps=1817590; bps=2631870931;
[CPU 1] dpdk0 flows:      1, RX: 1946847(pps) (err:     0),  4.03(Gbps), TX:   60859(pps),  0.04(Gbps)
[ ALL ] dpdk0 flows:      1, RX: 1946847(pps) (err:     0),  4.03(Gbps), TX:   60859(pps),  0.04(Gbps)
pps=1818729; bps=2633520730;
[CPU 1] dpdk0 flows:      1, RX: 1949601(pps) (err:     0),  4.04(Gbps), TX:   60951(pps),  0.04(Gbps)
[ ALL ] dpdk0 flows:      1, RX: 1949601(pps) (err:     0),  4.04(Gbps), TX:   60951(pps),  0.04(Gbps)
pps=1819815; bps=2635094257;
[CPU 1] dpdk0 flows:      1, RX: 1949696(pps) (err:     0),  4.04(Gbps), TX:   60949(pps),  0.04(Gbps)
[ ALL ] dpdk0 flows:      1, RX: 1949696(pps) (err:     0),  4.04(Gbps), TX:   60949(pps),  0.04(Gbps)
pps=1819333; bps=2634396011;
[CPU 1] dpdk0 flows:      1, RX: 1948800(pps) (err:     0),  4.04(Gbps), TX:   60922(pps),  0.04(Gbps)
[ ALL ] dpdk0 flows:      1, RX: 1948800(pps) (err:     0),  4.04(Gbps), TX:   60922(pps),  0.04(Gbps)
pps=1819259; bps=2634289316;
[CPU 1] dpdk0 flows:      1, RX: 1948415(pps) (err:     0),  4.04(Gbps), TX:   60911(pps),  0.04(Gbps)
[ ALL ] dpdk0 flows:      1, RX: 1948415(pps) (err:     0),  4.04(Gbps), TX:   60911(pps),  0.04(Gbps)
pps=1819311; bps=2634364851;
[CPU 1] dpdk0 flows:      1, RX: 1948416(pps) (err:     0),  4.04(Gbps), TX:   60908(pps),  0.04(Gbps)
[ ALL ] dpdk0 flows:      1, RX: 1948416(pps) (err:     0),  4.04(Gbps), TX:   60908(pps),  0.04(Gbps)
pps=1820192; bps=2635638726;
[CPU 1] dpdk0 flows:      1, RX: 1949824(pps) (err:     0),  4.04(Gbps), TX:   60960(pps),  0.04(Gbps)
[ ALL ] dpdk0 flows:      1, RX: 1949824(pps) (err:     0),  4.04(Gbps), TX:   60960(pps),  0.04(Gbps)
pps=1821421; bps=2637418729;
[CPU 1] dpdk0 flows:      1, RX: 1952096(pps) (err:     0),  4.04(Gbps), TX:   61017(pps),  0.04(Gbps)
[ ALL ] dpdk0 flows:      1, RX: 1952096(pps) (err:     0),  4.04(Gbps), TX:   61017(pps),  0.04(Gbps)
pps=1822006; bps=2638266479;
[CPU 1] dpdk0 flows:      1, RX: 1944097(pps) (err:     0),  4.03(Gbps), TX:   60789(pps),  0.04(Gbps)
[ ALL ] dpdk0 flows:      1, RX: 1944097(pps) (err:     0),  4.03(Gbps), TX:   60789(pps),  0.04(Gbps)
pps=1739730; bps=2519130684;
[CPU 1] dpdk0 flows:      1, RX: 1865695(pps) (err:     0),  3.87(Gbps), TX:   58393(pps),  0.04(Gbps)
[ ALL ] dpdk0 flows:      1, RX: 1865695(pps) (err:     0),  3.87(Gbps), TX:   58393(pps),  0.04(Gbps)
pps=1814250; bps=2627036298;
[CPU 1] dpdk0 flows:      1, RX: 1936288(pps) (err:     0),  4.01(Gbps), TX:   60548(pps),  0.04(Gbps)
[ ALL ] dpdk0 flows:      1, RX: 1936288(pps) (err:     0),  4.01(Gbps), TX:   60548(pps),  0.04(Gbps)
pps=1809757; bps=2620530486;
[CPU 1] dpdk0 flows:      1, RX: 1921280(pps) (err:     0),  3.98(Gbps), TX:   60086(pps),  0.04(Gbps)
[ ALL ] dpdk0 flows:      1, RX: 1921280(pps) (err:     0),  3.98(Gbps), TX:   60086(pps),  0.04(Gbps)
pps=1795223; bps=2599485249;
[CPU 1] dpdk0 flows:      1, RX: 1947905(pps) (err:     0),  4.04(Gbps), TX:   60907(pps),  0.04(Gbps)
[ ALL ] dpdk0 flows:      1, RX: 1947905(pps) (err:     0),  4.04(Gbps), TX:   60907(pps),  0.04(Gbps)
pps=1810960; bps=2622271098;
[CPU 1] dpdk0 flows:      1, RX: 1939968(pps) (err:     0),  4.02(Gbps), TX:   60675(pps),  0.04(Gbps)
[ ALL ] dpdk0 flows:      1, RX: 1939968(pps) (err:     0),  4.02(Gbps), TX:   60675(pps),  0.04(Gbps)
