---------------------------------------------------------------------------------
Loading mtcp configuration from : perf.conf
EAL: Probing VFIO support...
EAL: VFIO support initialized
Loading interface setting
EAL: Detected 6 lcore(s)
EAL: Detected 1 NUMA nodes
EAL: Auto-detected process type: PRIMARY
EAL: Multi-process socket /var/run/dpdk/rte/mp_socket
EAL: No free hugepages reported in hugepages-1048576kB
EAL: PCI device 0000:1a:00.0 on NUMA socket -1
EAL:   Invalid NUMA socket, default to 0
EAL:   probe driver: 8086:10fb net_ixgbe
EAL:   using IOMMU type 1 (Type 1)
EAL: Ignore mapping IO port bar(2)
EAL: Auto-detected process type: PRIMARY
Total number of attached devices: 1
Interface name: dpdk0
Configurations:
Number of CPU cores available: 3
Number of CPU cores to use: 3
Maximum number of concurrency per core: 10000
Maximum number of preallocated buffers per core: 10000
Receive buffer size: 102400
Send buffer size: 102400
TCP timeout seconds: 30
TCP timewait seconds: 0
NICs to print statistics: dpdk0
---------------------------------------------------------------------------------
Interfaces:
name: dpdk0, ifindex: 0, hwaddr: 90:E2:BA:46:F3:44, ipaddr: 10.1.1.2, netmask: 255.255.255.0
Number of NIC queues: 3
---------------------------------------------------------------------------------
Loading routing configurations from : config/route.conf
fopen: No such file or directory
Skip loading static routing table
Routes:
Destination: 10.1.1.0/24, Mask: 255.255.255.0, Masked: 10.1.1.0, Route: ifdx-0
---------------------------------------------------------------------------------
Loading ARP table from : config/arp.conf
Initializing port 0... ARP Table:
IP addr: 10.1.1.1, dst_hwaddr: 90:E2:BA:46:F2:25
---------------------------------------------------------------------------------
done: 

Checking link statusdone
Port 0 Link Up - speed 10000 Mbps - full-duplex
CPU 1: initialization finished.
[mtcp_create_context:1359] CPU 1 is now the master thread.
[CPU 1] dpdk0 flows:      0, RX:       0(pps) (err:     0),  0.00(Gbps), TX:       0(pps),  0.00(Gbps)
[ ALL ] dpdk0 flows:      0, RX:       0(pps) (err:     0),  0.00(Gbps), TX:       0(pps),  0.00(Gbps)
clientfd=1;
[CPU 1] dpdk0 flows:      1, RX:  740131(pps) (err:     0),  7.93(Gbps), TX:  104186(pps),  0.08(Gbps)
[ ALL ] dpdk0 flows:      1, RX:  740131(pps) (err:     0),  7.93(Gbps), TX:  104186(pps),  0.08(Gbps)
pps=917492; bps=9255677536;
[CPU 1] dpdk0 flows:      1, RX:  927192(pps) (err:     0),  9.93(Gbps), TX:  131035(pps),  0.09(Gbps)
[ ALL ] dpdk0 flows:      1, RX:  927192(pps) (err:     0),  9.93(Gbps), TX:  131035(pps),  0.09(Gbps)
pps=917908; bps=9259864885;
[CPU 1] dpdk0 flows:      1, RX:  928864(pps) (err:     0),  9.95(Gbps), TX:  130123(pps),  0.09(Gbps)
[ ALL ] dpdk0 flows:      1, RX:  928864(pps) (err:     0),  9.95(Gbps), TX:  130123(pps),  0.09(Gbps)
pps=920702; bps=9288060443;
[CPU 1] dpdk0 flows:      1, RX:  930414(pps) (err:     0),  9.97(Gbps), TX:  129805(pps),  0.09(Gbps)
[ ALL ] dpdk0 flows:      1, RX:  930414(pps) (err:     0),  9.97(Gbps), TX:  129805(pps),  0.09(Gbps)
pps=921304; bps=9294119337;
[CPU 1] dpdk0 flows:      1, RX:  929940(pps) (err:     0),  9.96(Gbps), TX:  129865(pps),  0.09(Gbps)
[ ALL ] dpdk0 flows:      1, RX:  929940(pps) (err:     0),  9.96(Gbps), TX:  129865(pps),  0.09(Gbps)
pps=920985; bps=9290913307;
[CPU 1] dpdk0 flows:      1, RX:  929864(pps) (err:     0),  9.96(Gbps), TX:  130055(pps),  0.09(Gbps)
[ ALL ] dpdk0 flows:      1, RX:  929864(pps) (err:     0),  9.96(Gbps), TX:  130055(pps),  0.09(Gbps)
pps=920814; bps=9289176997;
[CPU 1] dpdk0 flows:      1, RX:  930037(pps) (err:     0),  9.96(Gbps), TX:  130215(pps),  0.09(Gbps)
[ ALL ] dpdk0 flows:      1, RX:  930037(pps) (err:     0),  9.96(Gbps), TX:  130215(pps),  0.09(Gbps)
pps=921239; bps=9293469969;
[CPU 1] dpdk0 flows:      1, RX:  930129(pps) (err:     0),  9.96(Gbps), TX:  129824(pps),  0.09(Gbps)
[ ALL ] dpdk0 flows:      1, RX:  930129(pps) (err:     0),  9.96(Gbps), TX:  129824(pps),  0.09(Gbps)
pps=921104; bps=9292113156;
[CPU 1] dpdk0 flows:      1, RX:  930133(pps) (err:     0),  9.96(Gbps), TX:  129883(pps),  0.09(Gbps)
[ ALL ] dpdk0 flows:      1, RX:  930133(pps) (err:     0),  9.96(Gbps), TX:  129883(pps),  0.09(Gbps)
pps=920856; bps=9289602145;
[CPU 1] dpdk0 flows:      1, RX:  929809(pps) (err:     0),  9.96(Gbps), TX:  130055(pps),  0.09(Gbps)
[ ALL ] dpdk0 flows:      1, RX:  929809(pps) (err:     0),  9.96(Gbps), TX:  130055(pps),  0.09(Gbps)
pps=921117; bps=9292241704;
[CPU 1] dpdk0 flows:      1, RX:  927164(pps) (err:     0),  9.93(Gbps), TX:  131070(pps),  0.09(Gbps)
[ ALL ] dpdk0 flows:      1, RX:  927164(pps) (err:     0),  9.93(Gbps), TX:  131070(pps),  0.09(Gbps)
pps=907928; bps=9159190372;
[CPU 1] dpdk0 flows:      1, RX:  885390(pps) (err:     0),  9.48(Gbps), TX:  125541(pps),  0.09(Gbps)
[ ALL ] dpdk0 flows:      1, RX:  885390(pps) (err:     0),  9.48(Gbps), TX:  125541(pps),  0.09(Gbps)
pps=884950; bps=8927391249;
[CPU 1] dpdk0 flows:      1, RX:  904417(pps) (err:     0),  9.69(Gbps), TX:  130761(pps),  0.09(Gbps)
[ ALL ] dpdk0 flows:      1, RX:  904417(pps) (err:     0),  9.69(Gbps), TX:  130761(pps),  0.09(Gbps)
pps=897373; bps=9052713612;
[CPU 1] dpdk0 flows:      1, RX:  925976(pps) (err:     0),  9.92(Gbps), TX:  132051(pps),  0.10(Gbps)
[ ALL ] dpdk0 flows:      1, RX:  925976(pps) (err:     0),  9.92(Gbps), TX:  132051(pps),  0.10(Gbps)
pps=916311; bps=9243758985;
[CPU 1] dpdk0 flows:      1, RX:  927446(pps) (err:     0),  9.93(Gbps), TX:  131613(pps),  0.09(Gbps)
[ ALL ] dpdk0 flows:      1, RX:  927446(pps) (err:     0),  9.93(Gbps), TX:  131613(pps),  0.09(Gbps)
pps=918966; bps=9270542896;
[CPU 1] dpdk0 flows:      1, RX:  922694(pps) (err:     0),  9.88(Gbps), TX:  131506(pps),  0.09(Gbps)
[ ALL ] dpdk0 flows:      1, RX:  922694(pps) (err:     0),  9.88(Gbps), TX:  131506(pps),  0.09(Gbps)
pps=913881; bps=9219237804;
[CPU 1] dpdk0 flows:      1, RX:  925557(pps) (err:     0),  9.91(Gbps), TX:  132677(pps),  0.10(Gbps)
[ ALL ] dpdk0 flows:      1, RX:  925557(pps) (err:     0),  9.91(Gbps), TX:  132677(pps),  0.10(Gbps)
