---------------------------------------------------------------------------------
EAL: Probing VFIO support...
EAL: VFIO support initialized
Loading mtcp configuration from : perf.conf
Loading interface setting
EAL: Detected 6 lcore(s)
EAL: Detected 1 NUMA nodes
EAL: Auto-detected process type: PRIMARY
EAL: Multi-process socket /var/run/dpdk/rte/mp_socket
EAL: No free hugepages reported in hugepages-1048576kB
EAL: PCI device 0000:1a:00.0 on NUMA socket -1
EAL:   Invalid NUMA socket, default to 0
EAL:   probe driver: 8086:10fb net_ixgbe
EAL:   using IOMMU type 1 (Type 1)
EAL: Ignore mapping IO port bar(2)
EAL: Auto-detected process type: PRIMARY
Total number of attached devices: 1
Interface name: dpdk0
Configurations:
Number of CPU cores available: 3
Number of CPU cores to use: 3
Maximum number of concurrency per core: 10000
Maximum number of preallocated buffers per core: 10000
Receive buffer size: 102400
Send buffer size: 102400
TCP timeout seconds: 30
TCP timewait seconds: 0
NICs to print statistics: dpdk0
---------------------------------------------------------------------------------
Interfaces:
name: dpdk0, ifindex: 0, hwaddr: 90:E2:BA:46:F3:44, ipaddr: 10.1.1.2, netmask: 255.255.255.0
Number of NIC queues: 3
---------------------------------------------------------------------------------
Loading routing configurations from : config/route.conf
fopen: No such file or directory
Skip loading static routing table
Routes:
Destination: 10.1.1.0/24, Mask: 255.255.255.0, Masked: 10.1.1.0, Route: ifdx-0
---------------------------------------------------------------------------------
Loading ARP table from : config/arp.conf
Initializing port 0... ARP Table:
IP addr: 10.1.1.1, dst_hwaddr: 90:E2:BA:46:F2:25
---------------------------------------------------------------------------------
done: 

Checking link status.done
Port 0 Link Up - speed 10000 Mbps - full-duplex
CPU 1: initialization finished.
[mtcp_create_context:1359] CPU 1 is now the master thread.
[CPU 1] dpdk0 flows:      0, RX:       0(pps) (err:     0),  0.00(Gbps), TX:       0(pps),  0.00(Gbps)
[ ALL ] dpdk0 flows:      0, RX:       0(pps) (err:     0),  0.00(Gbps), TX:       0(pps),  0.00(Gbps)
[CPU 1] dpdk0 flows:      0, RX:       0(pps) (err:     0),  0.00(Gbps), TX:       0(pps),  0.00(Gbps)
[ ALL ] dpdk0 flows:      0, RX:       0(pps) (err:     0),  0.00(Gbps), TX:       0(pps),  0.00(Gbps)
clientfd=1;
[CPU 1] dpdk0 flows:      1, RX: 1760384(pps) (err:     0),  6.59(Gbps), TX:   55369(pps),  0.04(Gbps)
[ ALL ] dpdk0 flows:      1, RX: 1760384(pps) (err:     0),  6.59(Gbps), TX:   55369(pps),  0.04(Gbps)
pps=1835882; bps=5742640436;
[CPU 1] dpdk0 flows:      1, RX: 1913855(pps) (err:     0),  7.17(Gbps), TX:   59874(pps),  0.04(Gbps)
[ ALL ] dpdk0 flows:      1, RX: 1913855(pps) (err:     0),  7.17(Gbps), TX:   59874(pps),  0.04(Gbps)
pps=1851133; bps=5790346599;
[CPU 1] dpdk0 flows:      1, RX: 1916800(pps) (err:     0),  7.18(Gbps), TX:   59961(pps),  0.04(Gbps)
[ ALL ] dpdk0 flows:      1, RX: 1916800(pps) (err:     0),  7.18(Gbps), TX:   59961(pps),  0.04(Gbps)
pps=1853324; bps=5797201385;
[CPU 1] dpdk0 flows:      1, RX: 1917056(pps) (err:     0),  7.18(Gbps), TX:   59973(pps),  0.04(Gbps)
[ ALL ] dpdk0 flows:      1, RX: 1917056(pps) (err:     0),  7.18(Gbps), TX:   59973(pps),  0.04(Gbps)
pps=1852564; bps=5794823227;
[CPU 1] dpdk0 flows:      1, RX: 1917313(pps) (err:     0),  7.18(Gbps), TX:   59992(pps),  0.04(Gbps)
[ ALL ] dpdk0 flows:      1, RX: 1917313(pps) (err:     0),  7.18(Gbps), TX:   59992(pps),  0.04(Gbps)
pps=1853684; bps=5798324887;
[CPU 1] dpdk0 flows:      1, RX: 1918463(pps) (err:     0),  7.18(Gbps), TX:   60014(pps),  0.04(Gbps)
[ ALL ] dpdk0 flows:      1, RX: 1918463(pps) (err:     0),  7.18(Gbps), TX:   60014(pps),  0.04(Gbps)
pps=1854388; bps=5800528570;
[CPU 1] dpdk0 flows:      1, RX: 1918208(pps) (err:     0),  7.18(Gbps), TX:   60015(pps),  0.04(Gbps)
[ ALL ] dpdk0 flows:      1, RX: 1918208(pps) (err:     0),  7.18(Gbps), TX:   60015(pps),  0.04(Gbps)
pps=1854231; bps=5800039132;
[CPU 1] dpdk0 flows:      1, RX: 1915008(pps) (err:     0),  7.17(Gbps), TX:   59913(pps),  0.04(Gbps)
[ ALL ] dpdk0 flows:      1, RX: 1915008(pps) (err:     0),  7.17(Gbps), TX:   59913(pps),  0.04(Gbps)
pps=1851702; bps=5792126885;
[CPU 1] dpdk0 flows:      1, RX: 1916128(pps) (err:     0),  7.17(Gbps), TX:   59947(pps),  0.04(Gbps)
[ ALL ] dpdk0 flows:      1, RX: 1916128(pps) (err:     0),  7.17(Gbps), TX:   59947(pps),  0.04(Gbps)
pps=1851651; bps=5791967295;
[CPU 1] dpdk0 flows:      1, RX: 1916576(pps) (err:     0),  7.18(Gbps), TX:   59972(pps),  0.04(Gbps)
[ ALL ] dpdk0 flows:      1, RX: 1916576(pps) (err:     0),  7.18(Gbps), TX:   59972(pps),  0.04(Gbps)
pps=1850632; bps=5788778154;
[CPU 1] dpdk0 flows:      1, RX: 1817088(pps) (err:     0),  6.80(Gbps), TX:   57006(pps),  0.04(Gbps)
[ ALL ] dpdk0 flows:      1, RX: 1817088(pps) (err:     0),  6.80(Gbps), TX:   57006(pps),  0.04(Gbps)
pps=1758932; bps=5501940054;
[CPU 1] dpdk0 flows:      1, RX: 1886593(pps) (err:     0),  7.06(Gbps), TX:   59234(pps),  0.04(Gbps)
[ ALL ] dpdk0 flows:      1, RX: 1886593(pps) (err:     0),  7.06(Gbps), TX:   59234(pps),  0.04(Gbps)
pps=1825930; bps=5711512824;
[CPU 1] dpdk0 flows:      1, RX: 1890303(pps) (err:     0),  7.08(Gbps), TX:   59174(pps),  0.04(Gbps)
[ ALL ] dpdk0 flows:      1, RX: 1890303(pps) (err:     0),  7.08(Gbps), TX:   59174(pps),  0.04(Gbps)
pps=1827778; bps=5717293036;
[CPU 1] dpdk0 flows:      1, RX: 1911425(pps) (err:     0),  7.16(Gbps), TX:   59849(pps),  0.04(Gbps)
[ ALL ] dpdk0 flows:      1, RX: 1911425(pps) (err:     0),  7.16(Gbps), TX:   59849(pps),  0.04(Gbps)
pps=1844313; bps=5769013924;
[CPU 1] dpdk0 flows:      1, RX: 1899776(pps) (err:     0),  7.11(Gbps), TX:   59504(pps),  0.04(Gbps)
[ ALL ] dpdk0 flows:      1, RX: 1899776(pps) (err:     0),  7.11(Gbps), TX:   59504(pps),  0.04(Gbps)
pps=1837698; bps=5748321412;
