---------------------------------------------------------------------------------
Loading mtcp configuration from : perf.conf
EAL: Probing VFIO support...
EAL: VFIO support initialized
Loading interface setting
EAL: Detected 6 lcore(s)
EAL: Detected 1 NUMA nodes
EAL: Auto-detected process type: PRIMARY
EAL: Multi-process socket /var/run/dpdk/rte/mp_socket
EAL: No free hugepages reported in hugepages-1048576kB
EAL: PCI device 0000:1a:00.0 on NUMA socket -1
EAL:   Invalid NUMA socket, default to 0
EAL:   probe driver: 8086:10fb net_ixgbe
EAL:   using IOMMU type 1 (Type 1)
EAL: Ignore mapping IO port bar(2)
EAL: Auto-detected process type: PRIMARY
Total number of attached devices: 1
Interface name: dpdk0
Configurations:
Number of CPU cores available: 3
Number of CPU cores to use: 3
Maximum number of concurrency per core: 10000
Maximum number of preallocated buffers per core: 10000
Receive buffer size: 102400
Send buffer size: 102400
TCP timeout seconds: 30
TCP timewait seconds: 0
NICs to print statistics: dpdk0
---------------------------------------------------------------------------------
Interfaces:
name: dpdk0, ifindex: 0, hwaddr: 90:E2:BA:46:F3:44, ipaddr: 10.1.1.2, netmask: 255.255.255.0
Number of NIC queues: 3
---------------------------------------------------------------------------------
Loading routing configurations from : config/route.conf
fopen: No such file or directory
Skip loading static routing table
Routes:
Destination: 10.1.1.0/24, Mask: 255.255.255.0, Masked: 10.1.1.0, Route: ifdx-0
---------------------------------------------------------------------------------
Loading ARP table from : config/arp.conf
ARP Table:
IP addr: 10.1.1.1, dst_hwaddr: 90:E2:BA:46:F2:25
---------------------------------------------------------------------------------
Initializing port 0... done: 

Checking link statusdone
Port 0 Link Up - speed 10000 Mbps - full-duplex
CPU 1: initialization finished.
[mtcp_create_context:1359] CPU 1 is now the master thread.
[CPU 1] dpdk0 flows:      0, RX:       0(pps) (err:     0),  0.00(Gbps), TX:       0(pps),  0.00(Gbps)
[ ALL ] dpdk0 flows:      0, RX:       0(pps) (err:     0),  0.00(Gbps), TX:       0(pps),  0.00(Gbps)
[CPU 1] dpdk0 flows:      0, RX:       0(pps) (err:     0),  0.00(Gbps), TX:       0(pps),  0.00(Gbps)
[ ALL ] dpdk0 flows:      0, RX:       0(pps) (err:     0),  0.00(Gbps), TX:       0(pps),  0.00(Gbps)
[CPU 1] dpdk0 flows:      0, RX:       0(pps) (err:     0),  0.00(Gbps), TX:       0(pps),  0.00(Gbps)
[ ALL ] dpdk0 flows:      0, RX:       0(pps) (err:     0),  0.00(Gbps), TX:       0(pps),  0.00(Gbps)
[CPU 1] dpdk0 flows:      0, RX:       0(pps) (err:     0),  0.00(Gbps), TX:       0(pps),  0.00(Gbps)
[ ALL ] dpdk0 flows:      0, RX:       0(pps) (err:     0),  0.00(Gbps), TX:       0(pps),  0.00(Gbps)
[CPU 1] dpdk0 flows:      0, RX:       0(pps) (err:     0),  0.00(Gbps), TX:       0(pps),  0.00(Gbps)
[ ALL ] dpdk0 flows:      0, RX:       0(pps) (err:     0),  0.00(Gbps), TX:       0(pps),  0.00(Gbps)
clientfd=1;
[CPU 1] dpdk0 flows:      1, RX:  866025(pps) (err:     0),  6.13(Gbps), TX:   42416(pps),  0.03(Gbps)
[ ALL ] dpdk0 flows:      1, RX:  866025(pps) (err:     0),  6.13(Gbps), TX:   42416(pps),  0.03(Gbps)
pps=1364485; bps=8852784001;
[CPU 1] dpdk0 flows:      1, RX: 1396041(pps) (err:     0),  9.88(Gbps), TX:   67985(pps),  0.05(Gbps)
[ ALL ] dpdk0 flows:      1, RX: 1396041(pps) (err:     0),  9.88(Gbps), TX:   67985(pps),  0.05(Gbps)
pps=1367895; bps=8874910036;
[CPU 1] dpdk0 flows:      1, RX: 1403775(pps) (err:     0),  9.93(Gbps), TX:   66431(pps),  0.05(Gbps)
[ ALL ] dpdk0 flows:      1, RX: 1403775(pps) (err:     0),  9.93(Gbps), TX:   66431(pps),  0.05(Gbps)
pps=1379370; bps=8949359989;
[CPU 1] dpdk0 flows:      1, RX: 1407905(pps) (err:     0),  9.96(Gbps), TX:   65423(pps),  0.05(Gbps)
[ ALL ] dpdk0 flows:      1, RX: 1407905(pps) (err:     0),  9.96(Gbps), TX:   65423(pps),  0.05(Gbps)
pps=1378839; bps=8945910941;
[CPU 1] dpdk0 flows:      1, RX: 1407790(pps) (err:     0),  9.96(Gbps), TX:   65443(pps),  0.05(Gbps)
[ ALL ] dpdk0 flows:      1, RX: 1407790(pps) (err:     0),  9.96(Gbps), TX:   65443(pps),  0.05(Gbps)
pps=1379105; bps=8947637156;
[CPU 1] dpdk0 flows:      1, RX: 1408175(pps) (err:     0),  9.96(Gbps), TX:   65530(pps),  0.05(Gbps)
[ ALL ] dpdk0 flows:      1, RX: 1408175(pps) (err:     0),  9.96(Gbps), TX:   65530(pps),  0.05(Gbps)
pps=1379120; bps=8947737602;
[CPU 1] dpdk0 flows:      1, RX: 1407869(pps) (err:     0),  9.96(Gbps), TX:   65495(pps),  0.05(Gbps)
[ ALL ] dpdk0 flows:      1, RX: 1407869(pps) (err:     0),  9.96(Gbps), TX:   65495(pps),  0.05(Gbps)
pps=1375131; bps=8921852359;
[CPU 1] dpdk0 flows:      1, RX: 1336660(pps) (err:     0),  9.46(Gbps), TX:   63296(pps),  0.05(Gbps)
[ ALL ] dpdk0 flows:      1, RX: 1336660(pps) (err:     0),  9.46(Gbps), TX:   63296(pps),  0.05(Gbps)
pps=1307263; bps=8481529802;
[CPU 1] dpdk0 flows:      1, RX: 1386931(pps) (err:     0),  9.81(Gbps), TX:   65554(pps),  0.05(Gbps)
[ ALL ] dpdk0 flows:      1, RX: 1386931(pps) (err:     0),  9.81(Gbps), TX:   65554(pps),  0.05(Gbps)
pps=1363014; bps=8843242809;
[CPU 1] dpdk0 flows:      1, RX: 1384555(pps) (err:     0),  9.80(Gbps), TX:   67049(pps),  0.05(Gbps)
[ ALL ] dpdk0 flows:      1, RX: 1384555(pps) (err:     0),  9.80(Gbps), TX:   67049(pps),  0.05(Gbps)
pps=1357277; bps=8806017095;
[CPU 1] dpdk0 flows:      1, RX: 1404089(pps) (err:     0),  9.93(Gbps), TX:   68635(pps),  0.05(Gbps)
[ ALL ] dpdk0 flows:      1, RX: 1404089(pps) (err:     0),  9.93(Gbps), TX:   68635(pps),  0.05(Gbps)
pps=1373648; bps=8912236787;
[CPU 1] dpdk0 flows:      1, RX: 1395138(pps) (err:     0),  9.87(Gbps), TX:   65828(pps),  0.05(Gbps)
[ ALL ] dpdk0 flows:      1, RX: 1395138(pps) (err:     0),  9.87(Gbps), TX:   65828(pps),  0.05(Gbps)
pps=1366171; bps=8863725731;
[CPU 1] dpdk0 flows:      1, RX: 1402369(pps) (err:     0),  9.92(Gbps), TX:   66059(pps),  0.05(Gbps)
[ ALL ] dpdk0 flows:      1, RX: 1402369(pps) (err:     0),  9.92(Gbps), TX:   66059(pps),  0.05(Gbps)
