---------------------------------------------------------------------------------
Loading mtcp configuration from : perf.conf
EAL: Probing VFIO support...
Loading interface setting
EAL: Detected 6 lcore(s)
EAL: Detected 1 NUMA nodes
EAL: Auto-detected process type: PRIMARY
EAL: Multi-process socket /var/run/dpdk/rte/mp_socket
EAL: No free hugepages reported in hugepages-1048576kB
EAL: VFIO support initialized
EAL: PCI device 0000:1a:00.0 on NUMA socket -1
EAL:   Invalid NUMA socket, default to 0
EAL:   probe driver: 8086:10fb net_ixgbe
EAL:   using IOMMU type 1 (Type 1)
EAL: Ignore mapping IO port bar(2)
EAL: Auto-detected process type: PRIMARY
Total number of attached devices: 1
Interface name: dpdk0
Configurations:
Number of CPU cores available: 3
Number of CPU cores to use: 3
Maximum number of concurrency per core: 10000
Maximum number of preallocated buffers per core: 10000
Receive buffer size: 102400
Send buffer size: 102400
TCP timeout seconds: 30
TCP timewait seconds: 0
NICs to print statistics: dpdk0
---------------------------------------------------------------------------------
Interfaces:
name: dpdk0, ifindex: 0, hwaddr: 90:E2:BA:46:F3:44, ipaddr: 10.1.1.2, netmask: 255.255.255.0
Number of NIC queues: 3
---------------------------------------------------------------------------------
Loading routing configurations from : config/route.conf
fopen: No such file or directory
Skip loading static routing table
Routes:
Destination: 10.1.1.0/24, Mask: 255.255.255.0, Masked: 10.1.1.0, Route: ifdx-0
---------------------------------------------------------------------------------
Loading ARP table from : config/arp.conf
ARP Table:
IP addr: 10.1.1.1, dst_hwaddr: 90:E2:BA:46:F2:25
---------------------------------------------------------------------------------
Initializing port 0... done: 

Checking link statusdone
Port 0 Link Up - speed 10000 Mbps - full-duplex
CPU 1: initialization finished.
[mtcp_create_context:1359] CPU 1 is now the master thread.
[CPU 1] dpdk0 flows:      0, RX:       0(pps) (err:     0),  0.00(Gbps), TX:       0(pps),  0.00(Gbps)
[ ALL ] dpdk0 flows:      0, RX:       0(pps) (err:     0),  0.00(Gbps), TX:       0(pps),  0.00(Gbps)
[CPU 1] dpdk0 flows:      0, RX:       0(pps) (err:     0),  0.00(Gbps), TX:       0(pps),  0.00(Gbps)
[ ALL ] dpdk0 flows:      0, RX:       0(pps) (err:     0),  0.00(Gbps), TX:       0(pps),  0.00(Gbps)
clientfd=1;
[CPU 1] dpdk0 flows:      1, RX:  379776(pps) (err:     0),  2.51(Gbps), TX:   16495(pps),  0.01(Gbps)
[ ALL ] dpdk0 flows:      1, RX:  379776(pps) (err:     0),  2.51(Gbps), TX:   16495(pps),  0.01(Gbps)
pps=1459886; bps=8771004213;
[CPU 1] dpdk0 flows:      1, RX: 1491637(pps) (err:     0),  9.87(Gbps), TX:   63015(pps),  0.05(Gbps)
[ ALL ] dpdk0 flows:      1, RX: 1491637(pps) (err:     0),  9.87(Gbps), TX:   63015(pps),  0.05(Gbps)
pps=1465505; bps=8804761931;
[CPU 1] dpdk0 flows:      1, RX: 1496225(pps) (err:     0),  9.90(Gbps), TX:   62399(pps),  0.04(Gbps)
[ ALL ] dpdk0 flows:      1, RX: 1496225(pps) (err:     0),  9.90(Gbps), TX:   62399(pps),  0.04(Gbps)
pps=1476877; bps=8873079500;
[CPU 1] dpdk0 flows:      1, RX: 1504860(pps) (err:     0),  9.96(Gbps), TX:   60395(pps),  0.04(Gbps)
[ ALL ] dpdk0 flows:      1, RX: 1504860(pps) (err:     0),  9.96(Gbps), TX:   60395(pps),  0.04(Gbps)
pps=1477182; bps=8874916401;
[CPU 1] dpdk0 flows:      1, RX: 1505417(pps) (err:     0),  9.96(Gbps), TX:   60376(pps),  0.04(Gbps)
[ ALL ] dpdk0 flows:      1, RX: 1505417(pps) (err:     0),  9.96(Gbps), TX:   60376(pps),  0.04(Gbps)
pps=1476944; bps=8873488697;
[CPU 1] dpdk0 flows:      1, RX: 1504953(pps) (err:     0),  9.96(Gbps), TX:   60301(pps),  0.04(Gbps)
[ ALL ] dpdk0 flows:      1, RX: 1504953(pps) (err:     0),  9.96(Gbps), TX:   60301(pps),  0.04(Gbps)
pps=1477222; bps=8875156485;
[CPU 1] dpdk0 flows:      1, RX: 1505602(pps) (err:     0),  9.96(Gbps), TX:   60551(pps),  0.04(Gbps)
[ ALL ] dpdk0 flows:      1, RX: 1505602(pps) (err:     0),  9.96(Gbps), TX:   60551(pps),  0.04(Gbps)
pps=1476702; bps=8872027262;
[CPU 1] dpdk0 flows:      1, RX: 1504740(pps) (err:     0),  9.95(Gbps), TX:   60308(pps),  0.04(Gbps)
[ ALL ] dpdk0 flows:      1, RX: 1504740(pps) (err:     0),  9.95(Gbps), TX:   60308(pps),  0.04(Gbps)
pps=1477010; bps=8873884526;
[CPU 1] dpdk0 flows:      1, RX: 1505280(pps) (err:     0),  9.96(Gbps), TX:   60258(pps),  0.04(Gbps)
[ ALL ] dpdk0 flows:      1, RX: 1505280(pps) (err:     0),  9.96(Gbps), TX:   60258(pps),  0.04(Gbps)
pps=1477600; bps=8877428060;
[CPU 1] dpdk0 flows:      1, RX: 1505380(pps) (err:     0),  9.96(Gbps), TX:   60283(pps),  0.04(Gbps)
[ ALL ] dpdk0 flows:      1, RX: 1505380(pps) (err:     0),  9.96(Gbps), TX:   60283(pps),  0.04(Gbps)
pps=1472341; bps=8845832313;
[CPU 1] dpdk0 flows:      1, RX: 1475791(pps) (err:     0),  9.76(Gbps), TX:   60424(pps),  0.04(Gbps)
[ ALL ] dpdk0 flows:      1, RX: 1475791(pps) (err:     0),  9.76(Gbps), TX:   60424(pps),  0.04(Gbps)
pps=1400314; bps=8413093866;
[CPU 1] dpdk0 flows:      1, RX: 1450733(pps) (err:     0),  9.60(Gbps), TX:   58917(pps),  0.04(Gbps)
[ ALL ] dpdk0 flows:      1, RX: 1450733(pps) (err:     0),  9.60(Gbps), TX:   58917(pps),  0.04(Gbps)
pps=1434302; bps=8617294384;
[CPU 1] dpdk0 flows:      1, RX: 1462135(pps) (err:     0),  9.67(Gbps), TX:   61442(pps),  0.04(Gbps)
[ ALL ] dpdk0 flows:      1, RX: 1462135(pps) (err:     0),  9.67(Gbps), TX:   61442(pps),  0.04(Gbps)
pps=1462640; bps=8787550943;
[CPU 1] dpdk0 flows:      1, RX: 1488847(pps) (err:     0),  9.85(Gbps), TX:   63875(pps),  0.05(Gbps)
[ ALL ] dpdk0 flows:      1, RX: 1488847(pps) (err:     0),  9.85(Gbps), TX:   63875(pps),  0.05(Gbps)
