---------------------------------------------------------------------------------
Loading mtcp configuration from : perf.conf
Loading interface setting
EAL: Detected 6 lcore(s)
EAL: Detected 1 NUMA nodes
EAL: Auto-detected process type: PRIMARY
EAL: Multi-process socket /var/run/dpdk/rte/mp_socket
EAL: Probing VFIO support...
EAL: No free hugepages reported in hugepages-1048576kB
EAL: VFIO support initialized
EAL: PCI device 0000:1a:00.0 on NUMA socket -1
EAL:   Invalid NUMA socket, default to 0
EAL:   probe driver: 8086:10fb net_ixgbe
EAL:   using IOMMU type 1 (Type 1)
EAL: Ignore mapping IO port bar(2)
EAL: Auto-detected process type: PRIMARY
Total number of attached devices: 1
Interface name: dpdk0
Configurations:
Number of CPU cores available: 3
Number of CPU cores to use: 3
Maximum number of concurrency per core: 10000
Maximum number of preallocated buffers per core: 10000
Receive buffer size: 102400
Send buffer size: 102400
TCP timeout seconds: 30
TCP timewait seconds: 0
NICs to print statistics: dpdk0
---------------------------------------------------------------------------------
Interfaces:
name: dpdk0, ifindex: 0, hwaddr: 90:E2:BA:46:F3:44, ipaddr: 10.1.1.2, netmask: 255.255.255.0
Number of NIC queues: 3
---------------------------------------------------------------------------------
Loading routing configurations from : config/route.conf
fopen: No such file or directory
Skip loading static routing table
Routes:
Destination: 10.1.1.0/24, Mask: 255.255.255.0, Masked: 10.1.1.0, Route: ifdx-0
---------------------------------------------------------------------------------
Loading ARP table from : config/arp.conf
ARP Table:
IP addr: 10.1.1.1, dst_hwaddr: 90:E2:BA:46:F2:25
---------------------------------------------------------------------------------
Initializing port 0... done: 

Checking link statusdone
Port 0 Link Up - speed 10000 Mbps - full-duplex
CPU 1: initialization finished.
[mtcp_create_context:1359] CPU 1 is now the master thread.
[CPU 1] dpdk0 flows:      0, RX:       0(pps) (err:     0),  0.00(Gbps), TX:       0(pps),  0.00(Gbps)
[ ALL ] dpdk0 flows:      0, RX:       0(pps) (err:     0),  0.00(Gbps), TX:       0(pps),  0.00(Gbps)
[CPU 1] dpdk0 flows:      0, RX:       0(pps) (err:     0),  0.00(Gbps), TX:       0(pps),  0.00(Gbps)
[ ALL ] dpdk0 flows:      0, RX:       0(pps) (err:     0),  0.00(Gbps), TX:       0(pps),  0.00(Gbps)
clientfd=1;
[CPU 1] dpdk0 flows:      1, RX:  693178(pps) (err:     0),  5.08(Gbps), TX:   39583(pps),  0.03(Gbps)
[ ALL ] dpdk0 flows:      1, RX:  693178(pps) (err:     0),  5.08(Gbps), TX:   39583(pps),  0.03(Gbps)
pps=1325135; bps=8915520213;
[CPU 1] dpdk0 flows:      1, RX: 1351210(pps) (err:     0),  9.90(Gbps), TX:   77356(pps),  0.06(Gbps)
[ ALL ] dpdk0 flows:      1, RX: 1351210(pps) (err:     0),  9.90(Gbps), TX:   77356(pps),  0.06(Gbps)
pps=1327555; bps=8931798316;
[CPU 1] dpdk0 flows:      1, RX: 1355788(pps) (err:     0),  9.94(Gbps), TX:   76031(pps),  0.05(Gbps)
[ ALL ] dpdk0 flows:      1, RX: 1355788(pps) (err:     0),  9.94(Gbps), TX:   76031(pps),  0.05(Gbps)
pps=1335605; bps=8985952829;
[CPU 1] dpdk0 flows:      1, RX: 1359435(pps) (err:     0),  9.96(Gbps), TX:   75085(pps),  0.05(Gbps)
[ ALL ] dpdk0 flows:      1, RX: 1359435(pps) (err:     0),  9.96(Gbps), TX:   75085(pps),  0.05(Gbps)
pps=1335356; bps=8984279066;
[CPU 1] dpdk0 flows:      1, RX: 1359375(pps) (err:     0),  9.96(Gbps), TX:   75050(pps),  0.05(Gbps)
[ ALL ] dpdk0 flows:      1, RX: 1359375(pps) (err:     0),  9.96(Gbps), TX:   75050(pps),  0.05(Gbps)
pps=1335416; bps=8984690749;
[CPU 1] dpdk0 flows:      1, RX: 1359898(pps) (err:     0),  9.97(Gbps), TX:   75006(pps),  0.05(Gbps)
[ ALL ] dpdk0 flows:      1, RX: 1359898(pps) (err:     0),  9.97(Gbps), TX:   75006(pps),  0.05(Gbps)
pps=1335620; bps=8986058055;
[CPU 1] dpdk0 flows:      1, RX: 1359371(pps) (err:     0),  9.96(Gbps), TX:   75106(pps),  0.05(Gbps)
[ ALL ] dpdk0 flows:      1, RX: 1359371(pps) (err:     0),  9.96(Gbps), TX:   75106(pps),  0.05(Gbps)
pps=1335352; bps=8984255485;
[CPU 1] dpdk0 flows:      1, RX: 1359745(pps) (err:     0),  9.96(Gbps), TX:   75134(pps),  0.05(Gbps)
[ ALL ] dpdk0 flows:      1, RX: 1359745(pps) (err:     0),  9.96(Gbps), TX:   75134(pps),  0.05(Gbps)
pps=1335145; bps=8982863273;
[CPU 1] dpdk0 flows:      1, RX: 1359186(pps) (err:     0),  9.96(Gbps), TX:   74970(pps),  0.05(Gbps)
[ ALL ] dpdk0 flows:      1, RX: 1359186(pps) (err:     0),  9.96(Gbps), TX:   74970(pps),  0.05(Gbps)
pps=1335164; bps=8982986047;
[CPU 1] dpdk0 flows:      1, RX: 1359413(pps) (err:     0),  9.96(Gbps), TX:   75031(pps),  0.05(Gbps)
[ ALL ] dpdk0 flows:      1, RX: 1359413(pps) (err:     0),  9.96(Gbps), TX:   75031(pps),  0.05(Gbps)
pps=1331836; bps=8960600938;
[CPU 1] dpdk0 flows:      1, RX: 1330928(pps) (err:     0),  9.75(Gbps), TX:   74647(pps),  0.05(Gbps)
[ ALL ] dpdk0 flows:      1, RX: 1330928(pps) (err:     0),  9.75(Gbps), TX:   74647(pps),  0.05(Gbps)
pps=1269680; bps=8542412022;
[CPU 1] dpdk0 flows:      1, RX: 1305097(pps) (err:     0),  9.56(Gbps), TX:   73334(pps),  0.05(Gbps)
[ ALL ] dpdk0 flows:      1, RX: 1305097(pps) (err:     0),  9.56(Gbps), TX:   73334(pps),  0.05(Gbps)
pps=1298535; bps=8736550711;
[CPU 1] dpdk0 flows:      1, RX: 1333648(pps) (err:     0),  9.77(Gbps), TX:   76574(pps),  0.06(Gbps)
[ ALL ] dpdk0 flows:      1, RX: 1333648(pps) (err:     0),  9.77(Gbps), TX:   76574(pps),  0.06(Gbps)
pps=1333910; bps=8974552818;
[CPU 1] dpdk0 flows:      1, RX: 1356416(pps) (err:     0),  9.94(Gbps), TX:   77406(pps),  0.06(Gbps)
[ ALL ] dpdk0 flows:      1, RX: 1356416(pps) (err:     0),  9.94(Gbps), TX:   77406(pps),  0.06(Gbps)
pps=1328765; bps=8939934899;
[CPU 1] dpdk0 flows:      1, RX: 1348861(pps) (err:     0),  9.89(Gbps), TX:   75661(pps),  0.05(Gbps)
[ ALL ] dpdk0 flows:      1, RX: 1348861(pps) (err:     0),  9.89(Gbps), TX:   75661(pps),  0.05(Gbps)
pps=1325597; bps=8918621205;
[CPU 1] dpdk0 flows:      1, RX: 1353416(pps) (err:     0),  9.92(Gbps), TX:   75941(pps),  0.05(Gbps)
[ ALL ] dpdk0 flows:      1, RX: 1353416(pps) (err:     0),  9.92(Gbps), TX:   75941(pps),  0.05(Gbps)
