---------------------------------------------------------------------------------
EAL: Probing VFIO support...
EAL: VFIO support initialized
EAL: PCI device 0000:1a:00.0 on NUMA socket -1
EAL:   Invalid NUMA socket, default to 0
EAL:   probe driver: 8086:10fb net_ixgbe
EAL:   using IOMMU type 1 (Type 1)
Loading mtcp configuration from : perf.conf
Loading interface setting
EAL: Detected 6 lcore(s)
EAL: Detected 1 NUMA nodes
EAL: Auto-detected process type: PRIMARY
EAL: Multi-process socket /var/run/dpdk/rte/mp_socket
EAL: No free hugepages reported in hugepages-1048576kB
EAL: Ignore mapping IO port bar(2)
EAL: Auto-detected process type: PRIMARY
Total number of attached devices: 1
Interface name: dpdk0
Configurations:
Number of CPU cores available: 3
Number of CPU cores to use: 3
Maximum number of concurrency per core: 10000
Maximum number of preallocated buffers per core: 10000
Receive buffer size: 102400
Send buffer size: 102400
TCP timeout seconds: 30
TCP timewait seconds: 0
NICs to print statistics: dpdk0
---------------------------------------------------------------------------------
Interfaces:
name: dpdk0, ifindex: 0, hwaddr: 90:E2:BA:46:F3:44, ipaddr: 10.1.1.2, netmask: 255.255.255.0
Number of NIC queues: 3
---------------------------------------------------------------------------------
Loading routing configurations from : config/route.conf
fopen: No such file or directory
Skip loading static routing table
Routes:
Destination: 10.1.1.0/24, Mask: 255.255.255.0, Masked: 10.1.1.0, Route: ifdx-0
---------------------------------------------------------------------------------
Loading ARP table from : config/arp.conf
ARP Table:
IP addr: 10.1.1.1, dst_hwaddr: 90:E2:BA:46:F2:25
---------------------------------------------------------------------------------
Initializing port 0... done: 

Checking link statusdone
Port 0 Link Up - speed 10000 Mbps - full-duplex
CPU 1: initialization finished.
[mtcp_create_context:1359] CPU 1 is now the master thread.
[CPU 1] dpdk0 flows:      0, RX:       0(pps) (err:     0),  0.00(Gbps), TX:       0(pps),  0.00(Gbps)
[ ALL ] dpdk0 flows:      0, RX:       0(pps) (err:     0),  0.00(Gbps), TX:       0(pps),  0.00(Gbps)
[CPU 1] dpdk0 flows:      0, RX:       0(pps) (err:     0),  0.00(Gbps), TX:       0(pps),  0.00(Gbps)
[ ALL ] dpdk0 flows:      0, RX:       0(pps) (err:     0),  0.00(Gbps), TX:       0(pps),  0.00(Gbps)
clientfd=1;
[CPU 1] dpdk0 flows:      1, RX: 1163008(pps) (err:     0),  2.13(Gbps), TX:   36585(pps),  0.03(Gbps)
[ ALL ] dpdk0 flows:      1, RX: 1163008(pps) (err:     0),  2.13(Gbps), TX:   36585(pps),  0.03(Gbps)
pps=1941137; bps=2344894071;
[CPU 1] dpdk0 flows:      1, RX: 2118399(pps) (err:     0),  3.88(Gbps), TX:   66217(pps),  0.05(Gbps)
[ ALL ] dpdk0 flows:      1, RX: 2118399(pps) (err:     0),  3.88(Gbps), TX:   66217(pps),  0.05(Gbps)
pps=1947839; bps=2352991138;
[CPU 1] dpdk0 flows:      1, RX: 2117376(pps) (err:     0),  3.88(Gbps), TX:   66174(pps),  0.05(Gbps)
[ ALL ] dpdk0 flows:      1, RX: 2117376(pps) (err:     0),  3.88(Gbps), TX:   66174(pps),  0.05(Gbps)
pps=1949028; bps=2354426856;
[CPU 1] dpdk0 flows:      1, RX: 2116481(pps) (err:     0),  3.88(Gbps), TX:   66151(pps),  0.05(Gbps)
[ ALL ] dpdk0 flows:      1, RX: 2116481(pps) (err:     0),  3.88(Gbps), TX:   66151(pps),  0.05(Gbps)
pps=1948387; bps=2353652980;
[CPU 1] dpdk0 flows:      1, RX: 2118528(pps) (err:     0),  3.88(Gbps), TX:   66220(pps),  0.05(Gbps)
[ ALL ] dpdk0 flows:      1, RX: 2118528(pps) (err:     0),  3.88(Gbps), TX:   66220(pps),  0.05(Gbps)
pps=1948939; bps=2354319231;
[CPU 1] dpdk0 flows:      1, RX: 2117247(pps) (err:     0),  3.88(Gbps), TX:   66173(pps),  0.05(Gbps)
[ ALL ] dpdk0 flows:      1, RX: 2117247(pps) (err:     0),  3.88(Gbps), TX:   66173(pps),  0.05(Gbps)
pps=1945951; bps=2350710675;
[CPU 1] dpdk0 flows:      1, RX: 2116224(pps) (err:     0),  3.88(Gbps), TX:   66139(pps),  0.05(Gbps)
[ ALL ] dpdk0 flows:      1, RX: 2116224(pps) (err:     0),  3.88(Gbps), TX:   66139(pps),  0.05(Gbps)
pps=1948350; bps=2353608384;
[CPU 1] dpdk0 flows:      1, RX: 2114016(pps) (err:     0),  3.87(Gbps), TX:   66077(pps),  0.05(Gbps)
[ ALL ] dpdk0 flows:      1, RX: 2114016(pps) (err:     0),  3.87(Gbps), TX:   66077(pps),  0.05(Gbps)
pps=1944823; bps=2349347670;
[CPU 1] dpdk0 flows:      1, RX: 2115105(pps) (err:     0),  3.87(Gbps), TX:   66105(pps),  0.05(Gbps)
[ ALL ] dpdk0 flows:      1, RX: 2115105(pps) (err:     0),  3.87(Gbps), TX:   66105(pps),  0.05(Gbps)
pps=1944890; bps=2349427418;
[CPU 1] dpdk0 flows:      1, RX: 2113887(pps) (err:     0),  3.87(Gbps), TX:   66070(pps),  0.05(Gbps)
[ ALL ] dpdk0 flows:      1, RX: 2113887(pps) (err:     0),  3.87(Gbps), TX:   66070(pps),  0.05(Gbps)
pps=1946705; bps=2351620353;
[CPU 1] dpdk0 flows:      1, RX: 2042950(pps) (err:     0),  3.74(Gbps), TX:   63893(pps),  0.05(Gbps)
[ ALL ] dpdk0 flows:      1, RX: 2042950(pps) (err:     0),  3.74(Gbps), TX:   63893(pps),  0.05(Gbps)
pps=1857493; bps=2243853717;
[CPU 1] dpdk0 flows:      1, RX: 2051675(pps) (err:     0),  3.76(Gbps), TX:   64192(pps),  0.05(Gbps)
[ ALL ] dpdk0 flows:      1, RX: 2051675(pps) (err:     0),  3.76(Gbps), TX:   64192(pps),  0.05(Gbps)
pps=1919794; bps=2319112578;
[CPU 1] dpdk0 flows:      1, RX: 2131071(pps) (err:     0),  3.90(Gbps), TX:   66607(pps),  0.05(Gbps)
[ ALL ] dpdk0 flows:      1, RX: 2131071(pps) (err:     0),  3.90(Gbps), TX:   66607(pps),  0.05(Gbps)
pps=1951331; bps=2357209526;
[CPU 1] dpdk0 flows:      1, RX: 2116352(pps) (err:     0),  3.88(Gbps), TX:   66161(pps),  0.05(Gbps)
[ ALL ] dpdk0 flows:      1, RX: 2116352(pps) (err:     0),  3.88(Gbps), TX:   66161(pps),  0.05(Gbps)
pps=1947228; bps=2352253066;
[CPU 1] dpdk0 flows:      1, RX: 2115808(pps) (err:     0),  3.88(Gbps), TX:   66145(pps),  0.05(Gbps)
[ ALL ] dpdk0 flows:      1, RX: 2115808(pps) (err:     0),  3.88(Gbps), TX:   66145(pps),  0.05(Gbps)
pps=1950722; bps=2356472987;
