---------------------------------------------------------------------------------
Loading mtcp configuration from : perf.conf
EAL: Probing VFIO support...
EAL: VFIO support initialized
Loading interface setting
EAL: Detected 6 lcore(s)
EAL: Detected 1 NUMA nodes
EAL: Auto-detected process type: PRIMARY
EAL: Multi-process socket /var/run/dpdk/rte/mp_socket
EAL: No free hugepages reported in hugepages-1048576kB
EAL: PCI device 0000:1a:00.0 on NUMA socket -1
EAL:   Invalid NUMA socket, default to 0
EAL:   probe driver: 8086:10fb net_ixgbe
EAL:   using IOMMU type 1 (Type 1)
EAL: Ignore mapping IO port bar(2)
EAL: Auto-detected process type: PRIMARY
Total number of attached devices: 1
Interface name: dpdk0
Configurations:
Number of CPU cores available: 3
Number of CPU cores to use: 3
Maximum number of concurrency per core: 10000
Maximum number of preallocated buffers per core: 10000
Receive buffer size: 102400
Send buffer size: 102400
TCP timeout seconds: 30
TCP timewait seconds: 0
NICs to print statistics: dpdk0
---------------------------------------------------------------------------------
Interfaces:
name: dpdk0, ifindex: 0, hwaddr: 90:E2:BA:46:F3:44, ipaddr: 10.1.1.2, netmask: 255.255.255.0
Number of NIC queues: 3
---------------------------------------------------------------------------------
Loading routing configurations from : config/route.conf
fopen: No such file or directory
Skip loading static routing table
Routes:
Destination: 10.1.1.0/24, Mask: 255.255.255.0, Masked: 10.1.1.0, Route: ifdx-0
---------------------------------------------------------------------------------
Loading ARP table from : config/arp.conf
Initializing port 0... ARP Table:
IP addr: 10.1.1.1, dst_hwaddr: 90:E2:BA:46:F2:25
---------------------------------------------------------------------------------
done: 

Checking link statusdone
Port 0 Link Up - speed 10000 Mbps - full-duplex
CPU 1: initialization finished.
[mtcp_create_context:1359] CPU 1 is now the master thread.
[CPU 1] dpdk0 flows:      0, RX:       0(pps) (err:     0),  0.00(Gbps), TX:       0(pps),  0.00(Gbps)
[ ALL ] dpdk0 flows:      0, RX:       0(pps) (err:     0),  0.00(Gbps), TX:       0(pps),  0.00(Gbps)
[CPU 1] dpdk0 flows:      0, RX:       0(pps) (err:     0),  0.00(Gbps), TX:       0(pps),  0.00(Gbps)
[ ALL ] dpdk0 flows:      0, RX:       0(pps) (err:     0),  0.00(Gbps), TX:       0(pps),  0.00(Gbps)
[CPU 1] dpdk0 flows:      0, RX:       0(pps) (err:     0),  0.00(Gbps), TX:       0(pps),  0.00(Gbps)
[ ALL ] dpdk0 flows:      0, RX:       0(pps) (err:     0),  0.00(Gbps), TX:       0(pps),  0.00(Gbps)
[CPU 1] dpdk0 flows:      0, RX:       0(pps) (err:     0),  0.00(Gbps), TX:       0(pps),  0.00(Gbps)
[ ALL ] dpdk0 flows:      0, RX:       0(pps) (err:     0),  0.00(Gbps), TX:       0(pps),  0.00(Gbps)
[CPU 1] dpdk0 flows:      0, RX:       0(pps) (err:     0),  0.00(Gbps), TX:       0(pps),  0.00(Gbps)
[ ALL ] dpdk0 flows:      0, RX:       0(pps) (err:     0),  0.00(Gbps), TX:       0(pps),  0.00(Gbps)
[CPU 1] dpdk0 flows:      0, RX:       0(pps) (err:     0),  0.00(Gbps), TX:       0(pps),  0.00(Gbps)
[ ALL ] dpdk0 flows:      0, RX:       0(pps) (err:     0),  0.00(Gbps), TX:       0(pps),  0.00(Gbps)
clientfd=1;
[CPU 1] dpdk0 flows:      1, RX: 1755519(pps) (err:     0),  2.37(Gbps), TX:   55053(pps),  0.04(Gbps)
[ ALL ] dpdk0 flows:      1, RX: 1755519(pps) (err:     0),  2.37(Gbps), TX:   55053(pps),  0.04(Gbps)
pps=1891819; bps=1377245336;
[CPU 1] dpdk0 flows:      1, RX: 2187648(pps) (err:     0),  2.96(Gbps), TX:   68364(pps),  0.05(Gbps)
[ ALL ] dpdk0 flows:      1, RX: 2187648(pps) (err:     0),  2.96(Gbps), TX:   68364(pps),  0.05(Gbps)
pps=1898467; bps=1382084579;
[CPU 1] dpdk0 flows:      1, RX: 2192641(pps) (err:     0),  2.96(Gbps), TX:   68521(pps),  0.05(Gbps)
[ ALL ] dpdk0 flows:      1, RX: 2192641(pps) (err:     0),  2.96(Gbps), TX:   68521(pps),  0.05(Gbps)
pps=1901814; bps=1384520856;
[CPU 1] dpdk0 flows:      1, RX: 2192639(pps) (err:     0),  2.96(Gbps), TX:   68519(pps),  0.05(Gbps)
[ ALL ] dpdk0 flows:      1, RX: 2192639(pps) (err:     0),  2.96(Gbps), TX:   68519(pps),  0.05(Gbps)
pps=1903611; bps=1385829556;
[CPU 1] dpdk0 flows:      1, RX: 2195968(pps) (err:     0),  2.97(Gbps), TX:   68624(pps),  0.05(Gbps)
[ ALL ] dpdk0 flows:      1, RX: 2195968(pps) (err:     0),  2.97(Gbps), TX:   68624(pps),  0.05(Gbps)
pps=1905673; bps=1387330416;
[CPU 1] dpdk0 flows:      1, RX: 2196064(pps) (err:     0),  2.97(Gbps), TX:   68627(pps),  0.05(Gbps)
[ ALL ] dpdk0 flows:      1, RX: 2196064(pps) (err:     0),  2.97(Gbps), TX:   68627(pps),  0.05(Gbps)
pps=1905154; bps=1386952811;
[CPU 1] dpdk0 flows:      1, RX: 2198816(pps) (err:     0),  2.97(Gbps), TX:   68713(pps),  0.05(Gbps)
[ ALL ] dpdk0 flows:      1, RX: 2198816(pps) (err:     0),  2.97(Gbps), TX:   68713(pps),  0.05(Gbps)
pps=1905848; bps=1387458055;
[CPU 1] dpdk0 flows:      1, RX: 2161664(pps) (err:     0),  2.92(Gbps), TX:   67564(pps),  0.05(Gbps)
[ ALL ] dpdk0 flows:      1, RX: 2161664(pps) (err:     0),  2.92(Gbps), TX:   67564(pps),  0.05(Gbps)
pps=1831774; bps=1333532203;
[CPU 1] dpdk0 flows:      1, RX: 2146560(pps) (err:     0),  2.90(Gbps), TX:   67104(pps),  0.05(Gbps)
[ ALL ] dpdk0 flows:      1, RX: 2146560(pps) (err:     0),  2.90(Gbps), TX:   67104(pps),  0.05(Gbps)
pps=1910750; bps=1391026958;
[CPU 1] dpdk0 flows:      1, RX: 2202336(pps) (err:     0),  2.98(Gbps), TX:   68829(pps),  0.05(Gbps)
[ ALL ] dpdk0 flows:      1, RX: 2202336(pps) (err:     0),  2.98(Gbps), TX:   68829(pps),  0.05(Gbps)
pps=1917783; bps=1396146373;
[CPU 1] dpdk0 flows:      1, RX: 2184993(pps) (err:     0),  2.95(Gbps), TX:   68295(pps),  0.05(Gbps)
[ ALL ] dpdk0 flows:      1, RX: 2184993(pps) (err:     0),  2.95(Gbps), TX:   68295(pps),  0.05(Gbps)
pps=1890344; bps=1376171076;
[CPU 1] dpdk0 flows:      1, RX: 2218271(pps) (err:     0),  3.00(Gbps), TX:   69321(pps),  0.05(Gbps)
[ ALL ] dpdk0 flows:      1, RX: 2218271(pps) (err:     0),  3.00(Gbps), TX:   69321(pps),  0.05(Gbps)
pps=1927120; bps=1402944090;
[CPU 1] dpdk0 flows:      1, RX: 2210880(pps) (err:     0),  2.99(Gbps), TX:   69094(pps),  0.05(Gbps)
[ ALL ] dpdk0 flows:      1, RX: 2210880(pps) (err:     0),  2.99(Gbps), TX:   69094(pps),  0.05(Gbps)
pps=1917576; bps=1395996485;
[CPU 1] dpdk0 flows:      1, RX: 2216096(pps) (err:     0),  3.00(Gbps), TX:   69254(pps),  0.05(Gbps)
[ ALL ] dpdk0 flows:      1, RX: 2216096(pps) (err:     0),  3.00(Gbps), TX:   69254(pps),  0.05(Gbps)
