---------------------------------------------------------------------------------
Loading mtcp configuration from : perf.conf
EAL: Probing VFIO support...
Loading interface setting
EAL: Detected 6 lcore(s)
EAL: Detected 1 NUMA nodes
EAL: Auto-detected process type: PRIMARY
EAL: Multi-process socket /var/run/dpdk/rte/mp_socket
EAL: No free hugepages reported in hugepages-1048576kB
EAL: VFIO support initialized
EAL: PCI device 0000:1a:00.0 on NUMA socket -1
EAL:   Invalid NUMA socket, default to 0
EAL:   probe driver: 8086:10fb net_ixgbe
EAL:   using IOMMU type 1 (Type 1)
EAL: Ignore mapping IO port bar(2)
Total number of attached devices: 1
EAL: Auto-detected process type: PRIMARY
Interface name: dpdk0
Configurations:
Number of CPU cores available: 3
Number of CPU cores to use: 3
Maximum number of concurrency per core: 10000
Maximum number of preallocated buffers per core: 10000
Receive buffer size: 102400
Send buffer size: 102400
TCP timeout seconds: 30
TCP timewait seconds: 0
NICs to print statistics: dpdk0
---------------------------------------------------------------------------------
Interfaces:
name: dpdk0, ifindex: 0, hwaddr: 90:E2:BA:46:F3:44, ipaddr: 10.1.1.2, netmask: 255.255.255.0
Number of NIC queues: 3
---------------------------------------------------------------------------------
Loading routing configurations from : config/route.conf
fopen: No such file or directory
Skip loading static routing table
Routes:
Initializing port 0... Destination: 10.1.1.0/24, Mask: 255.255.255.0, Masked: 10.1.1.0, Route: ifdx-0
---------------------------------------------------------------------------------
Loading ARP table from : config/arp.conf
ARP Table:
IP addr: 10.1.1.1, dst_hwaddr: 90:E2:BA:46:F2:25
---------------------------------------------------------------------------------
done: 

Checking link statusdone
Port 0 Link Up - speed 10000 Mbps - full-duplex
CPU 1: initialization finished.
[mtcp_create_context:1359] CPU 1 is now the master thread.
[CPU 1] dpdk0 flows:      0, RX:       0(pps) (err:     0),  0.00(Gbps), TX:       0(pps),  0.00(Gbps)
[ ALL ] dpdk0 flows:      0, RX:       0(pps) (err:     0),  0.00(Gbps), TX:       0(pps),  0.00(Gbps)
[CPU 1] dpdk0 flows:      0, RX:       0(pps) (err:     0),  0.00(Gbps), TX:       0(pps),  0.00(Gbps)
[ ALL ] dpdk0 flows:      0, RX:       0(pps) (err:     0),  0.00(Gbps), TX:       0(pps),  0.00(Gbps)
clientfd=1;
[CPU 1] dpdk0 flows:      1, RX:  264571(pps) (err:     0),  2.20(Gbps), TX:   21777(pps),  0.02(Gbps)
[ ALL ] dpdk0 flows:      1, RX:  264571(pps) (err:     0),  2.20(Gbps), TX:   21777(pps),  0.02(Gbps)
pps=1178073; bps=9057031987;
[CPU 1] dpdk0 flows:      1, RX: 1195249(pps) (err:     0),  9.93(Gbps), TX:   99820(pps),  0.07(Gbps)
[ ALL ] dpdk0 flows:      1, RX: 1195249(pps) (err:     0),  9.93(Gbps), TX:   99820(pps),  0.07(Gbps)
pps=1179621; bps=9068933852;
[CPU 1] dpdk0 flows:      1, RX: 1196413(pps) (err:     0),  9.94(Gbps), TX:   99765(pps),  0.07(Gbps)
[ ALL ] dpdk0 flows:      1, RX: 1196413(pps) (err:     0),  9.94(Gbps), TX:   99765(pps),  0.07(Gbps)
pps=1183641; bps=9099834534;
[CPU 1] dpdk0 flows:      1, RX: 1199551(pps) (err:     0),  9.96(Gbps), TX:   99064(pps),  0.07(Gbps)
[ ALL ] dpdk0 flows:      1, RX: 1199551(pps) (err:     0),  9.96(Gbps), TX:   99064(pps),  0.07(Gbps)
pps=1183921; bps=9101993058;
[CPU 1] dpdk0 flows:      1, RX: 1199884(pps) (err:     0),  9.97(Gbps), TX:   99060(pps),  0.07(Gbps)
[ ALL ] dpdk0 flows:      1, RX: 1199884(pps) (err:     0),  9.97(Gbps), TX:   99060(pps),  0.07(Gbps)
pps=1183441; bps=9098305111;
[CPU 1] dpdk0 flows:      1, RX: 1199397(pps) (err:     0),  9.96(Gbps), TX:   99052(pps),  0.07(Gbps)
[ ALL ] dpdk0 flows:      1, RX: 1199397(pps) (err:     0),  9.96(Gbps), TX:   99052(pps),  0.07(Gbps)
pps=1183790; bps=9100983041;
[CPU 1] dpdk0 flows:      1, RX: 1199911(pps) (err:     0),  9.97(Gbps), TX:   98980(pps),  0.07(Gbps)
[ ALL ] dpdk0 flows:      1, RX: 1199911(pps) (err:     0),  9.97(Gbps), TX:   98980(pps),  0.07(Gbps)
pps=1183862; bps=9101535045;
[CPU 1] dpdk0 flows:      1, RX: 1199453(pps) (err:     0),  9.96(Gbps), TX:   98686(pps),  0.07(Gbps)
[ ALL ] dpdk0 flows:      1, RX: 1199453(pps) (err:     0),  9.96(Gbps), TX:   98686(pps),  0.07(Gbps)
pps=1183476; bps=9098571192;
[CPU 1] dpdk0 flows:      1, RX: 1199243(pps) (err:     0),  9.96(Gbps), TX:   99002(pps),  0.07(Gbps)
[ ALL ] dpdk0 flows:      1, RX: 1199243(pps) (err:     0),  9.96(Gbps), TX:   99002(pps),  0.07(Gbps)
pps=1183437; bps=9098265978;
[CPU 1] dpdk0 flows:      1, RX: 1199765(pps) (err:     0),  9.97(Gbps), TX:   98993(pps),  0.07(Gbps)
[ ALL ] dpdk0 flows:      1, RX: 1199765(pps) (err:     0),  9.97(Gbps), TX:   98993(pps),  0.07(Gbps)
pps=1168053; bps=8979998179;
[CPU 1] dpdk0 flows:      1, RX: 1175105(pps) (err:     0),  9.76(Gbps), TX:   98323(pps),  0.07(Gbps)
[ ALL ] dpdk0 flows:      1, RX: 1175105(pps) (err:     0),  9.76(Gbps), TX:   98323(pps),  0.07(Gbps)
pps=1128429; bps=8675368942;
[CPU 1] dpdk0 flows:      1, RX: 1148091(pps) (err:     0),  9.54(Gbps), TX:   98200(pps),  0.07(Gbps)
[ ALL ] dpdk0 flows:      1, RX: 1148091(pps) (err:     0),  9.54(Gbps), TX:   98200(pps),  0.07(Gbps)
pps=1154375; bps=8874839832;
[CPU 1] dpdk0 flows:      1, RX: 1171079(pps) (err:     0),  9.73(Gbps), TX:   99197(pps),  0.07(Gbps)
[ ALL ] dpdk0 flows:      1, RX: 1171079(pps) (err:     0),  9.73(Gbps), TX:   99197(pps),  0.07(Gbps)
pps=1180098; bps=9072599773;
[CPU 1] dpdk0 flows:      1, RX: 1198450(pps) (err:     0),  9.95(Gbps), TX:   99691(pps),  0.07(Gbps)
[ ALL ] dpdk0 flows:      1, RX: 1198450(pps) (err:     0),  9.95(Gbps), TX:   99691(pps),  0.07(Gbps)
pps=1179330; bps=9066692976;
[CPU 1] dpdk0 flows:      1, RX: 1191484(pps) (err:     0),  9.90(Gbps), TX:   99566(pps),  0.07(Gbps)
[ ALL ] dpdk0 flows:      1, RX: 1191484(pps) (err:     0),  9.90(Gbps), TX:   99566(pps),  0.07(Gbps)
pps=1175189; bps=9034856651;
[CPU 1] dpdk0 flows:      1, RX: 1194685(pps) (err:     0),  9.92(Gbps), TX:   99773(pps),  0.07(Gbps)
[ ALL ] dpdk0 flows:      1, RX: 1194685(pps) (err:     0),  9.92(Gbps), TX:   99773(pps),  0.07(Gbps)
