---------------------------------------------------------------------------------
Loading mtcp configuration from : perf.conf
Loading interface setting
EAL: Detected 6 lcore(s)
EAL: Detected 1 NUMA nodes
EAL: Auto-detected process type: PRIMARY
EAL: Multi-process socket /var/run/dpdk/rte/mp_socket
EAL: Probing VFIO support...
EAL: No free hugepages reported in hugepages-1048576kB
EAL: VFIO support initialized
EAL: PCI device 0000:1a:00.0 on NUMA socket -1
EAL:   Invalid NUMA socket, default to 0
EAL:   probe driver: 8086:10fb net_ixgbe
EAL:   using IOMMU type 1 (Type 1)
EAL: Ignore mapping IO port bar(2)
EAL: Auto-detected process type: PRIMARY
Total number of attached devices: 1
Interface name: dpdk0
Configurations:
Number of CPU cores available: 3
Number of CPU cores to use: 3
Maximum number of concurrency per core: 10000
Maximum number of preallocated buffers per core: 10000
Receive buffer size: 102400
Send buffer size: 102400
TCP timeout seconds: 30
TCP timewait seconds: 0
NICs to print statistics: dpdk0
---------------------------------------------------------------------------------
Interfaces:
name: dpdk0, ifindex: 0, hwaddr: 90:E2:BA:46:F3:44, ipaddr: 10.1.1.2, netmask: 255.255.255.0
Number of NIC queues: 3
---------------------------------------------------------------------------------
Loading routing configurations from : config/route.conf
fopen: No such file or directory
Skip loading static routing table
Routes:
Destination: 10.1.1.0/24, Mask: 255.255.255.0, Masked: 10.1.1.0, Route: ifdx-0
---------------------------------------------------------------------------------
Loading ARP table from : config/arp.conf
ARP Table:
IP addr: 10.1.1.1, dst_hwaddr: 90:E2:BA:46:F2:25
---------------------------------------------------------------------------------
Initializing port 0... done: 

Checking link status.done
Port 0 Link Up - speed 10000 Mbps - full-duplex
CPU 1: initialization finished.
[mtcp_create_context:1359] CPU 1 is now the master thread.
[CPU 1] dpdk0 flows:      0, RX:       0(pps) (err:     0),  0.00(Gbps), TX:       0(pps),  0.00(Gbps)
[ ALL ] dpdk0 flows:      0, RX:       0(pps) (err:     0),  0.00(Gbps), TX:       0(pps),  0.00(Gbps)
[CPU 1] dpdk0 flows:      0, RX:       0(pps) (err:     0),  0.00(Gbps), TX:       0(pps),  0.00(Gbps)
[ ALL ] dpdk0 flows:      0, RX:       0(pps) (err:     0),  0.00(Gbps), TX:       0(pps),  0.00(Gbps)
[CPU 1] dpdk0 flows:      0, RX:       0(pps) (err:     0),  0.00(Gbps), TX:       0(pps),  0.00(Gbps)
[ ALL ] dpdk0 flows:      0, RX:       0(pps) (err:     0),  0.00(Gbps), TX:       0(pps),  0.00(Gbps)
[CPU 1] dpdk0 flows:      0, RX:       0(pps) (err:     0),  0.00(Gbps), TX:       0(pps),  0.00(Gbps)
[ ALL ] dpdk0 flows:      0, RX:       0(pps) (err:     0),  0.00(Gbps), TX:       0(pps),  0.00(Gbps)
clientfd=1;
[CPU 1] dpdk0 flows:      1, RX:  104575(pps) (err:     0),  0.29(Gbps), TX:    3528(pps),  0.00(Gbps)
[ ALL ] dpdk0 flows:      1, RX:  104575(pps) (err:     0),  0.29(Gbps), TX:    3528(pps),  0.00(Gbps)
pps=1743238; bps=3779341374;
[CPU 1] dpdk0 flows:      1, RX: 1830017(pps) (err:     0),  5.10(Gbps), TX:   57222(pps),  0.04(Gbps)
[ ALL ] dpdk0 flows:      1, RX: 1830017(pps) (err:     0),  5.10(Gbps), TX:   57222(pps),  0.04(Gbps)
pps=1752526; bps=3799477160;
[CPU 1] dpdk0 flows:      1, RX: 1836544(pps) (err:     0),  5.12(Gbps), TX:   57429(pps),  0.04(Gbps)
[ ALL ] dpdk0 flows:      1, RX: 1836544(pps) (err:     0),  5.12(Gbps), TX:   57429(pps),  0.04(Gbps)
pps=1748067; bps=3789811775;
[CPU 1] dpdk0 flows:      1, RX: 1831295(pps) (err:     0),  5.11(Gbps), TX:   57259(pps),  0.04(Gbps)
[ ALL ] dpdk0 flows:      1, RX: 1831295(pps) (err:     0),  5.11(Gbps), TX:   57259(pps),  0.04(Gbps)
pps=1747335; bps=3788225750;
[CPU 1] dpdk0 flows:      1, RX: 1831425(pps) (err:     0),  5.11(Gbps), TX:   57267(pps),  0.04(Gbps)
[ ALL ] dpdk0 flows:      1, RX: 1831425(pps) (err:     0),  5.11(Gbps), TX:   57267(pps),  0.04(Gbps)
pps=1749852; bps=3793681461;
[CPU 1] dpdk0 flows:      1, RX: 1833216(pps) (err:     0),  5.11(Gbps), TX:   57321(pps),  0.04(Gbps)
[ ALL ] dpdk0 flows:      1, RX: 1833216(pps) (err:     0),  5.11(Gbps), TX:   57321(pps),  0.04(Gbps)
pps=1746560; bps=3786543783;
[CPU 1] dpdk0 flows:      1, RX: 1830399(pps) (err:     0),  5.10(Gbps), TX:   57232(pps),  0.04(Gbps)
[ ALL ] dpdk0 flows:      1, RX: 1830399(pps) (err:     0),  5.10(Gbps), TX:   57232(pps),  0.04(Gbps)
pps=1748646; bps=3791066430;
[CPU 1] dpdk0 flows:      1, RX: 1832416(pps) (err:     0),  5.11(Gbps), TX:   57305(pps),  0.04(Gbps)
[ ALL ] dpdk0 flows:      1, RX: 1832416(pps) (err:     0),  5.11(Gbps), TX:   57305(pps),  0.04(Gbps)
pps=1750199; bps=3794434717;
[CPU 1] dpdk0 flows:      1, RX: 1833889(pps) (err:     0),  5.11(Gbps), TX:   57346(pps),  0.04(Gbps)
[ ALL ] dpdk0 flows:      1, RX: 1833889(pps) (err:     0),  5.11(Gbps), TX:   57346(pps),  0.04(Gbps)
pps=1746495; bps=3786403477;
[CPU 1] dpdk0 flows:      1, RX: 1829887(pps) (err:     0),  5.10(Gbps), TX:   57230(pps),  0.04(Gbps)
[ ALL ] dpdk0 flows:      1, RX: 1829887(pps) (err:     0),  5.10(Gbps), TX:   57230(pps),  0.04(Gbps)
pps=1668990; bps=3618372004;
[CPU 1] dpdk0 flows:      1, RX: 1748704(pps) (err:     0),  4.88(Gbps), TX:   54782(pps),  0.04(Gbps)
[ ALL ] dpdk0 flows:      1, RX: 1748704(pps) (err:     0),  4.88(Gbps), TX:   54782(pps),  0.04(Gbps)
pps=1710349; bps=3708038283;
[CPU 1] dpdk0 flows:      1, RX: 1791616(pps) (err:     0),  5.00(Gbps), TX:   56114(pps),  0.04(Gbps)
[ ALL ] dpdk0 flows:      1, RX: 1791616(pps) (err:     0),  5.00(Gbps), TX:   56114(pps),  0.04(Gbps)
pps=1745469; bps=3784180209;
[CPU 1] dpdk0 flows:      1, RX: 1829408(pps) (err:     0),  5.10(Gbps), TX:   57222(pps),  0.04(Gbps)
[ ALL ] dpdk0 flows:      1, RX: 1829408(pps) (err:     0),  5.10(Gbps), TX:   57222(pps),  0.04(Gbps)
pps=1746783; bps=3787028518;
[CPU 1] dpdk0 flows:      1, RX: 1830273(pps) (err:     0),  5.10(Gbps), TX:   57283(pps),  0.04(Gbps)
[ ALL ] dpdk0 flows:      1, RX: 1830273(pps) (err:     0),  5.10(Gbps), TX:   57283(pps),  0.04(Gbps)
