---------------------------------------------------------------------------------
Loading mtcp configuration from : perf.conf
Loading interface setting
EAL: Detected 6 lcore(s)
EAL: Detected 1 NUMA nodes
EAL: Auto-detected process type: PRIMARY
EAL: Multi-process socket /var/run/dpdk/rte/mp_socket
EAL: Probing VFIO support...
EAL: No free hugepages reported in hugepages-1048576kB
EAL: VFIO support initialized
EAL: PCI device 0000:1a:00.0 on NUMA socket -1
EAL:   Invalid NUMA socket, default to 0
EAL:   probe driver: 8086:10fb net_ixgbe
EAL:   using IOMMU type 1 (Type 1)
EAL: Ignore mapping IO port bar(2)
EAL: Auto-detected process type: PRIMARY
Total number of attached devices: 1
Interface name: dpdk0
Configurations:
Number of CPU cores available: 3
Number of CPU cores to use: 3
Maximum number of concurrency per core: 10000
Maximum number of preallocated buffers per core: 10000
Receive buffer size: 102400
Send buffer size: 102400
TCP timeout seconds: 30
TCP timewait seconds: 0
NICs to print statistics: dpdk0
---------------------------------------------------------------------------------
Interfaces:
name: dpdk0, ifindex: 0, hwaddr: 90:E2:BA:46:F3:44, ipaddr: 10.1.1.2, netmask: 255.255.255.0
Number of NIC queues: 3
---------------------------------------------------------------------------------
Loading routing configurations from : config/route.conf
fopen: No such file or directory
Skip loading static routing table
Routes:
Destination: 10.1.1.0/24, Mask: 255.255.255.0, Masked: 10.1.1.0, Route: ifdx-0
---------------------------------------------------------------------------------
Loading ARP table from : config/arp.conf
Initializing port 0... ARP Table:
IP addr: 10.1.1.1, dst_hwaddr: 90:E2:BA:46:F2:25
---------------------------------------------------------------------------------
done: 

Checking link statusdone
Port 0 Link Up - speed 10000 Mbps - full-duplex
CPU 1: initialization finished.
[mtcp_create_context:1359] CPU 1 is now the master thread.
[CPU 1] dpdk0 flows:      0, RX:       0(pps) (err:     0),  0.00(Gbps), TX:       0(pps),  0.00(Gbps)
[ ALL ] dpdk0 flows:      0, RX:       0(pps) (err:     0),  0.00(Gbps), TX:       0(pps),  0.00(Gbps)
[CPU 1] dpdk0 flows:      0, RX:       0(pps) (err:     0),  0.00(Gbps), TX:       0(pps),  0.00(Gbps)
[ ALL ] dpdk0 flows:      0, RX:       0(pps) (err:     0),  0.00(Gbps), TX:       0(pps),  0.00(Gbps)
[CPU 1] dpdk0 flows:      0, RX:       0(pps) (err:     0),  0.00(Gbps), TX:       0(pps),  0.00(Gbps)
[ ALL ] dpdk0 flows:      0, RX:       0(pps) (err:     0),  0.00(Gbps), TX:       0(pps),  0.00(Gbps)
[CPU 1] dpdk0 flows:      0, RX:       0(pps) (err:     0),  0.00(Gbps), TX:       0(pps),  0.00(Gbps)
[ ALL ] dpdk0 flows:      0, RX:       0(pps) (err:     0),  0.00(Gbps), TX:       0(pps),  0.00(Gbps)
clientfd=1;
[CPU 1] dpdk0 flows:      1, RX:  141258(pps) (err:     0),  1.31(Gbps), TX:   15073(pps),  0.01(Gbps)
[ ALL ] dpdk0 flows:      1, RX:  141258(pps) (err:     0),  1.31(Gbps), TX:   15073(pps),  0.01(Gbps)
pps=1056764; bps=9138909609;
[CPU 1] dpdk0 flows:      1, RX: 1071981(pps) (err:     0),  9.92(Gbps), TX:  115556(pps),  0.08(Gbps)
[ ALL ] dpdk0 flows:      1, RX: 1071981(pps) (err:     0),  9.92(Gbps), TX:  115556(pps),  0.08(Gbps)
pps=1058272; bps=9151947734;
[CPU 1] dpdk0 flows:      1, RX: 1072969(pps) (err:     0),  9.93(Gbps), TX:  115727(pps),  0.08(Gbps)
[ ALL ] dpdk0 flows:      1, RX: 1072969(pps) (err:     0),  9.93(Gbps), TX:  115727(pps),  0.08(Gbps)
pps=1062707; bps=9190297652;
[CPU 1] dpdk0 flows:      1, RX: 1076491(pps) (err:     0),  9.96(Gbps), TX:  114514(pps),  0.08(Gbps)
[ ALL ] dpdk0 flows:      1, RX: 1076491(pps) (err:     0),  9.96(Gbps), TX:  114514(pps),  0.08(Gbps)
pps=1062223; bps=9186109623;
[CPU 1] dpdk0 flows:      1, RX: 1076313(pps) (err:     0),  9.96(Gbps), TX:  114634(pps),  0.08(Gbps)
[ ALL ] dpdk0 flows:      1, RX: 1076313(pps) (err:     0),  9.96(Gbps), TX:  114634(pps),  0.08(Gbps)
pps=1062395; bps=9187603810;
[CPU 1] dpdk0 flows:      1, RX: 1076350(pps) (err:     0),  9.96(Gbps), TX:  114678(pps),  0.08(Gbps)
[ ALL ] dpdk0 flows:      1, RX: 1076350(pps) (err:     0),  9.96(Gbps), TX:  114678(pps),  0.08(Gbps)
pps=1062686; bps=9190122860;
[CPU 1] dpdk0 flows:      1, RX: 1076649(pps) (err:     0),  9.97(Gbps), TX:  114630(pps),  0.08(Gbps)
[ ALL ] dpdk0 flows:      1, RX: 1076649(pps) (err:     0),  9.97(Gbps), TX:  114630(pps),  0.08(Gbps)
pps=1062078; bps=9184856865;
[CPU 1] dpdk0 flows:      1, RX: 1076081(pps) (err:     0),  9.96(Gbps), TX:  114692(pps),  0.08(Gbps)
[ ALL ] dpdk0 flows:      1, RX: 1076081(pps) (err:     0),  9.96(Gbps), TX:  114692(pps),  0.08(Gbps)
pps=1061141; bps=9176753542;
[CPU 1] dpdk0 flows:      1, RX: 1074118(pps) (err:     0),  9.94(Gbps), TX:  114907(pps),  0.08(Gbps)
[ ALL ] dpdk0 flows:      1, RX: 1074118(pps) (err:     0),  9.94(Gbps), TX:  114907(pps),  0.08(Gbps)
pps=1041802; bps=9009513583;
[CPU 1] dpdk0 flows:      1, RX: 1056366(pps) (err:     0),  9.78(Gbps), TX:  113735(pps),  0.08(Gbps)
[ ALL ] dpdk0 flows:      1, RX: 1056366(pps) (err:     0),  9.78(Gbps), TX:  113735(pps),  0.08(Gbps)
pps=1062351; bps=9187220038;
pps=1062543; bps=9188887636;
[CPU 1] dpdk0 flows:      1, RX: 1076375(pps) (err:     0),  9.96(Gbps), TX:  114652(pps),  0.08(Gbps)
[ ALL ] dpdk0 flows:      1, RX: 1076375(pps) (err:     0),  9.96(Gbps), TX:  114652(pps),  0.08(Gbps)
[CPU 1] dpdk0 flows:      1, RX: 1076429(pps) (err:     0),  9.96(Gbps), TX:  114729(pps),  0.08(Gbps)
[ ALL ] dpdk0 flows:      1, RX: 1076429(pps) (err:     0),  9.96(Gbps), TX:  114729(pps),  0.08(Gbps)
pps=1002076; bps=8665965129;
[CPU 1] dpdk0 flows:      1, RX: 1013416(pps) (err:     0),  9.38(Gbps), TX:  111090(pps),  0.08(Gbps)
[ ALL ] dpdk0 flows:      1, RX: 1013416(pps) (err:     0),  9.38(Gbps), TX:  111090(pps),  0.08(Gbps)
pps=1059322; bps=9161028915;
[CPU 1] dpdk0 flows:      1, RX: 1074356(pps) (err:     0),  9.94(Gbps), TX:  115095(pps),  0.08(Gbps)
[ ALL ] dpdk0 flows:      1, RX: 1074356(pps) (err:     0),  9.94(Gbps), TX:  115095(pps),  0.08(Gbps)
pps=1058087; bps=9150344239;
[CPU 1] dpdk0 flows:      1, RX: 1072016(pps) (err:     0),  9.92(Gbps), TX:  115895(pps),  0.08(Gbps)
[ ALL ] dpdk0 flows:      1, RX: 1072016(pps) (err:     0),  9.92(Gbps), TX:  115895(pps),  0.08(Gbps)
pps=1054533; bps=9119606261;
[CPU 1] dpdk0 flows:      1, RX: 1068367(pps) (err:     0),  9.89(Gbps), TX:  115703(pps),  0.08(Gbps)
[ ALL ] dpdk0 flows:      1, RX: 1068367(pps) (err:     0),  9.89(Gbps), TX:  115703(pps),  0.08(Gbps)
