---------------------------------------------------------------------------------
Loading mtcp configuration from : perf.conf
EAL: Probing VFIO support...
EAL: VFIO support initialized
Loading interface setting
EAL: Detected 6 lcore(s)
EAL: Detected 1 NUMA nodes
EAL: Auto-detected process type: PRIMARY
EAL: Multi-process socket /var/run/dpdk/rte/mp_socket
EAL: No free hugepages reported in hugepages-1048576kB
EAL: PCI device 0000:1a:00.0 on NUMA socket -1
EAL:   Invalid NUMA socket, default to 0
EAL:   probe driver: 8086:10fb net_ixgbe
EAL:   using IOMMU type 1 (Type 1)
EAL: Ignore mapping IO port bar(2)
EAL: Auto-detected process type: PRIMARY
Total number of attached devices: 1
Interface name: dpdk0
Configurations:
Number of CPU cores available: 3
Number of CPU cores to use: 3
Maximum number of concurrency per core: 10000
Maximum number of preallocated buffers per core: 10000
Receive buffer size: 102400
Send buffer size: 102400
TCP timeout seconds: 30
TCP timewait seconds: 0
NICs to print statistics: dpdk0
---------------------------------------------------------------------------------
Interfaces:
name: dpdk0, ifindex: 0, hwaddr: 90:E2:BA:46:F3:44, ipaddr: 10.1.1.2, netmask: 255.255.255.0
Number of NIC queues: 3
---------------------------------------------------------------------------------
Loading routing configurations from : config/route.conf
fopen: No such file or directory
Skip loading static routing table
Routes:
Destination: 10.1.1.0/24, Mask: 255.255.255.0, Masked: 10.1.1.0, Route: ifdx-0
---------------------------------------------------------------------------------
Loading ARP table from : config/arp.conf
Initializing port 0... ARP Table:
IP addr: 10.1.1.1, dst_hwaddr: 90:E2:BA:46:F2:25
---------------------------------------------------------------------------------
done: 

Checking link statusdone
Port 0 Link Up - speed 10000 Mbps - full-duplex
CPU 1: initialization finished.
[mtcp_create_context:1359] CPU 1 is now the master thread.
[CPU 1] dpdk0 flows:      0, RX:       0(pps) (err:     0),  0.00(Gbps), TX:       0(pps),  0.00(Gbps)
[ ALL ] dpdk0 flows:      0, RX:       0(pps) (err:     0),  0.00(Gbps), TX:       0(pps),  0.00(Gbps)
clientfd=1;
[CPU 1] dpdk0 flows:      1, RX:  703549(pps) (err:     0),  5.48(Gbps), TX:   46175(pps),  0.03(Gbps)
[ ALL ] dpdk0 flows:      1, RX:  703549(pps) (err:     0),  5.48(Gbps), TX:   46175(pps),  0.03(Gbps)
pps=1248750; bps=9000995313;
[CPU 1] dpdk0 flows:      1, RX: 1274595(pps) (err:     0),  9.93(Gbps), TX:   84979(pps),  0.06(Gbps)
[ ALL ] dpdk0 flows:      1, RX: 1274595(pps) (err:     0),  9.93(Gbps), TX:   84979(pps),  0.06(Gbps)
pps=1250297; bps=9012153515;
[CPU 1] dpdk0 flows:      1, RX: 1277724(pps) (err:     0),  9.95(Gbps), TX:   84861(pps),  0.06(Gbps)
[ ALL ] dpdk0 flows:      1, RX: 1277724(pps) (err:     0),  9.95(Gbps), TX:   84861(pps),  0.06(Gbps)
pps=1254749; bps=9044237709;
[CPU 1] dpdk0 flows:      1, RX: 1279544(pps) (err:     0),  9.96(Gbps), TX:   84351(pps),  0.06(Gbps)
[ ALL ] dpdk0 flows:      1, RX: 1279544(pps) (err:     0),  9.96(Gbps), TX:   84351(pps),  0.06(Gbps)
pps=1254596; bps=9043138788;
[CPU 1] dpdk0 flows:      1, RX: 1279628(pps) (err:     0),  9.96(Gbps), TX:   84538(pps),  0.06(Gbps)
[ ALL ] dpdk0 flows:      1, RX: 1279628(pps) (err:     0),  9.96(Gbps), TX:   84538(pps),  0.06(Gbps)
pps=1254891; bps=9045261730;
[CPU 1] dpdk0 flows:      1, RX: 1279995(pps) (err:     0),  9.97(Gbps), TX:   84474(pps),  0.06(Gbps)
[ ALL ] dpdk0 flows:      1, RX: 1279995(pps) (err:     0),  9.97(Gbps), TX:   84474(pps),  0.06(Gbps)
pps=1254691; bps=9043815566;
[CPU 1] dpdk0 flows:      1, RX: 1279461(pps) (err:     0),  9.96(Gbps), TX:   84533(pps),  0.06(Gbps)
[ ALL ] dpdk0 flows:      1, RX: 1279461(pps) (err:     0),  9.96(Gbps), TX:   84533(pps),  0.06(Gbps)
pps=1254723; bps=9044045636;
[CPU 1] dpdk0 flows:      1, RX: 1276525(pps) (err:     0),  9.94(Gbps), TX:   84538(pps),  0.06(Gbps)
[ ALL ] dpdk0 flows:      1, RX: 1276525(pps) (err:     0),  9.94(Gbps), TX:   84538(pps),  0.06(Gbps)
pps=1197298; bps=8630137757;
[CPU 1] dpdk0 flows:      1, RX: 1217920(pps) (err:     0),  9.48(Gbps), TX:   80958(pps),  0.06(Gbps)
[ ALL ] dpdk0 flows:      1, RX: 1217920(pps) (err:     0),  9.48(Gbps), TX:   80958(pps),  0.06(Gbps)
pps=1238667; bps=8928319514;
[CPU 1] dpdk0 flows:      1, RX: 1265129(pps) (err:     0),  9.85(Gbps), TX:   84336(pps),  0.06(Gbps)
[ ALL ] dpdk0 flows:      1, RX: 1265129(pps) (err:     0),  9.85(Gbps), TX:   84336(pps),  0.06(Gbps)
pps=1233625; bps=8891972969;
[CPU 1] dpdk0 flows:      1, RX: 1259884(pps) (err:     0),  9.81(Gbps), TX:   84027(pps),  0.06(Gbps)
[ ALL ] dpdk0 flows:      1, RX: 1259884(pps) (err:     0),  9.81(Gbps), TX:   84027(pps),  0.06(Gbps)
pps=1250743; bps=9015367649;
[CPU 1] dpdk0 flows:      1, RX: 1273945(pps) (err:     0),  9.92(Gbps), TX:   85414(pps),  0.06(Gbps)
[ ALL ] dpdk0 flows:      1, RX: 1273945(pps) (err:     0),  9.92(Gbps), TX:   85414(pps),  0.06(Gbps)
pps=1240966; bps=8944888532;
[CPU 1] dpdk0 flows:      1, RX: 1266237(pps) (err:     0),  9.86(Gbps), TX:   85562(pps),  0.06(Gbps)
[ ALL ] dpdk0 flows:      1, RX: 1266237(pps) (err:     0),  9.86(Gbps), TX:   85562(pps),  0.06(Gbps)
