---------------------------------------------------------------------------------
Loading mtcp configuration from : perf.conf
EAL: Probing VFIO support...
EAL: VFIO support initialized
Loading interface setting
EAL: Detected 6 lcore(s)
EAL: Detected 1 NUMA nodes
EAL: Auto-detected process type: PRIMARY
EAL: Multi-process socket /var/run/dpdk/rte/mp_socket
EAL: No free hugepages reported in hugepages-1048576kB
EAL: PCI device 0000:1a:00.0 on NUMA socket -1
EAL:   Invalid NUMA socket, default to 0
EAL:   probe driver: 8086:10fb net_ixgbe
EAL:   using IOMMU type 1 (Type 1)
EAL: Ignore mapping IO port bar(2)
EAL: Auto-detected process type: PRIMARY
Total number of attached devices: 1
Interface name: dpdk0
Configurations:
Number of CPU cores available: 3
Number of CPU cores to use: 3
Maximum number of concurrency per core: 10000
Maximum number of preallocated buffers per core: 10000
Receive buffer size: 102400
Send buffer size: 102400
TCP timeout seconds: 30
TCP timewait seconds: 0
NICs to print statistics: dpdk0
---------------------------------------------------------------------------------
Interfaces:
name: dpdk0, ifindex: 0, hwaddr: 90:E2:BA:46:F3:44, ipaddr: 10.1.1.2, netmask: 255.255.255.0
Number of NIC queues: 3
---------------------------------------------------------------------------------
Loading routing configurations from : config/route.conf
fopen: No such file or directory
Skip loading static routing table
Routes:
Destination: 10.1.1.0/24, Mask: 255.255.255.0, Masked: 10.1.1.0, Route: ifdx-0
---------------------------------------------------------------------------------
Loading ARP table from : config/arp.conf
Initializing port 0... ARP Table:
IP addr: 10.1.1.1, dst_hwaddr: 90:E2:BA:46:F2:25
---------------------------------------------------------------------------------
done: 

Checking link statusdone
Port 0 Link Up - speed 10000 Mbps - full-duplex
CPU 1: initialization finished.
[mtcp_create_context:1359] CPU 1 is now the master thread.
[CPU 1] dpdk0 flows:      0, RX:       0(pps) (err:     0),  0.00(Gbps), TX:       0(pps),  0.00(Gbps)
[ ALL ] dpdk0 flows:      0, RX:       0(pps) (err:     0),  0.00(Gbps), TX:       0(pps),  0.00(Gbps)
[CPU 1] dpdk0 flows:      0, RX:       0(pps) (err:     0),  0.00(Gbps), TX:       0(pps),  0.00(Gbps)
[ ALL ] dpdk0 flows:      0, RX:       0(pps) (err:     0),  0.00(Gbps), TX:       0(pps),  0.00(Gbps)
[CPU 1] dpdk0 flows:      0, RX:       0(pps) (err:     0),  0.00(Gbps), TX:       0(pps),  0.00(Gbps)
[ ALL ] dpdk0 flows:      0, RX:       0(pps) (err:     0),  0.00(Gbps), TX:       0(pps),  0.00(Gbps)
clientfd=1;
[CPU 1] dpdk0 flows:      1, RX:  635831(pps) (err:     0),  5.42(Gbps), TX:   48462(pps),  0.03(Gbps)
[ ALL ] dpdk0 flows:      1, RX:  635831(pps) (err:     0),  5.42(Gbps), TX:   48462(pps),  0.03(Gbps)
pps=1145404; bps=9080772044;
[CPU 1] dpdk0 flows:      1, RX: 1164579(pps) (err:     0),  9.93(Gbps), TX:   89876(pps),  0.06(Gbps)
[ ALL ] dpdk0 flows:      1, RX: 1164579(pps) (err:     0),  9.93(Gbps), TX:   89876(pps),  0.06(Gbps)
pps=1146744; bps=9091390429;
[CPU 1] dpdk0 flows:      1, RX: 1167014(pps) (err:     0),  9.95(Gbps), TX:   89243(pps),  0.06(Gbps)
[ ALL ] dpdk0 flows:      1, RX: 1167014(pps) (err:     0),  9.95(Gbps), TX:   89243(pps),  0.06(Gbps)
pps=1150421; bps=9120548754;
[CPU 1] dpdk0 flows:      1, RX: 1168755(pps) (err:     0),  9.96(Gbps), TX:   88846(pps),  0.06(Gbps)
[ ALL ] dpdk0 flows:      1, RX: 1168755(pps) (err:     0),  9.96(Gbps), TX:   88846(pps),  0.06(Gbps)
pps=1150853; bps=9123971086;
[CPU 1] dpdk0 flows:      1, RX: 1169102(pps) (err:     0),  9.97(Gbps), TX:   88890(pps),  0.06(Gbps)
[ ALL ] dpdk0 flows:      1, RX: 1169102(pps) (err:     0),  9.97(Gbps), TX:   88890(pps),  0.06(Gbps)
pps=1150712; bps=9122853732;
[CPU 1] dpdk0 flows:      1, RX: 1168631(pps) (err:     0),  9.96(Gbps), TX:   88923(pps),  0.06(Gbps)
[ ALL ] dpdk0 flows:      1, RX: 1168631(pps) (err:     0),  9.96(Gbps), TX:   88923(pps),  0.06(Gbps)
pps=1150333; bps=9119849523;
[CPU 1] dpdk0 flows:      1, RX: 1168694(pps) (err:     0),  9.96(Gbps), TX:   88970(pps),  0.06(Gbps)
[ ALL ] dpdk0 flows:      1, RX: 1168694(pps) (err:     0),  9.96(Gbps), TX:   88970(pps),  0.06(Gbps)
pps=1150987; bps=9125038223;
[CPU 1] dpdk0 flows:      1, RX: 1169074(pps) (err:     0),  9.97(Gbps), TX:   88874(pps),  0.06(Gbps)
[ ALL ] dpdk0 flows:      1, RX: 1169074(pps) (err:     0),  9.97(Gbps), TX:   88874(pps),  0.06(Gbps)
pps=1150477; bps=9120988259;
[CPU 1] dpdk0 flows:      1, RX: 1168637(pps) (err:     0),  9.96(Gbps), TX:   88873(pps),  0.06(Gbps)
[ ALL ] dpdk0 flows:      1, RX: 1168637(pps) (err:     0),  9.96(Gbps), TX:   88873(pps),  0.06(Gbps)
pps=1150415; bps=9120498330;
[CPU 1] dpdk0 flows:      1, RX: 1165215(pps) (err:     0),  9.93(Gbps), TX:   88883(pps),  0.06(Gbps)
[ ALL ] dpdk0 flows:      1, RX: 1165215(pps) (err:     0),  9.93(Gbps), TX:   88883(pps),  0.06(Gbps)
pps=1125556; bps=8923414971;
[CPU 1] dpdk0 flows:      1, RX: 1116553(pps) (err:     0),  9.52(Gbps), TX:   85691(pps),  0.06(Gbps)
[ ALL ] dpdk0 flows:      1, RX: 1116553(pps) (err:     0),  9.52(Gbps), TX:   85691(pps),  0.06(Gbps)
pps=1110087; bps=8800778371;
[CPU 1] dpdk0 flows:      1, RX: 1152052(pps) (err:     0),  9.82(Gbps), TX:   88454(pps),  0.06(Gbps)
[ ALL ] dpdk0 flows:      1, RX: 1152052(pps) (err:     0),  9.82(Gbps), TX:   88454(pps),  0.06(Gbps)
pps=1141973; bps=9053570154;
[CPU 1] dpdk0 flows:      1, RX: 1146701(pps) (err:     0),  9.78(Gbps), TX:   87825(pps),  0.06(Gbps)
[ ALL ] dpdk0 flows:      1, RX: 1146701(pps) (err:     0),  9.78(Gbps), TX:   87825(pps),  0.06(Gbps)
pps=1131295; bps=8968916909;
[CPU 1] dpdk0 flows:      1, RX: 1167659(pps) (err:     0),  9.95(Gbps), TX:   89444(pps),  0.06(Gbps)
[ ALL ] dpdk0 flows:      1, RX: 1167659(pps) (err:     0),  9.95(Gbps), TX:   89444(pps),  0.06(Gbps)
pps=1147016; bps=9093544564;
[CPU 1] dpdk0 flows:      1, RX: 1159580(pps) (err:     0),  9.89(Gbps), TX:   88845(pps),  0.06(Gbps)
[ ALL ] dpdk0 flows:      1, RX: 1159580(pps) (err:     0),  9.89(Gbps), TX:   88845(pps),  0.06(Gbps)
pps=1141465; bps=9049542424;
[CPU 1] dpdk0 flows:      1, RX: 1162167(pps) (err:     0),  9.91(Gbps), TX:   89187(pps),  0.06(Gbps)
[ ALL ] dpdk0 flows:      1, RX: 1162167(pps) (err:     0),  9.91(Gbps), TX:   89187(pps),  0.06(Gbps)
