---------------------------------------------------------------------------------
Loading mtcp configuration from : perf.conf
EAL: Probing VFIO support...
EAL: VFIO support initialized
Loading interface setting
EAL: Detected 6 lcore(s)
EAL: Detected 1 NUMA nodes
EAL: Auto-detected process type: PRIMARY
EAL: Multi-process socket /var/run/dpdk/rte/mp_socket
EAL: No free hugepages reported in hugepages-1048576kB
EAL: PCI device 0000:1a:00.0 on NUMA socket -1
EAL:   Invalid NUMA socket, default to 0
EAL:   probe driver: 8086:10fb net_ixgbe
EAL:   using IOMMU type 1 (Type 1)
EAL: Ignore mapping IO port bar(2)
EAL: Auto-detected process type: PRIMARY
Total number of attached devices: 1
Interface name: dpdk0
Configurations:
Number of CPU cores available: 3
Number of CPU cores to use: 3
Maximum number of concurrency per core: 10000
Maximum number of preallocated buffers per core: 10000
Receive buffer size: 102400
Send buffer size: 102400
TCP timeout seconds: 30
TCP timewait seconds: 0
NICs to print statistics: dpdk0
---------------------------------------------------------------------------------
Interfaces:
name: dpdk0, ifindex: 0, hwaddr: 90:E2:BA:46:F3:44, ipaddr: 10.1.1.2, netmask: 255.255.255.0
Number of NIC queues: 3
---------------------------------------------------------------------------------
Loading routing configurations from : config/route.conf
fopen: No such file or directory
Skip loading static routing table
Routes:
Destination: 10.1.1.0/24, Mask: 255.255.255.0, Masked: 10.1.1.0, Route: ifdx-0
---------------------------------------------------------------------------------
Loading ARP table from : config/arp.conf
Initializing port 0... ARP Table:
IP addr: 10.1.1.1, dst_hwaddr: 90:E2:BA:46:F2:25
---------------------------------------------------------------------------------
done: 

Checking link statusdone
Port 0 Link Up - speed 10000 Mbps - full-duplex
CPU 1: initialization finished.
[mtcp_create_context:1359] CPU 1 is now the master thread.
[CPU 1] dpdk0 flows:      0, RX:       0(pps) (err:     0),  0.00(Gbps), TX:       0(pps),  0.00(Gbps)
[ ALL ] dpdk0 flows:      0, RX:       0(pps) (err:     0),  0.00(Gbps), TX:       0(pps),  0.00(Gbps)
[CPU 1] dpdk0 flows:      0, RX:       0(pps) (err:     0),  0.00(Gbps), TX:       0(pps),  0.00(Gbps)
[ ALL ] dpdk0 flows:      0, RX:       0(pps) (err:     0),  0.00(Gbps), TX:       0(pps),  0.00(Gbps)
clientfd=1;
[CPU 1] dpdk0 flows:      1, RX:  165284(pps) (err:     0),  1.88(Gbps), TX:   28153(pps),  0.02(Gbps)
[ ALL ] dpdk0 flows:      1, RX:  165284(pps) (err:     0),  1.88(Gbps), TX:   28153(pps),  0.02(Gbps)
pps=854616; bps=9236698558;
[CPU 1] dpdk0 flows:      1, RX:  868230(pps) (err:     0),  9.87(Gbps), TX:  150641(pps),  0.11(Gbps)
[ ALL ] dpdk0 flows:      1, RX:  868230(pps) (err:     0),  9.87(Gbps), TX:  150641(pps),  0.11(Gbps)
pps=855557; bps=9246873745;
[CPU 1] dpdk0 flows:      1, RX:  869172(pps) (err:     0),  9.88(Gbps), TX:  149683(pps),  0.11(Gbps)
[ ALL ] dpdk0 flows:      1, RX:  869172(pps) (err:     0),  9.88(Gbps), TX:  149683(pps),  0.11(Gbps)
pps=858345; bps=9276999189;
[CPU 1] dpdk0 flows:      1, RX:  870870(pps) (err:     0),  9.90(Gbps), TX:  149449(pps),  0.11(Gbps)
[ ALL ] dpdk0 flows:      1, RX:  870870(pps) (err:     0),  9.90(Gbps), TX:  149449(pps),  0.11(Gbps)
pps=859519; bps=9289697017;
[CPU 1] dpdk0 flows:      1, RX:  872682(pps) (err:     0),  9.92(Gbps), TX:  149021(pps),  0.11(Gbps)
[ ALL ] dpdk0 flows:      1, RX:  872682(pps) (err:     0),  9.92(Gbps), TX:  149021(pps),  0.11(Gbps)
pps=860094; bps=9295909086;
[CPU 1] dpdk0 flows:      1, RX:  873233(pps) (err:     0),  9.93(Gbps), TX:  148326(pps),  0.11(Gbps)
[ ALL ] dpdk0 flows:      1, RX:  873233(pps) (err:     0),  9.93(Gbps), TX:  148326(pps),  0.11(Gbps)
pps=860867; bps=9304261487;
[CPU 1] dpdk0 flows:      1, RX:  873486(pps) (err:     0),  9.93(Gbps), TX:  148662(pps),  0.11(Gbps)
[ ALL ] dpdk0 flows:      1, RX:  873486(pps) (err:     0),  9.93(Gbps), TX:  148662(pps),  0.11(Gbps)
pps=859981; bps=9294684895;
[CPU 1] dpdk0 flows:      1, RX:  872061(pps) (err:     0),  9.92(Gbps), TX:  149212(pps),  0.11(Gbps)
[ ALL ] dpdk0 flows:      1, RX:  872061(pps) (err:     0),  9.92(Gbps), TX:  149212(pps),  0.11(Gbps)
pps=857324; bps=9265966379;
[CPU 1] dpdk0 flows:      1, RX:  870086(pps) (err:     0),  9.89(Gbps), TX:  149972(pps),  0.11(Gbps)
[ ALL ] dpdk0 flows:      1, RX:  870086(pps) (err:     0),  9.89(Gbps), TX:  149972(pps),  0.11(Gbps)
pps=812369; bps=8780101876;
[CPU 1] dpdk0 flows:      1, RX:  826586(pps) (err:     0),  9.40(Gbps), TX:  148582(pps),  0.11(Gbps)
[ ALL ] dpdk0 flows:      1, RX:  826586(pps) (err:     0),  9.40(Gbps), TX:  148582(pps),  0.11(Gbps)
pps=847794; bps=9162960417;
[CPU 1] dpdk0 flows:      1, RX:  860779(pps) (err:     0),  9.79(Gbps), TX:  151967(pps),  0.11(Gbps)
[ ALL ] dpdk0 flows:      1, RX:  860779(pps) (err:     0),  9.79(Gbps), TX:  151967(pps),  0.11(Gbps)
pps=841854; bps=9098760240;
[CPU 1] dpdk0 flows:      1, RX:  855342(pps) (err:     0),  9.72(Gbps), TX:  152983(pps),  0.11(Gbps)
[ ALL ] dpdk0 flows:      1, RX:  855342(pps) (err:     0),  9.72(Gbps), TX:  152983(pps),  0.11(Gbps)
pps=857888; bps=9272058478;
[CPU 1] dpdk0 flows:      1, RX:  870318(pps) (err:     0),  9.90(Gbps), TX:  153845(pps),  0.11(Gbps)
[ ALL ] dpdk0 flows:      1, RX:  870318(pps) (err:     0),  9.90(Gbps), TX:  153845(pps),  0.11(Gbps)
pps=854319; bps=9233494024;
[CPU 1] dpdk0 flows:      1, RX:  864783(pps) (err:     0),  9.83(Gbps), TX:  153523(pps),  0.11(Gbps)
[ ALL ] dpdk0 flows:      1, RX:  864783(pps) (err:     0),  9.83(Gbps), TX:  153523(pps),  0.11(Gbps)
pps=851907; bps=9207416708;
[CPU 1] dpdk0 flows:      1, RX:  866380(pps) (err:     0),  9.85(Gbps), TX:  154853(pps),  0.11(Gbps)
[ ALL ] dpdk0 flows:      1, RX:  866380(pps) (err:     0),  9.85(Gbps), TX:  154853(pps),  0.11(Gbps)
