---------------------------------------------------------------------------------
EAL: Probing VFIO support...
EAL: VFIO support initialized
Loading mtcp configuration from : perf.conf
Loading interface setting
EAL: Detected 6 lcore(s)
EAL: Detected 1 NUMA nodes
EAL: Auto-detected process type: PRIMARY
EAL: Multi-process socket /var/run/dpdk/rte/mp_socket
EAL: No free hugepages reported in hugepages-1048576kB
EAL: PCI device 0000:1a:00.0 on NUMA socket -1
EAL:   Invalid NUMA socket, default to 0
EAL:   probe driver: 8086:10fb net_ixgbe
EAL:   using IOMMU type 1 (Type 1)
EAL: Ignore mapping IO port bar(2)
EAL: Auto-detected process type: PRIMARY
Total number of attached devices: 1
Interface name: dpdk0
Configurations:
Number of CPU cores available: 3
Number of CPU cores to use: 3
Maximum number of concurrency per core: 10000
Maximum number of preallocated buffers per core: 10000
Receive buffer size: 102400
Send buffer size: 102400
TCP timeout seconds: 30
TCP timewait seconds: 0
NICs to print statistics: dpdk0
---------------------------------------------------------------------------------
Interfaces:
name: dpdk0, ifindex: 0, hwaddr: 90:E2:BA:46:F3:44, ipaddr: 10.1.1.2, netmask: 255.255.255.0
Number of NIC queues: 3
---------------------------------------------------------------------------------
Loading routing configurations from : config/route.conf
fopen: No such file or directory
Skip loading static routing table
Routes:
Destination: 10.1.1.0/24, Mask: 255.255.255.0, Masked: 10.1.1.0, Route: ifdx-0
Initializing port 0... ---------------------------------------------------------------------------------
Loading ARP table from : config/arp.conf
ARP Table:
IP addr: 10.1.1.1, dst_hwaddr: 90:E2:BA:46:F2:25
---------------------------------------------------------------------------------
done: 

Checking link status.done
Port 0 Link Up - speed 10000 Mbps - full-duplex
CPU 1: initialization finished.
[mtcp_create_context:1359] CPU 1 is now the master thread.
[CPU 1] dpdk0 flows:      0, RX:       0(pps) (err:     0),  0.00(Gbps), TX:       0(pps),  0.00(Gbps)
[ ALL ] dpdk0 flows:      0, RX:       0(pps) (err:     0),  0.00(Gbps), TX:       0(pps),  0.00(Gbps)
[CPU 1] dpdk0 flows:      0, RX:       0(pps) (err:     0),  0.00(Gbps), TX:       0(pps),  0.00(Gbps)
[ ALL ] dpdk0 flows:      0, RX:       0(pps) (err:     0),  0.00(Gbps), TX:       0(pps),  0.00(Gbps)
clientfd=1;
[CPU 1] dpdk0 flows:      1, RX:  107398(pps) (err:     0),  1.27(Gbps), TX:   17557(pps),  0.01(Gbps)
[ ALL ] dpdk0 flows:      1, RX:  107398(pps) (err:     0),  1.27(Gbps), TX:   17557(pps),  0.01(Gbps)
pps=824606; bps=9308166376;
[CPU 1] dpdk0 flows:      1, RX:  840648(pps) (err:     0),  9.92(Gbps), TX:  139968(pps),  0.10(Gbps)
[ ALL ] dpdk0 flows:      1, RX:  840648(pps) (err:     0),  9.92(Gbps), TX:  139968(pps),  0.10(Gbps)
pps=825454; bps=9317734932;
[CPU 1] dpdk0 flows:      1, RX:  840873(pps) (err:     0),  9.92(Gbps), TX:  140417(pps),  0.10(Gbps)
[ ALL ] dpdk0 flows:      1, RX:  840873(pps) (err:     0),  9.92(Gbps), TX:  140417(pps),  0.10(Gbps)
pps=825215; bps=9315040963;
[CPU 1] dpdk0 flows:      1, RX:  840105(pps) (err:     0),  9.92(Gbps), TX:  140688(pps),  0.10(Gbps)
[ ALL ] dpdk0 flows:      1, RX:  840105(pps) (err:     0),  9.92(Gbps), TX:  140688(pps),  0.10(Gbps)
pps=826031; bps=9324248393;
[CPU 1] dpdk0 flows:      1, RX:  841822(pps) (err:     0),  9.94(Gbps), TX:  139824(pps),  0.10(Gbps)
[ ALL ] dpdk0 flows:      1, RX:  841822(pps) (err:     0),  9.94(Gbps), TX:  139824(pps),  0.10(Gbps)
pps=828144; bps=9348090850;
[CPU 1] dpdk0 flows:      1, RX:  843177(pps) (err:     0),  9.96(Gbps), TX:  138785(pps),  0.10(Gbps)
[ ALL ] dpdk0 flows:      1, RX:  843177(pps) (err:     0),  9.96(Gbps), TX:  138785(pps),  0.10(Gbps)
pps=828248; bps=9349274272;
[CPU 1] dpdk0 flows:      1, RX:  843218(pps) (err:     0),  9.96(Gbps), TX:  139188(pps),  0.10(Gbps)
[ ALL ] dpdk0 flows:      1, RX:  843218(pps) (err:     0),  9.96(Gbps), TX:  139188(pps),  0.10(Gbps)
pps=828246; bps=9349245221;
[CPU 1] dpdk0 flows:      1, RX:  843384(pps) (err:     0),  9.96(Gbps), TX:  139060(pps),  0.10(Gbps)
[ ALL ] dpdk0 flows:      1, RX:  843384(pps) (err:     0),  9.96(Gbps), TX:  139060(pps),  0.10(Gbps)
pps=828129; bps=9347929764;
[CPU 1] dpdk0 flows:      1, RX:  842309(pps) (err:     0),  9.94(Gbps), TX:  139232(pps),  0.10(Gbps)
[ ALL ] dpdk0 flows:      1, RX:  842309(pps) (err:     0),  9.94(Gbps), TX:  139232(pps),  0.10(Gbps)
pps=810433; bps=9148179762;
[CPU 1] dpdk0 flows:      1, RX:  802101(pps) (err:     0),  9.47(Gbps), TX:  135298(pps),  0.10(Gbps)
[ ALL ] dpdk0 flows:      1, RX:  802101(pps) (err:     0),  9.47(Gbps), TX:  135298(pps),  0.10(Gbps)
pps=793405; bps=8955969070;
[CPU 1] dpdk0 flows:      1, RX:  831168(pps) (err:     0),  9.81(Gbps), TX:  141054(pps),  0.10(Gbps)
[ ALL ] dpdk0 flows:      1, RX:  831168(pps) (err:     0),  9.81(Gbps), TX:  141054(pps),  0.10(Gbps)
pps=813063; bps=9177872799;
[CPU 1] dpdk0 flows:      1, RX:  827904(pps) (err:     0),  9.77(Gbps), TX:  140882(pps),  0.10(Gbps)
[ ALL ] dpdk0 flows:      1, RX:  827904(pps) (err:     0),  9.77(Gbps), TX:  140882(pps),  0.10(Gbps)
pps=826718; bps=9331997745;
[CPU 1] dpdk0 flows:      1, RX:  841812(pps) (err:     0),  9.94(Gbps), TX:  142060(pps),  0.10(Gbps)
[ ALL ] dpdk0 flows:      1, RX:  841812(pps) (err:     0),  9.94(Gbps), TX:  142060(pps),  0.10(Gbps)
pps=823014; bps=9290202442;
[CPU 1] dpdk0 flows:      1, RX:  837542(pps) (err:     0),  9.89(Gbps), TX:  142547(pps),  0.10(Gbps)
[ ALL ] dpdk0 flows:      1, RX:  837542(pps) (err:     0),  9.89(Gbps), TX:  142547(pps),  0.10(Gbps)
pps=821028; bps=9267774522;
[CPU 1] dpdk0 flows:      1, RX:  836241(pps) (err:     0),  9.87(Gbps), TX:  143549(pps),  0.10(Gbps)
[ ALL ] dpdk0 flows:      1, RX:  836241(pps) (err:     0),  9.87(Gbps), TX:  143549(pps),  0.10(Gbps)
