---------------------------------------------------------------------------------
EAL: Probing VFIO support...
EAL: VFIO support initialized
Loading mtcp configuration from : perf.conf
Loading interface setting
EAL: Detected 6 lcore(s)
EAL: Detected 1 NUMA nodes
EAL: Auto-detected process type: PRIMARY
EAL: Multi-process socket /var/run/dpdk/rte/mp_socket
EAL: No free hugepages reported in hugepages-1048576kB
EAL: PCI device 0000:1a:00.0 on NUMA socket -1
EAL:   Invalid NUMA socket, default to 0
EAL:   probe driver: 8086:10fb net_ixgbe
EAL:   using IOMMU type 1 (Type 1)
EAL: Ignore mapping IO port bar(2)
Total number of attached devices: 1
EAL: Auto-detected process type: PRIMARY
Interface name: dpdk0
Configurations:
Number of CPU cores available: 3
Number of CPU cores to use: 3
Maximum number of concurrency per core: 10000
Maximum number of preallocated buffers per core: 10000
Receive buffer size: 102400
Send buffer size: 102400
TCP timeout seconds: 30
TCP timewait seconds: 0
NICs to print statistics: dpdk0
---------------------------------------------------------------------------------
Interfaces:
name: dpdk0, ifindex: 0, hwaddr: 90:E2:BA:46:F3:44, ipaddr: 10.1.1.2, netmask: 255.255.255.0
Number of NIC queues: 3
---------------------------------------------------------------------------------
Loading routing configurations from : config/route.conf
fopen: No such file or directory
Skip loading static routing table
Routes:
Destination: 10.1.1.0/24, Mask: 255.255.255.0, Masked: 10.1.1.0, Route: ifdx-0
---------------------------------------------------------------------------------
Loading ARP table from : config/arp.conf
Initializing port 0... ARP Table:
IP addr: 10.1.1.1, dst_hwaddr: 90:E2:BA:46:F2:25
---------------------------------------------------------------------------------
done: 

Checking link statusdone
Port 0 Link Up - speed 10000 Mbps - full-duplex
CPU 1: initialization finished.
[mtcp_create_context:1359] CPU 1 is now the master thread.
[CPU 1] dpdk0 flows:      0, RX:       0(pps) (err:     0),  0.00(Gbps), TX:       0(pps),  0.00(Gbps)
[ ALL ] dpdk0 flows:      0, RX:       0(pps) (err:     0),  0.00(Gbps), TX:       0(pps),  0.00(Gbps)
[CPU 1] dpdk0 flows:      0, RX:       0(pps) (err:     0),  0.00(Gbps), TX:       0(pps),  0.00(Gbps)
[ ALL ] dpdk0 flows:      0, RX:       0(pps) (err:     0),  0.00(Gbps), TX:       0(pps),  0.00(Gbps)
[CPU 1] dpdk0 flows:      0, RX:       0(pps) (err:     0),  0.00(Gbps), TX:       0(pps),  0.00(Gbps)
[ ALL ] dpdk0 flows:      0, RX:       0(pps) (err:     0),  0.00(Gbps), TX:       0(pps),  0.00(Gbps)
[CPU 1] dpdk0 flows:      0, RX:       0(pps) (err:     0),  0.00(Gbps), TX:       0(pps),  0.00(Gbps)
[ ALL ] dpdk0 flows:      0, RX:       0(pps) (err:     0),  0.00(Gbps), TX:       0(pps),  0.00(Gbps)
clientfd=1;
[CPU 1] dpdk0 flows:      1, RX:  992031(pps) (err:     0),  7.97(Gbps), TX:   73745(pps),  0.05(Gbps)
[ ALL ] dpdk0 flows:      1, RX:  992031(pps) (err:     0),  7.97(Gbps), TX:   73745(pps),  0.05(Gbps)
pps=1211947; bps=9026587915;
[CPU 1] dpdk0 flows:      1, RX: 1235479(pps) (err:     0),  9.93(Gbps), TX:   92355(pps),  0.07(Gbps)
[ ALL ] dpdk0 flows:      1, RX: 1235479(pps) (err:     0),  9.93(Gbps), TX:   92355(pps),  0.07(Gbps)
pps=1213927; bps=9041333897;
[CPU 1] dpdk0 flows:      1, RX: 1238690(pps) (err:     0),  9.96(Gbps), TX:   91737(pps),  0.07(Gbps)
[ ALL ] dpdk0 flows:      1, RX: 1238690(pps) (err:     0),  9.96(Gbps), TX:   91737(pps),  0.07(Gbps)
pps=1217908; bps=9070986522;
[CPU 1] dpdk0 flows:      1, RX: 1239534(pps) (err:     0),  9.96(Gbps), TX:   91462(pps),  0.07(Gbps)
[ ALL ] dpdk0 flows:      1, RX: 1239534(pps) (err:     0),  9.96(Gbps), TX:   91462(pps),  0.07(Gbps)
pps=1217959; bps=9071364344;
[CPU 1] dpdk0 flows:      1, RX: 1239728(pps) (err:     0),  9.96(Gbps), TX:   91483(pps),  0.07(Gbps)
[ ALL ] dpdk0 flows:      1, RX: 1239728(pps) (err:     0),  9.96(Gbps), TX:   91483(pps),  0.07(Gbps)
pps=1217820; bps=9070330107;
[CPU 1] dpdk0 flows:      1, RX: 1239273(pps) (err:     0),  9.96(Gbps), TX:   91675(pps),  0.07(Gbps)
[ ALL ] dpdk0 flows:      1, RX: 1239273(pps) (err:     0),  9.96(Gbps), TX:   91675(pps),  0.07(Gbps)
pps=1217848; bps=9070533092;
[CPU 1] dpdk0 flows:      1, RX: 1239185(pps) (err:     0),  9.96(Gbps), TX:   91563(pps),  0.07(Gbps)
[ ALL ] dpdk0 flows:      1, RX: 1239185(pps) (err:     0),  9.96(Gbps), TX:   91563(pps),  0.07(Gbps)
pps=1217131; bps=9065203337;
[CPU 1] dpdk0 flows:      1, RX: 1239642(pps) (err:     0),  9.96(Gbps), TX:   91448(pps),  0.07(Gbps)
[ ALL ] dpdk0 flows:      1, RX: 1239642(pps) (err:     0),  9.96(Gbps), TX:   91448(pps),  0.07(Gbps)
pps=1218047; bps=9072025325;
[CPU 1] dpdk0 flows:      1, RX: 1237866(pps) (err:     0),  9.95(Gbps), TX:   91628(pps),  0.07(Gbps)
[ ALL ] dpdk0 flows:      1, RX: 1237866(pps) (err:     0),  9.95(Gbps), TX:   91628(pps),  0.07(Gbps)
pps=1208188; bps=8998594064;
[CPU 1] dpdk0 flows:      1, RX: 1180834(pps) (err:     0),  9.49(Gbps), TX:   88091(pps),  0.06(Gbps)
[ ALL ] dpdk0 flows:      1, RX: 1180834(pps) (err:     0),  9.49(Gbps), TX:   88091(pps),  0.06(Gbps)
pps=1163468; bps=8665515429;
[CPU 1] dpdk0 flows:      1, RX: 1220665(pps) (err:     0),  9.81(Gbps), TX:   91871(pps),  0.07(Gbps)
[ ALL ] dpdk0 flows:      1, RX: 1220665(pps) (err:     0),  9.81(Gbps), TX:   91871(pps),  0.07(Gbps)
pps=1204569; bps=8971638025;
[CPU 1] dpdk0 flows:      1, RX: 1216542(pps) (err:     0),  9.78(Gbps), TX:   91402(pps),  0.07(Gbps)
[ ALL ] dpdk0 flows:      1, RX: 1216542(pps) (err:     0),  9.78(Gbps), TX:   91402(pps),  0.07(Gbps)
pps=1195213; bps=8901955602;
[CPU 1] dpdk0 flows:      1, RX: 1238352(pps) (err:     0),  9.95(Gbps), TX:   92240(pps),  0.07(Gbps)
[ ALL ] dpdk0 flows:      1, RX: 1238352(pps) (err:     0),  9.95(Gbps), TX:   92240(pps),  0.07(Gbps)
pps=1215170; bps=9050595802;
[CPU 1] dpdk0 flows:      1, RX: 1229983(pps) (err:     0),  9.89(Gbps), TX:   91988(pps),  0.07(Gbps)
[ ALL ] dpdk0 flows:      1, RX: 1229983(pps) (err:     0),  9.89(Gbps), TX:   91988(pps),  0.07(Gbps)
pps=1208762; bps=9002869069;
[CPU 1] dpdk0 flows:      1, RX: 1234902(pps) (err:     0),  9.93(Gbps), TX:   92173(pps),  0.07(Gbps)
[ ALL ] dpdk0 flows:      1, RX: 1234902(pps) (err:     0),  9.93(Gbps), TX:   92173(pps),  0.07(Gbps)
pps=1213801; bps=9040390925;
