---------------------------------------------------------------------------------
Loading mtcp configuration from : perf.conf
EAL: Probing VFIO support...
EAL: VFIO support initialized
Loading interface setting
EAL: Detected 6 lcore(s)
EAL: Detected 1 NUMA nodes
EAL: Auto-detected process type: PRIMARY
EAL: Multi-process socket /var/run/dpdk/rte/mp_socket
EAL: No free hugepages reported in hugepages-1048576kB
EAL: PCI device 0000:1a:00.0 on NUMA socket -1
EAL:   Invalid NUMA socket, default to 0
EAL:   probe driver: 8086:10fb net_ixgbe
EAL:   using IOMMU type 1 (Type 1)
EAL: Ignore mapping IO port bar(2)
EAL: Auto-detected process type: PRIMARY
Total number of attached devices: 1
Interface name: dpdk0
Configurations:
Number of CPU cores available: 3
Number of CPU cores to use: 3
Maximum number of concurrency per core: 10000
Maximum number of preallocated buffers per core: 10000
Receive buffer size: 102400
Send buffer size: 102400
TCP timeout seconds: 30
TCP timewait seconds: 0
NICs to print statistics: dpdk0
---------------------------------------------------------------------------------
Interfaces:
name: dpdk0, ifindex: 0, hwaddr: 90:E2:BA:46:F3:44, ipaddr: 10.1.1.2, netmask: 255.255.255.0
Number of NIC queues: 3
---------------------------------------------------------------------------------
Loading routing configurations from : config/route.conf
fopen: No such file or directory
Skip loading static routing table
Routes:
Destination: 10.1.1.0/24, Mask: 255.255.255.0, Masked: 10.1.1.0, Route: ifdx-0
---------------------------------------------------------------------------------
Loading ARP table from : config/arp.conf
Initializing port 0... ARP Table:
IP addr: 10.1.1.1, dst_hwaddr: 90:E2:BA:46:F2:25
---------------------------------------------------------------------------------
done: 

Checking link statusdone
Port 0 Link Up - speed 10000 Mbps - full-duplex
CPU 1: initialization finished.
[mtcp_create_context:1359] CPU 1 is now the master thread.
[CPU 1] dpdk0 flows:      0, RX:       0(pps) (err:     0),  0.00(Gbps), TX:       0(pps),  0.00(Gbps)
[ ALL ] dpdk0 flows:      0, RX:       0(pps) (err:     0),  0.00(Gbps), TX:       0(pps),  0.00(Gbps)
[CPU 1] dpdk0 flows:      0, RX:       0(pps) (err:     0),  0.00(Gbps), TX:       0(pps),  0.00(Gbps)
[ ALL ] dpdk0 flows:      0, RX:       0(pps) (err:     0),  0.00(Gbps), TX:       0(pps),  0.00(Gbps)
clientfd=1;
[CPU 1] dpdk0 flows:      1, RX: 1197695(pps) (err:     0),  3.63(Gbps), TX:   37752(pps),  0.03(Gbps)
[ ALL ] dpdk0 flows:      1, RX: 1197695(pps) (err:     0),  3.63(Gbps), TX:   37752(pps),  0.03(Gbps)
pps=1894789; bps=4562654981;
[CPU 1] dpdk0 flows:      1, RX: 1983968(pps) (err:     0),  6.01(Gbps), TX:   62048(pps),  0.04(Gbps)
[ ALL ] dpdk0 flows:      1, RX: 1983968(pps) (err:     0),  6.01(Gbps), TX:   62048(pps),  0.04(Gbps)
pps=1900244; bps=4575790153;
[CPU 1] dpdk0 flows:      1, RX: 1980576(pps) (err:     0),  6.00(Gbps), TX:   61937(pps),  0.04(Gbps)
[ ALL ] dpdk0 flows:      1, RX: 1980576(pps) (err:     0),  6.00(Gbps), TX:   61937(pps),  0.04(Gbps)
pps=1899833; bps=4574799405;
[CPU 1] dpdk0 flows:      1, RX: 1985120(pps) (err:     0),  6.01(Gbps), TX:   62069(pps),  0.04(Gbps)
[ ALL ] dpdk0 flows:      1, RX: 1985120(pps) (err:     0),  6.01(Gbps), TX:   62069(pps),  0.04(Gbps)
pps=1901337; bps=4578420764;
[CPU 1] dpdk0 flows:      1, RX: 1981472(pps) (err:     0),  6.00(Gbps), TX:   61958(pps),  0.04(Gbps)
[ ALL ] dpdk0 flows:      1, RX: 1981472(pps) (err:     0),  6.00(Gbps), TX:   61958(pps),  0.04(Gbps)
pps=1900120; bps=4575491886;
[CPU 1] dpdk0 flows:      1, RX: 1982560(pps) (err:     0),  6.00(Gbps), TX:   61995(pps),  0.04(Gbps)
[ ALL ] dpdk0 flows:      1, RX: 1982560(pps) (err:     0),  6.00(Gbps), TX:   61995(pps),  0.04(Gbps)
pps=1899810; bps=4574744006;
[CPU 1] dpdk0 flows:      1, RX: 1982368(pps) (err:     0),  6.00(Gbps), TX:   61983(pps),  0.04(Gbps)
[ ALL ] dpdk0 flows:      1, RX: 1982368(pps) (err:     0),  6.00(Gbps), TX:   61983(pps),  0.04(Gbps)
pps=1899313; bps=4573548365;
[CPU 1] dpdk0 flows:      1, RX: 1981824(pps) (err:     0),  6.00(Gbps), TX:   61970(pps),  0.04(Gbps)
[ ALL ] dpdk0 flows:      1, RX: 1981824(pps) (err:     0),  6.00(Gbps), TX:   61970(pps),  0.04(Gbps)
pps=1899888; bps=4574931795;
[CPU 1] dpdk0 flows:      1, RX: 1981408(pps) (err:     0),  6.00(Gbps), TX:   61958(pps),  0.04(Gbps)
[ ALL ] dpdk0 flows:      1, RX: 1981408(pps) (err:     0),  6.00(Gbps), TX:   61958(pps),  0.04(Gbps)
pps=1899420; bps=4573805893;
[CPU 1] dpdk0 flows:      1, RX: 1978657(pps) (err:     0),  5.99(Gbps), TX:   61919(pps),  0.04(Gbps)
[ ALL ] dpdk0 flows:      1, RX: 1978657(pps) (err:     0),  5.99(Gbps), TX:   61919(pps),  0.04(Gbps)
pps=1808558; bps=4355008309;
[CPU 1] dpdk0 flows:      1, RX: 1885952(pps) (err:     0),  5.71(Gbps), TX:   59106(pps),  0.04(Gbps)
[ ALL ] dpdk0 flows:      1, RX: 1885952(pps) (err:     0),  5.71(Gbps), TX:   59106(pps),  0.04(Gbps)
pps=1879585; bps=4526042911;
[CPU 1] dpdk0 flows:      1, RX: 1961344(pps) (err:     0),  5.94(Gbps), TX:   61454(pps),  0.04(Gbps)
[ ALL ] dpdk0 flows:      1, RX: 1961344(pps) (err:     0),  5.94(Gbps), TX:   61454(pps),  0.04(Gbps)
pps=1869541; bps=4501856932;
[CPU 1] dpdk0 flows:      1, RX: 1954943(pps) (err:     0),  5.92(Gbps), TX:   61146(pps),  0.04(Gbps)
[ ALL ] dpdk0 flows:      1, RX: 1954943(pps) (err:     0),  5.92(Gbps), TX:   61146(pps),  0.04(Gbps)
pps=1903574; bps=4583808860;
[CPU 1] dpdk0 flows:      1, RX: 1982465(pps) (err:     0),  6.00(Gbps), TX:   62029(pps),  0.04(Gbps)
[ ALL ] dpdk0 flows:      1, RX: 1982465(pps) (err:     0),  6.00(Gbps), TX:   62029(pps),  0.04(Gbps)
pps=1889333; bps=4549517543;
[CPU 1] dpdk0 flows:      1, RX: 1973375(pps) (err:     0),  5.98(Gbps), TX:   61769(pps),  0.04(Gbps)
[ ALL ] dpdk0 flows:      1, RX: 1973375(pps) (err:     0),  5.98(Gbps), TX:   61769(pps),  0.04(Gbps)
