---------------------------------------------------------------------------------
Loading mtcp configuration from : perf.conf
Loading interface setting
EAL: Detected 6 lcore(s)
EAL: Detected 1 NUMA nodes
EAL: Auto-detected process type: PRIMARY
EAL: Multi-process socket /var/run/dpdk/rte/mp_socket
EAL: Probing VFIO support...
EAL: No free hugepages reported in hugepages-1048576kB
EAL: VFIO support initialized
EAL: PCI device 0000:1a:00.0 on NUMA socket -1
EAL:   Invalid NUMA socket, default to 0
EAL:   probe driver: 8086:10fb net_ixgbe
EAL:   using IOMMU type 1 (Type 1)
EAL: Ignore mapping IO port bar(2)
EAL: Auto-detected process type: PRIMARY
Total number of attached devices: 1
Interface name: dpdk0
Configurations:
Number of CPU cores available: 3
Number of CPU cores to use: 3
Maximum number of concurrency per core: 10000
Maximum number of preallocated buffers per core: 10000
Receive buffer size: 102400
Send buffer size: 102400
TCP timeout seconds: 30
TCP timewait seconds: 0
NICs to print statistics: dpdk0
---------------------------------------------------------------------------------
Interfaces:
name: dpdk0, ifindex: 0, hwaddr: 90:E2:BA:46:F3:44, ipaddr: 10.1.1.2, netmask: 255.255.255.0
Number of NIC queues: 3
---------------------------------------------------------------------------------
Loading routing configurations from : config/route.conf
fopen: No such file or directory
Skip loading static routing table
Routes:
Destination: 10.1.1.0/24, Mask: 255.255.255.0, Masked: 10.1.1.0, Route: ifdx-0
---------------------------------------------------------------------------------
Loading ARP table from : config/arp.conf
ARP Table:
IP addr: 10.1.1.1, dst_hwaddr: 90:E2:BA:46:F2:25
---------------------------------------------------------------------------------
Initializing port 0... done: 

Checking link statusdone
Port 0 Link Up - speed 10000 Mbps - full-duplex
CPU 1: initialization finished.
[mtcp_create_context:1359] CPU 1 is now the master thread.
[CPU 1] dpdk0 flows:      0, RX:       0(pps) (err:     0),  0.00(Gbps), TX:       0(pps),  0.00(Gbps)
[ ALL ] dpdk0 flows:      0, RX:       0(pps) (err:     0),  0.00(Gbps), TX:       0(pps),  0.00(Gbps)
[CPU 1] dpdk0 flows:      0, RX:       0(pps) (err:     0),  0.00(Gbps), TX:       0(pps),  0.00(Gbps)
[ ALL ] dpdk0 flows:      0, RX:       0(pps) (err:     0),  0.00(Gbps), TX:       0(pps),  0.00(Gbps)
clientfd=1;
[CPU 1] dpdk0 flows:      1, RX:  763648(pps) (err:     0),  5.22(Gbps), TX:   33638(pps),  0.02(Gbps)
[ ALL ] dpdk0 flows:      1, RX:  763648(pps) (err:     0),  5.22(Gbps), TX:   33638(pps),  0.02(Gbps)
pps=1415016; bps=8841028126;
[CPU 1] dpdk0 flows:      1, RX: 1448573(pps) (err:     0),  9.91(Gbps), TX:   64447(pps),  0.05(Gbps)
[ ALL ] dpdk0 flows:      1, RX: 1448573(pps) (err:     0),  9.91(Gbps), TX:   64447(pps),  0.05(Gbps)
pps=1418964; bps=8865694681;
[CPU 1] dpdk0 flows:      1, RX: 1452675(pps) (err:     0),  9.93(Gbps), TX:   63843(pps),  0.05(Gbps)
[ ALL ] dpdk0 flows:      1, RX: 1452675(pps) (err:     0),  9.93(Gbps), TX:   63843(pps),  0.05(Gbps)
pps=1426334; bps=8911741339;
[CPU 1] dpdk0 flows:      1, RX: 1456056(pps) (err:     0),  9.96(Gbps), TX:   63113(pps),  0.05(Gbps)
[ ALL ] dpdk0 flows:      1, RX: 1456056(pps) (err:     0),  9.96(Gbps), TX:   63113(pps),  0.05(Gbps)
pps=1425765; bps=8908185665;
[CPU 1] dpdk0 flows:      1, RX: 1456265(pps) (err:     0),  9.96(Gbps), TX:   63324(pps),  0.05(Gbps)
[ ALL ] dpdk0 flows:      1, RX: 1456265(pps) (err:     0),  9.96(Gbps), TX:   63324(pps),  0.05(Gbps)
pps=1425926; bps=8909190120;
[CPU 1] dpdk0 flows:      1, RX: 1455911(pps) (err:     0),  9.96(Gbps), TX:   63169(pps),  0.05(Gbps)
[ ALL ] dpdk0 flows:      1, RX: 1455911(pps) (err:     0),  9.96(Gbps), TX:   63169(pps),  0.05(Gbps)
pps=1425525; bps=8906687069;
[CPU 1] dpdk0 flows:      1, RX: 1455716(pps) (err:     0),  9.95(Gbps), TX:   63052(pps),  0.05(Gbps)
[ ALL ] dpdk0 flows:      1, RX: 1455716(pps) (err:     0),  9.95(Gbps), TX:   63052(pps),  0.05(Gbps)
pps=1425767; bps=8908193366;
[CPU 1] dpdk0 flows:      1, RX: 1456280(pps) (err:     0),  9.96(Gbps), TX:   63150(pps),  0.05(Gbps)
[ ALL ] dpdk0 flows:      1, RX: 1456280(pps) (err:     0),  9.96(Gbps), TX:   63150(pps),  0.05(Gbps)
pps=1423915; bps=8896628958;
[CPU 1] dpdk0 flows:      1, RX: 1426899(pps) (err:     0),  9.76(Gbps), TX:   62640(pps),  0.05(Gbps)
[ ALL ] dpdk0 flows:      1, RX: 1426899(pps) (err:     0),  9.76(Gbps), TX:   62640(pps),  0.05(Gbps)
pps=1352812; bps=8452376195;
[CPU 1] dpdk0 flows:      1, RX: 1404361(pps) (err:     0),  9.60(Gbps), TX:   61285(pps),  0.04(Gbps)
[ ALL ] dpdk0 flows:      1, RX: 1404361(pps) (err:     0),  9.60(Gbps), TX:   61285(pps),  0.04(Gbps)
pps=1405658; bps=8782560757;
[CPU 1] dpdk0 flows:      1, RX: 1410176(pps) (err:     0),  9.64(Gbps), TX:   63736(pps),  0.05(Gbps)
[ ALL ] dpdk0 flows:      1, RX: 1410176(pps) (err:     0),  9.64(Gbps), TX:   63736(pps),  0.05(Gbps)
pps=1386778; bps=8664593107;
[CPU 1] dpdk0 flows:      1, RX: 1437947(pps) (err:     0),  9.83(Gbps), TX:   66078(pps),  0.05(Gbps)
[ ALL ] dpdk0 flows:      1, RX: 1437947(pps) (err:     0),  9.83(Gbps), TX:   66078(pps),  0.05(Gbps)
pps=1415989; bps=8847103491;
[CPU 1] dpdk0 flows:      1, RX: 1444663(pps) (err:     0),  9.88(Gbps), TX:   63832(pps),  0.05(Gbps)
[ ALL ] dpdk0 flows:      1, RX: 1444663(pps) (err:     0),  9.88(Gbps), TX:   63832(pps),  0.05(Gbps)
pps=1413942; bps=8834311633;
[CPU 1] dpdk0 flows:      1, RX: 1448279(pps) (err:     0),  9.90(Gbps), TX:   63490(pps),  0.05(Gbps)
[ ALL ] dpdk0 flows:      1, RX: 1448279(pps) (err:     0),  9.90(Gbps), TX:   63490(pps),  0.05(Gbps)
