---------------------------------------------------------------------------------
Loading mtcp configuration from : perf.conf
EAL: Probing VFIO support...
EAL: VFIO support initialized
Loading interface setting
EAL: Detected 6 lcore(s)
EAL: Detected 1 NUMA nodes
EAL: Auto-detected process type: PRIMARY
EAL: Multi-process socket /var/run/dpdk/rte/mp_socket
EAL: No free hugepages reported in hugepages-1048576kB
EAL: PCI device 0000:1a:00.0 on NUMA socket -1
EAL:   Invalid NUMA socket, default to 0
EAL:   probe driver: 8086:10fb net_ixgbe
EAL:   using IOMMU type 1 (Type 1)
EAL: Ignore mapping IO port bar(2)
EAL: Auto-detected process type: PRIMARY
Total number of attached devices: 1
Interface name: dpdk0
Configurations:
Number of CPU cores available: 3
Number of CPU cores to use: 3
Maximum number of concurrency per core: 10000
Maximum number of preallocated buffers per core: 10000
Receive buffer size: 102400
Send buffer size: 102400
TCP timeout seconds: 30
TCP timewait seconds: 0
NICs to print statistics: dpdk0
---------------------------------------------------------------------------------
Interfaces:
name: dpdk0, ifindex: 0, hwaddr: 90:E2:BA:46:F3:44, ipaddr: 10.1.1.2, netmask: 255.255.255.0
Initializing port 0... Number of NIC queues: 3
---------------------------------------------------------------------------------
Loading routing configurations from : config/route.conf
fopen: No such file or directory
Skip loading static routing table
Routes:
Destination: 10.1.1.0/24, Mask: 255.255.255.0, Masked: 10.1.1.0, Route: ifdx-0
---------------------------------------------------------------------------------
Loading ARP table from : config/arp.conf
ARP Table:
IP addr: 10.1.1.1, dst_hwaddr: 90:E2:BA:46:F2:25
---------------------------------------------------------------------------------
done: 

Checking link statusdone
Port 0 Link Up - speed 10000 Mbps - full-duplex
CPU 1: initialization finished.
[mtcp_create_context:1359] CPU 1 is now the master thread.
[CPU 1] dpdk0 flows:      0, RX:       0(pps) (err:     0),  0.00(Gbps), TX:       0(pps),  0.00(Gbps)
[ ALL ] dpdk0 flows:      0, RX:       0(pps) (err:     0),  0.00(Gbps), TX:       0(pps),  0.00(Gbps)
[CPU 1] dpdk0 flows:      0, RX:       0(pps) (err:     0),  0.00(Gbps), TX:       0(pps),  0.00(Gbps)
[ ALL ] dpdk0 flows:      0, RX:       0(pps) (err:     0),  0.00(Gbps), TX:       0(pps),  0.00(Gbps)
[CPU 1] dpdk0 flows:      0, RX:       0(pps) (err:     0),  0.00(Gbps), TX:       0(pps),  0.00(Gbps)
[ ALL ] dpdk0 flows:      0, RX:       0(pps) (err:     0),  0.00(Gbps), TX:       0(pps),  0.00(Gbps)
[CPU 1] dpdk0 flows:      0, RX:       0(pps) (err:     0),  0.00(Gbps), TX:       0(pps),  0.00(Gbps)
[ ALL ] dpdk0 flows:      0, RX:       0(pps) (err:     0),  0.00(Gbps), TX:       0(pps),  0.00(Gbps)
[CPU 1] dpdk0 flows:      0, RX:       0(pps) (err:     0),  0.00(Gbps), TX:       0(pps),  0.00(Gbps)
[ ALL ] dpdk0 flows:      0, RX:       0(pps) (err:     0),  0.00(Gbps), TX:       0(pps),  0.00(Gbps)
[CPU 1] dpdk0 flows:      0, RX:       0(pps) (err:     0),  0.00(Gbps), TX:       0(pps),  0.00(Gbps)
[ ALL ] dpdk0 flows:      0, RX:       0(pps) (err:     0),  0.00(Gbps), TX:       0(pps),  0.00(Gbps)
clientfd=1;
[CPU 1] dpdk0 flows:      1, RX: 2455935(pps) (err:     0),  2.14(Gbps), TX:   76847(pps),  0.06(Gbps)
[ ALL ] dpdk0 flows:      1, RX: 2455935(pps) (err:     0),  2.14(Gbps), TX:   76847(pps),  0.06(Gbps)
pps=1597967; bps=396295957;
[CPU 1] dpdk0 flows:      1, RX: 2614785(pps) (err:     0),  2.28(Gbps), TX:   81713(pps),  0.06(Gbps)
[ ALL ] dpdk0 flows:      1, RX: 2614785(pps) (err:     0),  2.28(Gbps), TX:   81713(pps),  0.06(Gbps)
pps=1602622; bps=397450535;
[CPU 1] dpdk0 flows:      1, RX: 2614783(pps) (err:     0),  2.28(Gbps), TX:   81711(pps),  0.06(Gbps)
[ ALL ] dpdk0 flows:      1, RX: 2614783(pps) (err:     0),  2.28(Gbps), TX:   81711(pps),  0.06(Gbps)
pps=1602605; bps=397446105;
[CPU 1] dpdk0 flows:      1, RX: 2612960(pps) (err:     0),  2.28(Gbps), TX:   81655(pps),  0.06(Gbps)
[ ALL ] dpdk0 flows:      1, RX: 2612960(pps) (err:     0),  2.28(Gbps), TX:   81655(pps),  0.06(Gbps)
pps=1601499; bps=397171995;
[CPU 1] dpdk0 flows:      1, RX: 2613920(pps) (err:     0),  2.28(Gbps), TX:   81685(pps),  0.06(Gbps)
[ ALL ] dpdk0 flows:      1, RX: 2613920(pps) (err:     0),  2.28(Gbps), TX:   81685(pps),  0.06(Gbps)
pps=1601966; bps=397287585;
[CPU 1] dpdk0 flows:      1, RX: 2614112(pps) (err:     0),  2.28(Gbps), TX:   81691(pps),  0.06(Gbps)
[ ALL ] dpdk0 flows:      1, RX: 2614112(pps) (err:     0),  2.28(Gbps), TX:   81691(pps),  0.06(Gbps)
pps=1602417; bps=397399688;
[CPU 1] dpdk0 flows:      1, RX: 2595745(pps) (err:     0),  2.26(Gbps), TX:   81126(pps),  0.06(Gbps)
[ ALL ] dpdk0 flows:      1, RX: 2595745(pps) (err:     0),  2.26(Gbps), TX:   81126(pps),  0.06(Gbps)
pps=1578361; bps=391433569;
[CPU 1] dpdk0 flows:      1, RX: 2583807(pps) (err:     0),  2.25(Gbps), TX:   80759(pps),  0.06(Gbps)
[ ALL ] dpdk0 flows:      1, RX: 2583807(pps) (err:     0),  2.25(Gbps), TX:   80759(pps),  0.06(Gbps)
pps=1592367; bps=394907134;
[CPU 1] dpdk0 flows:      1, RX: 2580992(pps) (err:     0),  2.25(Gbps), TX:   80663(pps),  0.06(Gbps)
[ ALL ] dpdk0 flows:      1, RX: 2580992(pps) (err:     0),  2.25(Gbps), TX:   80663(pps),  0.06(Gbps)
pps=1584729; bps=393012851;
[CPU 1] dpdk0 flows:      1, RX: 2610945(pps) (err:     0),  2.28(Gbps), TX:   81593(pps),  0.06(Gbps)
[ ALL ] dpdk0 flows:      1, RX: 2610945(pps) (err:     0),  2.28(Gbps), TX:   81593(pps),  0.06(Gbps)
pps=1600407; bps=396901189;
[CPU 1] dpdk0 flows:      1, RX: 2602239(pps) (err:     0),  2.27(Gbps), TX:   81321(pps),  0.06(Gbps)
[ ALL ] dpdk0 flows:      1, RX: 2602239(pps) (err:     0),  2.27(Gbps), TX:   81321(pps),  0.06(Gbps)
pps=1594690; bps=395483273;
[CPU 1] dpdk0 flows:      1, RX: 2602752(pps) (err:     0),  2.27(Gbps), TX:   81336(pps),  0.06(Gbps)
[ ALL ] dpdk0 flows:      1, RX: 2602752(pps) (err:     0),  2.27(Gbps), TX:   81336(pps),  0.06(Gbps)
pps=1595343; bps=395645308;
