---------------------------------------------------------------------------------
Loading mtcp configuration from : perf.conf
EAL: Probing VFIO support...
Loading interface setting
EAL: Detected 6 lcore(s)
EAL: Detected 1 NUMA nodes
EAL: Auto-detected process type: PRIMARY
EAL: Multi-process socket /var/run/dpdk/rte/mp_socket
EAL: No free hugepages reported in hugepages-1048576kB
EAL: VFIO support initialized
EAL: PCI device 0000:1a:00.0 on NUMA socket -1
EAL:   Invalid NUMA socket, default to 0
EAL:   probe driver: 8086:10fb net_ixgbe
EAL:   using IOMMU type 1 (Type 1)
EAL: Ignore mapping IO port bar(2)
EAL: Auto-detected process type: PRIMARY
Total number of attached devices: 1
Interface name: dpdk0
Configurations:
Number of CPU cores available: 3
Number of CPU cores to use: 3
Maximum number of concurrency per core: 10000
Maximum number of preallocated buffers per core: 10000
Receive buffer size: 102400
Send buffer size: 102400
TCP timeout seconds: 30
TCP timewait seconds: 0
NICs to print statistics: dpdk0
---------------------------------------------------------------------------------
Interfaces:
name: dpdk0, ifindex: 0, hwaddr: 90:E2:BA:46:F3:44, ipaddr: 10.1.1.2, netmask: 255.255.255.0
Number of NIC queues: 3
---------------------------------------------------------------------------------
Loading routing configurations from : config/route.conf
fopen: No such file or directory
Skip loading static routing table
Routes:
Destination: 10.1.1.0/24, Mask: 255.255.255.0, Masked: 10.1.1.0, Route: ifdx-0
---------------------------------------------------------------------------------
Loading ARP table from : config/arp.conf
Initializing port 0... ARP Table:
IP addr: 10.1.1.1, dst_hwaddr: 90:E2:BA:46:F2:25
---------------------------------------------------------------------------------
done: 

Checking link statusdone
Port 0 Link Up - speed 10000 Mbps - full-duplex
CPU 1: initialization finished.
[mtcp_create_context:1359] CPU 1 is now the master thread.
[CPU 1] dpdk0 flows:      0, RX:       0(pps) (err:     0),  0.00(Gbps), TX:       0(pps),  0.00(Gbps)
[ ALL ] dpdk0 flows:      0, RX:       0(pps) (err:     0),  0.00(Gbps), TX:       0(pps),  0.00(Gbps)
[CPU 1] dpdk0 flows:      0, RX:       0(pps) (err:     0),  0.00(Gbps), TX:       0(pps),  0.00(Gbps)
[ ALL ] dpdk0 flows:      0, RX:       0(pps) (err:     0),  0.00(Gbps), TX:       0(pps),  0.00(Gbps)
clientfd=1;
[CPU 1] dpdk0 flows:      1, RX:  442496(pps) (err:     0),  4.91(Gbps), TX:   71560(pps),  0.05(Gbps)
[ ALL ] dpdk0 flows:      1, RX:  442496(pps) (err:     0),  4.91(Gbps), TX:   71560(pps),  0.05(Gbps)
pps=875420; bps=9251439386;
[CPU 1] dpdk0 flows:      1, RX:  891928(pps) (err:     0),  9.90(Gbps), TX:  145174(pps),  0.10(Gbps)
[ ALL ] dpdk0 flows:      1, RX:  891928(pps) (err:     0),  9.90(Gbps), TX:  145174(pps),  0.10(Gbps)
pps=876241; bps=9260132337;
[CPU 1] dpdk0 flows:      1, RX:  894184(pps) (err:     0),  9.93(Gbps), TX:  144654(pps),  0.10(Gbps)
[ ALL ] dpdk0 flows:      1, RX:  894184(pps) (err:     0),  9.93(Gbps), TX:  144654(pps),  0.10(Gbps)
pps=879788; bps=9297610638;
[CPU 1] dpdk0 flows:      1, RX:  895546(pps) (err:     0),  9.94(Gbps), TX:  143612(pps),  0.10(Gbps)
[ ALL ] dpdk0 flows:      1, RX:  895546(pps) (err:     0),  9.94(Gbps), TX:  143612(pps),  0.10(Gbps)
pps=880150; bps=9301431256;
[CPU 1] dpdk0 flows:      1, RX:  895279(pps) (err:     0),  9.94(Gbps), TX:  143522(pps),  0.10(Gbps)
[ ALL ] dpdk0 flows:      1, RX:  895279(pps) (err:     0),  9.94(Gbps), TX:  143522(pps),  0.10(Gbps)
pps=879768; bps=9297392247;
[CPU 1] dpdk0 flows:      1, RX:  895109(pps) (err:     0),  9.94(Gbps), TX:  144064(pps),  0.10(Gbps)
[ ALL ] dpdk0 flows:      1, RX:  895109(pps) (err:     0),  9.94(Gbps), TX:  144064(pps),  0.10(Gbps)
pps=879617; bps=9295803513;
[CPU 1] dpdk0 flows:      1, RX:  895885(pps) (err:     0),  9.95(Gbps), TX:  143771(pps),  0.10(Gbps)
[ ALL ] dpdk0 flows:      1, RX:  895885(pps) (err:     0),  9.95(Gbps), TX:  143771(pps),  0.10(Gbps)
pps=880333; bps=9303362742;
[CPU 1] dpdk0 flows:      1, RX:  895589(pps) (err:     0),  9.94(Gbps), TX:  143550(pps),  0.10(Gbps)
[ ALL ] dpdk0 flows:      1, RX:  895589(pps) (err:     0),  9.94(Gbps), TX:  143550(pps),  0.10(Gbps)
pps=871419; bps=9209172657;
[CPU 1] dpdk0 flows:      1, RX:  850038(pps) (err:     0),  9.44(Gbps), TX:  146993(pps),  0.11(Gbps)
[ ALL ] dpdk0 flows:      1, RX:  850038(pps) (err:     0),  9.44(Gbps), TX:  146993(pps),  0.11(Gbps)
pps=824553; bps=8713891648;
[CPU 1] dpdk0 flows:      1, RX:  868224(pps) (err:     0),  9.64(Gbps), TX:  145857(pps),  0.11(Gbps)
[ ALL ] dpdk0 flows:      1, RX:  868224(pps) (err:     0),  9.64(Gbps), TX:  145857(pps),  0.11(Gbps)
pps=859320; bps=9081301264;
[CPU 1] dpdk0 flows:      1, RX:  889111(pps) (err:     0),  9.87(Gbps), TX:  149131(pps),  0.11(Gbps)
[ ALL ] dpdk0 flows:      1, RX:  889111(pps) (err:     0),  9.87(Gbps), TX:  149131(pps),  0.11(Gbps)
pps=876489; bps=9262746616;
[CPU 1] dpdk0 flows:      1, RX:  890797(pps) (err:     0),  9.89(Gbps), TX:  147434(pps),  0.11(Gbps)
[ ALL ] dpdk0 flows:      1, RX:  890797(pps) (err:     0),  9.89(Gbps), TX:  147434(pps),  0.11(Gbps)
pps=872357; bps=9219083250;
[CPU 1] dpdk0 flows:      1, RX:  887627(pps) (err:     0),  9.86(Gbps), TX:  147791(pps),  0.11(Gbps)
[ ALL ] dpdk0 flows:      1, RX:  887627(pps) (err:     0),  9.86(Gbps), TX:  147791(pps),  0.11(Gbps)
pps=874343; bps=9240060929;
