---------------------------------------------------------------------------------
Loading mtcp configuration from : perf.conf
EAL: Probing VFIO support...
EAL: VFIO support initialized
Loading interface setting
EAL: Detected 6 lcore(s)
EAL: Detected 1 NUMA nodes
EAL: Auto-detected process type: PRIMARY
EAL: Multi-process socket /var/run/dpdk/rte/mp_socket
EAL: No free hugepages reported in hugepages-1048576kB
EAL: PCI device 0000:1a:00.0 on NUMA socket -1
EAL:   Invalid NUMA socket, default to 0
EAL:   probe driver: 8086:10fb net_ixgbe
EAL:   using IOMMU type 1 (Type 1)
EAL: Ignore mapping IO port bar(2)
EAL: Auto-detected process type: PRIMARY
Total number of attached devices: 1
Interface name: dpdk0
Configurations:
Number of CPU cores available: 3
Number of CPU cores to use: 3
Maximum number of concurrency per core: 10000
Maximum number of preallocated buffers per core: 10000
Receive buffer size: 102400
Send buffer size: 102400
TCP timeout seconds: 30
TCP timewait seconds: 0
NICs to print statistics: dpdk0
---------------------------------------------------------------------------------
Interfaces:
name: dpdk0, ifindex: 0, hwaddr: 90:E2:BA:46:F3:44, ipaddr: 10.1.1.2, netmask: 255.255.255.0
Number of NIC queues: 3
---------------------------------------------------------------------------------
Loading routing configurations from : config/route.conf
fopen: No such file or directory
Skip loading static routing table
Routes:
Destination: 10.1.1.0/24, Mask: 255.255.255.0, Masked: 10.1.1.0, Route: ifdx-0
---------------------------------------------------------------------------------
Loading ARP table from : config/arp.conf
Initializing port 0... ARP Table:
IP addr: 10.1.1.1, dst_hwaddr: 90:E2:BA:46:F2:25
---------------------------------------------------------------------------------
done: 

Checking link status.done
Port 0 Link Up - speed 10000 Mbps - full-duplex
CPU 1: initialization finished.
[mtcp_create_context:1359] CPU 1 is now the master thread.
[CPU 1] dpdk0 flows:      0, RX:       0(pps) (err:     0),  0.00(Gbps), TX:       0(pps),  0.00(Gbps)
[ ALL ] dpdk0 flows:      0, RX:       0(pps) (err:     0),  0.00(Gbps), TX:       0(pps),  0.00(Gbps)
[CPU 1] dpdk0 flows:      0, RX:       0(pps) (err:     0),  0.00(Gbps), TX:       0(pps),  0.00(Gbps)
[ ALL ] dpdk0 flows:      0, RX:       0(pps) (err:     0),  0.00(Gbps), TX:       0(pps),  0.00(Gbps)
clientfd=1;
[CPU 1] dpdk0 flows:      1, RX: 1148288(pps) (err:     0),  5.68(Gbps), TX:   36308(pps),  0.03(Gbps)
[ ALL ] dpdk0 flows:      1, RX: 1148288(pps) (err:     0),  5.68(Gbps), TX:   36308(pps),  0.03(Gbps)
pps=1745671; bps=7555269431;
[CPU 1] dpdk0 flows:      1, RX: 1796864(pps) (err:     0),  8.88(Gbps), TX:   56318(pps),  0.04(Gbps)
[ ALL ] dpdk0 flows:      1, RX: 1796864(pps) (err:     0),  8.88(Gbps), TX:   56318(pps),  0.04(Gbps)
pps=1754277; bps=7592513659;
[CPU 1] dpdk0 flows:      1, RX: 1801304(pps) (err:     0),  8.91(Gbps), TX:   56448(pps),  0.04(Gbps)
[ ALL ] dpdk0 flows:      1, RX: 1801304(pps) (err:     0),  8.91(Gbps), TX:   56448(pps),  0.04(Gbps)
pps=1760992; bps=7621575954;
[CPU 1] dpdk0 flows:      1, RX: 1803816(pps) (err:     0),  8.92(Gbps), TX:   56515(pps),  0.04(Gbps)
[ ALL ] dpdk0 flows:      1, RX: 1803816(pps) (err:     0),  8.92(Gbps), TX:   56515(pps),  0.04(Gbps)
pps=1759454; bps=7614922828;
[CPU 1] dpdk0 flows:      1, RX: 1803480(pps) (err:     0),  8.92(Gbps), TX:   56498(pps),  0.04(Gbps)
[ ALL ] dpdk0 flows:      1, RX: 1803480(pps) (err:     0),  8.92(Gbps), TX:   56498(pps),  0.04(Gbps)
pps=1758665; bps=7611507599;
[CPU 1] dpdk0 flows:      1, RX: 1802492(pps) (err:     0),  8.91(Gbps), TX:   56449(pps),  0.04(Gbps)
[ ALL ] dpdk0 flows:      1, RX: 1802492(pps) (err:     0),  8.91(Gbps), TX:   56449(pps),  0.04(Gbps)
pps=1760962; bps=7621447891;
[CPU 1] dpdk0 flows:      1, RX: 1803435(pps) (err:     0),  8.92(Gbps), TX:   56515(pps),  0.04(Gbps)
[ ALL ] dpdk0 flows:      1, RX: 1803435(pps) (err:     0),  8.92(Gbps), TX:   56515(pps),  0.04(Gbps)
pps=1759729; bps=7616112941;
[CPU 1] dpdk0 flows:      1, RX: 1803776(pps) (err:     0),  8.92(Gbps), TX:   56501(pps),  0.04(Gbps)
[ ALL ] dpdk0 flows:      1, RX: 1803776(pps) (err:     0),  8.92(Gbps), TX:   56501(pps),  0.04(Gbps)
pps=1760668; bps=7620175698;
[CPU 1] dpdk0 flows:      1, RX: 1804416(pps) (err:     0),  8.92(Gbps), TX:   56500(pps),  0.04(Gbps)
[ ALL ] dpdk0 flows:      1, RX: 1804416(pps) (err:     0),  8.92(Gbps), TX:   56500(pps),  0.04(Gbps)
pps=1760775; bps=7620638479;
[CPU 1] dpdk0 flows:      1, RX: 1705344(pps) (err:     0),  8.43(Gbps), TX:   53926(pps),  0.04(Gbps)
[ ALL ] dpdk0 flows:      1, RX: 1705344(pps) (err:     0),  8.43(Gbps), TX:   53926(pps),  0.04(Gbps)
pps=1643783; bps=7114296720;
[CPU 1] dpdk0 flows:      1, RX: 1785689(pps) (err:     0),  8.83(Gbps), TX:   56178(pps),  0.04(Gbps)
[ ALL ] dpdk0 flows:      1, RX: 1785689(pps) (err:     0),  8.83(Gbps), TX:   56178(pps),  0.04(Gbps)
pps=1733403; bps=7502172134;
[CPU 1] dpdk0 flows:      1, RX: 1776039(pps) (err:     0),  8.78(Gbps), TX:   55821(pps),  0.04(Gbps)
[ ALL ] dpdk0 flows:      1, RX: 1776039(pps) (err:     0),  8.78(Gbps), TX:   55821(pps),  0.04(Gbps)
pps=1755216; bps=7596577691;
[CPU 1] dpdk0 flows:      1, RX: 1791573(pps) (err:     0),  8.86(Gbps), TX:   56317(pps),  0.04(Gbps)
[ ALL ] dpdk0 flows:      1, RX: 1791573(pps) (err:     0),  8.86(Gbps), TX:   56317(pps),  0.04(Gbps)
pps=1753104; bps=7587439293;
