---------------------------------------------------------------------------------
Loading mtcp configuration from : perf.conf
EAL: Probing VFIO support...
EAL: VFIO support initialized
EAL: PCI device 0000:1a:00.0 on NUMA socket -1
EAL:   Invalid NUMA socket, default to 0
EAL:   probe driver: 8086:10fb net_ixgbe
EAL:   using IOMMU type 1 (Type 1)
Loading interface setting
EAL: Detected 6 lcore(s)
EAL: Detected 1 NUMA nodes
EAL: Auto-detected process type: PRIMARY
EAL: Multi-process socket /var/run/dpdk/rte/mp_socket
EAL: No free hugepages reported in hugepages-1048576kB
EAL: Ignore mapping IO port bar(2)
EAL: Auto-detected process type: PRIMARY
Total number of attached devices: 1
Interface name: dpdk0
Configurations:
Number of CPU cores available: 3
Number of CPU cores to use: 3
Maximum number of concurrency per core: 10000
Maximum number of preallocated buffers per core: 10000
Receive buffer size: 102400
Send buffer size: 102400
TCP timeout seconds: 30
TCP timewait seconds: 0
NICs to print statistics: dpdk0
---------------------------------------------------------------------------------
Interfaces:
name: dpdk0, ifindex: 0, hwaddr: 90:E2:BA:46:F3:44, ipaddr: 10.1.1.2, netmask: 255.255.255.0
Number of NIC queues: 3
---------------------------------------------------------------------------------
Loading routing configurations from : config/route.conf
fopen: No such file or directory
Skip loading static routing table
Routes:
Destination: 10.1.1.0/24, Mask: 255.255.255.0, Masked: 10.1.1.0, Route: ifdx-0
---------------------------------------------------------------------------------
Loading ARP table from : config/arp.conf
ARP Table:
IP addr: 10.1.1.1, dst_hwaddr: 90:E2:BA:46:F2:25
---------------------------------------------------------------------------------
Initializing port 0... done: 

Checking link statusdone
Port 0 Link Up - speed 10000 Mbps - full-duplex
CPU 1: initialization finished.
[mtcp_create_context:1359] CPU 1 is now the master thread.
[CPU 1] dpdk0 flows:      0, RX:       0(pps) (err:     0),  0.00(Gbps), TX:       0(pps),  0.00(Gbps)
[ ALL ] dpdk0 flows:      0, RX:       0(pps) (err:     0),  0.00(Gbps), TX:       0(pps),  0.00(Gbps)
[CPU 1] dpdk0 flows:      0, RX:       0(pps) (err:     0),  0.00(Gbps), TX:       0(pps),  0.00(Gbps)
[ ALL ] dpdk0 flows:      0, RX:       0(pps) (err:     0),  0.00(Gbps), TX:       0(pps),  0.00(Gbps)
[CPU 1] dpdk0 flows:      0, RX:       0(pps) (err:     0),  0.00(Gbps), TX:       0(pps),  0.00(Gbps)
[ ALL ] dpdk0 flows:      0, RX:       0(pps) (err:     0),  0.00(Gbps), TX:       0(pps),  0.00(Gbps)
clientfd=1;
[CPU 1] dpdk0 flows:      1, RX: 1218032(pps) (err:     0),  6.61(Gbps), TX:   38835(pps),  0.03(Gbps)
[ ALL ] dpdk0 flows:      1, RX: 1218032(pps) (err:     0),  6.61(Gbps), TX:   38835(pps),  0.03(Gbps)
pps=1673593; bps=8046641781;
[CPU 1] dpdk0 flows:      1, RX: 1715087(pps) (err:     0),  9.31(Gbps), TX:   54162(pps),  0.04(Gbps)
[ ALL ] dpdk0 flows:      1, RX: 1715087(pps) (err:     0),  9.31(Gbps), TX:   54162(pps),  0.04(Gbps)
pps=1679345; bps=8074296893;
[CPU 1] dpdk0 flows:      1, RX: 1718657(pps) (err:     0),  9.33(Gbps), TX:   54039(pps),  0.04(Gbps)
[ ALL ] dpdk0 flows:      1, RX: 1718657(pps) (err:     0),  9.33(Gbps), TX:   54039(pps),  0.04(Gbps)
pps=1685473; bps=8103758206;
[CPU 1] dpdk0 flows:      1, RX: 1719455(pps) (err:     0),  9.33(Gbps), TX:   53913(pps),  0.04(Gbps)
[ ALL ] dpdk0 flows:      1, RX: 1719455(pps) (err:     0),  9.33(Gbps), TX:   53913(pps),  0.04(Gbps)
pps=1683167; bps=8092672191;
[CPU 1] dpdk0 flows:      1, RX: 1720417(pps) (err:     0),  9.34(Gbps), TX:   53980(pps),  0.04(Gbps)
[ ALL ] dpdk0 flows:      1, RX: 1720417(pps) (err:     0),  9.34(Gbps), TX:   53980(pps),  0.04(Gbps)
pps=1685219; bps=8102534125;
[CPU 1] dpdk0 flows:      1, RX: 1720784(pps) (err:     0),  9.34(Gbps), TX:   53918(pps),  0.04(Gbps)
[ ALL ] dpdk0 flows:      1, RX: 1720784(pps) (err:     0),  9.34(Gbps), TX:   53918(pps),  0.04(Gbps)
pps=1685904; bps=8105834393;
[CPU 1] dpdk0 flows:      1, RX: 1723184(pps) (err:     0),  9.35(Gbps), TX:   54016(pps),  0.04(Gbps)
[ ALL ] dpdk0 flows:      1, RX: 1723184(pps) (err:     0),  9.35(Gbps), TX:   54016(pps),  0.04(Gbps)
pps=1686115; bps=8106848025;
[CPU 1] dpdk0 flows:      1, RX: 1719936(pps) (err:     0),  9.34(Gbps), TX:   53936(pps),  0.04(Gbps)
[ ALL ] dpdk0 flows:      1, RX: 1719936(pps) (err:     0),  9.34(Gbps), TX:   53936(pps),  0.04(Gbps)
pps=1685253; bps=8102699300;
[CPU 1] dpdk0 flows:      1, RX: 1721267(pps) (err:     0),  9.34(Gbps), TX:   54011(pps),  0.04(Gbps)
[ ALL ] dpdk0 flows:      1, RX: 1721267(pps) (err:     0),  9.34(Gbps), TX:   54011(pps),  0.04(Gbps)
pps=1671155; bps=8034913411;
[CPU 1] dpdk0 flows:      1, RX: 1634367(pps) (err:     0),  8.87(Gbps), TX:   51736(pps),  0.04(Gbps)
[ ALL ] dpdk0 flows:      1, RX: 1634367(pps) (err:     0),  8.87(Gbps), TX:   51736(pps),  0.04(Gbps)
pps=1608372; bps=7733054665;
[CPU 1] dpdk0 flows:      1, RX: 1696260(pps) (err:     0),  9.21(Gbps), TX:   53720(pps),  0.04(Gbps)
[ ALL ] dpdk0 flows:      1, RX: 1696260(pps) (err:     0),  9.21(Gbps), TX:   53720(pps),  0.04(Gbps)
pps=1671593; bps=8037023293;
[CPU 1] dpdk0 flows:      1, RX: 1698185(pps) (err:     0),  9.22(Gbps), TX:   54149(pps),  0.04(Gbps)
[ ALL ] dpdk0 flows:      1, RX: 1698185(pps) (err:     0),  9.22(Gbps), TX:   54149(pps),  0.04(Gbps)
pps=1659099; bps=7976952917;
[CPU 1] dpdk0 flows:      1, RX: 1716097(pps) (err:     0),  9.32(Gbps), TX:   54078(pps),  0.04(Gbps)
[ ALL ] dpdk0 flows:      1, RX: 1716097(pps) (err:     0),  9.32(Gbps), TX:   54078(pps),  0.04(Gbps)
pps=1674059; bps=8048883308;
[CPU 1] dpdk0 flows:      1, RX: 1709298(pps) (err:     0),  9.28(Gbps), TX:   53903(pps),  0.04(Gbps)
[ ALL ] dpdk0 flows:      1, RX: 1709298(pps) (err:     0),  9.28(Gbps), TX:   53903(pps),  0.04(Gbps)
pps=1678796; bps=8071657757;
