---------------------------------------------------------------------------------
Loading mtcp configuration from : perf.conf
EAL: Probing VFIO support...
Loading interface setting
EAL: Detected 6 lcore(s)
EAL: Detected 1 NUMA nodes
EAL: Auto-detected process type: PRIMARY
EAL: Multi-process socket /var/run/dpdk/rte/mp_socket
EAL: No free hugepages reported in hugepages-1048576kB
EAL: VFIO support initialized
EAL: PCI device 0000:1a:00.0 on NUMA socket -1
EAL:   Invalid NUMA socket, default to 0
EAL:   probe driver: 8086:10fb net_ixgbe
EAL:   using IOMMU type 1 (Type 1)
EAL: Ignore mapping IO port bar(2)
EAL: Auto-detected process type: PRIMARY
Total number of attached devices: 1
Interface name: dpdk0
Configurations:
Number of CPU cores available: 3
Number of CPU cores to use: 3
Maximum number of concurrency per core: 10000
Maximum number of preallocated buffers per core: 10000
Receive buffer size: 102400
Send buffer size: 102400
TCP timeout seconds: 30
TCP timewait seconds: 0
NICs to print statistics: dpdk0
---------------------------------------------------------------------------------
Interfaces:
name: dpdk0, ifindex: 0, hwaddr: 90:E2:BA:46:F3:44, ipaddr: 10.1.1.2, netmask: 255.255.255.0
Number of NIC queues: 3
---------------------------------------------------------------------------------
Loading routing configurations from : config/route.conf
fopen: No such file or directory
Skip loading static routing table
Routes:
Destination: 10.1.1.0/24, Mask: 255.255.255.0, Masked: 10.1.1.0, Route: ifdx-0
---------------------------------------------------------------------------------
Loading ARP table from : config/arp.conf
Initializing port 0... ARP Table:
IP addr: 10.1.1.1, dst_hwaddr: 90:E2:BA:46:F2:25
---------------------------------------------------------------------------------
done: 

Checking link statusdone
Port 0 Link Up - speed 10000 Mbps - full-duplex
CPU 1: initialization finished.
[mtcp_create_context:1359] CPU 1 is now the master thread.
[CPU 1] dpdk0 flows:      0, RX:       0(pps) (err:     0),  0.00(Gbps), TX:       0(pps),  0.00(Gbps)
[ ALL ] dpdk0 flows:      0, RX:       0(pps) (err:     0),  0.00(Gbps), TX:       0(pps),  0.00(Gbps)
[CPU 1] dpdk0 flows:      0, RX:       0(pps) (err:     0),  0.00(Gbps), TX:       0(pps),  0.00(Gbps)
[ ALL ] dpdk0 flows:      0, RX:       0(pps) (err:     0),  0.00(Gbps), TX:       0(pps),  0.00(Gbps)
clientfd=1;
[CPU 1] dpdk0 flows:      1, RX:  103616(pps) (err:     0),  0.66(Gbps), TX:    4018(pps),  0.00(Gbps)
[ ALL ] dpdk0 flows:      1, RX:  103616(pps) (err:     0),  0.66(Gbps), TX:    4018(pps),  0.00(Gbps)
pps=1509744; bps=8708208593;
[CPU 1] dpdk0 flows:      1, RX: 1542630(pps) (err:     0),  9.83(Gbps), TX:   54905(pps),  0.04(Gbps)
[ ALL ] dpdk0 flows:      1, RX: 1542630(pps) (err:     0),  9.83(Gbps), TX:   54905(pps),  0.04(Gbps)
pps=1515389; bps=8740770156;
[CPU 1] dpdk0 flows:      1, RX: 1547319(pps) (err:     0),  9.86(Gbps), TX:   54636(pps),  0.04(Gbps)
[ ALL ] dpdk0 flows:      1, RX: 1547319(pps) (err:     0),  9.86(Gbps), TX:   54636(pps),  0.04(Gbps)
pps=1527904; bps=8812954691;
[CPU 1] dpdk0 flows:      1, RX: 1559297(pps) (err:     0),  9.94(Gbps), TX:   52359(pps),  0.04(Gbps)
[ ALL ] dpdk0 flows:      1, RX: 1559297(pps) (err:     0),  9.94(Gbps), TX:   52359(pps),  0.04(Gbps)
pps=1528523; bps=8816531715;
[CPU 1] dpdk0 flows:      1, RX: 1559902(pps) (err:     0),  9.94(Gbps), TX:   52432(pps),  0.04(Gbps)
[ ALL ] dpdk0 flows:      1, RX: 1559902(pps) (err:     0),  9.94(Gbps), TX:   52432(pps),  0.04(Gbps)
pps=1529073; bps=8819702525;
[CPU 1] dpdk0 flows:      1, RX: 1559909(pps) (err:     0),  9.94(Gbps), TX:   52678(pps),  0.04(Gbps)
[ ALL ] dpdk0 flows:      1, RX: 1559909(pps) (err:     0),  9.94(Gbps), TX:   52678(pps),  0.04(Gbps)
[CPU 1] dpdk0 flows:      1, RX: 1560643(pps) (err:     0),  9.94(Gbps), TX:   52818(pps),  0.04(Gbps)
[ ALL ] dpdk0 flows:      1, RX: 1560643(pps) (err:     0),  9.94(Gbps), TX:   52818(pps),  0.04(Gbps)
pps=1528650; bps=8817259264;
[CPU 1] dpdk0 flows:      1, RX: 1560220(pps) (err:     0),  9.94(Gbps), TX:   52751(pps),  0.04(Gbps)
[ ALL ] dpdk0 flows:      1, RX: 1560220(pps) (err:     0),  9.94(Gbps), TX:   52751(pps),  0.04(Gbps)
pps=1528361; bps=8815590927;
[CPU 1] dpdk0 flows:      1, RX: 1559617(pps) (err:     0),  9.94(Gbps), TX:   52720(pps),  0.04(Gbps)
[ ALL ] dpdk0 flows:      1, RX: 1559617(pps) (err:     0),  9.94(Gbps), TX:   52720(pps),  0.04(Gbps)
pps=1528782; bps=8818023627;
[CPU 1] dpdk0 flows:      1, RX: 1507931(pps) (err:     0),  9.61(Gbps), TX:   51416(pps),  0.04(Gbps)
[ ALL ] dpdk0 flows:      1, RX: 1507931(pps) (err:     0),  9.61(Gbps), TX:   51416(pps),  0.04(Gbps)
pps=1450545; bps=8366748153;
[CPU 1] dpdk0 flows:      1, RX: 1494948(pps) (err:     0),  9.53(Gbps), TX:   54294(pps),  0.04(Gbps)
[ ALL ] dpdk0 flows:      1, RX: 1494948(pps) (err:     0),  9.53(Gbps), TX:   54294(pps),  0.04(Gbps)
pps=1491951; bps=8605577683;
[CPU 1] dpdk0 flows:      1, RX: 1515627(pps) (err:     0),  9.66(Gbps), TX:   56292(pps),  0.04(Gbps)
[ ALL ] dpdk0 flows:      1, RX: 1515627(pps) (err:     0),  9.66(Gbps), TX:   56292(pps),  0.04(Gbps)
pps=1484800; bps=8564330829;
[CPU 1] dpdk0 flows:      1, RX: 1553337(pps) (err:     0),  9.90(Gbps), TX:   55233(pps),  0.04(Gbps)
[ ALL ] dpdk0 flows:      1, RX: 1553337(pps) (err:     0),  9.90(Gbps), TX:   55233(pps),  0.04(Gbps)
pps=1523726; bps=8788855887;
[CPU 1] dpdk0 flows:      1, RX: 1547707(pps) (err:     0),  9.86(Gbps), TX:   52736(pps),  0.04(Gbps)
[ ALL ] dpdk0 flows:      1, RX: 1547707(pps) (err:     0),  9.86(Gbps), TX:   52736(pps),  0.04(Gbps)
pps=1514320; bps=8734599754;
