---------------------------------------------------------------------------------
EAL: Probing VFIO support...
EAL: VFIO support initialized
Loading mtcp configuration from : perf.conf
Loading interface setting
EAL: Detected 6 lcore(s)
EAL: Detected 1 NUMA nodes
EAL: Auto-detected process type: PRIMARY
EAL: Multi-process socket /var/run/dpdk/rte/mp_socket
EAL: No free hugepages reported in hugepages-1048576kB
EAL: PCI device 0000:1a:00.0 on NUMA socket -1
EAL:   Invalid NUMA socket, default to 0
EAL:   probe driver: 8086:10fb net_ixgbe
EAL:   using IOMMU type 1 (Type 1)
EAL: Ignore mapping IO port bar(2)
EAL: Auto-detected process type: PRIMARY
Total number of attached devices: 1
Interface name: dpdk0
Configurations:
Number of CPU cores available: 3
Number of CPU cores to use: 3
Maximum number of concurrency per core: 10000
Maximum number of preallocated buffers per core: 10000
Receive buffer size: 102400
Send buffer size: 102400
TCP timeout seconds: 30
TCP timewait seconds: 0
NICs to print statistics: dpdk0
---------------------------------------------------------------------------------
Interfaces:
name: dpdk0, ifindex: 0, hwaddr: 90:E2:BA:46:F3:44, ipaddr: 10.1.1.2, netmask: 255.255.255.0
Number of NIC queues: 3
---------------------------------------------------------------------------------
Loading routing configurations from : config/route.conf
fopen: No such file or directory
Skip loading static routing table
Routes:
Destination: 10.1.1.0/24, Mask: 255.255.255.0, Masked: 10.1.1.0, Route: ifdx-0
---------------------------------------------------------------------------------
Loading ARP table from : config/arp.conf
ARP Table:
IP addr: 10.1.1.1, dst_hwaddr: 90:E2:BA:46:F2:25
---------------------------------------------------------------------------------
Initializing port 0... done: 

Checking link statusdone
Port 0 Link Up - speed 10000 Mbps - full-duplex
CPU 1: initialization finished.
[mtcp_create_context:1359] CPU 1 is now the master thread.
[CPU 1] dpdk0 flows:      0, RX:       0(pps) (err:     0),  0.00(Gbps), TX:       0(pps),  0.00(Gbps)
[ ALL ] dpdk0 flows:      0, RX:       0(pps) (err:     0),  0.00(Gbps), TX:       0(pps),  0.00(Gbps)
[CPU 1] dpdk0 flows:      0, RX:       0(pps) (err:     0),  0.00(Gbps), TX:       0(pps),  0.00(Gbps)
[ ALL ] dpdk0 flows:      0, RX:       0(pps) (err:     0),  0.00(Gbps), TX:       0(pps),  0.00(Gbps)
[CPU 1] dpdk0 flows:      0, RX:       0(pps) (err:     0),  0.00(Gbps), TX:       0(pps),  0.00(Gbps)
[ ALL ] dpdk0 flows:      0, RX:       0(pps) (err:     0),  0.00(Gbps), TX:       0(pps),  0.00(Gbps)
clientfd=1;
[CPU 1] dpdk0 flows:      1, RX:   67531(pps) (err:     0),  0.70(Gbps), TX:    9478(pps),  0.01(Gbps)
[ ALL ] dpdk0 flows:      1, RX:   67531(pps) (err:     0),  0.70(Gbps), TX:    9478(pps),  0.01(Gbps)
pps=935390; bps=9211733659;
[CPU 1] dpdk0 flows:      1, RX:  955433(pps) (err:     0),  9.91(Gbps), TX:  133652(pps),  0.10(Gbps)
[ ALL ] dpdk0 flows:      1, RX:  955433(pps) (err:     0),  9.91(Gbps), TX:  133652(pps),  0.10(Gbps)
pps=937030; bps=9227883625;
[CPU 1] dpdk0 flows:      1, RX:  956381(pps) (err:     0),  9.92(Gbps), TX:  134172(pps),  0.10(Gbps)
[ ALL ] dpdk0 flows:      1, RX:  956381(pps) (err:     0),  9.92(Gbps), TX:  134172(pps),  0.10(Gbps)
pps=940787; bps=9264879451;
[CPU 1] dpdk0 flows:      1, RX:  959785(pps) (err:     0),  9.96(Gbps), TX:  132808(pps),  0.10(Gbps)
[ ALL ] dpdk0 flows:      1, RX:  959785(pps) (err:     0),  9.96(Gbps), TX:  132808(pps),  0.10(Gbps)
pps=940408; bps=9261151369;
[CPU 1] dpdk0 flows:      1, RX:  959671(pps) (err:     0),  9.95(Gbps), TX:  132859(pps),  0.10(Gbps)
[ ALL ] dpdk0 flows:      1, RX:  959671(pps) (err:     0),  9.95(Gbps), TX:  132859(pps),  0.10(Gbps)
pps=940327; bps=9260352002;
[CPU 1] dpdk0 flows:      1, RX:  959363(pps) (err:     0),  9.95(Gbps), TX:  132698(pps),  0.10(Gbps)
[ ALL ] dpdk0 flows:      1, RX:  959363(pps) (err:     0),  9.95(Gbps), TX:  132698(pps),  0.10(Gbps)
pps=941232; bps=9269263273;
[CPU 1] dpdk0 flows:      1, RX:  959976(pps) (err:     0),  9.96(Gbps), TX:  132672(pps),  0.10(Gbps)
[ ALL ] dpdk0 flows:      1, RX:  959976(pps) (err:     0),  9.96(Gbps), TX:  132672(pps),  0.10(Gbps)
pps=939274; bps=9249974432;
[CPU 1] dpdk0 flows:      1, RX:  958361(pps) (err:     0),  9.94(Gbps), TX:  133303(pps),  0.10(Gbps)
[ ALL ] dpdk0 flows:      1, RX:  958361(pps) (err:     0),  9.94(Gbps), TX:  133303(pps),  0.10(Gbps)
pps=923409; bps=9093745308;
[CPU 1] dpdk0 flows:      1, RX:  941894(pps) (err:     0),  9.77(Gbps), TX:  132005(pps),  0.10(Gbps)
[ ALL ] dpdk0 flows:      1, RX:  941894(pps) (err:     0),  9.77(Gbps), TX:  132005(pps),  0.10(Gbps)
pps=941098; bps=9267945666;
[CPU 1] dpdk0 flows:      1, RX:  954915(pps) (err:     0),  9.91(Gbps), TX:  131847(pps),  0.09(Gbps)
[ ALL ] dpdk0 flows:      1, RX:  954915(pps) (err:     0),  9.91(Gbps), TX:  131847(pps),  0.09(Gbps)
pps=903215; bps=8894867872;
[CPU 1] dpdk0 flows:      1, RX:  926325(pps) (err:     0),  9.61(Gbps), TX:  130882(pps),  0.09(Gbps)
[ ALL ] dpdk0 flows:      1, RX:  926325(pps) (err:     0),  9.61(Gbps), TX:  130882(pps),  0.09(Gbps)
pps=922387; bps=9083672864;
[CPU 1] dpdk0 flows:      1, RX:  941031(pps) (err:     0),  9.76(Gbps), TX:  133331(pps),  0.10(Gbps)
[ ALL ] dpdk0 flows:      1, RX:  941031(pps) (err:     0),  9.76(Gbps), TX:  133331(pps),  0.10(Gbps)
pps=938438; bps=9241750864;
[CPU 1] dpdk0 flows:      1, RX:  957564(pps) (err:     0),  9.93(Gbps), TX:  134475(pps),  0.10(Gbps)
[ ALL ] dpdk0 flows:      1, RX:  957564(pps) (err:     0),  9.93(Gbps), TX:  134475(pps),  0.10(Gbps)
pps=934989; bps=9207784937;
[CPU 1] dpdk0 flows:      1, RX:  953888(pps) (err:     0),  9.89(Gbps), TX:  135185(pps),  0.10(Gbps)
[ ALL ] dpdk0 flows:      1, RX:  953888(pps) (err:     0),  9.89(Gbps), TX:  135185(pps),  0.10(Gbps)
pps=932133; bps=9179653409;
[CPU 1] dpdk0 flows:      1, RX:  950803(pps) (err:     0),  9.86(Gbps), TX:  135375(pps),  0.10(Gbps)
[ ALL ] dpdk0 flows:      1, RX:  950803(pps) (err:     0),  9.86(Gbps), TX:  135375(pps),  0.10(Gbps)
