EAL: Detected CPU lcores: 6
EAL: Detected NUMA nodes: 1
EAL: Detected static linkage of DPDK
EAL: Multi-process socket /var/run/dpdk/rte/mp_socket
EAL: Selected IOVA mode 'VA'
EAL: VFIO support initialized
EAL: Using IOMMU type 1 (Type 1)
EAL: Ignore mapping IO port bar(2)
EAL: Probe PCI driver: net_ixgbe (8086:10fb) device: 0000:1a:00.0 (socket -1)
app-ndpiptest: connected
ndpip_rx_thread: avg_burst=0.000000; avg_replies=0.000000; pps=2.000000;
pps=715373; bps=7044994353;
ndpip_rx_thread: avg_burst=0.095643; avg_replies=0.080932; pps=918337.589008;
pps=900861; bps=8871683390;
ndpip_rx_thread: avg_burst=0.089017; avg_replies=0.075282; pps=900860.290122;
pps=903124; bps=8893969810;
ndpip_rx_thread: avg_burst=0.089673; avg_replies=0.075871; pps=903125.954844;
pps=906433; bps=8926553728;
ndpip_rx_thread: avg_burst=0.090445; avg_replies=0.076533; pps=906430.610235;
pps=906555; bps=8927761993;
ndpip_rx_thread: avg_burst=0.090547; avg_replies=0.076645; pps=906554.678173;
pps=906491; bps=8927130718;
ndpip_rx_thread: avg_burst=0.090509; avg_replies=0.076560; pps=906493.961927;
pps=954876; bps=9403628026;
ndpip_rx_thread: avg_burst=0.090563; avg_replies=0.076630; pps=906510.428898;
pps=906511; bps=8927328267;
ndpip_rx_thread: avg_burst=0.094133; avg_replies=0.079656; pps=914967.703254;
pps=906486; bps=8927077337;
ndpip_rx_thread: avg_burst=0.104815; avg_replies=0.088703; pps=936510.080735;
pps=906515; bps=8927363029;
ndpip_rx_thread: avg_burst=0.097206; avg_replies=0.082227; pps=921564.445141;
