EAL: Detected CPU lcores: 6
EAL: Detected NUMA nodes: 1
EAL: Detected static linkage of DPDK
EAL: Multi-process socket /var/run/dpdk/rte/mp_socket
EAL: Selected IOVA mode 'VA'
EAL: VFIO support initialized
EAL: Using IOMMU type 1 (Type 1)
EAL: Ignore mapping IO port bar(2)
EAL: Probe PCI driver: net_ixgbe (8086:10fb) device: 0000:1a:00.0 (socket -1)
app-ndpiptest: connected
ndpip_rx_thread: avg_burst=0.000858; avg_replies=0.000682; pps=20714.984671;
pps=628913; bps=7099176071;
ndpip_rx_thread: avg_burst=0.087092; avg_replies=0.072586; pps=839445.245420;
pps=792852; bps=8949718535;
ndpip_rx_thread: avg_burst=0.074201; avg_replies=0.061859; pps=792851.105664;
pps=793912; bps=8961679177;
ndpip_rx_thread: avg_burst=0.074388; avg_replies=0.061940; pps=793911.845981;
pps=839443; bps=9475640163;
ndpip_rx_thread: avg_burst=0.075118; avg_replies=0.062564; pps=796958.681217;
pps=796958; bps=8996065806;
ndpip_rx_thread: avg_burst=0.086992; avg_replies=0.072501; pps=839444.278676;
pps=796910; bps=8995523970;
ndpip_rx_thread: avg_burst=0.075145; avg_replies=0.062613; pps=796909.461289;
pps=796904; bps=8995463620;
ndpip_rx_thread: avg_burst=0.075179; avg_replies=0.062650; pps=796905.990437;
pps=839445; bps=9475661748;
ndpip_rx_thread: avg_burst=0.075211; avg_replies=0.062723; pps=796941.682817;
pps=796942; bps=8995889492;
ndpip_rx_thread: avg_burst=0.075296; avg_replies=0.062699; pps=796918.761721;
pps=796917; bps=8995608481;
ndpip_rx_thread: avg_burst=0.087058; avg_replies=0.072497; pps=839443.723433;
pps=796920; bps=8995637094;
ndpip_rx_thread: avg_burst=0.075144; avg_replies=0.062584; pps=796918.969717;
pps=796894; bps=8995340236;
