EAL: Detected CPU lcores: 6
EAL: Detected NUMA nodes: 1
EAL: Detected static linkage of DPDK
EAL: Multi-process socket /var/run/dpdk/rte/mp_socket
EAL: Selected IOVA mode 'VA'
EAL: VFIO support initialized
EAL: Using IOMMU type 1 (Type 1)
EAL: Ignore mapping IO port bar(2)
EAL: Probe PCI driver: net_ixgbe (8086:10fb) device: 0000:1a:00.0 (socket -1)
app-ndpiptest: connected
ndpip_rx_thread: avg_burst=0.000000; avg_replies=0.000000; pps=2.000000;
pps=699356; bps=7055111436;
ndpip_rx_thread: avg_burst=0.078834; avg_replies=0.065573; pps=834962.372108;
pps=880711; bps=8884614412;
ndpip_rx_thread: avg_burst=0.093780; avg_replies=0.078080; pps=883752.036780;
pps=882866; bps=8906353156;
ndpip_rx_thread: avg_burst=0.094857; avg_replies=0.079057; pps=886193.719294;
pps=886163; bps=8939616992;
ndpip_rx_thread: avg_burst=0.096904; avg_replies=0.080747; pps=890021.764263;
pps=886212; bps=8940111277;
ndpip_rx_thread: avg_burst=0.096888; avg_replies=0.080732; pps=890056.751582;
pps=933482; bps=9416968027;
ndpip_rx_thread: avg_burst=0.096913; avg_replies=0.080725; pps=889970.739087;
pps=886100; bps=8938982861;
ndpip_rx_thread: avg_burst=0.097317; avg_replies=0.081054; pps=890210.154015;
pps=886178; bps=8939766969;
ndpip_rx_thread: avg_burst=0.097013; avg_replies=0.080763; pps=890019.629523;
pps=886108; bps=8939060276;
ndpip_rx_thread: avg_burst=0.097125; avg_replies=0.080874; pps=890107.719741;
pps=886153; bps=8939517645;
ndpip_rx_thread: avg_burst=0.097109; avg_replies=0.080865; pps=890051.415482;
pps=886096; bps=8938945514;
