EAL: Detected CPU lcores: 16
EAL: Detected NUMA nodes: 1
EAL: Detected static linkage of DPDK
EAL: Multi-process socket /var/run/dpdk/rte/mp_socket
EAL: Selected IOVA mode 'VA'
EAL: VFIO support initialized
EAL: Using IOMMU type 1 (Type 1)
EAL: Probe PCI driver: net_ice (8086:1592) device: 0000:65:00.0 (socket 0)
ice_load_pkg_type(): Active package is: 1.3.30.0, ICE OS Default Package (single VLAN mode)
ice_set_rx_function(): Using AVX2 Vector Rx (port 0).
app-ndpiptest: connected
ndpip_rx_thread: avg_burst=0.000000; avg_replies=0.000000; pps=0.999897;
ndpip_rx_thread: avg_burst=0.000001; avg_replies=0.000000; pps=117.992397;
ndpip_rx_thread: avg_burst=0.000000; avg_replies=0.000000; pps=3.999634;
ndpip_rx_thread: avg_burst=0.000000; avg_replies=0.000000; pps=3.999671;
ndpip_rx_thread: avg_burst=0.000000; avg_replies=0.000000; pps=3.999694;
ndpip_rx_thread: avg_burst=0.000000; avg_replies=0.000000; pps=3.999712;
ndpip_rx_thread: avg_burst=0.000000; avg_replies=0.000000; pps=3.999673;
ndpip_rx_thread: avg_burst=0.000000; avg_replies=0.000000; pps=3.999646;
ndpip_rx_thread: avg_burst=0.000000; avg_replies=0.000000; pps=3.999684;
ndpip_rx_thread: avg_burst=0.000000; avg_replies=0.000000; pps=3.999677;
ndpip_rx_thread: avg_burst=0.000000; avg_replies=0.000000; pps=3.999599;
ndpip_rx_thread: avg_burst=0.000000; avg_replies=0.000000; pps=3.999979;
ndpip_rx_thread: avg_burst=0.000000; avg_replies=0.000000; pps=3.999630;
ndpip_rx_thread: avg_burst=0.000000; avg_replies=0.000000; pps=3.999613;
ndpip_rx_thread: avg_burst=0.000000; avg_replies=0.000000; pps=3.999973;
ndpip_rx_thread: avg_burst=0.000000; avg_replies=0.000000; pps=3.999996;
ndpip_rx_thread: avg_burst=0.000000; avg_replies=0.000000; pps=3.999577;
ndpip_rx_thread: avg_burst=0.000000; avg_replies=0.000000; pps=0.999902;
