EAL: Detected CPU lcores: 16
EAL: Detected NUMA nodes: 1
EAL: Detected static linkage of DPDK
EAL: Multi-process socket /var/run/dpdk/rte/mp_socket
EAL: Selected IOVA mode 'VA'
EAL: VFIO support initialized
EAL: Using IOMMU type 1 (Type 1)
EAL: Probe PCI driver: net_ice (8086:1592) device: 0000:65:00.0 (socket 0)
ice_load_pkg_type(): Active package is: 1.3.30.0, ICE OS Default Package (single VLAN mode)
ice_set_rx_function(): Using AVX2 Vector Rx (port 0).
app-ndpiptest: connected
ndpip_rx_thread: avg_burst=0.000000; avg_replies=0.000000; pps=0.999935;
ndpip_rx_thread: avg_burst=0.000001; avg_replies=0.000000; pps=65.999824;
ndpip_rx_thread: avg_burst=0.000000; avg_replies=0.000000; pps=3.999702;
ndpip_rx_thread: avg_burst=0.000000; avg_replies=0.000000; pps=3.999841;
ndpip_rx_thread: avg_burst=0.000000; avg_replies=0.000000; pps=3.999416;
ndpip_rx_thread: avg_burst=0.000000; avg_replies=0.000000; pps=3.999737;
ndpip_rx_thread: avg_burst=0.000000; avg_replies=0.000000; pps=3.999532;
ndpip_rx_thread: avg_burst=0.000000; avg_replies=0.000000; pps=3.999681;
ndpip_rx_thread: avg_burst=0.000000; avg_replies=0.000000; pps=3.999693;
ndpip_rx_thread: avg_burst=0.000000; avg_replies=0.000000; pps=3.999888;
ndpip_rx_thread: avg_burst=0.000000; avg_replies=0.000000; pps=3.999575;
ndpip_rx_thread: avg_burst=0.000000; avg_replies=0.000000; pps=3.999847;
ndpip_rx_thread: avg_burst=0.000000; avg_replies=0.000000; pps=3.999947;
ndpip_rx_thread: avg_burst=0.000000; avg_replies=0.000000; pps=3.999736;
ndpip_rx_thread: avg_burst=0.000000; avg_replies=0.000000; pps=3.999711;
ndpip_rx_thread: avg_burst=0.000000; avg_replies=0.000000; pps=0.999903;
