EAL: Detected CPU lcores: 16
EAL: Detected NUMA nodes: 1
EAL: Detected static linkage of DPDK
EAL: Multi-process socket /var/run/dpdk/rte/mp_socket
EAL: Selected IOVA mode 'VA'
EAL: VFIO support initialized
EAL: Using IOMMU type 1 (Type 1)
EAL: Probe PCI driver: net_ice (8086:1592) device: 0000:65:00.0 (socket 0)
ice_load_pkg_type(): Active package is: 1.3.30.0, ICE OS Default Package (single VLAN mode)
ice_set_rx_function(): Using AVX2 Vector Rx (port 0).
app-ndpiptest: connected
ndpip_rx_thread: avg_burst=0.000000; avg_replies=0.000000; pps=20.996635;
ndpip_rx_thread: avg_burst=0.000002; avg_replies=0.000000; pps=169.994924;
ndpip_rx_thread: avg_burst=0.000000; avg_replies=0.000000; pps=3.999692;
ndpip_rx_thread: avg_burst=0.000000; avg_replies=0.000000; pps=3.999682;
ndpip_rx_thread: avg_burst=0.000000; avg_replies=0.000000; pps=3.999681;
ndpip_rx_thread: avg_burst=0.000000; avg_replies=0.000000; pps=3.999657;
ndpip_rx_thread: avg_burst=0.000000; avg_replies=0.000000; pps=3.999759;
ndpip_rx_thread: avg_burst=0.000000; avg_replies=0.000000; pps=3.999739;
ndpip_rx_thread: avg_burst=0.000000; avg_replies=0.000000; pps=3.999744;
ndpip_rx_thread: avg_burst=0.000000; avg_replies=0.000000; pps=3.999674;
ndpip_rx_thread: avg_burst=0.000000; avg_replies=0.000000; pps=3.999717;
ndpip_rx_thread: avg_burst=0.000000; avg_replies=0.000000; pps=3.999722;
ndpip_rx_thread: avg_burst=0.000000; avg_replies=0.000000; pps=3.999916;
ndpip_rx_thread: avg_burst=0.000000; avg_replies=0.000000; pps=3.999857;
ndpip_rx_thread: avg_burst=0.000000; avg_replies=0.000000; pps=3.999792;
ndpip_rx_thread: avg_burst=0.000000; avg_replies=0.000000; pps=3.999764;
ndpip_rx_thread: avg_burst=0.000000; avg_replies=0.000000; pps=0.999981;
