EAL: Detected CPU lcores: 16
EAL: Detected NUMA nodes: 1
EAL: Detected static linkage of DPDK
EAL: Multi-process socket /var/run/dpdk/rte/mp_socket
EAL: Selected IOVA mode 'VA'
EAL: VFIO support initialized
EAL: Using IOMMU type 1 (Type 1)
EAL: Probe PCI driver: net_ice (8086:1592) device: 0000:65:00.0 (socket 0)
ice_load_pkg_type(): Active package is: 1.3.30.0, ICE OS Default Package (single VLAN mode)
ice_set_rx_function(): Using AVX2 Vector Rx (port 0).
app-ndpiptest: connected
ndpip_rx_thread: avg_burst=0.000000; avg_replies=0.000000; pps=0.999959;
ndpip_rx_thread: avg_burst=0.000000; avg_replies=0.000000; pps=2.999751;
ndpip_rx_thread: avg_burst=0.000000; avg_replies=0.000000; pps=3.999931;
ndpip_rx_thread: avg_burst=0.000000; avg_replies=0.000000; pps=3.999512;
ndpip_rx_thread: avg_burst=0.000000; avg_replies=0.000000; pps=3.999732;
ndpip_rx_thread: avg_burst=0.000000; avg_replies=0.000000; pps=3.999885;
ndpip_rx_thread: avg_burst=0.000000; avg_replies=0.000000; pps=2.999948;
ndpip_rx_thread: avg_burst=0.000000; avg_replies=0.000000; pps=4.999403;
ndpip_rx_thread: avg_burst=0.000000; avg_replies=0.000000; pps=2.999988;
ndpip_rx_thread: avg_burst=0.000000; avg_replies=0.000000; pps=4.999328;
ndpip_rx_thread: avg_burst=0.000000; avg_replies=0.000000; pps=2.999978;
ndpip_rx_thread: avg_burst=0.000000; avg_replies=0.000000; pps=4.999434;
ndpip_rx_thread: avg_burst=0.000000; avg_replies=0.000000; pps=3.999475;
ndpip_rx_thread: avg_burst=0.000000; avg_replies=0.000000; pps=3.999890;
ndpip_rx_thread: avg_burst=0.000000; avg_replies=0.000000; pps=3.999926;
ndpip_rx_thread: avg_burst=0.000000; avg_replies=0.000000; pps=2.999837;
ndpip_rx_thread: avg_burst=0.000000; avg_replies=0.000000; pps=2.999967;
