EAL: Detected CPU lcores: 16
EAL: Detected NUMA nodes: 1
EAL: Detected static linkage of DPDK
EAL: Multi-process socket /var/run/dpdk/rte/mp_socket
EAL: Selected IOVA mode 'VA'
EAL: VFIO support initialized
EAL: Using IOMMU type 1 (Type 1)
EAL: Probe PCI driver: net_ice (8086:1592) device: 0000:65:00.0 (socket 0)
ice_load_pkg_type(): Active package is: 1.3.30.0, ICE OS Default Package (single VLAN mode)
ice_set_rx_function(): Using AVX2 Vector Rx (port 0).
app-ndpiptest: connected
ndpip_rx_thread: avg_burst=0.000000; avg_replies=0.000000; pps=0.999932;
ndpip_rx_thread: avg_burst=0.000006; avg_replies=0.000000; pps=539.980573;
ndpip_rx_thread: avg_burst=0.000000; avg_replies=0.000000; pps=3.999815;
ndpip_rx_thread: avg_burst=0.000000; avg_replies=0.000000; pps=3.999833;
ndpip_rx_thread: avg_burst=0.000000; avg_replies=0.000000; pps=3.999869;
ndpip_rx_thread: avg_burst=0.000000; avg_replies=0.000000; pps=3.999878;
ndpip_rx_thread: avg_burst=0.000000; avg_replies=0.000000; pps=3.999767;
ndpip_rx_thread: avg_burst=0.000000; avg_replies=0.000000; pps=3.999850;
ndpip_rx_thread: avg_burst=0.000000; avg_replies=0.000000; pps=3.999878;
ndpip_rx_thread: avg_burst=0.000000; avg_replies=0.000000; pps=3.999852;
ndpip_rx_thread: avg_burst=0.000000; avg_replies=0.000000; pps=3.999860;
ndpip_rx_thread: avg_burst=0.000000; avg_replies=0.000000; pps=3.999887;
ndpip_rx_thread: avg_burst=0.000000; avg_replies=0.000000; pps=3.999838;
ndpip_rx_thread: avg_burst=0.000000; avg_replies=0.000000; pps=3.999936;
ndpip_rx_thread: avg_burst=0.000000; avg_replies=0.000000; pps=3.999835;
ndpip_rx_thread: avg_burst=0.000000; avg_replies=0.000000; pps=3.999924;
