EAL: Detected CPU lcores: 16
EAL: Detected NUMA nodes: 1
EAL: Detected static linkage of DPDK
EAL: Multi-process socket /var/run/dpdk/rte/mp_socket
EAL: Selected IOVA mode 'VA'
EAL: VFIO support initialized
EAL: Using IOMMU type 1 (Type 1)
EAL: Probe PCI driver: net_ice (8086:1592) device: 0000:65:00.0 (socket 0)
ice_load_pkg_type(): Active package is: 1.3.30.0, ICE OS Default Package (single VLAN mode)
ice_set_rx_function(): Using AVX2 Vector Rx (port 0).
app-ndpiptest: connected
ndpip_rx_thread: avg_burst=0.002422; avg_replies=0.000492; pps=219275.465822;
pps=2030697; bps=22873778939;
ndpip_rx_thread: avg_burst=0.033737; avg_replies=0.006865; pps=2031891.536029;
pps=2033421; bps=22904460339;
ndpip_rx_thread: avg_burst=0.033809; avg_replies=0.006826; pps=2034086.276545;
pps=2036405; bps=22938067609;
ndpip_rx_thread: avg_burst=0.033926; avg_replies=0.006821; pps=2036335.532426;
pps=2037098; bps=22945875243;
ndpip_rx_thread: avg_burst=0.033957; avg_replies=0.006821; pps=2036715.775704;
pps=2036494; bps=22939077387;
ndpip_rx_thread: avg_burst=0.033945; avg_replies=0.006823; pps=2036633.386048;
pps=2035831; bps=22931602268;
ndpip_rx_thread: avg_burst=0.033941; avg_replies=0.006833; pps=2036139.877986;
pps=2037713; bps=22952808555;
ndpip_rx_thread: avg_burst=0.033985; avg_replies=0.006823; pps=2037477.696014;
pps=2036616; bps=22940449255;
ndpip_rx_thread: avg_burst=0.033974; avg_replies=0.006835; pps=2036569.999464;
pps=2037947; bps=22955445951;
ndpip_rx_thread: avg_burst=0.033997; avg_replies=0.006813; pps=2037945.114849;
pps=2038108; bps=22957258787;
ndpip_rx_thread: avg_burst=0.034071; avg_replies=0.006807; pps=2038434.992878;
pps=2039380; bps=22971577970;
ndpip_rx_thread: avg_burst=0.034076; avg_replies=0.006794; pps=2039395.071836;
pps=2037769; bps=22953441206;
ndpip_rx_thread: avg_burst=0.034009; avg_replies=0.006804; pps=2037888.547448;
pps=2038481; bps=22961457232;
ndpip_rx_thread: avg_burst=0.034021; avg_replies=0.006806; pps=2038187.615698;
pps=2038080; bps=22956940779;
ndpip_rx_thread: avg_burst=0.034036; avg_replies=0.006808; pps=2038177.379807;
pps=2038510; bps=22961781841;
ndpip_rx_thread: avg_burst=0.034050; avg_replies=0.006807; pps=2038726.897209;
pps=2037969; bps=22955693146;
ndpip_rx_thread: avg_burst=0.034047; avg_replies=0.006828; pps=2037543.707197;
