EAL: Detected CPU lcores: 16
EAL: Detected NUMA nodes: 1
EAL: Detected static linkage of DPDK
EAL: Multi-process socket /var/run/dpdk/rte/mp_socket
EAL: Selected IOVA mode 'VA'
EAL: VFIO support initialized
EAL: Using IOMMU type 1 (Type 1)
EAL: Probe PCI driver: net_ice (8086:1592) device: 0000:65:00.0 (socket 0)
ice_load_pkg_type(): Active package is: 1.3.30.0, ICE OS Default Package (single VLAN mode)
ice_set_rx_function(): Using AVX2 Vector Rx (port 0).
app-ndpiptest: connected
ndpip_rx_thread: avg_burst=0.003593; avg_replies=0.000599; pps=239470.676275;
pps=2448170; bps=15041557112;
ndpip_rx_thread: avg_burst=0.067580; avg_replies=0.010678; pps=2465672.624412;
pps=2550982; bps=15673234727;
ndpip_rx_thread: avg_burst=0.070187; avg_replies=0.010143; pps=2555552.289821;
pps=2575392; bps=15823213339;
ndpip_rx_thread: avg_burst=0.070598; avg_replies=0.009835; pps=2577461.536915;
pps=2560603; bps=15732347489;
ndpip_rx_thread: avg_burst=0.069536; avg_replies=0.009720; pps=2555624.383869;
pps=2525938; bps=15519368615;
ndpip_rx_thread: avg_burst=0.068093; avg_replies=0.009517; pps=2521737.733400;
pps=2502026; bps=15372452637;
ndpip_rx_thread: avg_burst=0.067151; avg_replies=0.009365; pps=2501331.267282;
pps=2500792; bps=15364867981;
ndpip_rx_thread: avg_burst=0.067187; avg_replies=0.009425; pps=2502713.069239;
pps=2504095; bps=15385165177;
ndpip_rx_thread: avg_burst=0.067248; avg_replies=0.009415; pps=2503538.848739;
pps=2505571; bps=15394234227;
ndpip_rx_thread: avg_burst=0.067425; avg_replies=0.009467; pps=2505236.779614;
pps=2511262; bps=15429194793;
ndpip_rx_thread: avg_burst=0.067546; avg_replies=0.009380; pps=2513665.423728;
pps=2537068; bps=15587746335;
ndpip_rx_thread: avg_burst=0.068523; avg_replies=0.009339; pps=2541727.739794;
pps=2569040; bps=15784182099;
ndpip_rx_thread: avg_burst=0.069599; avg_replies=0.009323; pps=2568958.780209;
pps=2568055; bps=15778132071;
ndpip_rx_thread: avg_burst=0.069475; avg_replies=0.009312; pps=2568184.913849;
pps=2569555; bps=15787349690;
ndpip_rx_thread: avg_burst=0.069451; avg_replies=0.009305; pps=2569033.756018;
pps=2569387; bps=15786317067;
ndpip_rx_thread: avg_burst=0.069603; avg_replies=0.009331; pps=2569719.002953;
