EAL: Detected CPU lcores: 16
EAL: Detected NUMA nodes: 1
EAL: Detected static linkage of DPDK
EAL: Multi-process socket /var/run/dpdk/rte/mp_socket
EAL: Selected IOVA mode 'VA'
EAL: VFIO support initialized
EAL: Using IOMMU type 1 (Type 1)
EAL: Probe PCI driver: net_ice (8086:1592) device: 0000:65:00.0 (socket 0)
ice_load_pkg_type(): Active package is: 1.3.30.0, ICE OS Default Package (single VLAN mode)
ice_set_rx_function(): Using AVX2 Vector Rx (port 0).
app-ndpiptest: connected
ndpip_rx_thread: avg_burst=0.010612; avg_replies=0.001124; pps=862938.539570;
pps=870234; bps=445560204;
ndpip_rx_thread: avg_burst=0.010176; avg_replies=0.001085; pps=831105.036314;
pps=831510; bps=425733497;
ndpip_rx_thread: avg_burst=0.010149; avg_replies=0.001087; pps=829950.879266;
pps=829975; bps=424947540;
ndpip_rx_thread: avg_burst=0.010201; avg_replies=0.001094; pps=833768.867294;
pps=833829; bps=426920615;
ndpip_rx_thread: avg_burst=0.010392; avg_replies=0.001110; pps=847107.591526;
pps=846988; bps=433658016;
ndpip_rx_thread: avg_burst=0.010467; avg_replies=0.001117; pps=852402.764148;
pps=852449; bps=436454140;
ndpip_rx_thread: avg_burst=0.010363; avg_replies=0.001112; pps=844975.237098;
pps=845192; bps=432738542;
ndpip_rx_thread: avg_burst=0.010277; avg_replies=0.001102; pps=838949.808460;
pps=838599; bps=429362826;
ndpip_rx_thread: avg_burst=0.010181; avg_replies=0.001085; pps=832281.827716;
pps=832299; bps=426137458;
ndpip_rx_thread: avg_burst=0.010269; avg_replies=0.001105; pps=838251.701411;
pps=838547; bps=429336350;
ndpip_rx_thread: avg_burst=0.010370; avg_replies=0.001104; pps=845566.940369;
pps=845358; bps=432823365;
ndpip_rx_thread: avg_burst=0.010248; avg_replies=0.001098; pps=836839.582273;
pps=836747; bps=428414758;
ndpip_rx_thread: avg_burst=0.010267; avg_replies=0.001096; pps=838375.985410;
pps=838657; bps=429392783;
ndpip_rx_thread: avg_burst=0.010414; avg_replies=0.001116; pps=848656.416117;
pps=848461; bps=434412421;
ndpip_rx_thread: avg_burst=0.010405; avg_replies=0.001114; pps=848072.065596;
pps=847855; bps=434102055;
