EAL: Detected CPU lcores: 16
EAL: Detected NUMA nodes: 1
EAL: Detected static linkage of DPDK
EAL: Multi-process socket /var/run/dpdk/rte/mp_socket
EAL: Selected IOVA mode 'VA'
EAL: VFIO support initialized
EAL: Using IOMMU type 1 (Type 1)
EAL: Probe PCI driver: net_ice (8086:1592) device: 0000:65:00.0 (socket 0)
ice_load_pkg_type(): Active package is: 1.3.30.0, ICE OS Default Package (single VLAN mode)
ice_set_rx_function(): Using AVX2 Vector Rx (port 0).
app-ndpiptest: connected
ndpip_rx_thread: avg_burst=0.000059; avg_replies=0.000008; pps=4130.139432;
pps=2580213; bps=13210695143;
ndpip_rx_thread: avg_burst=0.073826; avg_replies=0.011420; pps=2581376.464614;
pps=2585726; bps=13238921913;
ndpip_rx_thread: avg_burst=0.073877; avg_replies=0.011408; pps=2585781.897537;
pps=2583450; bps=13227264367;
ndpip_rx_thread: avg_burst=0.073767; avg_replies=0.011387; pps=2583421.136172;
pps=2584114; bps=13230665878;
ndpip_rx_thread: avg_burst=0.073880; avg_replies=0.011399; pps=2584164.497287;
pps=2583474; bps=13227389732;
ndpip_rx_thread: avg_burst=0.073908; avg_replies=0.011417; pps=2583476.204027;
pps=2585006; bps=13235234964;
ndpip_rx_thread: avg_burst=0.074095; avg_replies=0.011438; pps=2585036.146756;
pps=2581990; bps=13219791514;
ndpip_rx_thread: avg_burst=0.073834; avg_replies=0.011446; pps=2581983.142528;
pps=2578680; bps=13202845666;
ndpip_rx_thread: avg_burst=0.073782; avg_replies=0.011432; pps=2578647.023925;
pps=2581784; bps=13218735722;
ndpip_rx_thread: avg_burst=0.073838; avg_replies=0.011402; pps=2581663.430956;
pps=2582722; bps=13223538008;
ndpip_rx_thread: avg_burst=0.073932; avg_replies=0.011402; pps=2582890.344703;
pps=2583760; bps=13228856318;
ndpip_rx_thread: avg_burst=0.074125; avg_replies=0.011453; pps=2583665.935229;
pps=2584692; bps=13233626997;
ndpip_rx_thread: avg_burst=0.074359; avg_replies=0.011465; pps=2584824.738903;
pps=2581769; bps=13218659490;
ndpip_rx_thread: avg_burst=0.073990; avg_replies=0.011430; pps=2581698.917820;
pps=2583661; bps=13228348808;
ndpip_rx_thread: avg_burst=0.074084; avg_replies=0.011443; pps=2583595.824951;
pps=2584098; bps=13230586326;
ndpip_rx_thread: avg_burst=0.074117; avg_replies=0.011444; pps=2584057.788557;
pps=2581699; bps=13218299141;
ndpip_rx_thread: avg_burst=0.074187; avg_replies=0.011445; pps=2581746.803638;
