EAL: Detected CPU lcores: 16
EAL: Detected NUMA nodes: 1
EAL: Detected static linkage of DPDK
EAL: Multi-process socket /var/run/dpdk/rte/mp_socket
EAL: Selected IOVA mode 'VA'
EAL: VFIO support initialized
EAL: Using IOMMU type 1 (Type 1)
EAL: Probe PCI driver: net_ice (8086:1592) device: 0000:65:00.0 (socket 0)
ice_load_pkg_type(): Active package is: 1.3.30.0, ICE OS Default Package (single VLAN mode)
ice_set_rx_function(): Using AVX2 Vector Rx (port 0).
app-ndpiptest: connected
ndpip_rx_thread: avg_burst=0.000510; avg_replies=0.000078; pps=35433.345724;
pps=1806348; bps=12947902990;
ndpip_rx_thread: avg_burst=0.045484; avg_replies=0.006898; pps=1944606.697951;
pps=2377537; bps=17042189859;
ndpip_rx_thread: avg_burst=0.064925; avg_replies=0.010207; pps=2375143.894029;
pps=2359957; bps=16916177413;
ndpip_rx_thread: avg_burst=0.064460; avg_replies=0.010212; pps=2360867.339124;
pps=2366014; bps=16959590017;
ndpip_rx_thread: avg_burst=0.064277; avg_replies=0.009950; pps=2366578.603309;
pps=2376251; bps=17032969097;
ndpip_rx_thread: avg_burst=0.064513; avg_replies=0.009870; pps=2376542.887948;
pps=2396436; bps=17177658526;
ndpip_rx_thread: avg_burst=0.065390; avg_replies=0.010007; pps=2398560.406791;
pps=2406609; bps=17250577951;
ndpip_rx_thread: avg_burst=0.066181; avg_replies=0.010374; pps=2406683.721256;
pps=2405689; bps=17243983121;
ndpip_rx_thread: avg_burst=0.066186; avg_replies=0.010375; pps=2405276.145373;
pps=2406705; bps=17251268479;
ndpip_rx_thread: avg_burst=0.066432; avg_replies=0.010385; pps=2406984.770872;
pps=2406449; bps=17249427184;
ndpip_rx_thread: avg_burst=0.066379; avg_replies=0.010391; pps=2406567.079904;
pps=2406689; bps=17251149859;
ndpip_rx_thread: avg_burst=0.066181; avg_replies=0.010356; pps=2406588.548638;
pps=2407035; bps=17253629764;
ndpip_rx_thread: avg_burst=0.066182; avg_replies=0.010363; pps=2407140.860337;
pps=2406026; bps=17246400312;
ndpip_rx_thread: avg_burst=0.066151; avg_replies=0.010372; pps=2405468.448646;
pps=2406388; bps=17248991087;
ndpip_rx_thread: avg_burst=0.066234; avg_replies=0.010361; pps=2406853.402028;
pps=2407755; bps=17258794272;
ndpip_rx_thread: avg_burst=0.066408; avg_replies=0.010360; pps=2407741.835622;
pps=2405654; bps=17243728475;
ndpip_rx_thread: avg_burst=0.066201; avg_replies=0.010372; pps=2405738.863214;
pps=2406276; bps=17248193370;
ndpip_rx_thread: avg_burst=0.066247; avg_replies=0.010383; pps=2406042.395611;
