EAL: Detected CPU lcores: 16
EAL: Detected NUMA nodes: 1
EAL: Detected static linkage of DPDK
EAL: Multi-process socket /var/run/dpdk/rte/mp_socket
EAL: Selected IOVA mode 'VA'
EAL: VFIO support initialized
EAL: Using IOMMU type 1 (Type 1)
EAL: Probe PCI driver: net_ice (8086:1592) device: 0000:65:00.0 (socket 0)
ice_load_pkg_type(): Active package is: 1.3.30.0, ICE OS Default Package (single VLAN mode)
ice_set_rx_function(): Using AVX2 Vector Rx (port 0).
app-ndpiptest: connected
ndpip_rx_thread: avg_burst=0.000860; avg_replies=0.000101; pps=59786.206621;
pps=3070776; bps=6288949873;
ndpip_rx_thread: avg_burst=0.097940; avg_replies=0.011760; pps=3071833.824148;
pps=3073113; bps=6293736314;
ndpip_rx_thread: avg_burst=0.098059; avg_replies=0.011740; pps=3073227.607297;
pps=3071632; bps=6290704095;
ndpip_rx_thread: avg_burst=0.098196; avg_replies=0.011779; pps=3071579.424452;
pps=3070035; bps=6287433246;
ndpip_rx_thread: avg_burst=0.098106; avg_replies=0.011813; pps=3069994.935956;
pps=3072338; bps=6292149551;
ndpip_rx_thread: avg_burst=0.098250; avg_replies=0.011798; pps=3072483.896711;
pps=3071924; bps=6291301531;
ndpip_rx_thread: avg_burst=0.098121; avg_replies=0.011770; pps=3071829.740199;
pps=3072168; bps=6291800432;
ndpip_rx_thread: avg_burst=0.098186; avg_replies=0.011787; pps=3072307.464981;
pps=3071302; bps=6290026907;
ndpip_rx_thread: avg_burst=0.098133; avg_replies=0.011781; pps=3071202.450954;
pps=3072250; bps=6291969121;
ndpip_rx_thread: avg_burst=0.098205; avg_replies=0.011785; pps=3072418.063989;
pps=3071886; bps=6291223347;
ndpip_rx_thread: avg_burst=0.098211; avg_replies=0.011782; pps=3071595.319028;
pps=3071635; bps=6290709933;
ndpip_rx_thread: avg_burst=0.098191; avg_replies=0.011790; pps=3071675.475028;
pps=3071121; bps=6289655937;
ndpip_rx_thread: avg_burst=0.098182; avg_replies=0.011772; pps=3071251.917144;
pps=3072727; bps=6292945929;
ndpip_rx_thread: avg_burst=0.098398; avg_replies=0.011804; pps=3072606.584028;
pps=3072286; bps=6292042355;
ndpip_rx_thread: avg_burst=0.098520; avg_replies=0.011819; pps=3072400.701580;
pps=3071753; bps=6290950240;
ndpip_rx_thread: avg_burst=0.098417; avg_replies=0.011794; pps=3071551.828154;
pps=3070114; bps=6287593715;
ndpip_rx_thread: avg_burst=0.098329; avg_replies=0.011788; pps=3070336.680354;
pps=3072127; bps=6291717280;
ndpip_rx_thread: avg_burst=0.098405; avg_replies=0.011814; pps=3072120.960204;
