EAL: Detected CPU lcores: 16
EAL: Detected NUMA nodes: 1
EAL: Detected static linkage of DPDK
EAL: Multi-process socket /var/run/dpdk/rte/mp_socket
EAL: Selected IOVA mode 'VA'
EAL: VFIO support initialized
EAL: Using IOMMU type 1 (Type 1)
EAL: Probe PCI driver: net_ice (8086:1592) device: 0000:65:00.0 (socket 0)
ice_load_pkg_type(): Active package is: 1.3.30.0, ICE OS Default Package (single VLAN mode)
ice_set_rx_function(): Using AVX2 Vector Rx (port 0).
app-ndpiptest: connected
ndpip_rx_thread: avg_burst=0.008695; avg_replies=0.001482; pps=722947.004600;
pps=2364638; bps=16949728146;
ndpip_rx_thread: avg_burst=0.040930; avg_replies=0.007012; pps=2366423.324567;
pps=2367803; bps=16972414376;
ndpip_rx_thread: avg_burst=0.041015; avg_replies=0.007016; pps=2367966.075161;
pps=2368476; bps=16977237070;
ndpip_rx_thread: avg_burst=0.041035; avg_replies=0.007006; pps=2369047.542087;
pps=2367659; bps=16971383356;
ndpip_rx_thread: avg_burst=0.041039; avg_replies=0.007026; pps=2367260.959906;
pps=2367515; bps=16970353404;
ndpip_rx_thread: avg_burst=0.041023; avg_replies=0.007007; pps=2367264.023673;
pps=2366904; bps=16965973689;
ndpip_rx_thread: avg_burst=0.041014; avg_replies=0.007020; pps=2366893.123185;
pps=2367880; bps=16972970054;
ndpip_rx_thread: avg_burst=0.041074; avg_replies=0.007018; pps=2368839.159807;
pps=2368391; bps=16976631326;
ndpip_rx_thread: avg_burst=0.041155; avg_replies=0.007017; pps=2367888.247554;
pps=2368364; bps=16976435594;
ndpip_rx_thread: avg_burst=0.041190; avg_replies=0.007013; pps=2368751.626247;
pps=2368806; bps=16979602618;
ndpip_rx_thread: avg_burst=0.041194; avg_replies=0.007020; pps=2368537.322460;
pps=2367965; bps=16973576870;
ndpip_rx_thread: avg_burst=0.041188; avg_replies=0.007018; pps=2368673.915016;
pps=2368816; bps=16979675320;
ndpip_rx_thread: avg_burst=0.041153; avg_replies=0.007019; pps=2367790.902452;
pps=2368597; bps=16978103922;
ndpip_rx_thread: avg_burst=0.041138; avg_replies=0.007010; pps=2368731.208610;
pps=2368571; bps=16977923018;
ndpip_rx_thread: avg_burst=0.041156; avg_replies=0.007021; pps=2368354.524768;
pps=2367747; bps=16972011860;
ndpip_rx_thread: avg_burst=0.041133; avg_replies=0.007019; pps=2367700.030959;
pps=2367930; bps=16973327081;
ndpip_rx_thread: avg_burst=0.041149; avg_replies=0.007022; pps=2368455.890757;
pps=2369044; bps=16981310648;
ndpip_rx_thread: avg_burst=0.041204; avg_replies=0.007016; pps=2369224.405018;
