EAL: Detected CPU lcores: 16
EAL: Detected NUMA nodes: 1
EAL: Detected static linkage of DPDK
EAL: Multi-process socket /var/run/dpdk/rte/mp_socket
EAL: Selected IOVA mode 'VA'
EAL: VFIO support initialized
EAL: Using IOMMU type 1 (Type 1)
EAL: Probe PCI driver: net_ice (8086:1592) device: 0000:65:00.0 (socket 0)
ice_load_pkg_type(): Active package is: 1.3.30.0, ICE OS Default Package (single VLAN mode)
ice_set_rx_function(): Using AVX2 Vector Rx (port 0).
app-ndpiptest: connected
ndpip_rx_thread: avg_burst=0.005323; avg_replies=0.000766; pps=463103.433481;
pps=2751829; bps=11271494429;
ndpip_rx_thread: avg_burst=0.053909; avg_replies=0.007806; pps=2753815.647771;
pps=2754405; bps=11282046021;
ndpip_rx_thread: avg_burst=0.053969; avg_replies=0.007809; pps=2754223.071780;
pps=2753227; bps=11277220629;
ndpip_rx_thread: avg_burst=0.053900; avg_replies=0.007814; pps=2753128.659213;
pps=2754654; bps=11283065364;
ndpip_rx_thread: avg_burst=0.054065; avg_replies=0.007789; pps=2756034.707706;
pps=2755186; bps=11285242236;
ndpip_rx_thread: avg_burst=0.053967; avg_replies=0.007820; pps=2754119.083933;
pps=2754340; bps=11281777687;
ndpip_rx_thread: avg_burst=0.054054; avg_replies=0.007837; pps=2753922.815302;
pps=2753431; bps=11278057087;
ndpip_rx_thread: avg_burst=0.054164; avg_replies=0.007857; pps=2753953.485563;
pps=2755565; bps=11286797516;
ndpip_rx_thread: avg_burst=0.054324; avg_replies=0.007843; pps=2755777.863208;
pps=2755199; bps=11285295821;
ndpip_rx_thread: avg_burst=0.054392; avg_replies=0.007872; pps=2755303.210877;
pps=2754267; bps=11281481642;
ndpip_rx_thread: avg_burst=0.054271; avg_replies=0.007846; pps=2754356.143577;
pps=2752984; bps=11276224874;
ndpip_rx_thread: avg_burst=0.054197; avg_replies=0.007850; pps=2753040.077504;
pps=2753643; bps=11278923057;
ndpip_rx_thread: avg_burst=0.054266; avg_replies=0.007865; pps=2752607.844508;
pps=2753660; bps=11278994420;
ndpip_rx_thread: avg_burst=0.054261; avg_replies=0.007842; pps=2753838.178448;
pps=2754145; bps=11280980091;
ndpip_rx_thread: avg_burst=0.054323; avg_replies=0.007877; pps=2754429.678528;
pps=2753917; bps=11280045737;
ndpip_rx_thread: avg_burst=0.054296; avg_replies=0.007857; pps=2753550.634858;
pps=2754068; bps=11280664993;
ndpip_rx_thread: avg_burst=0.054335; avg_replies=0.007860; pps=2754324.894408;
pps=2752971; bps=11276171732;
