EAL: Detected CPU lcores: 16
EAL: Detected NUMA nodes: 1
EAL: Detected static linkage of DPDK
EAL: Multi-process socket /var/run/dpdk/rte/mp_socket
EAL: Selected IOVA mode 'VA'
EAL: VFIO support initialized
EAL: Using IOMMU type 1 (Type 1)
EAL: Probe PCI driver: net_ice (8086:1592) device: 0000:65:00.0 (socket 0)
ice_load_pkg_type(): Active package is: 1.3.30.0, ICE OS Default Package (single VLAN mode)
ice_set_rx_function(): Using AVX2 Vector Rx (port 0).
app-ndpiptest: connected
ndpip_rx_thread: avg_burst=0.002415; avg_replies=0.000304; pps=219924.117401;
pps=2887514; bps=8870445227;
ndpip_rx_thread: avg_burst=0.055399; avg_replies=0.007014; pps=2888798.813892;
pps=2888243; bps=8872682497;
ndpip_rx_thread: avg_burst=0.055444; avg_replies=0.006997; pps=2888616.324764;
pps=2889076; bps=8875243570;
ndpip_rx_thread: avg_burst=0.055630; avg_replies=0.007041; pps=2888680.559088;
pps=2889707; bps=8877182160;
ndpip_rx_thread: avg_burst=0.055761; avg_replies=0.007044; pps=2889827.121179;
pps=2889768; bps=8877369550;
ndpip_rx_thread: avg_burst=0.055797; avg_replies=0.007040; pps=2889835.127056;
pps=2889363; bps=8876124353;
ndpip_rx_thread: avg_burst=0.055851; avg_replies=0.007056; pps=2889503.489230;
pps=2888574; bps=8873699996;
ndpip_rx_thread: avg_burst=0.055843; avg_replies=0.007052; pps=2888341.520367;
pps=2889832; bps=8877564995;
ndpip_rx_thread: avg_burst=0.055855; avg_replies=0.007064; pps=2889743.124283;
pps=2888335; bps=8872967384;
ndpip_rx_thread: avg_burst=0.055717; avg_replies=0.007040; pps=2888361.213721;
pps=2888682; bps=8874033865;
ndpip_rx_thread: avg_burst=0.055764; avg_replies=0.007047; pps=2889019.559575;
pps=2889285; bps=8875886229;
ndpip_rx_thread: avg_burst=0.055806; avg_replies=0.007051; pps=2889033.049173;
pps=2890395; bps=8879295120;
ndpip_rx_thread: avg_burst=0.055907; avg_replies=0.007061; pps=2890633.166121;
pps=2888729; bps=8874177576;
ndpip_rx_thread: avg_burst=0.055901; avg_replies=0.007061; pps=2888788.014954;
pps=2890751; bps=8880389410;
ndpip_rx_thread: avg_burst=0.056051; avg_replies=0.007078; pps=2890604.349767;
pps=2890043; bps=8878214192;
ndpip_rx_thread: avg_burst=0.055967; avg_replies=0.007058; pps=2890017.791521;
pps=2888608; bps=8873803906;
ndpip_rx_thread: avg_burst=0.055850; avg_replies=0.007044; pps=2888615.891780;
pps=2888848; bps=8874543956;
ndpip_rx_thread: avg_burst=0.055876; avg_replies=0.007062; pps=2888753.268366;
