[dpdk]: lcore_mask=2
[dpdk]: channel=1
[dpdk]: promiscuous=1
[dpdk]: numa_on=0
[dpdk]: tx_csum_offoad_skip=0
[dpdk]: tso=0
[dpdk]: vlan_strip=1
[dpdk]: idle_sleep=0
[dpdk]: pkt_tx_delay=0
[dpdk]: symmetric_rss=0
[dpdk]: allow=0000:65:00.0
[dpdk]: port_list=0
[dpdk]: nb_vdev=0
[dpdk]: nb_bond=0
[pcap]: enable=0
[pcap]: snaplen=96
[pcap]: savelen=16777216
[pcap]: savepath=.
[port0]: addr=10.1.1.2
[port0]: netmask=255.255.255.0
[port0]: broadcast=10.1.1.255
[port0]: gateway=10.1.1.254
[freebsd.boot]: hz=100
[freebsd.boot]: fd_reserve=1024
[freebsd.boot]: kern.ipc.maxsockets=262144
[freebsd.boot]: net.inet.tcp.syncache.hashsize=4096
[freebsd.boot]: net.inet.tcp.syncache.bucketlimit=100
[freebsd.boot]: net.inet.tcp.tcbhashsize=65536
[freebsd.boot]: kern.ncallout=262144
[freebsd.boot]: kern.features.inet6=1
[freebsd.boot]: net.inet6.ip6.auto_linklocal=1
[freebsd.boot]: net.inet6.ip6.accept_rtadv=2
[freebsd.boot]: net.inet6.icmp6.rediraccept=1
[freebsd.boot]: net.inet6.ip6.forwarding=0
[freebsd.sysctl]: kern.ipc.somaxconn=32768
[freebsd.sysctl]: kern.ipc.maxsockbuf=16777216
[freebsd.sysctl]: net.add_addr_allfibs=1
[freebsd.sysctl]: net.link.ether.inet.maxhold=5
[freebsd.sysctl]: net.inet.tcp.fast_finwait2_recycle=1
[freebsd.sysctl]: net.inet.tcp.sendspace=16384
[freebsd.sysctl]: net.inet.tcp.recvspace=8192
[freebsd.sysctl]: net.inet.tcp.cc.algorithm=cubic
[freebsd.sysctl]: net.inet.tcp.sendbuf_max=16777216
[freebsd.sysctl]: net.inet.tcp.recvbuf_max=16777216
[freebsd.sysctl]: net.inet.tcp.sendbuf_auto=1
[freebsd.sysctl]: net.inet.tcp.recvbuf_auto=1
[freebsd.sysctl]: net.inet.tcp.sendbuf_inc=16384
[freebsd.sysctl]: net.inet.tcp.sack.enable=1
[freebsd.sysctl]: net.inet.tcp.blackhole=1
[freebsd.sysctl]: net.inet.tcp.msl=2000
[freebsd.sysctl]: net.inet.tcp.delayed_ack=1
[freebsd.sysctl]: net.inet.tcp.rfc1323=1
[freebsd.sysctl]: net.inet.tcp.minmss=1
[freebsd.sysctl]: net.inet.tcp.mssdflt=128
[freebsd.sysctl]: net.inet.udp.blackhole=1
[freebsd.sysctl]: net.inet.udp.maxdgram=128
[freebsd.sysctl]: net.inet.ip.redirect=0
[freebsd.sysctl]: net.inet.ip.forwarding=0
[freebsd.sysctl]: net.inet.tcp.functions_default=freebsd
[freebsd.sysctl]: net.inet.tcp.hpts.skip_swi=1
[freebsd.sysctl]: net.inet.tcp.hpts.minsleep=250
[freebsd.sysctl]: net.inet.tcp.hpts.maxsleep=51200
f-stack -c2 -n1 --proc-type=primary 
EAL: Detected CPU lcores: 16
EAL: Detected NUMA nodes: 1
EAL: Detected shared linkage of DPDK
EAL: Multi-process socket /var/run/dpdk/rte/mp_socket
EAL: Selected IOVA mode 'VA'
EAL: No available 2048 kB hugepages reported
EAL: VFIO support initialized
EAL: Using IOMMU type 1 (Type 1)
EAL: Probe PCI driver: net_ice (8086:1592) device: 0000:65:00.0 (socket 0)
ice_load_pkg_type(): Active package is: 1.3.30.0, ICE OS Default Package (single VLAN mode)
TELEMETRY: No legacy callbacks, legacy socket not created
lcore: 1, port: 0, queue: 0
create mbuf pool on socket 0
create ring:dispatch_ring_p0_q0 success, 2047 ring entries are now free!
Port 0 MAC: 40 a6 b7 0a 7f 08
Port 0 modified RSS hash function based on hardware support,requested:0x2003ffffc configured:0x7ffc
port[0]: rss table size: 512
ice_set_rx_function(): Using AVX2 OFFLOAD Vector Rx (port 0).
set port 0 to promiscuous mode ok

Checking link status............................................................done
Port 0 Link Up - speed 100000 Mbps - full-duplex
Timecounters tick every 10.000 msec
WARNING: Adding ifaddrs to all fibs has been turned off by default. Consider tuning net.add_addr_allfibs if needed
Attempting to load tcp_bbr
tcp_bbr is now available
TCP Hpts created 1 swi interrupt threads and bound 0 to cpus
Timecounter "ff_clock" frequency 100 Hz quality 1
TCP_ratelimit: Is now initialized
f-stack-0: No addr6 config found.
f-stack-0: Ethernet address: 40:a6:b7:0a:7f:08
connected
pps=2128804; bps=2179895783;
pps=2121167; bps=2172075664;
pps=2128363; bps=2179444130;
pps=2126849; bps=2177894331;
pps=2126277; bps=2177308594;
pps=2128357; bps=2179437875;
pps=2126278; bps=2177308815;
pps=2125885; bps=2176906539;
pps=2126341; bps=2177374159;
pps=2126550; bps=2177587238;
pps=2126204; bps=2177233471;
pps=2126311; bps=2177342884;
pps=2133714; bps=2184924090;
pps=2134570; bps=2185800274;
pps=2131247; bps=2182397530;
pps=2126460; bps=2177495923;
pps=2126384; bps=2177417459;
pps=2124507; bps=2175495619;
Terminated
