EAL: Detected CPU lcores: 16
EAL: Detected NUMA nodes: 1
EAL: Detected static linkage of DPDK
EAL: Multi-process socket /var/run/dpdk/rte/mp_socket
EAL: Selected IOVA mode 'VA'
EAL: VFIO support initialized
EAL: Using IOMMU type 1 (Type 1)
EAL: Probe PCI driver: net_ice (8086:1592) device: 0000:65:00.0 (socket 0)
ice_load_pkg_type(): Active package is: 1.3.30.0, ICE OS Default Package (single VLAN mode)
ice_set_rx_function(): Using AVX2 Vector Rx (port 0).
app-ndpiptest: connected
ndpip_rx_thread: avg_burst=0.000036; avg_replies=0.000008; pps=3387.834907;
pps=2047214; bps=20963475039;
ndpip_rx_thread: avg_burst=0.035584; avg_replies=0.008387; pps=2048186.582564;
pps=2049420; bps=20986063158;
ndpip_rx_thread: avg_burst=0.035657; avg_replies=0.008376; pps=2049464.936416;
pps=2052979; bps=21022511169;
ndpip_rx_thread: avg_burst=0.035829; avg_replies=0.008331; pps=2052968.999532;
pps=2055637; bps=21049732585;
ndpip_rx_thread: avg_burst=0.035925; avg_replies=0.008323; pps=2055641.136027;
pps=2054006; bps=21033025937;
ndpip_rx_thread: avg_burst=0.035887; avg_replies=0.008328; pps=2054023.283147;
pps=2053190; bps=21024671990;
ndpip_rx_thread: avg_burst=0.035852; avg_replies=0.008354; pps=2053149.474817;
pps=2049672; bps=20988645296;
ndpip_rx_thread: avg_burst=0.035742; avg_replies=0.008388; pps=2049669.774220;
pps=2051027; bps=21002524880;
ndpip_rx_thread: avg_burst=0.035785; avg_replies=0.008394; pps=2051009.158864;
pps=2050222; bps=20994277805;
ndpip_rx_thread: avg_burst=0.035768; avg_replies=0.008393; pps=2050260.923301;
pps=2050298; bps=20995057468;
ndpip_rx_thread: avg_burst=0.035778; avg_replies=0.008388; pps=2050270.096882;
pps=2050359; bps=20995681365;
ndpip_rx_thread: avg_burst=0.035793; avg_replies=0.008376; pps=2050388.350513;
pps=2049761; bps=20989558941;
ndpip_rx_thread: avg_burst=0.035774; avg_replies=0.008387; pps=2049774.755608;
pps=2050786; bps=21000055200;
ndpip_rx_thread: avg_burst=0.035794; avg_replies=0.008383; pps=2050797.564885;
pps=2050988; bps=21002120683;
ndpip_rx_thread: avg_burst=0.035826; avg_replies=0.008378; pps=2050940.241689;
pps=2052867; bps=21021362506;
ndpip_rx_thread: avg_burst=0.035919; avg_replies=0.008376; pps=2052905.180224;
pps=2056731; bps=21060930082;
ndpip_rx_thread: avg_burst=0.036049; avg_replies=0.008317; pps=2056750.600283;
pps=2056932; bps=21062989192;
ndpip_rx_thread: avg_burst=0.036082; avg_replies=0.008325; pps=2056961.668091;
