EAL: Detected CPU lcores: 16
EAL: Detected NUMA nodes: 1
EAL: Detected static linkage of DPDK
EAL: Multi-process socket /var/run/dpdk/rte/mp_socket
EAL: Selected IOVA mode 'VA'
EAL: VFIO support initialized
EAL: Using IOMMU type 1 (Type 1)
EAL: Probe PCI driver: net_ice (8086:1592) device: 0000:65:00.0 (socket 0)
ice_load_pkg_type(): Active package is: 1.3.30.0, ICE OS Default Package (single VLAN mode)
ice_set_rx_function(): Using AVX2 Vector Rx (port 0).
app-ndpiptest: connected
ndpip_rx_thread: avg_burst=0.096038; avg_replies=0.009034; pps=3129202.986328;
pps=3210805; bps=3287864361;
ndpip_rx_thread: avg_burst=0.101669; avg_replies=0.009568; pps=3210386.314828;
pps=3210285; bps=3287331954;
ndpip_rx_thread: avg_burst=0.101714; avg_replies=0.009575; pps=3210276.953295;
pps=3210027; bps=3287068081;
ndpip_rx_thread: avg_burst=0.101559; avg_replies=0.009555; pps=3208380.618097;
pps=3208583; bps=3285589440;
ndpip_rx_thread: avg_burst=0.101752; avg_replies=0.009577; pps=3209383.436105;
pps=3209416; bps=3286442818;
ndpip_rx_thread: avg_burst=0.101940; avg_replies=0.009578; pps=3212539.108456;
pps=3212468; bps=3289567624;
ndpip_rx_thread: avg_burst=0.102048; avg_replies=0.009613; pps=3211930.231605;
pps=3211989; bps=3289077567;
ndpip_rx_thread: avg_burst=0.101941; avg_replies=0.009581; pps=3212738.008112;
pps=3212789; bps=3289896131;
ndpip_rx_thread: avg_burst=0.102022; avg_replies=0.009599; pps=3213281.960813;
pps=3213207; bps=3290324084;
ndpip_rx_thread: avg_burst=0.102008; avg_replies=0.009586; pps=3213513.539021;
pps=3213483; bps=3290606856;
ndpip_rx_thread: avg_burst=0.102122; avg_replies=0.009607; pps=3215262.783283;
pps=3215488; bps=3292660297;
ndpip_rx_thread: avg_burst=0.101946; avg_replies=0.009597; pps=3212498.438991;
pps=3212285; bps=3289380144;
ndpip_rx_thread: avg_burst=0.101823; avg_replies=0.009571; pps=3211950.217889;
pps=3212061; bps=3289151222;
ndpip_rx_thread: avg_burst=0.101825; avg_replies=0.009577; pps=3211452.181486;
pps=3211541; bps=3288618774;
ndpip_rx_thread: avg_burst=0.102051; avg_replies=0.009591; pps=3213991.548402;
pps=3213976; bps=3291111784;
ndpip_rx_thread: avg_burst=0.102121; avg_replies=0.009619; pps=3211378.664512;
pps=3211140; bps=3288207954;
ndpip_rx_thread: avg_burst=0.102040; avg_replies=0.009580; pps=3212618.870596;
pps=3212732; bps=3289838461;
