EAL: Detected CPU lcores: 16
EAL: Detected NUMA nodes: 1
EAL: Detected static linkage of DPDK
EAL: Multi-process socket /var/run/dpdk/rte/mp_socket
EAL: Selected IOVA mode 'VA'
EAL: VFIO support initialized
EAL: Using IOMMU type 1 (Type 1)
EAL: Probe PCI driver: net_ice (8086:1592) device: 0000:65:00.0 (socket 0)
ice_load_pkg_type(): Active package is: 1.3.30.0, ICE OS Default Package (single VLAN mode)
ice_set_rx_function(): Using AVX2 Vector Rx (port 0).
app-ndpiptest: connected
ndpip_rx_thread: avg_burst=0.001517; avg_replies=0.000370; pps=139136.179240;
pps=2074346; bps=19117181841;
ndpip_rx_thread: avg_burst=0.036564; avg_replies=0.009244; pps=2073677.039018;
pps=2061009; bps=18994265808;
ndpip_rx_thread: avg_burst=0.036184; avg_replies=0.009424; pps=2061160.560734;
pps=2063863; bps=19020566652;
ndpip_rx_thread: avg_burst=0.036248; avg_replies=0.009389; pps=2063721.455523;
pps=2064433; bps=19025818102;
ndpip_rx_thread: avg_burst=0.036299; avg_replies=0.009391; pps=2064586.145431;
pps=2062494; bps=19007949892;
ndpip_rx_thread: avg_burst=0.036242; avg_replies=0.009408; pps=2062197.095641;
pps=2076203; bps=19134294218;
ndpip_rx_thread: avg_burst=0.036783; avg_replies=0.009199; pps=2077874.700293;
pps=2085061; bps=19215929962;
ndpip_rx_thread: avg_burst=0.037059; avg_replies=0.009098; pps=2084874.503003;
pps=2074860; bps=19121913328;
ndpip_rx_thread: avg_burst=0.036648; avg_replies=0.009257; pps=2073621.185516;
pps=2062918; bps=19011857397;
ndpip_rx_thread: avg_burst=0.036274; avg_replies=0.009409; pps=2062629.095810;
pps=2072527; bps=19100409396;
ndpip_rx_thread: avg_burst=0.036689; avg_replies=0.009257; pps=2074199.748698;
pps=2081286; bps=19181132454;
ndpip_rx_thread: avg_burst=0.036888; avg_replies=0.009171; pps=2079849.040783;
pps=2064031; bps=19022118851;
ndpip_rx_thread: avg_burst=0.036302; avg_replies=0.009403; pps=2064087.141471;
pps=2063441; bps=19016678667;
ndpip_rx_thread: avg_burst=0.036297; avg_replies=0.009403; pps=2063541.544772;
pps=2072080; bps=19096291008;
ndpip_rx_thread: avg_burst=0.036656; avg_replies=0.009265; pps=2073357.120957;
pps=2084959; bps=19214982713;
ndpip_rx_thread: avg_burst=0.037071; avg_replies=0.009108; pps=2085185.546247;
pps=2084514; bps=19210888877;
ndpip_rx_thread: avg_burst=0.037024; avg_replies=0.009134; pps=2083910.017940;
pps=2070261; bps=19079530647;
ndpip_rx_thread: avg_burst=0.036504; avg_replies=0.009326; pps=2069255.453846;
pps=2065645; bps=19036991289;
ndpip_rx_thread: avg_burst=0.036361; avg_replies=0.009363; pps=2065580.301341;
