EAL: Detected CPU lcores: 16
EAL: Detected NUMA nodes: 1
EAL: Detected static linkage of DPDK
EAL: Multi-process socket /var/run/dpdk/rte/mp_socket
EAL: Selected IOVA mode 'VA'
EAL: VFIO support initialized
EAL: Using IOMMU type 1 (Type 1)
EAL: Probe PCI driver: net_ice (8086:1592) device: 0000:65:00.0 (socket 0)
ice_load_pkg_type(): Active package is: 1.3.30.0, ICE OS Default Package (single VLAN mode)
ice_set_rx_function(): Using AVX2 Vector Rx (port 0).
app-ndpiptest: connected
ndpip_rx_thread: avg_burst=0.000000; avg_replies=0.000000; pps=1.999925;
pps=7621590; bps=70240579126;
ndpip_rx_thread: avg_burst=1.978923; avg_replies=0.081778; pps=9677104.723683;
pps=10162318; bps=93655931175;
ndpip_rx_thread: avg_burst=25.759324; avg_replies=1.000000; pps=10162315.855214;
pps=10162329; bps=93656025147;
ndpip_rx_thread: avg_burst=26.836169; avg_replies=1.000000; pps=10162314.086218;
pps=10162324; bps=93655981344;
ndpip_rx_thread: avg_burst=27.934515; avg_replies=1.000000; pps=10162312.850670;
pps=10162290; bps=93655666197;
ndpip_rx_thread: avg_burst=28.758691; avg_replies=1.000000; pps=10162322.301472;
pps=10162320; bps=93655949407;
ndpip_rx_thread: avg_burst=29.413024; avg_replies=1.000000; pps=10162299.041872;
pps=10162330; bps=93656035742;
ndpip_rx_thread: avg_burst=30.031103; avg_replies=1.000000; pps=10162330.555977;
pps=10162302; bps=93655775753;
ndpip_rx_thread: avg_burst=30.794144; avg_replies=1.000000; pps=10162310.593998;
pps=10162287; bps=93655639735;
ndpip_rx_thread: avg_burst=31.290023; avg_replies=1.000000; pps=10162321.013681;
pps=10162338; bps=93656113515;
ndpip_rx_thread: avg_burst=31.865051; avg_replies=1.000000; pps=10162283.839400;
pps=10162312; bps=93655867610;
ndpip_rx_thread: avg_burst=32.415058; avg_replies=1.000000; pps=10162321.266739;
pps=10162310; bps=93655856772;
ndpip_rx_thread: avg_burst=33.127436; avg_replies=1.000000; pps=10162326.363842;
pps=10162298; bps=93655740503;
ndpip_rx_thread: avg_burst=34.065247; avg_replies=1.000000; pps=10162306.008640;
pps=10162333; bps=93656067008;
ndpip_rx_thread: avg_burst=34.309476; avg_replies=1.000000; pps=10162323.506683;
