EAL: Detected CPU lcores: 16
EAL: Detected NUMA nodes: 1
EAL: Detected static linkage of DPDK
EAL: Multi-process socket /var/run/dpdk/rte/mp_socket
EAL: Selected IOVA mode 'VA'
EAL: VFIO support initialized
EAL: Using IOMMU type 1 (Type 1)
EAL: Probe PCI driver: net_ice (8086:1592) device: 0000:65:00.0 (socket 0)
ice_load_pkg_type(): Active package is: 1.3.30.0, ICE OS Default Package (single VLAN mode)
ice_set_rx_function(): Using AVX2 Vector Rx (port 0).
app-ndpiptest: connected
ndpip_rx_thread: avg_burst=0.000000; avg_replies=0.000000; pps=1.999958;
pps=2295; bps=7053252;
ndpip_rx_thread: avg_burst=0.000048; avg_replies=0.000001; pps=3312.913284;
pps=3; bps=12287;
ndpip_rx_thread: avg_burst=0.000000; avg_replies=0.000000; pps=3.999997;
pps=3; bps=12287;
ndpip_rx_thread: avg_burst=0.000000; avg_replies=0.000000; pps=3.999924;
pps=3; bps=12287;
ndpip_rx_thread: avg_burst=0.000000; avg_replies=0.000000; pps=3.999444;
pps=3; bps=12287;
ndpip_rx_thread: avg_burst=0.000000; avg_replies=0.000000; pps=3.999551;
pps=3; bps=12287;
ndpip_rx_thread: avg_burst=0.000000; avg_replies=0.000000; pps=3.999882;
pps=3; bps=12287;
ndpip_rx_thread: avg_burst=0.000000; avg_replies=0.000000; pps=3.999929;
pps=3; bps=12287;
ndpip_rx_thread: avg_burst=0.000000; avg_replies=0.000000; pps=3.999479;
pps=3; bps=12287;
ndpip_rx_thread: avg_burst=0.000000; avg_replies=0.000000; pps=3.999904;
pps=3; bps=12287;
ndpip_rx_thread: avg_burst=0.000000; avg_replies=0.000000; pps=3.999529;
pps=3; bps=12287;
ndpip_rx_thread: avg_burst=0.000000; avg_replies=0.000000; pps=3.999764;
pps=3; bps=12287;
ndpip_rx_thread: avg_burst=0.000000; avg_replies=0.000000; pps=3.999761;
pps=3; bps=12287;
ndpip_rx_thread: avg_burst=0.000000; avg_replies=0.000000; pps=3.999578;
pps=3; bps=12287;
ndpip_rx_thread: avg_burst=0.000000; avg_replies=0.000000; pps=3.999640;
pps=3; bps=12287;
