EAL: Detected CPU lcores: 16
EAL: Detected NUMA nodes: 1
EAL: Detected static linkage of DPDK
EAL: Multi-process socket /var/run/dpdk/rte/mp_socket
EAL: Selected IOVA mode 'VA'
EAL: VFIO support initialized
EAL: Using IOMMU type 1 (Type 1)
EAL: Probe PCI driver: net_ice (8086:1592) device: 0000:65:00.0 (socket 0)
ice_load_pkg_type(): Active package is: 1.3.30.0, ICE OS Default Package (single VLAN mode)
ice_set_rx_function(): Using AVX2 Vector Rx (port 0).
app-ndpiptest: connected
pps=0; bps=0;
pps=0; bps=0;
pps=0; bps=0;
pps=0; bps=0;
pps=0; bps=0;
pps=768350; bps=4007717044;
ndpip_rx_thread: avg_burst=0.010912; avg_replies=0.000000; pps=971891.846960;
pps=17408985; bps=90805270925;
ndpip_rx_thread: avg_burst=25.532838; avg_replies=0.000000; pps=17408961.807267;
pps=17408998; bps=90805336752;
ndpip_rx_thread: avg_burst=26.201386; avg_replies=0.000000; pps=17408999.280940;
pps=17408986; bps=90805271876;
ndpip_rx_thread: avg_burst=26.607315; avg_replies=0.000000; pps=17408969.602439;
pps=17408963; bps=90805155325;
ndpip_rx_thread: avg_burst=27.031512; avg_replies=0.000000; pps=17408982.496577;
pps=17408964; bps=90805158364;
ndpip_rx_thread: avg_burst=27.384049; avg_replies=0.000000; pps=17408955.224142;
pps=17408943; bps=90805048600;
ndpip_rx_thread: avg_burst=27.649940; avg_replies=0.000000; pps=17409003.074285;
pps=17408968; bps=90805178289;
ndpip_rx_thread: avg_burst=28.074142; avg_replies=0.000000; pps=17408966.732993;
pps=17409045; bps=90805580807;
ndpip_rx_thread: avg_burst=28.411433; avg_replies=0.000000; pps=17408986.578391;
pps=17408982; bps=90805252366;
ndpip_rx_thread: avg_burst=28.593278; avg_replies=0.000000; pps=17408971.317821;
pps=17408921; bps=90804933572;
ndpip_rx_thread: avg_burst=28.991042; avg_replies=0.000000; pps=17408970.328545;
pps=17409019; bps=90805444115;
ndpip_rx_thread: avg_burst=29.264614; avg_replies=0.000000; pps=17408966.947940;
pps=17408954; bps=90805106364;
ndpip_rx_thread: avg_burst=29.649849; avg_replies=0.000000; pps=17409013.793234;
pps=17408982; bps=90805250869;
ndpip_rx_thread: avg_burst=29.622706; avg_replies=0.000000; pps=17408959.657279;
pps=17408990; bps=90805292090;
ndpip_rx_thread: avg_burst=29.825519; avg_replies=0.000000; pps=17408983.017574;
pps=17408958; bps=90805129103;
ndpip_rx_thread: avg_burst=29.461454; avg_replies=0.000000; pps=17408972.851813;
