EAL: Detected CPU lcores: 16
EAL: Detected NUMA nodes: 1
EAL: Detected static linkage of DPDK
EAL: Multi-process socket /var/run/dpdk/rte/mp_socket
EAL: Selected IOVA mode 'VA'
EAL: VFIO support initialized
EAL: Using IOMMU type 1 (Type 1)
EAL: Probe PCI driver: net_ice (8086:1592) device: 0000:65:00.0 (socket 0)
ice_load_pkg_type(): Active package is: 1.3.30.0, ICE OS Default Package (single VLAN mode)
ice_set_rx_function(): Using AVX2 Vector Rx (port 0).
app-ndpiptest: connected
ndpip_rx_thread: avg_burst=0.000000; avg_replies=0.000000; pps=1.999954;
pps=2999; bps=6143947;
ndpip_rx_thread: avg_burst=0.000066; avg_replies=0.000001; pps=4595.591429;
pps=3; bps=8191;
ndpip_rx_thread: avg_burst=0.000000; avg_replies=0.000000; pps=3.999997;
pps=3; bps=8191;
ndpip_rx_thread: avg_burst=0.000000; avg_replies=0.000000; pps=3.999985;
pps=3; bps=8191;
ndpip_rx_thread: avg_burst=0.000000; avg_replies=0.000000; pps=3.999797;
pps=3; bps=8191;
ndpip_rx_thread: avg_burst=0.000000; avg_replies=0.000000; pps=3.999653;
pps=3; bps=8191;
ndpip_rx_thread: avg_burst=0.000000; avg_replies=0.000000; pps=3.999462;
pps=3; bps=8191;
ndpip_rx_thread: avg_burst=0.000000; avg_replies=0.000000; pps=3.999865;
pps=3; bps=8191;
ndpip_rx_thread: avg_burst=0.000000; avg_replies=0.000000; pps=3.999805;
pps=3; bps=8191;
ndpip_rx_thread: avg_burst=0.000000; avg_replies=0.000000; pps=3.999649;
pps=3; bps=8191;
ndpip_rx_thread: avg_burst=0.000000; avg_replies=0.000000; pps=3.999692;
pps=3; bps=8191;
ndpip_rx_thread: avg_burst=0.000000; avg_replies=0.000000; pps=3.999643;
pps=3; bps=8191;
ndpip_rx_thread: avg_burst=0.000000; avg_replies=0.000000; pps=3.999689;
pps=3; bps=8191;
ndpip_rx_thread: avg_burst=0.000000; avg_replies=0.000000; pps=3.999945;
pps=3; bps=8191;
ndpip_rx_thread: avg_burst=0.000000; avg_replies=0.000000; pps=3.999700;
