EAL: Detected CPU lcores: 16
EAL: Detected NUMA nodes: 1
EAL: Detected static linkage of DPDK
EAL: Multi-process socket /var/run/dpdk/rte/mp_socket
EAL: Selected IOVA mode 'VA'
EAL: VFIO support initialized
EAL: Using IOMMU type 1 (Type 1)
EAL: Probe PCI driver: net_ice (8086:1592) device: 0000:65:00.0 (socket 0)
ice_load_pkg_type(): Active package is: 1.3.30.0, ICE OS Default Package (single VLAN mode)
ice_set_rx_function(): Using AVX2 Vector Rx (port 0).
app-ndpiptest: connected
pps=0; bps=0;
pps=0; bps=0;
pps=0; bps=0;
pps=0; bps=0;
pps=0; bps=0;
pps=72139; bps=597894401;
ndpip_rx_thread: avg_burst=0.000770; avg_replies=0.000000; pps=72132.755707;
pps=7387948; bps=61231313699;
ndpip_rx_thread: avg_burst=0.215876; avg_replies=0.000000; pps=7401655.121743;
pps=11342686; bps=94008187361;
ndpip_rx_thread: avg_burst=4.899894; avg_replies=0.000000; pps=11342692.761686;
pps=11342703; bps=94008328251;
ndpip_rx_thread: avg_burst=4.903975; avg_replies=0.000000; pps=11342692.155898;
pps=11342677; bps=94008112421;
ndpip_rx_thread: avg_burst=4.912671; avg_replies=0.000000; pps=11342692.166079;
pps=11342685; bps=94008175819;
ndpip_rx_thread: avg_burst=4.920116; avg_replies=0.000000; pps=11342693.409467;
pps=11342709; bps=94008379630;
ndpip_rx_thread: avg_burst=4.940349; avg_replies=0.000000; pps=11342690.343029;
pps=11342693; bps=94008244658;
ndpip_rx_thread: avg_burst=4.943513; avg_replies=0.000000; pps=11342682.042801;
pps=11342669; bps=94008047699;
ndpip_rx_thread: avg_burst=4.949896; avg_replies=0.000000; pps=11342704.022636;
pps=11342716; bps=94008431603;
ndpip_rx_thread: avg_burst=4.958475; avg_replies=0.000000; pps=11342691.780231;
pps=11342690; bps=94008219864;
ndpip_rx_thread: avg_burst=4.961329; avg_replies=0.000000; pps=11342692.233858;
pps=11342692; bps=94008237471;
ndpip_rx_thread: avg_burst=4.960543; avg_replies=0.000000; pps=11342687.585285;
pps=11342687; bps=94008196791;
ndpip_rx_thread: avg_burst=4.972769; avg_replies=0.000000; pps=11342695.490268;
pps=11342694; bps=94008248832;
ndpip_rx_thread: avg_burst=4.973490; avg_replies=0.000000; pps=11342691.925438;
pps=11342687; bps=94008192541;
ndpip_rx_thread: avg_burst=4.980393; avg_replies=0.000000; pps=11342693.967263;
