EAL: Detected CPU lcores: 16
EAL: Detected NUMA nodes: 1
EAL: Detected static linkage of DPDK
EAL: Multi-process socket /var/run/dpdk/rte/mp_socket
EAL: Selected IOVA mode 'VA'
EAL: VFIO support initialized
EAL: Using IOMMU type 1 (Type 1)
EAL: Probe PCI driver: net_ice (8086:1592) device: 0000:65:00.0 (socket 0)
ice_load_pkg_type(): Active package is: 1.3.30.0, ICE OS Default Package (single VLAN mode)
ice_set_rx_function(): Using AVX2 Vector Rx (port 0).
app-ndpiptest: connected
pps=0; bps=0;
pps=0; bps=0;
pps=0; bps=0;
pps=0; bps=0;
pps=0; bps=0;
pps=436344; bps=935521998;
ndpip_rx_thread: avg_burst=0.015807; avg_replies=0.000000; pps=1008702.278205;
pps=14006607; bps=30030166352;
ndpip_rx_thread: avg_burst=64.000000; avg_replies=0.000000; pps=14002921.109076;
pps=14018346; bps=30055335908;
ndpip_rx_thread: avg_burst=64.000000; avg_replies=0.000000; pps=14026053.073487;
pps=14019979; bps=30058835343;
ndpip_rx_thread: avg_burst=64.000000; avg_replies=0.000000; pps=14021831.188315;
pps=14030901; bps=30082252345;
ndpip_rx_thread: avg_burst=64.000000; avg_replies=0.000000; pps=14027188.917087;
pps=14024399; bps=30068311784;
ndpip_rx_thread: avg_burst=64.000000; avg_replies=0.000000; pps=14028894.662718;
pps=14026551; bps=30072927160;
ndpip_rx_thread: avg_burst=64.000000; avg_replies=0.000000; pps=14026237.561856;
pps=14022517; bps=30064278032;
ndpip_rx_thread: avg_burst=64.000000; avg_replies=0.000000; pps=14017903.923431;
pps=14022812; bps=30064910407;
ndpip_rx_thread: avg_burst=64.000000; avg_replies=0.000000; pps=14023728.530767;
pps=14018520; bps=30055707462;
ndpip_rx_thread: avg_burst=64.000000; avg_replies=0.000000; pps=14025618.605437;
pps=14024169; bps=30067820337;
ndpip_rx_thread: avg_burst=64.000000; avg_replies=0.000000; pps=14021484.200692;
pps=14022328; bps=30063872008;
ndpip_rx_thread: avg_burst=64.000000; avg_replies=0.000000; pps=14020857.036074;
pps=14023849; bps=30067132467;
ndpip_rx_thread: avg_burst=64.000000; avg_replies=0.000000; pps=14027414.531657;
pps=14023769; bps=30066961077;
ndpip_rx_thread: avg_burst=64.000000; avg_replies=0.000000; pps=14022419.914192;
pps=14023754; bps=30066930358;
ndpip_rx_thread: avg_burst=64.000000; avg_replies=0.000000; pps=14022401.286669;
