EAL: Detected CPU lcores: 16
EAL: Detected NUMA nodes: 1
EAL: Detected static linkage of DPDK
EAL: Multi-process socket /var/run/dpdk/rte/mp_socket
EAL: Selected IOVA mode 'VA'
EAL: VFIO support initialized
EAL: Using IOMMU type 1 (Type 1)
EAL: Probe PCI driver: net_ice (8086:1592) device: 0000:65:00.0 (socket 0)
ice_load_pkg_type(): Active package is: 1.3.30.0, ICE OS Default Package (single VLAN mode)
ice_set_rx_function(): Using AVX2 Vector Rx (port 0).
app-ndpiptest: connected
pps=0; bps=0;
pps=0; bps=0;
pps=0; bps=0;
pps=0; bps=0;
pps=0; bps=0;
pps=4256343; bps=26559581398;
ndpip_rx_thread: avg_burst=0.063311; avg_replies=0.000000; pps=4269455.415265;
pps=14774987; bps=92195920080;
ndpip_rx_thread: avg_burst=10.647787; avg_replies=0.000000; pps=14775002.620828;
pps=14774990; bps=92195940726;
ndpip_rx_thread: avg_burst=10.688707; avg_replies=0.000000; pps=14774998.657563;
pps=14775020; bps=92196126660;
ndpip_rx_thread: avg_burst=10.705500; avg_replies=0.000000; pps=14774989.855079;
pps=14774978; bps=92195863095;
ndpip_rx_thread: avg_burst=10.740981; avg_replies=0.000000; pps=14775003.422467;
pps=14774995; bps=92195971445;
ndpip_rx_thread: avg_burst=10.756261; avg_replies=0.000000; pps=14775000.635434;
pps=14774997; bps=92195982074;
ndpip_rx_thread: avg_burst=10.777656; avg_replies=0.000000; pps=14774979.530066;
pps=14775004; bps=92196029612;
ndpip_rx_thread: avg_burst=10.785952; avg_replies=0.000000; pps=14775004.341202;
pps=14775000; bps=92196004596;
ndpip_rx_thread: avg_burst=10.798876; avg_replies=0.000000; pps=14775001.901555;
pps=14774987; bps=92195919612;
ndpip_rx_thread: avg_burst=10.843444; avg_replies=0.000000; pps=14774996.681121;
pps=14775002; bps=92196018507;
ndpip_rx_thread: avg_burst=10.842577; avg_replies=0.000000; pps=14774993.167500;
pps=14774992; bps=92195954128;
ndpip_rx_thread: avg_burst=10.856698; avg_replies=0.000000; pps=14775004.114135;
pps=14775000; bps=92196001092;
ndpip_rx_thread: avg_burst=10.879491; avg_replies=0.000000; pps=14774984.091663;
pps=14774981; bps=92195887564;
ndpip_rx_thread: avg_burst=10.870784; avg_replies=0.000000; pps=14774994.570900;
pps=14775000; bps=92196005324;
ndpip_rx_thread: avg_burst=10.879912; avg_replies=0.000000; pps=14775000.437988;
pps=14774455; bps=92192599749;
ndpip_rx_thread: avg_burst=10.940650; avg_replies=0.000000; pps=14774466.008677;
