EAL: Detected CPU lcores: 16
EAL: Detected NUMA nodes: 1
EAL: Detected static linkage of DPDK
EAL: Multi-process socket /var/run/dpdk/rte/mp_socket
EAL: Selected IOVA mode 'VA'
EAL: VFIO support initialized
EAL: Using IOMMU type 1 (Type 1)
EAL: Probe PCI driver: net_ice (8086:1592) device: 0000:65:00.0 (socket 0)
ice_load_pkg_type(): Active package is: 1.3.30.0, ICE OS Default Package (single VLAN mode)
ice_set_rx_function(): Using AVX2 Vector Rx (port 0).
app-ndpiptest: connected
pps=0; bps=0;
pps=0; bps=0;
pps=0; bps=0;
pps=0; bps=0;
pps=0; bps=0;
pps=519205; bps=4303178570;
ndpip_rx_thread: avg_burst=0.007815; avg_replies=0.000000; pps=519145.812311;
pps=11124124; bps=92196747184;
ndpip_rx_thread: avg_burst=3.844473; avg_replies=0.000000; pps=11129759.343592;
pps=11342707; bps=94008356100;
ndpip_rx_thread: avg_burst=6.955163; avg_replies=0.000000; pps=11342687.256103;
pps=11342677; bps=94008112795;
ndpip_rx_thread: avg_burst=6.956465; avg_replies=0.000000; pps=11342696.898951;
pps=11342691; bps=94008229392;
ndpip_rx_thread: avg_burst=6.961279; avg_replies=0.000000; pps=11342681.895704;
pps=11342699; bps=94008292832;
ndpip_rx_thread: avg_burst=6.981214; avg_replies=0.000000; pps=11342700.762753;
pps=11342697; bps=94008277641;
ndpip_rx_thread: avg_burst=6.958055; avg_replies=0.000000; pps=11342695.350895;
pps=11342685; bps=94008173561;
ndpip_rx_thread: avg_burst=6.974268; avg_replies=0.000000; pps=11342689.458144;
pps=11342690; bps=94008220579;
ndpip_rx_thread: avg_burst=6.989609; avg_replies=0.000000; pps=11342690.351409;
pps=11342689; bps=94008209458;
ndpip_rx_thread: avg_burst=6.965841; avg_replies=0.000000; pps=11342695.274990;
pps=11342696; bps=94008267112;
ndpip_rx_thread: avg_burst=6.985654; avg_replies=0.000000; pps=11342691.720305;
pps=11342698; bps=94008281538;
ndpip_rx_thread: avg_burst=6.990021; avg_replies=0.000000; pps=11342687.824582;
pps=11342684; bps=94008165537;
ndpip_rx_thread: avg_burst=6.984968; avg_replies=0.000000; pps=11342696.300106;
pps=11342697; bps=94008275525;
ndpip_rx_thread: avg_burst=6.990783; avg_replies=0.000000; pps=11342687.032693;
pps=11342692; bps=94008231733;
ndpip_rx_thread: avg_burst=6.999894; avg_replies=0.000000; pps=11342696.964845;
pps=11342687; bps=94008190694;
ndpip_rx_thread: avg_burst=7.015491; avg_replies=0.000000; pps=11342690.053967;
