EAL: Detected CPU lcores: 16
EAL: Detected NUMA nodes: 1
EAL: Detected static linkage of DPDK
EAL: Multi-process socket /var/run/dpdk/rte/mp_socket
EAL: Selected IOVA mode 'VA'
EAL: VFIO support initialized
EAL: Using IOMMU type 1 (Type 1)
EAL: Probe PCI driver: net_ice (8086:1592) device: 0000:65:00.0 (socket 0)
ice_load_pkg_type(): Active package is: 1.3.30.0, ICE OS Default Package (single VLAN mode)
ice_set_rx_function(): Using AVX2 Vector Rx (port 0).
app-ndpiptest: connected
ndpip_rx_thread: avg_burst=0.000204; avg_replies=0.000004; pps=19181.795172;
pps=11191; bps=5730281;
ndpip_rx_thread: avg_burst=0.000000; avg_replies=0.000000; pps=3.999581;
pps=3; bps=2047;
ndpip_rx_thread: avg_burst=0.000000; avg_replies=0.000000; pps=3.999997;
pps=3; bps=2047;
ndpip_rx_thread: avg_burst=0.000000; avg_replies=0.000000; pps=3.999725;
pps=3; bps=2047;
ndpip_rx_thread: avg_burst=0.000000; avg_replies=0.000000; pps=3.999737;
pps=3; bps=2047;
ndpip_rx_thread: avg_burst=0.000000; avg_replies=0.000000; pps=3.999724;
pps=3; bps=2047;
ndpip_rx_thread: avg_burst=0.000000; avg_replies=0.000000; pps=3.999753;
pps=3; bps=2047;
ndpip_rx_thread: avg_burst=0.000000; avg_replies=0.000000; pps=3.999585;
pps=3; bps=2047;
ndpip_rx_thread: avg_burst=0.000000; avg_replies=0.000000; pps=3.999904;
pps=3; bps=2047;
ndpip_rx_thread: avg_burst=0.000000; avg_replies=0.000000; pps=3.999834;
pps=3; bps=2047;
ndpip_rx_thread: avg_burst=0.000000; avg_replies=0.000000; pps=3.999703;
pps=3; bps=2047;
ndpip_rx_thread: avg_burst=0.000000; avg_replies=0.000000; pps=3.999682;
pps=3; bps=2047;
ndpip_rx_thread: avg_burst=0.000000; avg_replies=0.000000; pps=3.999664;
pps=3; bps=2047;
ndpip_rx_thread: avg_burst=0.000000; avg_replies=0.000000; pps=3.999678;
pps=3; bps=2047;
ndpip_rx_thread: avg_burst=0.000000; avg_replies=0.000000; pps=3.999850;
pps=3; bps=2047;
ndpip_rx_thread: avg_burst=0.000000; avg_replies=0.000000; pps=3.999598;
pps=3; bps=2047;
