EAL: Detected CPU lcores: 16
EAL: Detected NUMA nodes: 1
EAL: Detected static linkage of DPDK
EAL: Multi-process socket /var/run/dpdk/rte/mp_socket
EAL: Selected IOVA mode 'VA'
EAL: VFIO support initialized
EAL: Using IOMMU type 1 (Type 1)
EAL: Probe PCI driver: net_ice (8086:1592) device: 0000:65:00.0 (socket 0)
ice_load_pkg_type(): Active package is: 1.3.30.0, ICE OS Default Package (single VLAN mode)
ice_set_rx_function(): Using AVX2 Vector Rx (port 0).
app-ndpiptest: connected
pps=0; bps=0;
pps=0; bps=0;
pps=0; bps=0;
pps=0; bps=0;
pps=0; bps=0;
pps=633450; bps=3952730665;
ndpip_rx_thread: avg_burst=0.009578; avg_replies=0.000000; pps=633419.365601;
pps=12175987; bps=75978164524;
ndpip_rx_thread: avg_burst=0.975115; avg_replies=0.000000; pps=12194769.558935;
pps=14774971; bps=92195823431;
ndpip_rx_thread: avg_burst=27.933018; avg_replies=0.000000; pps=14774998.881071;
pps=14775015; bps=92196096948;
ndpip_rx_thread: avg_burst=27.982289; avg_replies=0.000000; pps=14774976.767217;
pps=14774972; bps=92195827179;
ndpip_rx_thread: avg_burst=28.115483; avg_replies=0.000000; pps=14775008.133906;
pps=14775025; bps=92196157930;
ndpip_rx_thread: avg_burst=28.065284; avg_replies=0.000000; pps=14774989.132164;
pps=14774965; bps=92195785951;
ndpip_rx_thread: avg_burst=28.063216; avg_replies=0.000000; pps=14774998.459848;
pps=14775017; bps=92196109813;
ndpip_rx_thread: avg_burst=28.099530; avg_replies=0.000000; pps=14774988.453023;
pps=14774988; bps=92195926579;
ndpip_rx_thread: avg_burst=28.198471; avg_replies=0.000000; pps=14775007.221985;
pps=14774985; bps=92195909423;
ndpip_rx_thread: avg_burst=28.189400; avg_replies=0.000000; pps=14774988.763840;
pps=14775010; bps=92196068568;
ndpip_rx_thread: avg_burst=28.163048; avg_replies=0.000000; pps=14774996.946799;
pps=14774986; bps=92195915389;
ndpip_rx_thread: avg_burst=28.223268; avg_replies=0.000000; pps=14774988.140812;
pps=13230243; bps=82556719385;
ndpip_rx_thread: avg_burst=63.999733; avg_replies=0.000000; pps=13085350.858900;
pps=13083718; bps=81642400658;
ndpip_rx_thread: avg_burst=64.000000; avg_replies=0.000000; pps=13083055.574288;
pps=13085181; bps=81651533789;
ndpip_rx_thread: avg_burst=64.000000; avg_replies=0.000000; pps=13080030.969132;
pps=13060252; bps=81495977844;
ndpip_rx_thread: avg_burst=64.000000; avg_replies=0.000000; pps=13043961.601194;
