EAL: Detected CPU lcores: 16
EAL: Detected NUMA nodes: 1
EAL: Detected static linkage of DPDK
EAL: Multi-process socket /var/run/dpdk/rte/mp_socket
EAL: Selected IOVA mode 'VA'
EAL: VFIO support initialized
EAL: Using IOMMU type 1 (Type 1)
EAL: Probe PCI driver: net_ice (8086:1592) device: 0000:65:00.0 (socket 0)
ice_load_pkg_type(): Active package is: 1.3.30.0, ICE OS Default Package (single VLAN mode)
ice_set_rx_function(): Using AVX2 Vector Rx (port 0).
app-ndpiptest: connected
ndpip_rx_thread: avg_burst=0.000000; avg_replies=0.000000; pps=1.999856;
pps=30583; bps=15659006;
ndpip_rx_thread: avg_burst=0.000413; avg_replies=0.000007; pps=38763.604797;
pps=3; bps=2047;
ndpip_rx_thread: avg_burst=0.000000; avg_replies=0.000000; pps=3.999896;
pps=3; bps=2047;
ndpip_rx_thread: avg_burst=0.000000; avg_replies=0.000000; pps=3.999844;
pps=3; bps=2047;
ndpip_rx_thread: avg_burst=0.000000; avg_replies=0.000000; pps=3.999913;
pps=3; bps=2047;
ndpip_rx_thread: avg_burst=0.000000; avg_replies=0.000000; pps=3.999876;
pps=3; bps=2047;
ndpip_rx_thread: avg_burst=0.000000; avg_replies=0.000000; pps=3.999921;
pps=3; bps=2047;
ndpip_rx_thread: avg_burst=0.000000; avg_replies=0.000000; pps=3.999971;
pps=3; bps=2047;
ndpip_rx_thread: avg_burst=0.000000; avg_replies=0.000000; pps=3.999918;
pps=3; bps=2047;
ndpip_rx_thread: avg_burst=0.000000; avg_replies=0.000000; pps=3.999950;
pps=3; bps=2047;
ndpip_rx_thread: avg_burst=0.000000; avg_replies=0.000000; pps=3.999875;
pps=3; bps=2047;
ndpip_rx_thread: avg_burst=0.000000; avg_replies=0.000000; pps=3.999881;
pps=3; bps=2047;
ndpip_rx_thread: avg_burst=0.000000; avg_replies=0.000000; pps=3.999752;
pps=3; bps=2047;
ndpip_rx_thread: avg_burst=0.000000; avg_replies=0.000000; pps=3.999977;
pps=3; bps=2047;
ndpip_rx_thread: avg_burst=0.000000; avg_replies=0.000000; pps=3.999989;
pps=3; bps=2047;
ndpip_rx_thread: avg_burst=0.000000; avg_replies=0.000000; pps=3.999876;
