EAL: Detected CPU lcores: 16
EAL: Detected NUMA nodes: 1
EAL: Detected static linkage of DPDK
EAL: Multi-process socket /var/run/dpdk/rte/mp_socket
EAL: Selected IOVA mode 'VA'
EAL: VFIO support initialized
EAL: Using IOMMU type 1 (Type 1)
EAL: Probe PCI driver: net_ice (8086:1592) device: 0000:65:00.0 (socket 0)
ice_load_pkg_type(): Active package is: 1.3.30.0, ICE OS Default Package (single VLAN mode)
ice_set_rx_function(): Using AVX2 Vector Rx (port 0).
app-ndpiptest: connected
pps=0; bps=0;
pps=0; bps=0;
pps=0; bps=0;
pps=0; bps=0;
pps=0; bps=0;
pps=3091933; bps=16127524362;
ndpip_rx_thread: avg_burst=0.059708; avg_replies=0.000000; pps=3109103.332318;
pps=13170525; bps=68697463217;
ndpip_rx_thread: avg_burst=64.000000; avg_replies=0.000000; pps=13173199.519135;
pps=13177515; bps=68733921240;
ndpip_rx_thread: avg_burst=64.000000; avg_replies=0.000000; pps=13177512.566899;
pps=13183790; bps=68766652099;
ndpip_rx_thread: avg_burst=64.000000; avg_replies=0.000000; pps=13180241.104007;
pps=13181242; bps=68753361664;
ndpip_rx_thread: avg_burst=64.000000; avg_replies=0.000000; pps=13181255.810168;
pps=13173563; bps=68713308851;
ndpip_rx_thread: avg_burst=64.000000; avg_replies=0.000000; pps=13178023.049577;
pps=13179833; bps=68746012153;
ndpip_rx_thread: avg_burst=64.000000; avg_replies=0.000000; pps=13174111.276258;
pps=13174683; bps=68719146653;
ndpip_rx_thread: avg_burst=64.000000; avg_replies=0.000000; pps=13175888.039723;
pps=13172892; bps=68709809843;
ndpip_rx_thread: avg_burst=64.000000; avg_replies=0.000000; pps=13182156.879626;
pps=13181547; bps=68754951980;
ndpip_rx_thread: avg_burst=64.000000; avg_replies=0.000000; pps=13174624.943264;
pps=13183027; bps=68762669058;
ndpip_rx_thread: avg_burst=64.000000; avg_replies=0.000000; pps=13181011.755099;
pps=13179922; bps=68746474038;
ndpip_rx_thread: avg_burst=64.000000; avg_replies=0.000000; pps=13177643.152027;
pps=13177089; bps=68731698344;
ndpip_rx_thread: avg_burst=64.000000; avg_replies=0.000000; pps=13179442.500827;
pps=13182374; bps=68759267684;
ndpip_rx_thread: avg_burst=64.000000; avg_replies=0.000000; pps=13182948.222171;
pps=13178735; bps=68740283956;
ndpip_rx_thread: avg_burst=64.000000; avg_replies=0.000000; pps=13183711.444192;
pps=13158426; bps=68634351243;
ndpip_rx_thread: avg_burst=64.000000; avg_replies=0.000000; pps=13124063.273941;
