EAL: Detected CPU lcores: 16
EAL: Detected NUMA nodes: 1
EAL: Detected static linkage of DPDK
EAL: Multi-process socket /var/run/dpdk/rte/mp_socket
EAL: Selected IOVA mode 'VA'
EAL: VFIO support initialized
EAL: Using IOMMU type 1 (Type 1)
EAL: Probe PCI driver: net_ice (8086:1592) device: 0000:65:00.0 (socket 0)
ice_load_pkg_type(): Active package is: 1.3.30.0, ICE OS Default Package (single VLAN mode)
ice_set_rx_function(): Using AVX2 Vector Rx (port 0).
app-ndpiptest: connected
pps=0; bps=0;
pps=0; bps=0;
pps=0; bps=0;
pps=0; bps=0;
pps=0; bps=0;
pps=129786; bps=1341472121;
ndpip_rx_thread: avg_burst=0.001395; avg_replies=0.000000; pps=129782.085152;
pps=7709713; bps=79687600916;
ndpip_rx_thread: avg_burst=0.421324; avg_replies=0.000000; pps=7714691.439321;
pps=9204453; bps=95137230258;
ndpip_rx_thread: avg_burst=2.579967; avg_replies=0.000000; pps=9204453.744591;
pps=9204455; bps=95137249664;
ndpip_rx_thread: avg_burst=2.597498; avg_replies=0.000000; pps=9204451.324418;
pps=9204452; bps=95137221288;
ndpip_rx_thread: avg_burst=2.613794; avg_replies=0.000000; pps=9204453.140942;
pps=9204444; bps=95137138146;
ndpip_rx_thread: avg_burst=2.621663; avg_replies=0.000000; pps=9204451.884974;
pps=9204449; bps=95137186855;
ndpip_rx_thread: avg_burst=2.625930; avg_replies=0.000000; pps=9204453.840668;
pps=9204464; bps=95137345328;
ndpip_rx_thread: avg_burst=2.631389; avg_replies=0.000000; pps=9204453.278284;
pps=9204450; bps=95137202827;
ndpip_rx_thread: avg_burst=2.641205; avg_replies=0.000000; pps=9204450.452250;
pps=9204453; bps=95137232564;
ndpip_rx_thread: avg_burst=2.639091; avg_replies=0.000000; pps=9204455.813940;
pps=9204450; bps=95137197429;
ndpip_rx_thread: avg_burst=2.642225; avg_replies=0.000000; pps=9204451.282944;
pps=9204454; bps=95137239145;
ndpip_rx_thread: avg_burst=2.648108; avg_replies=0.000000; pps=9204452.398437;
pps=9204453; bps=95137233978;
ndpip_rx_thread: avg_burst=2.650311; avg_replies=0.000000; pps=9204440.109818;
pps=9204453; bps=95137229196;
ndpip_rx_thread: avg_burst=2.651426; avg_replies=0.000000; pps=9204466.915720;
pps=9204450; bps=95137203494;
ndpip_rx_thread: avg_burst=2.654830; avg_replies=0.000000; pps=9204452.742905;
