EAL: Detected CPU lcores: 16
EAL: Detected NUMA nodes: 1
EAL: Detected static linkage of DPDK
EAL: Multi-process socket /var/run/dpdk/rte/mp_socket
EAL: Selected IOVA mode 'VA'
EAL: VFIO support initialized
EAL: Using IOMMU type 1 (Type 1)
EAL: Probe PCI driver: net_ice (8086:1592) device: 0000:65:00.0 (socket 0)
ice_load_pkg_type(): Active package is: 1.3.30.0, ICE OS Default Package (single VLAN mode)
ice_set_rx_function(): Using AVX2 Vector Rx (port 0).
app-ndpiptest: connected
pps=0; bps=0;
pps=0; bps=0;
pps=0; bps=0;
pps=0; bps=0;
pps=0; bps=0;
pps=899017; bps=10212834331;
ndpip_rx_thread: avg_burst=0.014751; avg_replies=0.000000; pps=912569.703698;
pps=8411600; bps=95555782236;
ndpip_rx_thread: avg_burst=2.634015; avg_replies=0.000000; pps=8411613.852037;
pps=8411605; bps=95555841978;
ndpip_rx_thread: avg_burst=2.613154; avg_replies=0.000000; pps=8411603.219210;
pps=8411613; bps=95555928684;
ndpip_rx_thread: avg_burst=2.618618; avg_replies=0.000000; pps=8411610.370638;
pps=8411604; bps=95555831906;
ndpip_rx_thread: avg_burst=2.623982; avg_replies=0.000000; pps=8411606.461256;
pps=8411606; bps=95555852553;
ndpip_rx_thread: avg_burst=2.629307; avg_replies=0.000000; pps=8411602.653266;
pps=8411605; bps=95555841647;
ndpip_rx_thread: avg_burst=2.648578; avg_replies=0.000000; pps=8411607.190275;
pps=8411602; bps=95555801485;
ndpip_rx_thread: avg_burst=2.634159; avg_replies=0.000000; pps=8411606.762339;
pps=8411610; bps=95555898779;
ndpip_rx_thread: avg_burst=2.630076; avg_replies=0.000000; pps=8411607.673294;
pps=8411601; bps=95555788271;
ndpip_rx_thread: avg_burst=2.636125; avg_replies=0.000000; pps=8411607.148512;
pps=8411610; bps=95555890857;
ndpip_rx_thread: avg_burst=2.647581; avg_replies=0.000000; pps=8411603.283095;
pps=8411606; bps=95555845622;
ndpip_rx_thread: avg_burst=2.616618; avg_replies=0.000000; pps=8411606.806556;
pps=8411603; bps=95555812710;
ndpip_rx_thread: avg_burst=2.622241; avg_replies=0.000000; pps=8411605.837693;
pps=8411609; bps=95555882745;
ndpip_rx_thread: avg_burst=2.627499; avg_replies=0.000000; pps=8411605.579229;
pps=8411606; bps=95555850355;
ndpip_rx_thread: avg_burst=2.629662; avg_replies=0.000000; pps=8411605.558484;
