EAL: Detected CPU lcores: 16
EAL: Detected NUMA nodes: 1
EAL: Detected static linkage of DPDK
EAL: Multi-process socket /var/run/dpdk/rte/mp_socket
EAL: Selected IOVA mode 'VA'
EAL: VFIO support initialized
EAL: Using IOMMU type 1 (Type 1)
EAL: Probe PCI driver: net_ice (8086:1592) device: 0000:65:00.0 (socket 0)
ice_load_pkg_type(): Active package is: 1.3.30.0, ICE OS Default Package (single VLAN mode)
ice_set_rx_function(): Using AVX2 Vector Rx (port 0).
app-ndpiptest: connected
pps=0; bps=0;
pps=0; bps=0;
pps=0; bps=0;
pps=0; bps=0;
pps=0; bps=0;
pps=3534398; bps=25673867414;
ndpip_rx_thread: avg_burst=0.071520; avg_replies=0.000000; pps=3582799.746313;
pps=12833323; bps=93221261173;
ndpip_rx_thread: avg_burst=11.132263; avg_replies=0.000000; pps=12833308.255580;
pps=12833312; bps=93221178609;
ndpip_rx_thread: avg_burst=11.136807; avg_replies=0.000000; pps=12833321.538156;
pps=12833310; bps=93221166692;
ndpip_rx_thread: avg_burst=11.133418; avg_replies=0.000000; pps=12833310.063538;
pps=12833317; bps=93221217199;
ndpip_rx_thread: avg_burst=11.155491; avg_replies=0.000000; pps=12833313.323773;
pps=12833314; bps=93221198468;
ndpip_rx_thread: avg_burst=11.147730; avg_replies=0.000000; pps=12833305.931476;
pps=12833300; bps=93221096708;
ndpip_rx_thread: avg_burst=11.167335; avg_replies=0.000000; pps=12833313.478933;
pps=12833317; bps=93221221036;
ndpip_rx_thread: avg_burst=11.169360; avg_replies=0.000000; pps=12833313.323523;
pps=12833306; bps=93221138444;
ndpip_rx_thread: avg_burst=11.167224; avg_replies=0.000000; pps=12833316.414880;
pps=12833324; bps=93221271936;
ndpip_rx_thread: avg_burst=11.166869; avg_replies=0.000000; pps=12833307.781497;
pps=12833306; bps=93221137825;
ndpip_rx_thread: avg_burst=11.177401; avg_replies=0.000000; pps=12833311.203244;
pps=12833310; bps=93221170982;
ndpip_rx_thread: avg_burst=11.166904; avg_replies=0.000000; pps=12833320.744548;
pps=12833312; bps=93221182602;
ndpip_rx_thread: avg_burst=11.177268; avg_replies=0.000000; pps=12833304.564625;
pps=12833315; bps=93221200620;
ndpip_rx_thread: avg_burst=11.178371; avg_replies=0.000000; pps=12833321.107997;
pps=12833311; bps=93221174748;
ndpip_rx_thread: avg_burst=11.176580; avg_replies=0.000000; pps=12833310.235039;
pps=12833315; bps=93221200287;
ndpip_rx_thread: avg_burst=11.234609; avg_replies=0.000000; pps=12833310.602647;
