EAL: Detected CPU lcores: 16
EAL: Detected NUMA nodes: 1
EAL: Detected static linkage of DPDK
EAL: Multi-process socket /var/run/dpdk/rte/mp_socket
EAL: Selected IOVA mode 'VA'
EAL: VFIO support initialized
EAL: Using IOMMU type 1 (Type 1)
EAL: Probe PCI driver: net_ice (8086:1592) device: 0000:65:00.0 (socket 0)
ice_load_pkg_type(): Active package is: 1.3.30.0, ICE OS Default Package (single VLAN mode)
ice_set_rx_function(): Using AVX2 Vector Rx (port 0).
app-ndpiptest: connected
pps=0; bps=0;
pps=0; bps=0;
pps=0; bps=0;
pps=0; bps=0;
pps=0; bps=0;
pps=970611; bps=1087085251;
ndpip_rx_thread: avg_burst=0.020893; avg_replies=0.000000; pps=1326503.827308;
pps=14872516; bps=16657218573;
ndpip_rx_thread: avg_burst=64.000000; avg_replies=0.000000; pps=14874777.643826;
pps=14873332; bps=16658132903;
ndpip_rx_thread: avg_burst=64.000000; avg_replies=0.000000; pps=14876947.233990;
pps=14876985; bps=16662224223;
ndpip_rx_thread: avg_burst=64.000000; avg_replies=0.000000; pps=14874795.763379;
pps=14874522; bps=16659464806;
ndpip_rx_thread: avg_burst=64.000000; avg_replies=0.000000; pps=14873498.382423;
pps=14877892; bps=16663239571;
ndpip_rx_thread: avg_burst=64.000000; avg_replies=0.000000; pps=14874740.497439;
pps=14875787; bps=16660881740;
ndpip_rx_thread: avg_burst=64.000000; avg_replies=0.000000; pps=14879094.700872;
pps=14874637; bps=16659593461;
ndpip_rx_thread: avg_burst=64.000000; avg_replies=0.000000; pps=14873486.055206;
pps=14875844; bps=16660946340;
ndpip_rx_thread: avg_burst=64.000000; avg_replies=0.000000; pps=14873794.112135;
pps=14872249; bps=16656919773;
ndpip_rx_thread: avg_burst=64.000000; avg_replies=0.000000; pps=14874201.125150;
pps=14878415; bps=16663825015;
ndpip_rx_thread: avg_burst=64.000000; avg_replies=0.000000; pps=14870869.130133;
pps=14869394; bps=16653722096;
ndpip_rx_thread: avg_burst=64.000000; avg_replies=0.000000; pps=14878625.063799;
pps=14876350; bps=16661512232;
ndpip_rx_thread: avg_burst=64.000000; avg_replies=0.000000; pps=14877783.529537;
pps=14872042; bps=16656687573;
ndpip_rx_thread: avg_burst=64.000000; avg_replies=0.000000; pps=14870840.597564;
pps=14877322; bps=16662601027;
ndpip_rx_thread: avg_burst=64.000000; avg_replies=0.000000; pps=14868416.247395;
