EAL: Detected CPU lcores: 16
EAL: Detected NUMA nodes: 1
EAL: Detected static linkage of DPDK
EAL: Multi-process socket /var/run/dpdk/rte/mp_socket
EAL: Selected IOVA mode 'VA'
EAL: VFIO support initialized
EAL: Using IOMMU type 1 (Type 1)
EAL: Probe PCI driver: net_ice (8086:1592) device: 0000:65:00.0 (socket 0)
ice_load_pkg_type(): Active package is: 1.3.30.0, ICE OS Default Package (single VLAN mode)
ice_set_rx_function(): Using AVX2 Vector Rx (port 0).
app-ndpiptest: connected
pps=0; bps=0;
pps=0; bps=0;
pps=0; bps=0;
pps=0; bps=0;
pps=0; bps=0;
pps=2918407; bps=30164656348;
ndpip_rx_thread: avg_burst=0.060957; avg_replies=0.000000; pps=2925378.318145;
pps=9204453; bps=95137233611;
ndpip_rx_thread: avg_burst=3.908182; avg_replies=0.000000; pps=9204456.969761;
pps=9204454; bps=95137241139;
ndpip_rx_thread: avg_burst=3.932131; avg_replies=0.000000; pps=9204448.223292;
pps=9204450; bps=95137195242;
ndpip_rx_thread: avg_burst=3.934991; avg_replies=0.000000; pps=9204457.355429;
pps=9204454; bps=95137246263;
ndpip_rx_thread: avg_burst=3.948978; avg_replies=0.000000; pps=9204452.030675;
pps=9204450; bps=95137197177;
ndpip_rx_thread: avg_burst=3.954576; avg_replies=0.000000; pps=9204454.971533;
pps=9204454; bps=95137240485;
ndpip_rx_thread: avg_burst=3.960387; avg_replies=0.000000; pps=9204450.783516;
pps=9204447; bps=95137174135;
ndpip_rx_thread: avg_burst=3.955802; avg_replies=0.000000; pps=9204454.277904;
pps=9204459; bps=95137289073;
ndpip_rx_thread: avg_burst=3.970686; avg_replies=0.000000; pps=9204454.109958;
pps=9204452; bps=95137221775;
ndpip_rx_thread: avg_burst=3.952321; avg_replies=0.000000; pps=9204451.035838;
pps=9204452; bps=95137221568;
ndpip_rx_thread: avg_burst=3.967622; avg_replies=0.000000; pps=9204455.915387;
pps=9204453; bps=95137228336;
ndpip_rx_thread: avg_burst=3.967037; avg_replies=0.000000; pps=9204449.448778;
pps=9204452; bps=95137225998;
ndpip_rx_thread: avg_burst=3.976730; avg_replies=0.000000; pps=9204451.843668;
pps=9204446; bps=95137154496;
ndpip_rx_thread: avg_burst=3.976116; avg_replies=0.000000; pps=9204453.958190;
pps=9204454; bps=95137240541;
ndpip_rx_thread: avg_burst=3.955143; avg_replies=0.000000; pps=9204451.835203;
