EAL: Detected CPU lcores: 16
EAL: Detected NUMA nodes: 1
EAL: Detected static linkage of DPDK
EAL: Multi-process socket /var/run/dpdk/rte/mp_socket
EAL: Selected IOVA mode 'VA'
EAL: VFIO support initialized
EAL: Using IOMMU type 1 (Type 1)
EAL: Probe PCI driver: net_ice (8086:1592) device: 0000:65:00.0 (socket 0)
ice_load_pkg_type(): Active package is: 1.3.30.0, ICE OS Default Package (single VLAN mode)
ice_set_rx_function(): Using AVX2 Vector Rx (port 0).
app-ndpiptest: connected
pps=0; bps=0;
pps=0; bps=0;
pps=0; bps=0;
pps=0; bps=0;
pps=0; bps=0;
pps=1364972; bps=12710627849;
ndpip_rx_thread: avg_burst=0.017028; avg_replies=0.000000; pps=1392342.521549;
pps=10162320; bps=94631531225;
ndpip_rx_thread: avg_burst=3.372653; avg_replies=0.000000; pps=10162317.683933;
pps=10162314; bps=94631471645;
ndpip_rx_thread: avg_burst=3.394847; avg_replies=0.000000; pps=10162297.069125;
pps=10162313; bps=94631461246;
ndpip_rx_thread: avg_burst=3.421301; avg_replies=0.000000; pps=10162333.375353;
pps=10162312; bps=94631456294;
ndpip_rx_thread: avg_burst=3.430477; avg_replies=0.000000; pps=10162312.496086;
pps=10162312; bps=94631456052;
ndpip_rx_thread: avg_burst=3.452161; avg_replies=0.000000; pps=10162314.994516;
pps=10162319; bps=94631522102;
ndpip_rx_thread: avg_burst=3.455448; avg_replies=0.000000; pps=10162316.837405;
pps=10162276; bps=94631121303;
ndpip_rx_thread: avg_burst=3.463595; avg_replies=0.000000; pps=10162307.185087;
pps=10162351; bps=94631821380;
ndpip_rx_thread: avg_burst=3.463731; avg_replies=0.000000; pps=10162318.766717;
pps=10162311; bps=94631444507;
ndpip_rx_thread: avg_burst=3.473392; avg_replies=0.000000; pps=10162314.493551;
pps=10162313; bps=94631459748;
ndpip_rx_thread: avg_burst=3.478683; avg_replies=0.000000; pps=10162314.723580;
pps=10162318; bps=94631506316;
ndpip_rx_thread: avg_burst=3.482857; avg_replies=0.000000; pps=10162315.101465;
pps=10162313; bps=94631460615;
ndpip_rx_thread: avg_burst=3.489885; avg_replies=0.000000; pps=10162313.769362;
pps=10162312; bps=94631451268;
ndpip_rx_thread: avg_burst=3.487796; avg_replies=0.000000; pps=10162317.743944;
pps=10162313; bps=94631464527;
ndpip_rx_thread: avg_burst=3.486807; avg_replies=0.000000; pps=10162304.010047;
