EAL: Detected CPU lcores: 16
EAL: Detected NUMA nodes: 1
EAL: Detected static linkage of DPDK
EAL: Multi-process socket /var/run/dpdk/rte/mp_socket
EAL: Selected IOVA mode 'VA'
EAL: VFIO support initialized
EAL: Using IOMMU type 1 (Type 1)
EAL: Probe PCI driver: net_ice (8086:1592) device: 0000:65:00.0 (socket 0)
ice_load_pkg_type(): Active package is: 1.3.30.0, ICE OS Default Package (single VLAN mode)
ice_set_rx_function(): Using AVX2 Vector Rx (port 0).
app-ndpiptest: connected
pps=0; bps=0;
pps=0; bps=0;
pps=0; bps=0;
pps=0; bps=0;
pps=0; bps=0;
pps=1541534; bps=11197709367;
ndpip_rx_thread: avg_burst=0.018861; avg_replies=0.000000; pps=1565434.873117;
pps=12833306; bps=93221139723;
ndpip_rx_thread: avg_burst=7.403719; avg_replies=0.000000; pps=12833304.643630;
pps=12833326; bps=93221282850;
ndpip_rx_thread: avg_burst=7.426307; avg_replies=0.000000; pps=12833322.478088;
pps=12833302; bps=93221111774;
ndpip_rx_thread: avg_burst=7.442641; avg_replies=0.000000; pps=12833310.913423;
pps=12833300; bps=93221091598;
ndpip_rx_thread: avg_burst=7.457731; avg_replies=0.000000; pps=12833314.170302;
pps=12833337; bps=93221365217;
ndpip_rx_thread: avg_burst=7.481563; avg_replies=0.000000; pps=12833312.114293;
pps=12833303; bps=93221117432;
ndpip_rx_thread: avg_burst=7.490672; avg_replies=0.000000; pps=12833306.172589;
pps=12833325; bps=93221273788;
ndpip_rx_thread: avg_burst=7.500343; avg_replies=0.000000; pps=12833312.088345;
pps=12833302; bps=93221109348;
ndpip_rx_thread: avg_burst=7.518027; avg_replies=0.000000; pps=12833310.264785;
pps=12833322; bps=93221253545;
ndpip_rx_thread: avg_burst=7.524541; avg_replies=0.000000; pps=12833323.120962;
pps=12833307; bps=93221146915;
ndpip_rx_thread: avg_burst=7.541702; avg_replies=0.000000; pps=12833314.258551;
pps=12833275; bps=93220910748;
ndpip_rx_thread: avg_burst=7.545718; avg_replies=0.000000; pps=12833312.875430;
pps=12833351; bps=93221466289;
ndpip_rx_thread: avg_burst=7.554722; avg_replies=0.000000; pps=12833308.785214;
pps=12833321; bps=93221247209;
ndpip_rx_thread: avg_burst=7.544665; avg_replies=0.000000; pps=12833314.956478;
pps=12833288; bps=93221004589;
ndpip_rx_thread: avg_burst=7.548324; avg_replies=0.000000; pps=12833307.784418;
