EAL: Detected CPU lcores: 16
EAL: Detected NUMA nodes: 1
EAL: Detected static linkage of DPDK
EAL: Multi-process socket /var/run/dpdk/rte/mp_socket
EAL: Selected IOVA mode 'VA'
EAL: VFIO support initialized
EAL: Using IOMMU type 1 (Type 1)
EAL: Probe PCI driver: net_ice (8086:1592) device: 0000:65:00.0 (socket 0)
ice_load_pkg_type(): Active package is: 1.3.30.0, ICE OS Default Package (single VLAN mode)
ice_set_rx_function(): Using AVX2 Vector Rx (port 0).
app-ndpiptest: connected
ndpip_rx_thread: avg_burst=0.000266; avg_replies=0.000008; pps=18430.582209;
pps=2423; bps=620538;
ndpip_rx_thread: avg_burst=0.000000; avg_replies=0.000000; pps=3.999985;
pps=3; bps=1023;
ndpip_rx_thread: avg_burst=0.000000; avg_replies=0.000000; pps=3.999912;
pps=3; bps=1023;
ndpip_rx_thread: avg_burst=0.000000; avg_replies=0.000000; pps=3.999938;
pps=3; bps=1023;
ndpip_rx_thread: avg_burst=0.000000; avg_replies=0.000000; pps=3.999769;
pps=3; bps=1023;
ndpip_rx_thread: avg_burst=0.000000; avg_replies=0.000000; pps=3.999526;
pps=3; bps=1023;
ndpip_rx_thread: avg_burst=0.000000; avg_replies=0.000000; pps=3.999523;
pps=3; bps=1023;
ndpip_rx_thread: avg_burst=0.000000; avg_replies=0.000000; pps=3.999681;
pps=3; bps=1023;
ndpip_rx_thread: avg_burst=0.000000; avg_replies=0.000000; pps=3.999914;
pps=3; bps=1023;
ndpip_rx_thread: avg_burst=0.000000; avg_replies=0.000000; pps=3.999890;
pps=3; bps=1023;
ndpip_rx_thread: avg_burst=0.000000; avg_replies=0.000000; pps=3.999650;
pps=3; bps=1023;
ndpip_rx_thread: avg_burst=0.000000; avg_replies=0.000000; pps=3.999458;
pps=3; bps=1023;
ndpip_rx_thread: avg_burst=0.000000; avg_replies=0.000000; pps=3.999810;
pps=3; bps=1023;
ndpip_rx_thread: avg_burst=0.000000; avg_replies=0.000000; pps=3.999686;
pps=3; bps=1023;
