EAL: Detected CPU lcores: 16
EAL: Detected NUMA nodes: 1
EAL: Detected static linkage of DPDK
EAL: Multi-process socket /var/run/dpdk/rte/mp_socket
EAL: Selected IOVA mode 'VA'
EAL: VFIO support initialized
EAL: Using IOMMU type 1 (Type 1)
EAL: Probe PCI driver: net_ice (8086:1592) device: 0000:65:00.0 (socket 0)
ice_load_pkg_type(): Active package is: 1.3.30.0, ICE OS Default Package (single VLAN mode)
ice_set_rx_function(): Using AVX2 Vector Rx (port 0).
app-ndpiptest: connected
ndpip_rx_thread: avg_burst=0.000051; avg_replies=0.000001; pps=3505.787914;
pps=2487; bps=10190840;
ndpip_rx_thread: avg_burst=0.000000; avg_replies=0.000000; pps=3.999795;
pps=3; bps=16383;
ndpip_rx_thread: avg_burst=0.000000; avg_replies=0.000000; pps=3.999782;
pps=3; bps=16383;
ndpip_rx_thread: avg_burst=0.000000; avg_replies=0.000000; pps=3.999803;
pps=3; bps=16383;
ndpip_rx_thread: avg_burst=0.000000; avg_replies=0.000000; pps=3.999501;
pps=3; bps=16383;
ndpip_rx_thread: avg_burst=0.000000; avg_replies=0.000000; pps=3.999858;
pps=3; bps=16383;
ndpip_rx_thread: avg_burst=0.000000; avg_replies=0.000000; pps=3.999659;
pps=3; bps=16383;
ndpip_rx_thread: avg_burst=0.000000; avg_replies=0.000000; pps=3.999858;
pps=3; bps=16383;
ndpip_rx_thread: avg_burst=0.000000; avg_replies=0.000000; pps=3.999705;
pps=3; bps=16383;
ndpip_rx_thread: avg_burst=0.000000; avg_replies=0.000000; pps=3.999470;
pps=3; bps=16383;
ndpip_rx_thread: avg_burst=0.000000; avg_replies=0.000000; pps=3.999805;
pps=3; bps=16383;
ndpip_rx_thread: avg_burst=0.000000; avg_replies=0.000000; pps=3.999884;
pps=3; bps=16383;
ndpip_rx_thread: avg_burst=0.000000; avg_replies=0.000000; pps=3.999691;
pps=3; bps=16383;
ndpip_rx_thread: avg_burst=0.000000; avg_replies=0.000000; pps=3.999875;
pps=3; bps=16383;
