EAL: Detected CPU lcores: 16
EAL: Detected NUMA nodes: 1
EAL: Detected static linkage of DPDK
EAL: Multi-process socket /var/run/dpdk/rte/mp_socket
EAL: Selected IOVA mode 'VA'
EAL: VFIO support initialized
EAL: Using IOMMU type 1 (Type 1)
EAL: Probe PCI driver: net_ice (8086:1592) device: 0000:65:00.0 (socket 0)
ice_load_pkg_type(): Active package is: 1.3.30.0, ICE OS Default Package (single VLAN mode)
ice_set_rx_function(): Using AVX2 Vector Rx (port 0).
app-ndpiptest: connected
pps=0; bps=0;
pps=0; bps=0;
pps=0; bps=0;
pps=0; bps=0;
pps=0; bps=0;
pps=566885; bps=1795894751;
ndpip_rx_thread: avg_burst=0.008582; avg_replies=0.000000; pps=566887.520444;
pps=5025108; bps=15919542956;
ndpip_rx_thread: avg_burst=0.121741; avg_replies=0.000000; pps=5224504.318563;
pps=13816649; bps=43771146999;
ndpip_rx_thread: avg_burst=64.000000; avg_replies=0.000000; pps=13818435.042091;
pps=13819606; bps=43780514052;
ndpip_rx_thread: avg_burst=64.000000; avg_replies=0.000000; pps=13818580.600669;
pps=13820594; bps=43783643381;
ndpip_rx_thread: avg_burst=64.000000; avg_replies=0.000000; pps=13821266.553473;
pps=13820148; bps=43782230183;
ndpip_rx_thread: avg_burst=64.000000; avg_replies=0.000000; pps=13820936.556515;
pps=13819256; bps=43779405464;
ndpip_rx_thread: avg_burst=64.000000; avg_replies=0.000000; pps=13816122.463448;
pps=13816770; bps=43771528865;
ndpip_rx_thread: avg_burst=64.000000; avg_replies=0.000000; pps=13814964.350012;
pps=13818266; bps=43776267041;
ndpip_rx_thread: avg_burst=64.000000; avg_replies=0.000000; pps=13819373.524327;
pps=13815691; bps=43768110902;
ndpip_rx_thread: avg_burst=64.000000; avg_replies=0.000000; pps=13815977.715761;
pps=13813198; bps=43760213647;
ndpip_rx_thread: avg_burst=64.000000; avg_replies=0.000000; pps=13814601.395151;
pps=13816119; bps=43769467846;
ndpip_rx_thread: avg_burst=64.000000; avg_replies=0.000000; pps=13817769.544589;
pps=13816703; bps=43771315965;
ndpip_rx_thread: avg_burst=64.000000; avg_replies=0.000000; pps=13818976.705307;
pps=13819545; bps=43780319931;
ndpip_rx_thread: avg_burst=64.000000; avg_replies=0.000000; pps=13819356.992007;
pps=13821181; bps=43785503368;
ndpip_rx_thread: avg_burst=64.000000; avg_replies=0.000000; pps=13819085.251896;
