EAL: Detected CPU lcores: 16
EAL: Detected NUMA nodes: 1
EAL: Detected static linkage of DPDK
EAL: Multi-process socket /var/run/dpdk/rte/mp_socket
EAL: Selected IOVA mode 'VA'
EAL: VFIO support initialized
EAL: Using IOMMU type 1 (Type 1)
EAL: Probe PCI driver: net_ice (8086:1592) device: 0000:65:00.0 (socket 0)
ice_load_pkg_type(): Active package is: 1.3.30.0, ICE OS Default Package (single VLAN mode)
ice_set_rx_function(): Using AVX2 Vector Rx (port 0).
app-ndpiptest: connected
pps=0; bps=0;
pps=0; bps=0;
pps=0; bps=0;
pps=0; bps=0;
pps=0; bps=0;
pps=1340150; bps=5617909877;
ndpip_rx_thread: avg_burst=0.025651; avg_replies=0.000000; pps=1559979.883558;
pps=13341718; bps=55928485995;
ndpip_rx_thread: avg_burst=64.000000; avg_replies=0.000000; pps=13339447.111624;
pps=13372640; bps=56058110514;
ndpip_rx_thread: avg_burst=64.000000; avg_replies=0.000000; pps=13373789.911187;
pps=13369188; bps=56043638477;
ndpip_rx_thread: avg_burst=64.000000; avg_replies=0.000000; pps=13367631.910034;
pps=13370002; bps=56047049525;
ndpip_rx_thread: avg_burst=64.000000; avg_replies=0.000000; pps=13371142.958948;
pps=13365151; bps=56026713254;
ndpip_rx_thread: avg_burst=64.000000; avg_replies=0.000000; pps=13364479.598858;
pps=13366105; bps=56030712232;
ndpip_rx_thread: avg_burst=64.000000; avg_replies=0.000000; pps=13370369.386298;
pps=13367456; bps=56036376147;
ndpip_rx_thread: avg_burst=64.000000; avg_replies=0.000000; pps=13365349.850363;
pps=13365119; bps=56026580294;
ndpip_rx_thread: avg_burst=64.000000; avg_replies=0.000000; pps=13365451.783794;
pps=13371114; bps=56051713655;
ndpip_rx_thread: avg_burst=64.000000; avg_replies=0.000000; pps=13367411.613420;
pps=13364878; bps=56025568958;
ndpip_rx_thread: avg_burst=64.000000; avg_replies=0.000000; pps=13363152.493169;
pps=13367047; bps=56034662991;
ndpip_rx_thread: avg_burst=64.000000; avg_replies=0.000000; pps=13368690.354973;
pps=13369555; bps=56045176512;
ndpip_rx_thread: avg_burst=64.000000; avg_replies=0.000000; pps=13374917.485682;
pps=13366350; bps=56031741498;
ndpip_rx_thread: avg_burst=64.000000; avg_replies=0.000000; pps=13363245.079874;
pps=13362697; bps=56016429013;
ndpip_rx_thread: avg_burst=64.000000; avg_replies=0.000000; pps=13361383.216345;
pps=13349185; bps=55959786692;
ndpip_rx_thread: avg_burst=64.000000; avg_replies=0.000000; pps=13334732.493679;
