EAL: Detected CPU lcores: 16
EAL: Detected NUMA nodes: 1
EAL: Detected static linkage of DPDK
EAL: Multi-process socket /var/run/dpdk/rte/mp_socket
EAL: Selected IOVA mode 'VA'
EAL: VFIO support initialized
EAL: Using IOMMU type 1 (Type 1)
EAL: Probe PCI driver: net_ice (8086:1592) device: 0000:65:00.0 (socket 0)
ice_load_pkg_type(): Active package is: 1.3.30.0, ICE OS Default Package (single VLAN mode)
ice_set_rx_function(): Using AVX2 Vector Rx (port 0).
app-ndpiptest: connected
pps=0; bps=0;
pps=0; bps=0;
pps=0; bps=0;
pps=0; bps=0;
pps=0; bps=0;
pps=3820895; bps=2323104479;
ndpip_rx_thread: avg_burst=0.081523; avg_replies=0.000000; pps=4051561.128403;
pps=14918673; bps=9070553741;
ndpip_rx_thread: avg_burst=64.000000; avg_replies=0.000000; pps=14915605.818313;
pps=14911656; bps=9066287323;
ndpip_rx_thread: avg_burst=64.000000; avg_replies=0.000000; pps=14916023.045317;
pps=14921760; bps=9072430375;
ndpip_rx_thread: avg_burst=64.000000; avg_replies=0.000000; pps=14922250.709830;
pps=14915572; bps=9068668049;
ndpip_rx_thread: avg_burst=64.000000; avg_replies=0.000000; pps=14912095.883452;
pps=14919092; bps=9070808253;
ndpip_rx_thread: avg_burst=64.000000; avg_replies=0.000000; pps=14918358.009469;
pps=14914851; bps=9068229556;
ndpip_rx_thread: avg_burst=64.000000; avg_replies=0.000000; pps=14918985.683524;
pps=14912028; bps=9066513368;
ndpip_rx_thread: avg_burst=64.000000; avg_replies=0.000000; pps=14913794.653465;
pps=14916034; bps=9068948928;
ndpip_rx_thread: avg_burst=64.000000; avg_replies=0.000000; pps=14913681.210552;
pps=14913916; bps=9067661383;
ndpip_rx_thread: avg_burst=64.000000; avg_replies=0.000000; pps=14913898.932699;
pps=14915037; bps=9068343045;
ndpip_rx_thread: avg_burst=64.000000; avg_replies=0.000000; pps=14917170.279199;
pps=14919566; bps=9071096481;
ndpip_rx_thread: avg_burst=64.000000; avg_replies=0.000000; pps=14913734.956360;
pps=14913337; bps=9067309324;
ndpip_rx_thread: avg_burst=64.000000; avg_replies=0.000000; pps=14911917.254155;
pps=14909496; bps=9064973878;
ndpip_rx_thread: avg_burst=64.000000; avg_replies=0.000000; pps=14913888.319375;
pps=14914864; bps=9068237817;
ndpip_rx_thread: avg_burst=64.000000; avg_replies=0.000000; pps=14913116.917427;
pps=14896188; bps=9056882482;
