EAL: Detected CPU lcores: 16
EAL: Detected NUMA nodes: 1
EAL: Detected static linkage of DPDK
EAL: Multi-process socket /var/run/dpdk/rte/mp_socket
EAL: Selected IOVA mode 'VA'
EAL: VFIO support initialized
EAL: Using IOMMU type 1 (Type 1)
EAL: Probe PCI driver: net_ice (8086:1592) device: 0000:65:00.0 (socket 0)
ice_load_pkg_type(): Active package is: 1.3.30.0, ICE OS Default Package (single VLAN mode)
ice_set_rx_function(): Using AVX2 Vector Rx (port 0).
app-ndpiptest: connected
pps=0; bps=0;
pps=0; bps=0;
pps=0; bps=0;
pps=0; bps=0;
pps=0; bps=0;
pps=728549; bps=3054081228;
ndpip_rx_thread: avg_burst=0.008079; avg_replies=0.000000; pps=728530.071430;
pps=12937795; bps=54235240141;
ndpip_rx_thread: avg_burst=0.602336; avg_replies=0.000000; pps=12952730.141698;
pps=16685192; bps=69944327794;
ndpip_rx_thread: avg_burst=64.000000; avg_replies=0.000000; pps=16685708.018827;
pps=16638670; bps=69749307926;
ndpip_rx_thread: avg_burst=64.000000; avg_replies=0.000000; pps=16637791.204703;
pps=16641912; bps=69762897055;
ndpip_rx_thread: avg_burst=64.000000; avg_replies=0.000000; pps=16639325.209727;
pps=16612268; bps=69638630356;
ndpip_rx_thread: avg_burst=64.000000; avg_replies=0.000000; pps=16614974.651773;
pps=16606990; bps=69616502273;
ndpip_rx_thread: avg_burst=64.000000; avg_replies=0.000000; pps=16605134.182655;
pps=16590950; bps=69549262663;
ndpip_rx_thread: avg_burst=64.000000; avg_replies=0.000000; pps=16587397.350910;
pps=16573850; bps=69477579672;
ndpip_rx_thread: avg_burst=64.000000; avg_replies=0.000000; pps=16577850.564842;
pps=16578213; bps=69495870569;
ndpip_rx_thread: avg_burst=64.000000; avg_replies=0.000000; pps=16576220.517804;
pps=16564331; bps=69437677928;
ndpip_rx_thread: avg_burst=64.000000; avg_replies=0.000000; pps=16559925.779545;
pps=16555246; bps=69399591591;
ndpip_rx_thread: avg_burst=64.000000; avg_replies=0.000000; pps=16557864.432853;
pps=16553463; bps=69392118808;
ndpip_rx_thread: avg_burst=64.000000; avg_replies=0.000000; pps=16554190.301006;
pps=16541215; bps=69340773704;
ndpip_rx_thread: avg_burst=64.000000; avg_replies=0.000000; pps=16538202.773040;
pps=16532365; bps=69303678072;
ndpip_rx_thread: avg_burst=64.000000; avg_replies=0.000000; pps=16530528.874177;
