EAL: Detected CPU lcores: 16
EAL: Detected NUMA nodes: 1
EAL: Detected static linkage of DPDK
EAL: Multi-process socket /var/run/dpdk/rte/mp_socket
EAL: Selected IOVA mode 'VA'
EAL: VFIO support initialized
EAL: Using IOMMU type 1 (Type 1)
EAL: Probe PCI driver: net_ice (8086:1592) device: 0000:65:00.0 (socket 0)
ice_load_pkg_type(): Active package is: 1.3.30.0, ICE OS Default Package (single VLAN mode)
ice_set_rx_function(): Using AVX2 Vector Rx (port 0).
app-ndpiptest: connected
pps=0; bps=0;
pps=0; bps=0;
pps=0; bps=0;
pps=0; bps=0;
pps=0; bps=0;
pps=2075753; bps=23580565080;
ndpip_rx_thread: avg_burst=0.028801; avg_replies=0.000000; pps=2079673.547783;
pps=8411607; bps=95555866625;
ndpip_rx_thread: avg_burst=1.729858; avg_replies=0.000000; pps=8411605.515907;
pps=8411604; bps=95555828907;
ndpip_rx_thread: avg_burst=1.763422; avg_replies=0.000000; pps=8411607.047893;
pps=8411610; bps=95555900699;
ndpip_rx_thread: avg_burst=1.778959; avg_replies=0.000000; pps=8411604.413199;
pps=8411602; bps=95555806096;
ndpip_rx_thread: avg_burst=1.788320; avg_replies=0.000000; pps=8411606.658923;
pps=8411610; bps=95555892411;
ndpip_rx_thread: avg_burst=1.791252; avg_replies=0.000000; pps=8411607.156868;
pps=8411605; bps=95555834710;
ndpip_rx_thread: avg_burst=1.793510; avg_replies=0.000000; pps=8411608.137659;
pps=8411597; bps=95555745177;
ndpip_rx_thread: avg_burst=1.798602; avg_replies=0.000000; pps=8411604.020286;
pps=8411617; bps=95555973121;
ndpip_rx_thread: avg_burst=1.803175; avg_replies=0.000000; pps=8411606.507346;
pps=8411603; bps=95555816535;
ndpip_rx_thread: avg_burst=1.804469; avg_replies=0.000000; pps=8411608.413097;
pps=8411600; bps=95555787086;
ndpip_rx_thread: avg_burst=1.805312; avg_replies=0.000000; pps=8411604.224647;
pps=8411612; bps=95555923109;
ndpip_rx_thread: avg_burst=1.803433; avg_replies=0.000000; pps=8411607.516165;
pps=8411605; bps=95555835627;
ndpip_rx_thread: avg_burst=1.805739; avg_replies=0.000000; pps=8411603.679608;
pps=8411607; bps=95555865007;
ndpip_rx_thread: avg_burst=1.806580; avg_replies=0.000000; pps=8411606.779798;
pps=8411599; bps=95555772747;
ndpip_rx_thread: avg_burst=1.806382; avg_replies=0.000000; pps=8411606.761172;
pps=8411612; bps=95555922307;
ndpip_rx_thread: avg_burst=1.812134; avg_replies=0.000000; pps=8411607.605425;
