EAL: Detected CPU lcores: 16
EAL: Detected NUMA nodes: 1
EAL: Detected static linkage of DPDK
EAL: Multi-process socket /var/run/dpdk/rte/mp_socket
EAL: Selected IOVA mode 'VA'
EAL: VFIO support initialized
EAL: Using IOMMU type 1 (Type 1)
EAL: Probe PCI driver: net_ice (8086:1592) device: 0000:65:00.0 (socket 0)
ice_load_pkg_type(): Active package is: 1.3.30.0, ICE OS Default Package (single VLAN mode)
ice_set_rx_function(): Using AVX2 Vector Rx (port 0).
app-ndpiptest: connected
pps=0; bps=0;
pps=0; bps=0;
pps=0; bps=0;
pps=0; bps=0;
pps=0; bps=0;
pps=427932; bps=4423114664;
ndpip_rx_thread: avg_burst=0.004751; avg_replies=0.000000; pps=427924.987044;
pps=8546769; bps=88339410592;
ndpip_rx_thread: avg_burst=0.865315; avg_replies=0.000000; pps=8551770.015777;
pps=9204456; bps=95137257630;
ndpip_rx_thread: avg_burst=2.712289; avg_replies=0.000000; pps=9204455.274586;
pps=9204455; bps=95137252914;
ndpip_rx_thread: avg_burst=2.734222; avg_replies=0.000000; pps=9204451.702806;
pps=9204450; bps=95137201309;
ndpip_rx_thread: avg_burst=2.760310; avg_replies=0.000000; pps=9204456.433659;
pps=9204453; bps=95137232931;
ndpip_rx_thread: avg_burst=2.770243; avg_replies=0.000000; pps=9204443.652693;
pps=9204455; bps=95137248287;
ndpip_rx_thread: avg_burst=2.777846; avg_replies=0.000000; pps=9204462.334172;
pps=9204450; bps=95137202979;
ndpip_rx_thread: avg_burst=2.781154; avg_replies=0.000000; pps=9204452.963926;
pps=9204445; bps=95137149788;
ndpip_rx_thread: avg_burst=2.783662; avg_replies=0.000000; pps=9204449.976113;
pps=9204461; bps=95137309625;
ndpip_rx_thread: avg_burst=2.788076; avg_replies=0.000000; pps=9204452.069136;
pps=9204450; bps=95137201698;
ndpip_rx_thread: avg_burst=2.790440; avg_replies=0.000000; pps=9204453.811808;
pps=9204444; bps=95137137129;
ndpip_rx_thread: avg_burst=2.793618; avg_replies=0.000000; pps=9204453.695857;
pps=9204461; bps=95137317346;
ndpip_rx_thread: avg_burst=2.796129; avg_replies=0.000000; pps=9204451.296613;
pps=9204447; bps=95137172562;
ndpip_rx_thread: avg_burst=2.797321; avg_replies=0.000000; pps=9204453.032783;
pps=9204456; bps=95137257315;
ndpip_rx_thread: avg_burst=2.801350; avg_replies=0.000000; pps=9204454.090417;
