EAL: Detected CPU lcores: 16
EAL: Detected NUMA nodes: 1
EAL: Detected static linkage of DPDK
EAL: Multi-process socket /var/run/dpdk/rte/mp_socket
EAL: Selected IOVA mode 'VA'
EAL: VFIO support initialized
EAL: Using IOMMU type 1 (Type 1)
EAL: Probe PCI driver: net_ice (8086:1592) device: 0000:65:00.0 (socket 0)
ice_load_pkg_type(): Active package is: 1.3.30.0, ICE OS Default Package (single VLAN mode)
ice_set_rx_function(): Using AVX2 Vector Rx (port 0).
app-ndpiptest: connected
ndpip_rx_thread: avg_burst=0.017467; avg_replies=0.000273; pps=1076866.241696;
pps=6834470; bps=62986476981;
ndpip_rx_thread: avg_burst=64.000000; avg_replies=1.000000; pps=9088649.608315;
pps=9073138; bps=83618048016;
ndpip_rx_thread: avg_burst=64.000000; avg_replies=1.000000; pps=9067734.253879;
pps=9067270; bps=83563964256;
ndpip_rx_thread: avg_burst=64.000000; avg_replies=1.000000; pps=9064334.869568;
pps=9059815; bps=83495256940;
ndpip_rx_thread: avg_burst=64.000000; avg_replies=1.000000; pps=9056767.419843;
pps=9054727; bps=83448368441;
ndpip_rx_thread: avg_burst=64.000000; avg_replies=1.000000; pps=9054963.921298;
pps=9054629; bps=83447469505;
ndpip_rx_thread: avg_burst=64.000000; avg_replies=1.000000; pps=9051115.589289;
pps=9049631; bps=83401408442;
ndpip_rx_thread: avg_burst=64.000000; avg_replies=1.000000; pps=9045314.574986;
pps=9045322; bps=83361688077;
ndpip_rx_thread: avg_burst=64.000000; avg_replies=1.000000; pps=9044444.154172;
pps=9044094; bps=83350376140;
ndpip_rx_thread: avg_burst=64.000000; avg_replies=1.000000; pps=9046082.797670;
pps=9045896; bps=83366978025;
ndpip_rx_thread: avg_burst=64.000000; avg_replies=1.000000; pps=9041153.560701;
pps=9041572; bps=83327134236;
pps=9040352; bps=83315893012;
ndpip_rx_thread: avg_burst=64.000000; avg_replies=1.000000; pps=9041497.351579;
pps=9043782; bps=83347503254;
ndpip_rx_thread: avg_burst=64.000000; avg_replies=1.000000; pps=9042487.541819;
pps=9039649; bps=83309408241;
ndpip_rx_thread: avg_burst=63.979949; avg_replies=1.000000; pps=9041306.497667;
