EAL: Detected CPU lcores: 16
EAL: Detected NUMA nodes: 1
EAL: Detected static linkage of DPDK
EAL: Multi-process socket /var/run/dpdk/rte/mp_socket
EAL: Selected IOVA mode 'VA'
EAL: VFIO support initialized
EAL: Using IOMMU type 1 (Type 1)
EAL: Probe PCI driver: net_ice (8086:1592) device: 0000:65:00.0 (socket 0)
ice_load_pkg_type(): Active package is: 1.3.30.0, ICE OS Default Package (single VLAN mode)
ice_set_rx_function(): Using AVX2 Vector Rx (port 0).
app-ndpiptest: connected
pps=0; bps=0;
pps=0; bps=0;
pps=0; bps=0;
pps=0; bps=0;
pps=0; bps=0;
pps=468927; bps=4366651564;
ndpip_rx_thread: avg_burst=0.005205; avg_replies=0.000000; pps=468879.751684;
pps=9344597; bps=87016893735;
ndpip_rx_thread: avg_burst=0.930780; avg_replies=0.000000; pps=9348218.410823;
pps=10162292; bps=94631270975;
ndpip_rx_thread: avg_burst=3.782954; avg_replies=0.000000; pps=10162318.498969;
pps=10162341; bps=94631727999;
ndpip_rx_thread: avg_burst=3.811358; avg_replies=0.000000; pps=10162311.776310;
pps=10162308; bps=94631416371;
ndpip_rx_thread: avg_burst=3.827244; avg_replies=0.000000; pps=10162315.551909;
pps=10162320; bps=94631532660;
ndpip_rx_thread: avg_burst=3.832606; avg_replies=0.000000; pps=10162309.850420;
pps=10162306; bps=94631399349;
ndpip_rx_thread: avg_burst=3.844283; avg_replies=0.000000; pps=10162318.248758;
pps=10162317; bps=94631496517;
ndpip_rx_thread: avg_burst=3.863477; avg_replies=0.000000; pps=10162309.545648;
pps=10162310; bps=94631439467;
ndpip_rx_thread: avg_burst=3.865055; avg_replies=0.000000; pps=10162315.785640;
pps=10162321; bps=94631540313;
ndpip_rx_thread: avg_burst=3.875466; avg_replies=0.000000; pps=10162321.837959;
pps=10162309; bps=94631426108;
ndpip_rx_thread: avg_burst=3.883299; avg_replies=0.000000; pps=10162310.643201;
pps=10162321; bps=94631536251;
ndpip_rx_thread: avg_burst=3.883967; avg_replies=0.000000; pps=10162311.263475;
pps=10162310; bps=94631432505;
ndpip_rx_thread: avg_burst=3.890100; avg_replies=0.000000; pps=10162320.495241;
pps=10162314; bps=94631470478;
ndpip_rx_thread: avg_burst=3.890026; avg_replies=0.000000; pps=10162312.812039;
pps=10162314; bps=94631468901;
ndpip_rx_thread: avg_burst=3.890191; avg_replies=0.000000; pps=10162307.634979;
pps=10162317; bps=94631505201;
ndpip_rx_thread: avg_burst=3.918577; avg_replies=0.000000; pps=10162322.367905;
