EAL: Detected CPU lcores: 16
EAL: Detected NUMA nodes: 1
EAL: Detected static linkage of DPDK
EAL: Multi-process socket /var/run/dpdk/rte/mp_socket
EAL: Selected IOVA mode 'VA'
EAL: VFIO support initialized
EAL: Using IOMMU type 1 (Type 1)
EAL: Probe PCI driver: net_ice (8086:1592) device: 0000:65:00.0 (socket 0)
ice_load_pkg_type(): Active package is: 1.3.30.0, ICE OS Default Package (single VLAN mode)
ice_set_rx_function(): Using AVX2 Vector Rx (port 0).
app-ndpiptest: connected
ndpip_rx_thread: avg_burst=0.000049; avg_replies=0.000001; pps=4651.531423;
pps=3575; bps=10985468;
ndpip_rx_thread: avg_burst=0.000000; avg_replies=0.000000; pps=3.999700;
pps=3; bps=12287;
ndpip_rx_thread: avg_burst=0.000000; avg_replies=0.000000; pps=3.999904;
pps=3; bps=12287;
ndpip_rx_thread: avg_burst=0.000000; avg_replies=0.000000; pps=3.999965;
pps=3; bps=12287;
ndpip_rx_thread: avg_burst=0.000000; avg_replies=0.000000; pps=3.999636;
pps=3; bps=12287;
ndpip_rx_thread: avg_burst=0.000000; avg_replies=0.000000; pps=3.999667;
pps=3; bps=12287;
ndpip_rx_thread: avg_burst=0.000000; avg_replies=0.000000; pps=3.999653;
pps=3; bps=12287;
ndpip_rx_thread: avg_burst=0.000000; avg_replies=0.000000; pps=3.999619;
pps=3; bps=12287;
ndpip_rx_thread: avg_burst=0.000000; avg_replies=0.000000; pps=3.999623;
pps=3; bps=12287;
ndpip_rx_thread: avg_burst=0.000000; avg_replies=0.000000; pps=3.999635;
pps=3; bps=12287;
ndpip_rx_thread: avg_burst=0.000000; avg_replies=0.000000; pps=3.999649;
pps=3; bps=12287;
ndpip_rx_thread: avg_burst=0.000000; avg_replies=0.000000; pps=3.999679;
pps=3; bps=12287;
ndpip_rx_thread: avg_burst=0.000000; avg_replies=0.000000; pps=3.999664;
pps=3; bps=12287;
ndpip_rx_thread: avg_burst=0.000000; avg_replies=0.000000; pps=3.999663;
pps=3; bps=12287;
ndpip_rx_thread: avg_burst=0.000000; avg_replies=0.000000; pps=3.999662;
