EAL: Detected CPU lcores: 16
EAL: Detected NUMA nodes: 1
EAL: Detected static linkage of DPDK
EAL: Multi-process socket /var/run/dpdk/rte/mp_socket
EAL: Selected IOVA mode 'VA'
EAL: VFIO support initialized
EAL: Using IOMMU type 1 (Type 1)
EAL: Probe PCI driver: net_ice (8086:1592) device: 0000:65:00.0 (socket 0)
ice_load_pkg_type(): Active package is: 1.3.30.0, ICE OS Default Package (single VLAN mode)
ice_set_rx_function(): Using AVX2 Vector Rx (port 0).
app-ndpiptest: connected
ndpip_rx_thread: avg_burst=0.000000; avg_replies=0.000000; pps=1.999770;
pps=6903244; bps=70689220255;
ndpip_rx_thread: avg_burst=0.844784; avg_replies=0.019525; pps=7968474.072376;
pps=9204438; bps=94253451247;
ndpip_rx_thread: avg_burst=44.887092; avg_replies=1.000000; pps=9204477.963329;
pps=9204451; bps=94253578885;
ndpip_rx_thread: avg_burst=45.352969; avg_replies=1.000000; pps=9204430.033539;
pps=9204455; bps=94253627259;
ndpip_rx_thread: avg_burst=45.978812; avg_replies=1.000000; pps=9204463.744122;
pps=9204447; bps=94253543739;
ndpip_rx_thread: avg_burst=46.451055; avg_replies=1.000000; pps=9204448.363313;
pps=9204440; bps=94253468544;
ndpip_rx_thread: avg_burst=46.610819; avg_replies=1.000000; pps=9204459.427891;
pps=9204446; bps=94253529890;
ndpip_rx_thread: avg_burst=46.830397; avg_replies=1.000000; pps=9204449.461986;
pps=9204453; bps=94253606352;
ndpip_rx_thread: avg_burst=47.048855; avg_replies=1.000000; pps=9204464.057753;
pps=9204446; bps=94253532698;
ndpip_rx_thread: avg_burst=47.251675; avg_replies=1.000000; pps=9204443.777698;
pps=9204465; bps=94253728878;
ndpip_rx_thread: avg_burst=47.898430; avg_replies=1.000000; pps=9204451.857969;
pps=9204453; bps=94253606748;
ndpip_rx_thread: avg_burst=47.848175; avg_replies=1.000000; pps=9204432.106357;
pps=9204475; bps=94253825123;
ndpip_rx_thread: avg_burst=48.025617; avg_replies=1.000000; pps=9204451.134376;
pps=9204437; bps=94253437526;
ndpip_rx_thread: avg_burst=48.137226; avg_replies=1.000000; pps=9204474.771710;
pps=9204431; bps=94253375213;
ndpip_rx_thread: avg_burst=48.396650; avg_replies=1.000000; pps=9204431.619013;
