EAL: Detected CPU lcores: 16
EAL: Detected NUMA nodes: 1
EAL: Detected static linkage of DPDK
EAL: Multi-process socket /var/run/dpdk/rte/mp_socket
EAL: Selected IOVA mode 'VA'
EAL: VFIO support initialized
EAL: Using IOMMU type 1 (Type 1)
EAL: Probe PCI driver: net_ice (8086:1592) device: 0000:65:00.0 (socket 0)
ice_load_pkg_type(): Active package is: 1.3.30.0, ICE OS Default Package (single VLAN mode)
ice_set_rx_function(): Using AVX2 Vector Rx (port 0).
app-ndpiptest: connected
pps=0; bps=0;
pps=0; bps=0;
pps=0; bps=0;
pps=0; bps=0;
pps=0; bps=0;
pps=441627; bps=4112433216;
ndpip_rx_thread: avg_burst=0.006672; avg_replies=0.000000; pps=441622.236448;
pps=9440155; bps=87906728035;
ndpip_rx_thread: avg_burst=1.388664; avg_replies=0.000000; pps=9444842.458800;
pps=10162312; bps=94631454838;
ndpip_rx_thread: avg_burst=4.890540; avg_replies=0.000000; pps=10162313.940186;
pps=10162322; bps=94631544641;
ndpip_rx_thread: avg_burst=4.895522; avg_replies=0.000000; pps=10162319.187837;
pps=10162308; bps=94631412906;
ndpip_rx_thread: avg_burst=4.896094; avg_replies=0.000000; pps=10162311.960749;
pps=10162321; bps=94631537281;
ndpip_rx_thread: avg_burst=4.914221; avg_replies=0.000000; pps=10162315.512784;
pps=10162308; bps=94631412585;
ndpip_rx_thread: avg_burst=4.908150; avg_replies=0.000000; pps=10162316.194213;
pps=10162317; bps=94631503115;
ndpip_rx_thread: avg_burst=4.919386; avg_replies=0.000000; pps=10162311.590697;
pps=10162313; bps=94631460174;
ndpip_rx_thread: avg_burst=4.920582; avg_replies=0.000000; pps=10162315.507573;
pps=10162318; bps=94631506227;
ndpip_rx_thread: avg_burst=4.922814; avg_replies=0.000000; pps=10162313.539647;
pps=10162312; bps=94631457340;
ndpip_rx_thread: avg_burst=4.926883; avg_replies=0.000000; pps=10162316.750303;
pps=10162311; bps=94631444392;
ndpip_rx_thread: avg_burst=4.926830; avg_replies=0.000000; pps=10162317.121864;
pps=10162311; bps=94631444039;
ndpip_rx_thread: avg_burst=4.927680; avg_replies=0.000000; pps=10162312.959587;
pps=10162312; bps=94631454469;
ndpip_rx_thread: avg_burst=4.931445; avg_replies=0.000000; pps=10162313.115218;
pps=10162326; bps=94631588404;
ndpip_rx_thread: avg_burst=4.923289; avg_replies=0.000000; pps=10162308.487033;
