EAL: Detected CPU lcores: 16
EAL: Detected NUMA nodes: 1
EAL: Detected static linkage of DPDK
EAL: Multi-process socket /var/run/dpdk/rte/mp_socket
EAL: Selected IOVA mode 'VA'
EAL: VFIO support initialized
EAL: Using IOMMU type 1 (Type 1)
EAL: Probe PCI driver: net_ice (8086:1592) device: 0000:65:00.0 (socket 0)
ice_load_pkg_type(): Active package is: 1.3.30.0, ICE OS Default Package (single VLAN mode)
ice_set_rx_function(): Using AVX2 Vector Rx (port 0).
app-ndpiptest: connected
ndpip_rx_thread: avg_burst=0.062541; avg_replies=0.004054; pps=3600257.774031;
pps=6903305; bps=70689847131;
ndpip_rx_thread: avg_burst=15.871385; avg_replies=1.000000; pps=9204459.507864;
pps=9204458; bps=94253658108;
ndpip_rx_thread: avg_burst=16.309520; avg_replies=1.000000; pps=9204449.581121;
pps=9204454; bps=94253616275;
ndpip_rx_thread: avg_burst=16.726456; avg_replies=1.000000; pps=9204456.302214;
pps=9204449; bps=94253565079;
ndpip_rx_thread: avg_burst=16.932449; avg_replies=1.000000; pps=9204449.700301;
pps=9204445; bps=94253526832;
ndpip_rx_thread: avg_burst=17.225252; avg_replies=1.000000; pps=9204452.519041;
pps=9204464; bps=94253718066;
ndpip_rx_thread: avg_burst=17.437305; avg_replies=1.000000; pps=9204445.848357;
pps=9204443; bps=94253503819;
ndpip_rx_thread: avg_burst=17.688533; avg_replies=1.000000; pps=9204456.895600;
pps=9204438; bps=94253449446;
ndpip_rx_thread: avg_burst=17.847223; avg_replies=1.000000; pps=9204456.953007;
pps=9204464; bps=94253717690;
ndpip_rx_thread: avg_burst=17.977456; avg_replies=1.000000; pps=9204443.608884;
pps=9204444; bps=94253515073;
ndpip_rx_thread: avg_burst=18.127191; avg_replies=1.000000; pps=9204452.282778;
pps=9204465; bps=94253725903;
ndpip_rx_thread: avg_burst=18.270173; avg_replies=1.000000; pps=9204449.656911;
pps=9204431; bps=94253377843;
ndpip_rx_thread: avg_burst=18.409191; avg_replies=1.000000; pps=9204457.597830;
pps=9204466; bps=94253737077;
ndpip_rx_thread: avg_burst=18.504014; avg_replies=1.000000; pps=9204458.230261;
pps=9204451; bps=94253581674;
ndpip_rx_thread: avg_burst=18.449531; avg_replies=1.000000; pps=9204445.162259;
