EAL: Detected CPU lcores: 16
EAL: Detected NUMA nodes: 1
EAL: Detected static linkage of DPDK
EAL: Multi-process socket /var/run/dpdk/rte/mp_socket
EAL: Selected IOVA mode 'VA'
EAL: VFIO support initialized
EAL: Using IOMMU type 1 (Type 1)
EAL: Probe PCI driver: net_ice (8086:1592) device: 0000:65:00.0 (socket 0)
ice_load_pkg_type(): Active package is: 1.3.30.0, ICE OS Default Package (single VLAN mode)
ice_set_rx_function(): Using AVX2 Vector Rx (port 0).
app-ndpiptest: connected
ndpip_rx_thread: avg_burst=0.000182; avg_replies=0.000003; pps=17133.789614;
pps=13111; bps=13426597;
ndpip_rx_thread: avg_burst=0.000000; avg_replies=0.000000; pps=3.999946;
pps=3; bps=4095;
ndpip_rx_thread: avg_burst=0.000000; avg_replies=0.000000; pps=3.999983;
pps=3; bps=4095;
ndpip_rx_thread: avg_burst=0.000000; avg_replies=0.000000; pps=3.999795;
pps=3; bps=4095;
ndpip_rx_thread: avg_burst=0.000000; avg_replies=0.000000; pps=3.999724;
pps=3; bps=4095;
ndpip_rx_thread: avg_burst=0.000000; avg_replies=0.000000; pps=3.999728;
pps=3; bps=4095;
ndpip_rx_thread: avg_burst=0.000000; avg_replies=0.000000; pps=3.999777;
pps=3; bps=4095;
ndpip_rx_thread: avg_burst=0.000000; avg_replies=0.000000; pps=3.999989;
pps=3; bps=4095;
ndpip_rx_thread: avg_burst=0.000000; avg_replies=0.000000; pps=3.999902;
pps=3; bps=4095;
ndpip_rx_thread: avg_burst=0.000000; avg_replies=0.000000; pps=3.999599;
pps=3; bps=4095;
ndpip_rx_thread: avg_burst=0.000000; avg_replies=0.000000; pps=3.999613;
pps=3; bps=4095;
ndpip_rx_thread: avg_burst=0.000000; avg_replies=0.000000; pps=3.999605;
pps=3; bps=4095;
ndpip_rx_thread: avg_burst=0.000000; avg_replies=0.000000; pps=3.999593;
pps=3; bps=4095;
ndpip_rx_thread: avg_burst=0.000000; avg_replies=0.000000; pps=3.999645;
pps=3; bps=4095;
ndpip_rx_thread: avg_burst=0.000000; avg_replies=0.000000; pps=3.999931;
