EAL: Detected CPU lcores: 16
EAL: Detected NUMA nodes: 1
EAL: Detected static linkage of DPDK
EAL: Multi-process socket /var/run/dpdk/rte/mp_socket
EAL: Selected IOVA mode 'VA'
EAL: VFIO support initialized
EAL: Using IOMMU type 1 (Type 1)
EAL: Probe PCI driver: net_ice (8086:1592) device: 0000:65:00.0 (socket 0)
ice_load_pkg_type(): Active package is: 1.3.30.0, ICE OS Default Package (single VLAN mode)
ice_set_rx_function(): Using AVX2 Vector Rx (port 0).
app-ndpiptest: connected
pps=0; bps=0;
pps=0; bps=0;
pps=0; bps=0;
pps=0; bps=0;
pps=0; bps=0;
pps=490292; bps=3059425740;
ndpip_rx_thread: avg_burst=0.007296; avg_replies=0.000000; pps=490233.308212;
pps=7832196; bps=48872904623;
ndpip_rx_thread: avg_burst=0.244584; avg_replies=0.000000; pps=7939298.960970;
pps=14775018; bps=92196115018;
ndpip_rx_thread: avg_burst=27.071060; avg_replies=0.000000; pps=14774990.118650;
pps=14774984; bps=92195901142;
ndpip_rx_thread: avg_burst=27.025683; avg_replies=0.000000; pps=14774989.660020;
pps=14774961; bps=92195762618;
ndpip_rx_thread: avg_burst=26.998667; avg_replies=0.000000; pps=14774992.693067;
pps=14775033; bps=92196208511;
ndpip_rx_thread: avg_burst=27.091538; avg_replies=0.000000; pps=14775008.215975;
pps=14774995; bps=92195973717;
ndpip_rx_thread: avg_burst=27.033435; avg_replies=0.000000; pps=14774987.132041;
pps=14774997; bps=92195981829;
ndpip_rx_thread: avg_burst=27.146173; avg_replies=0.000000; pps=14775001.303459;
pps=14774980; bps=92195878244;
ndpip_rx_thread: avg_burst=27.160120; avg_replies=0.000000; pps=14774998.329184;
pps=14775005; bps=92196036610;
ndpip_rx_thread: avg_burst=27.110547; avg_replies=0.000000; pps=14774983.176051;
pps=14774978; bps=92195866319;
ndpip_rx_thread: avg_burst=27.272945; avg_replies=0.000000; pps=14775008.528322;
pps=14775002; bps=92196016746;
ndpip_rx_thread: avg_burst=27.260278; avg_replies=0.000000; pps=14774977.399623;
pps=14775003; bps=92196022564;
ndpip_rx_thread: avg_burst=27.186074; avg_replies=0.000000; pps=14775010.355910;
pps=14774994; bps=92195966902;
ndpip_rx_thread: avg_burst=27.191295; avg_replies=0.000000; pps=14774985.635029;
pps=14774995; bps=92195973884;
ndpip_rx_thread: avg_burst=27.263179; avg_replies=0.000000; pps=14775006.316664;
pps=14774999; bps=92195993958;
