EAL: Detected CPU lcores: 16
EAL: Detected NUMA nodes: 1
EAL: Detected static linkage of DPDK
EAL: Multi-process socket /var/run/dpdk/rte/mp_socket
EAL: Selected IOVA mode 'VA'
EAL: VFIO support initialized
EAL: Using IOMMU type 1 (Type 1)
EAL: Probe PCI driver: net_ice (8086:1592) device: 0000:65:00.0 (socket 0)
ice_load_pkg_type(): Active package is: 1.3.30.0, ICE OS Default Package (single VLAN mode)
ice_set_rx_function(): Using AVX2 Vector Rx (port 0).
app-ndpiptest: connected
pps=0; bps=0;
pps=0; bps=0;
pps=0; bps=0;
pps=0; bps=0;
pps=0; bps=0;
pps=0; bps=0;
pps=3505065; bps=2131079824;
ndpip_rx_thread: avg_burst=0.069653; avg_replies=0.000000; pps=3669259.524508;
pps=14949289; bps=9089168010;
ndpip_rx_thread: avg_burst=64.000000; avg_replies=0.000000; pps=14947471.721190;
pps=14948710; bps=9088815685;
ndpip_rx_thread: avg_burst=64.000000; avg_replies=0.000000; pps=14949355.014623;
pps=14952301; bps=9090999292;
ndpip_rx_thread: avg_burst=64.000000; avg_replies=0.000000; pps=14950911.197481;
pps=14947949; bps=9088353166;
ndpip_rx_thread: avg_burst=64.000000; avg_replies=0.000000; pps=14950019.534734;
pps=14948652; bps=9088781002;
ndpip_rx_thread: avg_burst=64.000000; avg_replies=0.000000; pps=14947112.202651;
pps=14950818; bps=9090097582;
ndpip_rx_thread: avg_burst=64.000000; avg_replies=0.000000; pps=14949828.982007;
pps=14946710; bps=9087599813;
ndpip_rx_thread: avg_burst=64.000000; avg_replies=0.000000; pps=14951740.054250;
pps=14951150; bps=9090299457;
ndpip_rx_thread: avg_burst=64.000000; avg_replies=0.000000; pps=14950142.406500;
pps=14948889; bps=9088924956;
ndpip_rx_thread: avg_burst=64.000000; avg_replies=0.000000; pps=14945687.635598;
pps=14949937; bps=9089562234;
ndpip_rx_thread: avg_burst=64.000000; avg_replies=0.000000; pps=14952305.542191;
pps=14950724; bps=9090040236;
ndpip_rx_thread: avg_burst=64.000000; avg_replies=0.000000; pps=14944061.957894;
pps=14949635; bps=9089378502;
ndpip_rx_thread: avg_burst=64.000000; avg_replies=0.000000; pps=14952983.104183;
pps=14948229; bps=9088523516;
ndpip_rx_thread: avg_burst=64.000000; avg_replies=0.000000; pps=14943290.542279;
