EAL: Detected CPU lcores: 16
EAL: Detected NUMA nodes: 1
EAL: Detected static linkage of DPDK
EAL: Multi-process socket /var/run/dpdk/rte/mp_socket
EAL: Selected IOVA mode 'VA'
EAL: VFIO support initialized
EAL: Using IOMMU type 1 (Type 1)
EAL: Probe PCI driver: net_ice (8086:1592) device: 0000:65:00.0 (socket 0)
ice_load_pkg_type(): Active package is: 1.3.30.0, ICE OS Default Package (single VLAN mode)
ice_set_rx_function(): Using AVX2 Vector Rx (port 0).
app-ndpiptest: connected
pps=0; bps=0;
pps=0; bps=0;
pps=0; bps=0;
pps=0; bps=0;
pps=0; bps=0;
pps=7942810; bps=2795869340;
ndpip_rx_thread: avg_burst=0.156044; avg_replies=0.000000; pps=8140228.182906;
pps=18103947; bps=6372589613;
ndpip_rx_thread: avg_burst=64.000000; avg_replies=0.000000; pps=18099672.783031;
pps=18080213; bps=6364235076;
ndpip_rx_thread: avg_burst=64.000000; avg_replies=0.000000; pps=18082424.491892;
pps=18063621; bps=6358394766;
ndpip_rx_thread: avg_burst=64.000000; avg_replies=0.000000; pps=18063963.085981;
pps=18054225; bps=6355087505;
ndpip_rx_thread: avg_burst=64.000000; avg_replies=0.000000; pps=18053955.041566;
pps=18039600; bps=6349939323;
ndpip_rx_thread: avg_burst=64.000000; avg_replies=0.000000; pps=18040255.337274;
pps=18032906; bps=6347583053;
ndpip_rx_thread: avg_burst=64.000000; avg_replies=0.000000; pps=18026324.875210;
pps=18024385; bps=6344583865;
ndpip_rx_thread: avg_burst=64.000000; avg_replies=0.000000; pps=18026837.017435;
pps=18028732; bps=6346113934;
ndpip_rx_thread: avg_burst=64.000000; avg_replies=0.000000; pps=18026233.895717;
pps=18010696; bps=6339765138;
ndpip_rx_thread: avg_burst=64.000000; avg_replies=0.000000; pps=18011085.943362;
pps=18004408; bps=6337551766;
ndpip_rx_thread: avg_burst=64.000000; avg_replies=0.000000; pps=18001168.632288;
pps=17998490; bps=6335468600;
ndpip_rx_thread: avg_burst=64.000000; avg_replies=0.000000; pps=17999951.513600;
pps=18005489; bps=6337932457;
ndpip_rx_thread: avg_burst=64.000000; avg_replies=0.000000; pps=17999859.211732;
pps=17996388; bps=6334728926;
ndpip_rx_thread: avg_burst=64.000000; avg_replies=0.000000; pps=17995569.493648;
pps=17995532; bps=6334427325;
ndpip_rx_thread: avg_burst=64.000000; avg_replies=0.000000; pps=17992918.809670;
pps=18000749; bps=6336263912;
