EAL: Detected CPU lcores: 16
EAL: Detected NUMA nodes: 1
EAL: Detected static linkage of DPDK
EAL: Multi-process socket /var/run/dpdk/rte/mp_socket
EAL: Selected IOVA mode 'VA'
EAL: VFIO support initialized
EAL: Using IOMMU type 1 (Type 1)
EAL: Probe PCI driver: net_ice (8086:1592) device: 0000:65:00.0 (socket 0)
ice_load_pkg_type(): Active package is: 1.3.30.0, ICE OS Default Package (single VLAN mode)
ice_set_rx_function(): Using AVX2 Vector Rx (port 0).
app-ndpiptest: connected
ndpip_rx_thread: avg_burst=0.088900; avg_replies=0.001389; pps=3673025.859799;
pps=6782666; bps=34727252194;
ndpip_rx_thread: avg_burst=64.000000; avg_replies=1.000000; pps=9032671.538629;
pps=9032583; bps=46246827682;
ndpip_rx_thread: avg_burst=64.000000; avg_replies=1.000000; pps=9028503.102104;
pps=9026983; bps=46218154268;
ndpip_rx_thread: avg_burst=64.000000; avg_replies=1.000000; pps=9023939.188341;
pps=9024095; bps=46203367329;
ndpip_rx_thread: avg_burst=64.000000; avg_replies=1.000000; pps=9012356.482213;
pps=9010494; bps=46133730508;
ndpip_rx_thread: avg_burst=64.000000; avg_replies=1.000000; pps=9006334.008212;
pps=9005753; bps=46109459028;
pps=9008703; bps=46124562389;
ndpip_rx_thread: avg_burst=64.000000; avg_replies=1.000000; pps=9008222.584269;
pps=9008479; bps=46123416937;
ndpip_rx_thread: avg_burst=64.000000; avg_replies=1.000000; pps=9008047.223944;
pps=9003447; bps=46097651183;
ndpip_rx_thread: avg_burst=64.000000; avg_replies=1.000000; pps=9003965.999551;
pps=9003499; bps=46097918270;
ndpip_rx_thread: avg_burst=64.000000; avg_replies=1.000000; pps=9003283.397011;
pps=9003531; bps=46098080847;
ndpip_rx_thread: avg_burst=64.000000; avg_replies=1.000000; pps=9003695.627797;
pps=9001778; bps=46089106646;
ndpip_rx_thread: avg_burst=64.000000; avg_replies=1.000000; pps=8999893.120082;
pps=8998549; bps=46072571792;
ndpip_rx_thread: avg_burst=64.000000; avg_replies=1.000000; pps=8997420.677742;
pps=8996380; bps=46061467322;
ndpip_rx_thread: avg_burst=64.000000; avg_replies=1.000000; pps=8997093.939670;
