EAL: Detected CPU lcores: 16
EAL: Detected NUMA nodes: 1
EAL: Detected static linkage of DPDK
EAL: Multi-process socket /var/run/dpdk/rte/mp_socket
EAL: Selected IOVA mode 'VA'
EAL: VFIO support initialized
EAL: Using IOMMU type 1 (Type 1)
EAL: Probe PCI driver: net_ice (8086:1592) device: 0000:65:00.0 (socket 0)
ice_load_pkg_type(): Active package is: 1.3.30.0, ICE OS Default Package (single VLAN mode)
ice_set_rx_function(): Using AVX2 Vector Rx (port 0).
app-ndpiptest: connected
ndpip_rx_thread: avg_burst=0.000000; avg_replies=0.000000; pps=1.999881;
pps=10679; bps=32808859;
ndpip_rx_thread: avg_burst=0.000125; avg_replies=0.000002; pps=11794.797296;
pps=3; bps=12287;
ndpip_rx_thread: avg_burst=0.000000; avg_replies=0.000000; pps=3.999940;
pps=3; bps=12287;
ndpip_rx_thread: avg_burst=0.000000; avg_replies=0.000000; pps=3.999583;
pps=3; bps=12287;
ndpip_rx_thread: avg_burst=0.000000; avg_replies=0.000000; pps=3.999938;
pps=3; bps=12287;
ndpip_rx_thread: avg_burst=0.000000; avg_replies=0.000000; pps=3.999813;
pps=3; bps=12287;
ndpip_rx_thread: avg_burst=0.000000; avg_replies=0.000000; pps=3.999850;
pps=3; bps=12287;
ndpip_rx_thread: avg_burst=0.000000; avg_replies=0.000000; pps=3.999818;
pps=3; bps=12287;
ndpip_rx_thread: avg_burst=0.000000; avg_replies=0.000000; pps=3.999803;
pps=3; bps=12287;
ndpip_rx_thread: avg_burst=0.000000; avg_replies=0.000000; pps=3.999840;
pps=3; bps=12287;
ndpip_rx_thread: avg_burst=0.000000; avg_replies=0.000000; pps=3.999801;
pps=3; bps=12287;
ndpip_rx_thread: avg_burst=0.000000; avg_replies=0.000000; pps=3.999800;
pps=3; bps=12287;
ndpip_rx_thread: avg_burst=0.000000; avg_replies=0.000000; pps=3.999773;
pps=3; bps=12287;
ndpip_rx_thread: avg_burst=0.000000; avg_replies=0.000000; pps=3.999760;
pps=3; bps=12287;
ndpip_rx_thread: avg_burst=0.000000; avg_replies=0.000000; pps=3.999746;
pps=3; bps=12287;
