EAL: Detected CPU lcores: 16
EAL: Detected NUMA nodes: 1
EAL: Detected static linkage of DPDK
EAL: Multi-process socket /var/run/dpdk/rte/mp_socket
EAL: Selected IOVA mode 'VA'
EAL: VFIO support initialized
EAL: Using IOMMU type 1 (Type 1)
EAL: Probe PCI driver: net_ice (8086:1592) device: 0000:65:00.0 (socket 0)
ice_load_pkg_type(): Active package is: 1.3.30.0, ICE OS Default Package (single VLAN mode)
ice_set_rx_function(): Using AVX2 Vector Rx (port 0).
app-ndpiptest: connected
pps=0; bps=0;
pps=0; bps=0;
pps=0; bps=0;
pps=0; bps=0;
pps=0; bps=0;
pps=68091; bps=703792140;
ndpip_rx_thread: avg_burst=0.000996; avg_replies=0.000000; pps=68089.699862;
pps=8207301; bps=84830670575;
ndpip_rx_thread: avg_burst=0.860822; avg_replies=0.000000; pps=8216102.395986;
pps=9204450; bps=95137204537;
ndpip_rx_thread: avg_burst=3.929772; avg_replies=0.000000; pps=9204461.281482;
pps=9204455; bps=95137249636;
ndpip_rx_thread: avg_burst=3.932056; avg_replies=0.000000; pps=9204453.493034;
pps=9204449; bps=95137186423;
ndpip_rx_thread: avg_burst=3.948949; avg_replies=0.000000; pps=9204450.428829;
pps=9204463; bps=95137331409;
ndpip_rx_thread: avg_burst=3.943703; avg_replies=0.000000; pps=9204447.577060;
pps=9204450; bps=95137195857;
ndpip_rx_thread: avg_burst=3.945525; avg_replies=0.000000; pps=9204458.654776;
pps=9204450; bps=95137196059;
ndpip_rx_thread: avg_burst=3.944136; avg_replies=0.000000; pps=9204448.456828;
pps=9204453; bps=95137235295;
ndpip_rx_thread: avg_burst=3.964771; avg_replies=0.000000; pps=9204456.834335;
pps=9204447; bps=95137174263;
ndpip_rx_thread: avg_burst=3.960081; avg_replies=0.000000; pps=9204454.356029;
pps=9204460; bps=95137303902;
ndpip_rx_thread: avg_burst=3.967126; avg_replies=0.000000; pps=9204453.717658;
pps=9204445; bps=95137147379;
ndpip_rx_thread: avg_burst=3.978347; avg_replies=0.000000; pps=9204449.226359;
pps=9204461; bps=95137315183;
ndpip_rx_thread: avg_burst=3.962483; avg_replies=0.000000; pps=9204450.589592;
pps=9204453; bps=95137229019;
ndpip_rx_thread: avg_burst=3.972492; avg_replies=0.000000; pps=9204456.156795;
pps=9204452; bps=95137220059;
ndpip_rx_thread: avg_burst=3.972994; avg_replies=0.000000; pps=9204448.661686;
pps=9204445; bps=95137148409;
ndpip_rx_thread: avg_burst=3.975102; avg_replies=0.000000; pps=9204457.481253;
