EAL: Detected CPU lcores: 16
EAL: Detected NUMA nodes: 1
EAL: Detected static linkage of DPDK
EAL: Multi-process socket /var/run/dpdk/rte/mp_socket
EAL: Selected IOVA mode 'VA'
EAL: VFIO support initialized
EAL: Using IOMMU type 1 (Type 1)
EAL: Probe PCI driver: net_ice (8086:1592) device: 0000:65:00.0 (socket 0)
ice_load_pkg_type(): Active package is: 1.3.30.0, ICE OS Default Package (single VLAN mode)
ice_set_rx_function(): Using AVX2 Vector Rx (port 0).
app-ndpiptest: connected
ndpip_rx_thread: avg_burst=0.000000; avg_replies=0.000000; pps=1.999837;
pps=8390241; bps=42958036772;
ndpip_rx_thread: avg_burst=0.426331; avg_replies=0.006662; pps=8757682.024284;
pps=11163266; bps=57155924789;
ndpip_rx_thread: avg_burst=64.000000; avg_replies=1.000000; pps=11161955.343463;
pps=11144519; bps=57059938570;
ndpip_rx_thread: avg_burst=64.000000; avg_replies=1.000000; pps=11142839.559822;
pps=11138528; bps=57029266232;
ndpip_rx_thread: avg_burst=64.000000; avg_replies=1.000000; pps=11135895.215023;
pps=11124025; bps=56955011336;
ndpip_rx_thread: avg_burst=64.000000; avg_replies=1.000000; pps=11123043.458719;
pps=11117798; bps=56923127903;
ndpip_rx_thread: avg_burst=64.000000; avg_replies=1.000000; pps=11117237.149140;
pps=11111210; bps=56889399343;
ndpip_rx_thread: avg_burst=64.000000; avg_replies=1.000000; pps=11109909.468682;
pps=11111121; bps=56888940939;
ndpip_rx_thread: avg_burst=64.000000; avg_replies=1.000000; pps=11109965.435484;
pps=11102181; bps=56843170080;
ndpip_rx_thread: avg_burst=64.000000; avg_replies=1.000000; pps=11098467.647631;
pps=11096126; bps=56812165234;
ndpip_rx_thread: avg_burst=64.000000; avg_replies=1.000000; pps=11096923.409377;
pps=11089920; bps=56780390516;
ndpip_rx_thread: avg_burst=64.000000; avg_replies=1.000000; pps=11086980.862459;
pps=11083740; bps=56748753793;
ndpip_rx_thread: avg_burst=64.000000; avg_replies=1.000000; pps=11083988.604944;
pps=11084165; bps=56750925589;
ndpip_rx_thread: avg_burst=64.000000; avg_replies=1.000000; pps=11078438.008351;
pps=11078122; bps=56719985235;
ndpip_rx_thread: avg_burst=64.000000; avg_replies=1.000000; pps=11076598.724774;
pps=11084772; bps=56754037434;
