EAL: Detected CPU lcores: 16
EAL: Detected NUMA nodes: 1
EAL: Detected static linkage of DPDK
EAL: Multi-process socket /var/run/dpdk/rte/mp_socket
EAL: Selected IOVA mode 'VA'
EAL: VFIO support initialized
EAL: Using IOMMU type 1 (Type 1)
EAL: Probe PCI driver: net_ice (8086:1592) device: 0000:65:00.0 (socket 0)
ice_load_pkg_type(): Active package is: 1.3.30.0, ICE OS Default Package (single VLAN mode)
ice_set_rx_function(): Using AVX2 Vector Rx (port 0).
app-ndpiptest: connected
ndpip_rx_thread: avg_burst=0.000130; avg_replies=0.000002; pps=12207.904255;
pps=11191; bps=45842302;
ndpip_rx_thread: avg_burst=0.000000; avg_replies=0.000000; pps=3.999802;
pps=3; bps=16383;
ndpip_rx_thread: avg_burst=0.000000; avg_replies=0.000000; pps=3.999976;
pps=3; bps=16383;
ndpip_rx_thread: avg_burst=0.000000; avg_replies=0.000000; pps=3.999735;
pps=3; bps=16383;
ndpip_rx_thread: avg_burst=0.000000; avg_replies=0.000000; pps=3.999602;
pps=3; bps=16383;
ndpip_rx_thread: avg_burst=0.000000; avg_replies=0.000000; pps=3.999672;
pps=3; bps=16383;
ndpip_rx_thread: avg_burst=0.000000; avg_replies=0.000000; pps=3.999693;
pps=3; bps=16383;
ndpip_rx_thread: avg_burst=0.000000; avg_replies=0.000000; pps=3.999682;
pps=3; bps=16383;
ndpip_rx_thread: avg_burst=0.000000; avg_replies=0.000000; pps=3.999644;
pps=3; bps=16383;
ndpip_rx_thread: avg_burst=0.000000; avg_replies=0.000000; pps=3.999736;
pps=3; bps=16383;
ndpip_rx_thread: avg_burst=0.000000; avg_replies=0.000000; pps=3.999604;
pps=3; bps=16383;
ndpip_rx_thread: avg_burst=0.000000; avg_replies=0.000000; pps=3.999726;
pps=3; bps=16383;
ndpip_rx_thread: avg_burst=0.000000; avg_replies=0.000000; pps=3.999657;
pps=3; bps=16383;
ndpip_rx_thread: avg_burst=0.000000; avg_replies=0.000000; pps=3.999754;
pps=3; bps=16383;
ndpip_rx_thread: avg_burst=0.000000; avg_replies=0.000000; pps=3.999632;
pps=3; bps=16383;
