EAL: Detected CPU lcores: 16
EAL: Detected NUMA nodes: 1
EAL: Detected static linkage of DPDK
EAL: Multi-process socket /var/run/dpdk/rte/mp_socket
EAL: Selected IOVA mode 'VA'
EAL: VFIO support initialized
EAL: Using IOMMU type 1 (Type 1)
EAL: Probe PCI driver: net_ice (8086:1592) device: 0000:65:00.0 (socket 0)
ice_load_pkg_type(): Active package is: 1.3.30.0, ICE OS Default Package (single VLAN mode)
ice_set_rx_function(): Using AVX2 Vector Rx (port 0).
app-ndpiptest: connected
ndpip_rx_thread: avg_burst=0.000055; avg_replies=0.000001; pps=3824.827141;
pps=2807; bps=8626097;
ndpip_rx_thread: avg_burst=0.000000; avg_replies=0.000000; pps=3.999472;
pps=3; bps=12287;
ndpip_rx_thread: avg_burst=0.000000; avg_replies=0.000000; pps=3.999459;
pps=3; bps=12287;
ndpip_rx_thread: avg_burst=0.000000; avg_replies=0.000000; pps=3.999647;
pps=3; bps=12287;
ndpip_rx_thread: avg_burst=0.000000; avg_replies=0.000000; pps=3.999891;
pps=3; bps=12287;
ndpip_rx_thread: avg_burst=0.000000; avg_replies=0.000000; pps=3.999958;
pps=3; bps=12287;
ndpip_rx_thread: avg_burst=0.000000; avg_replies=0.000000; pps=3.999620;
pps=3; bps=12287;
ndpip_rx_thread: avg_burst=0.000000; avg_replies=0.000000; pps=3.999695;
pps=3; bps=12287;
ndpip_rx_thread: avg_burst=0.000000; avg_replies=0.000000; pps=3.999752;
pps=3; bps=12287;
ndpip_rx_thread: avg_burst=0.000000; avg_replies=0.000000; pps=3.999702;
pps=3; bps=12287;
ndpip_rx_thread: avg_burst=0.000000; avg_replies=0.000000; pps=3.999924;
pps=3; bps=12287;
ndpip_rx_thread: avg_burst=0.000000; avg_replies=0.000000; pps=3.999488;
pps=3; bps=12287;
ndpip_rx_thread: avg_burst=0.000000; avg_replies=0.000000; pps=3.999820;
pps=3; bps=12287;
ndpip_rx_thread: avg_burst=0.000000; avg_replies=0.000000; pps=3.999482;
pps=3; bps=12287;
