EAL: Detected CPU lcores: 16
EAL: Detected NUMA nodes: 1
EAL: Detected static linkage of DPDK
EAL: Multi-process socket /var/run/dpdk/rte/mp_socket
EAL: Selected IOVA mode 'VA'
EAL: VFIO support initialized
EAL: Using IOMMU type 1 (Type 1)
EAL: Probe PCI driver: net_ice (8086:1592) device: 0000:65:00.0 (socket 0)
ice_load_pkg_type(): Active package is: 1.3.30.0, ICE OS Default Package (single VLAN mode)
ice_set_rx_function(): Using AVX2 Vector Rx (port 0).
app-ndpiptest: connected
ndpip_rx_thread: avg_burst=0.000150; avg_replies=0.000003; pps=10222.850041;
pps=2487; bps=1273840;
ndpip_rx_thread: avg_burst=0.000000; avg_replies=0.000000; pps=3.999428;
pps=3; bps=2047;
ndpip_rx_thread: avg_burst=0.000000; avg_replies=0.000000; pps=3.999494;
pps=3; bps=2047;
ndpip_rx_thread: avg_burst=0.000000; avg_replies=0.000000; pps=3.999587;
pps=3; bps=2047;
ndpip_rx_thread: avg_burst=0.000000; avg_replies=0.000000; pps=3.999927;
pps=3; bps=2047;
ndpip_rx_thread: avg_burst=0.000000; avg_replies=0.000000; pps=3.999575;
pps=3; bps=2047;
ndpip_rx_thread: avg_burst=0.000000; avg_replies=0.000000; pps=3.999657;
pps=3; bps=2047;
ndpip_rx_thread: avg_burst=0.000000; avg_replies=0.000000; pps=3.999416;
pps=3; bps=2047;
ndpip_rx_thread: avg_burst=0.000000; avg_replies=0.000000; pps=3.999557;
pps=3; bps=2047;
ndpip_rx_thread: avg_burst=0.000000; avg_replies=0.000000; pps=3.999914;
pps=3; bps=2047;
ndpip_rx_thread: avg_burst=0.000000; avg_replies=0.000000; pps=3.999718;
pps=3; bps=2047;
ndpip_rx_thread: avg_burst=0.000000; avg_replies=0.000000; pps=3.999559;
pps=3; bps=2047;
ndpip_rx_thread: avg_burst=0.000000; avg_replies=0.000000; pps=3.999788;
pps=3; bps=2047;
ndpip_rx_thread: avg_burst=0.000000; avg_replies=0.000000; pps=3.999489;
pps=3; bps=2047;
ndpip_rx_thread: avg_burst=0.000000; avg_replies=0.000000; pps=3.999753;
pps=3; bps=2047;
