EAL: Detected CPU lcores: 16
EAL: Detected NUMA nodes: 1
EAL: Detected static linkage of DPDK
EAL: Multi-process socket /var/run/dpdk/rte/mp_socket
EAL: Selected IOVA mode 'VA'
EAL: VFIO support initialized
EAL: Using IOMMU type 1 (Type 1)
EAL: Probe PCI driver: net_ice (8086:1592) device: 0000:65:00.0 (socket 0)
ice_load_pkg_type(): Active package is: 1.3.30.0, ICE OS Default Package (single VLAN mode)
ice_set_rx_function(): Using AVX2 Vector Rx (port 0).
app-ndpiptest: connected
ndpip_rx_thread: avg_burst=0.000000; avg_replies=0.000000; pps=1.999835;
pps=649655; bps=1330493484;
ndpip_rx_thread: avg_burst=0.007313; avg_replies=0.000135; pps=651521.752093;
pps=3; bps=8191;
ndpip_rx_thread: avg_burst=0.000000; avg_replies=0.000000; pps=3.999802;
pps=3; bps=8191;
ndpip_rx_thread: avg_burst=0.000000; avg_replies=0.000000; pps=3.999830;
pps=3; bps=8191;
ndpip_rx_thread: avg_burst=0.000000; avg_replies=0.000000; pps=3.999839;
pps=3; bps=8191;
ndpip_rx_thread: avg_burst=0.000000; avg_replies=0.000000; pps=3.999843;
pps=3; bps=8191;
ndpip_rx_thread: avg_burst=0.000000; avg_replies=0.000000; pps=3.999878;
pps=3; bps=8191;
ndpip_rx_thread: avg_burst=0.000000; avg_replies=0.000000; pps=3.999828;
pps=3; bps=8191;
ndpip_rx_thread: avg_burst=0.000000; avg_replies=0.000000; pps=3.999873;
pps=3; bps=8191;
ndpip_rx_thread: avg_burst=0.000000; avg_replies=0.000000; pps=3.999861;
pps=3; bps=8191;
ndpip_rx_thread: avg_burst=0.000000; avg_replies=0.000000; pps=3.999828;
pps=3; bps=8191;
ndpip_rx_thread: avg_burst=0.000000; avg_replies=0.000000; pps=3.999771;
pps=3; bps=8191;
ndpip_rx_thread: avg_burst=0.000000; avg_replies=0.000000; pps=3.999775;
pps=3; bps=8191;
ndpip_rx_thread: avg_burst=0.000000; avg_replies=0.000000; pps=3.999928;
pps=3; bps=8191;
ndpip_rx_thread: avg_burst=0.000000; avg_replies=0.000000; pps=3.999978;
