EAL: Detected CPU lcores: 16
EAL: Detected NUMA nodes: 1
EAL: Detected static linkage of DPDK
EAL: Multi-process socket /var/run/dpdk/rte/mp_socket
EAL: Selected IOVA mode 'VA'
EAL: VFIO support initialized
EAL: Using IOMMU type 1 (Type 1)
EAL: Probe PCI driver: net_ice (8086:1592) device: 0000:65:00.0 (socket 0)
ice_load_pkg_type(): Active package is: 1.3.30.0, ICE OS Default Package (single VLAN mode)
ice_set_rx_function(): Using AVX2 Vector Rx (port 0).
app-ndpiptest: connected
pps=0; bps=0;
pps=0; bps=0;
pps=0; bps=0;
pps=0; bps=0;
pps=0; bps=0;
pps=2068131; bps=8669607434;
ndpip_rx_thread: avg_burst=0.037976; avg_replies=0.000000; pps=2207640.319417;
pps=13393591; bps=56145935177;
ndpip_rx_thread: avg_burst=64.000000; avg_replies=0.000000; pps=13392676.326711;
pps=13400685; bps=56175675323;
ndpip_rx_thread: avg_burst=64.000000; avg_replies=0.000000; pps=13399959.003814;
pps=13403645; bps=56188080182;
ndpip_rx_thread: avg_burst=64.000000; avg_replies=0.000000; pps=13402844.316299;
pps=13402754; bps=56184346127;
ndpip_rx_thread: avg_burst=64.000000; avg_replies=0.000000; pps=13408011.549209;
pps=13395971; bps=56155912157;
ndpip_rx_thread: avg_burst=64.000000; avg_replies=0.000000; pps=13393839.106485;
pps=13403241; bps=56186387283;
ndpip_rx_thread: avg_burst=64.000000; avg_replies=0.000000; pps=13398820.030880;
pps=13397549; bps=56162528786;
ndpip_rx_thread: avg_burst=64.000000; avg_replies=0.000000; pps=13407369.631502;
pps=13401970; bps=56181062310;
ndpip_rx_thread: avg_burst=64.000000; avg_replies=0.000000; pps=13395527.091153;
pps=13407420; bps=56203908478;
ndpip_rx_thread: avg_burst=64.000000; avg_replies=0.000000; pps=13406198.310509;
pps=13401112; bps=56177462642;
ndpip_rx_thread: avg_burst=64.000000; avg_replies=0.000000; pps=13401758.087986;
pps=13404725; bps=56192608463;
ndpip_rx_thread: avg_burst=64.000000; avg_replies=0.000000; pps=13406384.760341;
pps=13406419; bps=56199712453;
ndpip_rx_thread: avg_burst=64.000000; avg_replies=0.000000; pps=13401984.756324;
pps=13401599; bps=56179505938;
ndpip_rx_thread: avg_burst=64.000000; avg_replies=0.000000; pps=13407438.759383;
pps=13402891; bps=56184921850;
ndpip_rx_thread: avg_burst=64.000000; avg_replies=0.000000; pps=13406404.991476;
