EAL: Detected CPU lcores: 16
EAL: Detected NUMA nodes: 1
EAL: Detected static linkage of DPDK
EAL: Multi-process socket /var/run/dpdk/rte/mp_socket
EAL: Selected IOVA mode 'VA'
EAL: VFIO support initialized
EAL: Using IOMMU type 1 (Type 1)
EAL: Probe PCI driver: net_ice (8086:1592) device: 0000:65:00.0 (socket 0)
ice_load_pkg_type(): Active package is: 1.3.30.0, ICE OS Default Package (single VLAN mode)
ice_set_rx_function(): Using AVX2 Vector Rx (port 0).
app-ndpiptest: connected
pps=0; bps=0;
pps=0; bps=0;
pps=0; bps=0;
pps=0; bps=0;
pps=0; bps=0;
pps=544756; bps=2841449079;
ndpip_rx_thread: avg_burst=0.008159; avg_replies=0.000000; pps=544750.586710;
pps=10337441; bps=53920093057;
ndpip_rx_thread: avg_burst=0.706462; avg_replies=0.000000; pps=10413275.937175;
pps=13164777; bps=68667481369;
ndpip_rx_thread: avg_burst=64.000000; avg_replies=0.000000; pps=13166090.692939;
pps=13166655; bps=68677276908;
ndpip_rx_thread: avg_burst=64.000000; avg_replies=0.000000; pps=13171269.812603;
pps=13171892; bps=68704592005;
ndpip_rx_thread: avg_burst=64.000000; avg_replies=0.000000; pps=13168415.370360;
pps=13177029; bps=68731387893;
ndpip_rx_thread: avg_burst=64.000000; avg_replies=0.000000; pps=13174122.109596;
pps=13176301; bps=68727588090;
ndpip_rx_thread: avg_burst=64.000000; avg_replies=0.000000; pps=13181100.723442;
pps=13176037; bps=68726210007;
ndpip_rx_thread: avg_burst=64.000000; avg_replies=0.000000; pps=13175611.120564;
pps=13174324; bps=68717274382;
ndpip_rx_thread: avg_burst=64.000000; avg_replies=0.000000; pps=13176818.318118;
pps=13177135; bps=68731936855;
ndpip_rx_thread: avg_burst=64.000000; avg_replies=0.000000; pps=13176398.073625;
pps=13173175; bps=68711283842;
ndpip_rx_thread: avg_burst=64.000000; avg_replies=0.000000; pps=13175634.716552;
pps=13175772; bps=68724828833;
ndpip_rx_thread: avg_burst=64.000000; avg_replies=0.000000; pps=13167511.908811;
pps=13174024; bps=68715710412;
ndpip_rx_thread: avg_burst=64.000000; avg_replies=0.000000; pps=13175190.229866;
pps=13179106; bps=68742221730;
ndpip_rx_thread: avg_burst=64.000000; avg_replies=0.000000; pps=13177587.587144;
pps=13174134; bps=68716287895;
ndpip_rx_thread: avg_burst=64.000000; avg_replies=0.000000; pps=13179117.724017;
pps=13149849; bps=68589614698;
ndpip_rx_thread: avg_burst=64.000000; avg_replies=0.000000; pps=13126902.659392;
