EAL: Detected CPU lcores: 16
EAL: Detected NUMA nodes: 1
EAL: Detected static linkage of DPDK
EAL: Multi-process socket /var/run/dpdk/rte/mp_socket
EAL: Selected IOVA mode 'VA'
EAL: VFIO support initialized
EAL: Using IOMMU type 1 (Type 1)
EAL: Probe PCI driver: net_ice (8086:1592) device: 0000:65:00.0 (socket 0)
ice_load_pkg_type(): Active package is: 1.3.30.0, ICE OS Default Package (single VLAN mode)
ice_set_rx_function(): Using AVX2 Vector Rx (port 0).
app-ndpiptest: connected
ndpip_rx_thread: avg_burst=0.000000; avg_replies=0.000000; pps=1.999950;
pps=6837564; bps=56013325736;
ndpip_rx_thread: avg_burst=2.232315; avg_replies=0.034883; pps=8616385.272596;
pps=9080690; bps=74389017254;
ndpip_rx_thread: avg_burst=64.000000; avg_replies=1.000000; pps=9076257.934602;
pps=9074277; bps=74336484911;
ndpip_rx_thread: avg_burst=64.000000; avg_replies=1.000000; pps=9074777.099611;
pps=9070550; bps=74305948600;
ndpip_rx_thread: avg_burst=64.000000; avg_replies=1.000000; pps=9071073.795702;
pps=9071178; bps=74311091271;
ndpip_rx_thread: avg_burst=64.000000; avg_replies=1.000000; pps=9067860.490813;
pps=9066922; bps=74276229900;
ndpip_rx_thread: avg_burst=64.000000; avg_replies=1.000000; pps=9064335.391588;
pps=9062079; bps=74236554786;
ndpip_rx_thread: avg_burst=64.000000; avg_replies=1.000000; pps=9062011.826146;
pps=9059216; bps=74213105403;
ndpip_rx_thread: avg_burst=64.000000; avg_replies=1.000000; pps=9059217.908449;
pps=9058105; bps=74204001928;
ndpip_rx_thread: avg_burst=64.000000; avg_replies=1.000000; pps=9059179.587730;
pps=9060038; bps=74219836396;
ndpip_rx_thread: avg_burst=64.000000; avg_replies=1.000000; pps=9056632.290581;
pps=9057024; bps=74195140683;
ndpip_rx_thread: avg_burst=64.000000; avg_replies=1.000000; pps=9057780.261592;
pps=9058524; bps=74207433975;
ndpip_rx_thread: avg_burst=64.000000; avg_replies=1.000000; pps=9058536.954064;
pps=9057313; bps=74197513643;
ndpip_rx_thread: avg_burst=64.000000; avg_replies=1.000000; pps=9050104.740717;
pps=9050458; bps=74141354976;
ndpip_rx_thread: avg_burst=64.000000; avg_replies=1.000000; pps=9063880.418407;
pps=9064094; bps=74253058398;
