EAL: Detected CPU lcores: 16
EAL: Detected NUMA nodes: 1
EAL: Detected static linkage of DPDK
EAL: Multi-process socket /var/run/dpdk/rte/mp_socket
EAL: Selected IOVA mode 'VA'
EAL: VFIO support initialized
EAL: Using IOMMU type 1 (Type 1)
EAL: Probe PCI driver: net_ice (8086:1592) device: 0000:65:00.0 (socket 0)
ice_load_pkg_type(): Active package is: 1.3.30.0, ICE OS Default Package (single VLAN mode)
ice_set_rx_function(): Using AVX2 Vector Rx (port 0).
app-ndpiptest: connected
ndpip_rx_thread: avg_burst=0.000000; avg_replies=0.000000; pps=1.999883;
pps=6905103; bps=35354131374;
ndpip_rx_thread: avg_burst=0.805048; avg_replies=0.012579; pps=7920076.324572;
pps=9193925; bps=47072898347;
ndpip_rx_thread: avg_burst=64.000000; avg_replies=1.000000; pps=9195008.547012;
pps=9190050; bps=47053059703;
ndpip_rx_thread: avg_burst=64.000000; avg_replies=1.000000; pps=9186276.689516;
pps=9181368; bps=47008608735;
ndpip_rx_thread: avg_burst=64.000000; avg_replies=1.000000; pps=9181464.453105;
pps=9180968; bps=47006558128;
ndpip_rx_thread: avg_burst=64.000000; avg_replies=1.000000; pps=9180495.746024;
pps=9177991; bps=46991314226;
ndpip_rx_thread: avg_burst=64.000000; avg_replies=1.000000; pps=9178254.331141;
pps=9176761; bps=46985018282;
ndpip_rx_thread: avg_burst=64.000000; avg_replies=1.000000; pps=9174380.201576;
pps=9176240; bps=46982352384;
ndpip_rx_thread: avg_burst=64.000000; avg_replies=1.000000; pps=9174333.273383;
pps=9172203; bps=46961683912;
ndpip_rx_thread: avg_burst=64.000000; avg_replies=1.000000; pps=9173163.861809;
pps=9172977; bps=46965647042;
ndpip_rx_thread: avg_burst=64.000000; avg_replies=1.000000; pps=9170734.891406;
pps=9171313; bps=46957124985;
ndpip_rx_thread: avg_burst=64.000000; avg_replies=1.000000; pps=9169577.063649;
pps=9167336; bps=46936762142;
ndpip_rx_thread: avg_burst=64.000000; avg_replies=1.000000; pps=9171187.286716;
pps=9168770; bps=46944105042;
ndpip_rx_thread: avg_burst=64.000000; avg_replies=1.000000; pps=9165703.000502;
pps=9168825; bps=46944387285;
ndpip_rx_thread: avg_burst=64.000000; avg_replies=1.000000; pps=9164916.409486;
pps=9163787; bps=46918591022;
