EAL: Detected CPU lcores: 16
EAL: Detected NUMA nodes: 1
EAL: Detected static linkage of DPDK
EAL: Multi-process socket /var/run/dpdk/rte/mp_socket
EAL: Selected IOVA mode 'VA'
EAL: VFIO support initialized
EAL: Using IOMMU type 1 (Type 1)
EAL: Probe PCI driver: net_ice (8086:1592) device: 0000:65:00.0 (socket 0)
ice_load_pkg_type(): Active package is: 1.3.30.0, ICE OS Default Package (single VLAN mode)
ice_set_rx_function(): Using AVX2 Vector Rx (port 0).
app-ndpiptest: connected
ndpip_rx_thread: avg_burst=0.011609; avg_replies=0.000182; pps=748001.661929;
pps=7032783; bps=50410991073;
ndpip_rx_thread: avg_burst=64.000000; avg_replies=1.000000; pps=9365481.205467;
pps=9350777; bps=67026375280;
ndpip_rx_thread: avg_burst=64.000000; avg_replies=1.000000; pps=9349588.087286;
pps=9349100; bps=67014349094;
ndpip_rx_thread: avg_burst=64.000000; avg_replies=1.000000; pps=9344724.495808;
pps=9341123; bps=66957172053;
ndpip_rx_thread: avg_burst=64.000000; avg_replies=1.000000; pps=9339569.480941;
pps=9335091; bps=66913938453;
ndpip_rx_thread: avg_burst=64.000000; avg_replies=1.000000; pps=9333864.531373;
pps=9334365; bps=66908728745;
ndpip_rx_thread: avg_burst=64.000000; avg_replies=1.000000; pps=9332187.339971;
pps=9331366; bps=66887234758;
ndpip_rx_thread: avg_burst=64.000000; avg_replies=1.000000; pps=9331971.991783;
pps=9331746; bps=66889958471;
ndpip_rx_thread: avg_burst=64.000000; avg_replies=1.000000; pps=9330212.561018;
pps=9326633; bps=66853308259;
ndpip_rx_thread: avg_burst=64.000000; avg_replies=1.000000; pps=9324745.231476;
pps=9326331; bps=66851146127;
ndpip_rx_thread: avg_burst=64.000000; avg_replies=1.000000; pps=9327354.000093;
pps=9325447; bps=66844811115;
ndpip_rx_thread: avg_burst=64.000000; avg_replies=1.000000; pps=9324061.499486;
pps=9323287; bps=66829324872;
ndpip_rx_thread: avg_burst=64.000000; avg_replies=1.000000; pps=9321430.716079;
pps=9321941; bps=66819678595;
ndpip_rx_thread: avg_burst=64.000000; avg_replies=1.000000; pps=9321089.152942;
pps=9320675; bps=66810598868;
ndpip_rx_thread: avg_burst=64.000000; avg_replies=1.000000; pps=9319554.748938;
pps=9319289; bps=66800670603;
