EAL: Detected CPU lcores: 16
EAL: Detected NUMA nodes: 1
EAL: Detected static linkage of DPDK
EAL: Multi-process socket /var/run/dpdk/rte/mp_socket
EAL: Selected IOVA mode 'VA'
EAL: VFIO support initialized
EAL: Using IOMMU type 1 (Type 1)
EAL: Probe PCI driver: net_ice (8086:1592) device: 0000:65:00.0 (socket 0)
ice_load_pkg_type(): Active package is: 1.3.30.0, ICE OS Default Package (single VLAN mode)
ice_set_rx_function(): Using AVX2 Vector Rx (port 0).
app-ndpiptest: connected
ndpip_rx_thread: avg_burst=0.000051; avg_replies=0.000001; pps=3568.814982;
pps=2551; bps=10452883;
ndpip_rx_thread: avg_burst=0.000000; avg_replies=0.000000; pps=3.999614;
pps=3; bps=16383;
ndpip_rx_thread: avg_burst=0.000000; avg_replies=0.000000; pps=3.999461;
pps=3; bps=16383;
ndpip_rx_thread: avg_burst=0.000000; avg_replies=0.000000; pps=3.999456;
pps=3; bps=16383;
ndpip_rx_thread: avg_burst=0.000000; avg_replies=0.000000; pps=3.999571;
pps=3; bps=16383;
ndpip_rx_thread: avg_burst=0.000000; avg_replies=0.000000; pps=3.999600;
pps=3; bps=16383;
ndpip_rx_thread: avg_burst=0.000000; avg_replies=0.000000; pps=3.999669;
pps=3; bps=16383;
ndpip_rx_thread: avg_burst=0.000000; avg_replies=0.000000; pps=3.999827;
pps=3; bps=16383;
ndpip_rx_thread: avg_burst=0.000000; avg_replies=0.000000; pps=3.999558;
pps=3; bps=16383;
ndpip_rx_thread: avg_burst=0.000000; avg_replies=0.000000; pps=3.999562;
pps=3; bps=16383;
ndpip_rx_thread: avg_burst=0.000000; avg_replies=0.000000; pps=3.999717;
pps=3; bps=16383;
ndpip_rx_thread: avg_burst=0.000000; avg_replies=0.000000; pps=3.999474;
pps=3; bps=16383;
ndpip_rx_thread: avg_burst=0.000000; avg_replies=0.000000; pps=3.999815;
pps=3; bps=16383;
ndpip_rx_thread: avg_burst=0.000000; avg_replies=0.000000; pps=3.999763;
pps=3; bps=16383;
ndpip_rx_thread: avg_burst=0.000000; avg_replies=0.000000; pps=3.999630;
