EAL: Detected CPU lcores: 16
EAL: Detected NUMA nodes: 1
EAL: Detected static linkage of DPDK
EAL: Multi-process socket /var/run/dpdk/rte/mp_socket
EAL: Selected IOVA mode 'VA'
EAL: VFIO support initialized
EAL: Using IOMMU type 1 (Type 1)
EAL: Probe PCI driver: net_ice (8086:1592) device: 0000:65:00.0 (socket 0)
ice_load_pkg_type(): Active package is: 1.3.30.0, ICE OS Default Package (single VLAN mode)
ice_set_rx_function(): Using AVX2 Vector Rx (port 0).
app-ndpiptest: connected
pps=0; bps=0;
pps=0; bps=0;
pps=0; bps=0;
pps=0; bps=0;
pps=0; bps=0;
pps=1668777; bps=15539657851;
ndpip_rx_thread: avg_burst=0.029455; avg_replies=0.000000; pps=1699279.729621;
pps=10162314; bps=94631471366;
ndpip_rx_thread: avg_burst=4.791964; avg_replies=0.000000; pps=10162313.999694;
pps=10162313; bps=94631464974;
ndpip_rx_thread: avg_burst=4.799331; avg_replies=0.000000; pps=10162314.724662;
pps=10162313; bps=94631465105;
ndpip_rx_thread: avg_burst=4.797005; avg_replies=0.000000; pps=10162315.338965;
pps=10162310; bps=94631432390;
ndpip_rx_thread: avg_burst=4.798871; avg_replies=0.000000; pps=10162310.886826;
pps=10162322; bps=94631549541;
ndpip_rx_thread: avg_burst=4.810147; avg_replies=0.000000; pps=10162314.425994;
pps=10162307; bps=94631410972;
ndpip_rx_thread: avg_burst=4.811798; avg_replies=0.000000; pps=10162314.777589;
pps=10162314; bps=94631473963;
ndpip_rx_thread: avg_burst=4.818098; avg_replies=0.000000; pps=10162318.719334;
pps=10162313; bps=94631463702;
ndpip_rx_thread: avg_burst=4.821656; avg_replies=0.000000; pps=10162314.129197;
pps=10162314; bps=94631476876;
ndpip_rx_thread: avg_burst=4.819984; avg_replies=0.000000; pps=10162313.753304;
pps=10162318; bps=94631510574;
ndpip_rx_thread: avg_burst=4.827991; avg_replies=0.000000; pps=10162315.278827;
pps=10162310; bps=94631439529;
ndpip_rx_thread: avg_burst=4.832666; avg_replies=0.000000; pps=10162314.194747;
pps=10162308; bps=94631417801;
ndpip_rx_thread: avg_burst=4.823834; avg_replies=0.000000; pps=10162315.105122;
pps=10162316; bps=94631492705;
ndpip_rx_thread: avg_burst=4.830264; avg_replies=0.000000; pps=10162313.685064;
pps=10162324; bps=94631569177;
ndpip_rx_thread: avg_burst=4.830315; avg_replies=0.000000; pps=10162313.051842;
pps=10162314; bps=94631474558;
ndpip_rx_thread: avg_burst=4.848671; avg_replies=0.000000; pps=10162316.462812;
