EAL: Detected CPU lcores: 16
EAL: Detected NUMA nodes: 1
EAL: Detected static linkage of DPDK
EAL: Multi-process socket /var/run/dpdk/rte/mp_socket
EAL: Selected IOVA mode 'VA'
EAL: VFIO support initialized
EAL: Using IOMMU type 1 (Type 1)
EAL: Probe PCI driver: net_ice (8086:1592) device: 0000:65:00.0 (socket 0)
ice_load_pkg_type(): Active package is: 1.3.30.0, ICE OS Default Package (single VLAN mode)
ice_set_rx_function(): Using AVX2 Vector Rx (port 0).
app-ndpiptest: connected
pps=0; bps=0;
pps=0; bps=0;
pps=0; bps=0;
pps=0; bps=0;
pps=0; bps=0;
pps=1278580; bps=14524674046;
ndpip_rx_thread: avg_burst=0.016025; avg_replies=0.000000; pps=1292834.366976;
pps=8411606; bps=95555845214;
ndpip_rx_thread: avg_burst=1.528415; avg_replies=0.000000; pps=8411607.495975;
pps=8411599; bps=95555769071;
ndpip_rx_thread: avg_burst=1.552224; avg_replies=0.000000; pps=8411609.480606;
pps=8411615; bps=95555951451;
ndpip_rx_thread: avg_burst=1.566972; avg_replies=0.000000; pps=8411604.731642;
pps=8411607; bps=95555860350;
ndpip_rx_thread: avg_burst=1.569739; avg_replies=0.000000; pps=8411606.846351;
pps=8411600; bps=95555777009;
ndpip_rx_thread: avg_burst=1.573956; avg_replies=0.000000; pps=8411607.269073;
pps=8411612; bps=95555914891;
ndpip_rx_thread: avg_burst=1.577184; avg_replies=0.000000; pps=8411605.626682;
pps=8411605; bps=95555841035;
ndpip_rx_thread: avg_burst=1.579422; avg_replies=0.000000; pps=8411605.553875;
pps=8411608; bps=95555872033;
ndpip_rx_thread: avg_burst=1.581248; avg_replies=0.000000; pps=8411607.335883;
pps=8411603; bps=95555810737;
ndpip_rx_thread: avg_burst=1.579334; avg_replies=0.000000; pps=8411606.602903;
pps=8411607; bps=95555858305;
ndpip_rx_thread: avg_burst=1.583080; avg_replies=0.000000; pps=8411606.706364;
pps=8411606; bps=95555854445;
ndpip_rx_thread: avg_burst=1.585214; avg_replies=0.000000; pps=8411605.579407;
pps=8411603; bps=95555813955;
ndpip_rx_thread: avg_burst=1.586308; avg_replies=0.000000; pps=8411604.287070;
pps=8411607; bps=95555864484;
ndpip_rx_thread: avg_burst=1.584649; avg_replies=0.000000; pps=8411606.116642;
pps=8411607; bps=95555865790;
ndpip_rx_thread: avg_burst=1.585163; avg_replies=0.000000; pps=8411605.896483;
