EAL: Detected CPU lcores: 16
EAL: Detected NUMA nodes: 1
EAL: Detected static linkage of DPDK
EAL: Multi-process socket /var/run/dpdk/rte/mp_socket
EAL: Selected IOVA mode 'VA'
EAL: VFIO support initialized
EAL: Using IOMMU type 1 (Type 1)
EAL: Probe PCI driver: net_ice (8086:1592) device: 0000:65:00.0 (socket 0)
ice_load_pkg_type(): Active package is: 1.3.30.0, ICE OS Default Package (single VLAN mode)
ice_set_rx_function(): Using AVX2 Vector Rx (port 0).
app-ndpiptest: connected
ndpip_rx_thread: avg_burst=0.000218; avg_replies=0.000006; pps=20461.392410;
pps=4279; bps=1095676;
ndpip_rx_thread: avg_burst=0.000000; avg_replies=0.000000; pps=3.999690;
pps=3; bps=1023;
ndpip_rx_thread: avg_burst=0.000000; avg_replies=0.000000; pps=3.999710;
pps=3; bps=1023;
ndpip_rx_thread: avg_burst=0.000000; avg_replies=0.000000; pps=3.999601;
pps=3; bps=1023;
ndpip_rx_thread: avg_burst=0.000000; avg_replies=0.000000; pps=3.999726;
pps=3; bps=1023;
ndpip_rx_thread: avg_burst=0.000000; avg_replies=0.000000; pps=3.999668;
pps=3; bps=1023;
ndpip_rx_thread: avg_burst=0.000000; avg_replies=0.000000; pps=3.999659;
pps=3; bps=1023;
ndpip_rx_thread: avg_burst=0.000000; avg_replies=0.000000; pps=3.999907;
pps=3; bps=1023;
ndpip_rx_thread: avg_burst=0.000000; avg_replies=0.000000; pps=3.999729;
pps=3; bps=1023;
ndpip_rx_thread: avg_burst=0.000000; avg_replies=0.000000; pps=3.999713;
pps=3; bps=1023;
ndpip_rx_thread: avg_burst=0.000000; avg_replies=0.000000; pps=3.999595;
pps=3; bps=1023;
ndpip_rx_thread: avg_burst=0.000000; avg_replies=0.000000; pps=3.999698;
pps=3; bps=1023;
ndpip_rx_thread: avg_burst=0.000000; avg_replies=0.000000; pps=3.999735;
pps=3; bps=1023;
ndpip_rx_thread: avg_burst=0.000000; avg_replies=0.000000; pps=3.999718;
pps=3; bps=1023;
ndpip_rx_thread: avg_burst=0.000000; avg_replies=0.000000; pps=3.999687;
pps=3; bps=1023;
