EAL: Detected CPU lcores: 16
EAL: Detected NUMA nodes: 1
EAL: Detected static linkage of DPDK
EAL: Multi-process socket /var/run/dpdk/rte/mp_socket
EAL: Selected IOVA mode 'VA'
EAL: VFIO support initialized
EAL: Using IOMMU type 1 (Type 1)
EAL: Probe PCI driver: net_ice (8086:1592) device: 0000:65:00.0 (socket 0)
ice_load_pkg_type(): Active package is: 1.3.30.0, ICE OS Default Package (single VLAN mode)
ice_set_rx_function(): Using AVX2 Vector Rx (port 0).
app-ndpiptest: connected
pps=0; bps=0;
pps=0; bps=0;
pps=0; bps=0;
pps=0; bps=0;
pps=0; bps=0;
pps=1322646; bps=4190144851;
ndpip_rx_thread: avg_burst=0.020031; avg_replies=0.000000; pps=1696115.374711;
pps=16402600; bps=51963438893;
ndpip_rx_thread: avg_burst=64.000000; avg_replies=0.000000; pps=16393307.990480;
pps=16336891; bps=51755271527;
ndpip_rx_thread: avg_burst=64.000000; avg_replies=0.000000; pps=16341987.011766;
pps=16299385; bps=51636454185;
ndpip_rx_thread: avg_burst=64.000000; avg_replies=0.000000; pps=16294105.435477;
pps=16271889; bps=51549347208;
ndpip_rx_thread: avg_burst=64.000000; avg_replies=0.000000; pps=16267166.005434;
pps=16238462; bps=51443449390;
ndpip_rx_thread: avg_burst=64.000000; avg_replies=0.000000; pps=16242495.512025;
pps=16230292; bps=51417566879;
ndpip_rx_thread: avg_burst=64.000000; avg_replies=0.000000; pps=16219791.062339;
pps=16200897; bps=51324442479;
ndpip_rx_thread: avg_burst=64.000000; avg_replies=0.000000; pps=16204839.334212;
pps=16196061; bps=51309121762;
ndpip_rx_thread: avg_burst=64.000000; avg_replies=0.000000; pps=16192327.195592;
pps=16178235; bps=51252651195;
ndpip_rx_thread: avg_burst=64.000000; avg_replies=0.000000; pps=16173962.056771;
pps=16173885; bps=51238870111;
ndpip_rx_thread: avg_burst=64.000000; avg_replies=0.000000; pps=16171450.988860;
pps=16159421; bps=51193048758;
ndpip_rx_thread: avg_burst=64.000000; avg_replies=0.000000; pps=16157779.276739;
pps=16147566; bps=51155489528;
ndpip_rx_thread: avg_burst=64.000000; avg_replies=0.000000; pps=16139445.592605;
pps=16132942; bps=51109162688;
ndpip_rx_thread: avg_burst=64.000000; avg_replies=0.000000; pps=16129726.247809;
pps=16125439; bps=51085393255;
ndpip_rx_thread: avg_burst=64.000000; avg_replies=0.000000; pps=16139041.286020;
