EAL: Detected CPU lcores: 16
EAL: Detected NUMA nodes: 1
EAL: Detected static linkage of DPDK
EAL: Multi-process socket /var/run/dpdk/rte/mp_socket
EAL: Selected IOVA mode 'VA'
EAL: VFIO support initialized
EAL: Using IOMMU type 1 (Type 1)
EAL: Probe PCI driver: net_ice (8086:1592) device: 0000:65:00.0 (socket 0)
ice_load_pkg_type(): Active package is: 1.3.30.0, ICE OS Default Package (single VLAN mode)
ice_set_rx_function(): Using AVX2 Vector Rx (port 0).
app-ndpiptest: connected
ndpip_rx_thread: avg_burst=0.000000; avg_replies=0.000000; pps=1.999883;
pps=6071; bps=24870800;
ndpip_rx_thread: avg_burst=0.000075; avg_replies=0.000001; pps=7088.540060;
pps=3; bps=16383;
ndpip_rx_thread: avg_burst=0.000000; avg_replies=0.000000; pps=3.999909;
pps=3; bps=16383;
ndpip_rx_thread: avg_burst=0.000000; avg_replies=0.000000; pps=3.999640;
pps=3; bps=16383;
ndpip_rx_thread: avg_burst=0.000000; avg_replies=0.000000; pps=3.999583;
pps=3; bps=16383;
ndpip_rx_thread: avg_burst=0.000000; avg_replies=0.000000; pps=3.999986;
pps=3; bps=16383;
ndpip_rx_thread: avg_burst=0.000000; avg_replies=0.000000; pps=3.999768;
pps=3; bps=16383;
ndpip_rx_thread: avg_burst=0.000000; avg_replies=0.000000; pps=3.999780;
pps=3; bps=16383;
ndpip_rx_thread: avg_burst=0.000000; avg_replies=0.000000; pps=3.999833;
pps=3; bps=16383;
ndpip_rx_thread: avg_burst=0.000000; avg_replies=0.000000; pps=3.999798;
pps=3; bps=16383;
ndpip_rx_thread: avg_burst=0.000000; avg_replies=0.000000; pps=3.999811;
pps=3; bps=16383;
ndpip_rx_thread: avg_burst=0.000000; avg_replies=0.000000; pps=3.999772;
pps=3; bps=16383;
ndpip_rx_thread: avg_burst=0.000000; avg_replies=0.000000; pps=3.999825;
pps=3; bps=16383;
ndpip_rx_thread: avg_burst=0.000000; avg_replies=0.000000; pps=3.999620;
pps=3; bps=16383;
ndpip_rx_thread: avg_burst=0.000000; avg_replies=0.000000; pps=3.999613;
pps=3; bps=16383;
ndpip_rx_thread: avg_burst=0.000000; avg_replies=0.000000; pps=3.999598;
pps=3; bps=16383;
