EAL: Detected CPU lcores: 16
EAL: Detected NUMA nodes: 1
EAL: Detected static linkage of DPDK
EAL: Multi-process socket /var/run/dpdk/rte/mp_socket
EAL: Selected IOVA mode 'VA'
EAL: VFIO support initialized
EAL: Using IOMMU type 1 (Type 1)
EAL: Probe PCI driver: net_ice (8086:1592) device: 0000:65:00.0 (socket 0)
ice_load_pkg_type(): Active package is: 1.3.30.0, ICE OS Default Package (single VLAN mode)
ice_set_rx_function(): Using AVX2 Vector Rx (port 0).
app-ndpiptest: connected
ndpip_rx_thread: avg_burst=0.000000; avg_replies=0.000000; pps=1.999774;
pps=6774451; bps=41622230619;
ndpip_rx_thread: avg_burst=2.443358; avg_replies=0.038179; pps=8586891.677401;
pps=9016891; bps=55399783601;
ndpip_rx_thread: avg_burst=64.000000; avg_replies=1.000000; pps=9015575.043112;
pps=9015285; bps=55389913401;
ndpip_rx_thread: avg_burst=64.000000; avg_replies=1.000000; pps=9014320.794045;
pps=9007816; bps=55344021748;
ndpip_rx_thread: avg_burst=64.000000; avg_replies=1.000000; pps=9006276.068528;
pps=9005953; bps=55332577202;
ndpip_rx_thread: avg_burst=64.000000; avg_replies=1.000000; pps=9004728.025257;
pps=9002804; bps=55313232251;
ndpip_rx_thread: avg_burst=64.000000; avg_replies=1.000000; pps=9001567.528118;
pps=9002119; bps=55309019168;
ndpip_rx_thread: avg_burst=64.000000; avg_replies=1.000000; pps=9000638.584890;
pps=9001503; bps=55305240339;
ndpip_rx_thread: avg_burst=64.000000; avg_replies=1.000000; pps=9000189.840021;
pps=8998983; bps=55289751826;
ndpip_rx_thread: avg_burst=64.000000; avg_replies=1.000000; pps=8997674.128565;
pps=8997316; bps=55279511402;
ndpip_rx_thread: avg_burst=64.000000; avg_replies=1.000000; pps=8997314.952377;
pps=8997508; bps=55280689262;
ndpip_rx_thread: avg_burst=64.000000; avg_replies=1.000000; pps=8996968.560909;
pps=8996123; bps=55272184250;
ndpip_rx_thread: avg_burst=64.000000; avg_replies=1.000000; pps=8992653.517528;
pps=8992770; bps=55251579528;
pps=8992441; bps=55249561489;
ndpip_rx_thread: avg_burst=64.000000; avg_replies=1.000000; pps=8993684.428814;
pps=8994270; bps=55260798031;
ndpip_rx_thread: avg_burst=64.000000; avg_replies=1.000000; pps=8995218.251910;
