EAL: Detected CPU lcores: 16
EAL: Detected NUMA nodes: 1
EAL: Detected static linkage of DPDK
EAL: Multi-process socket /var/run/dpdk/rte/mp_socket
EAL: Selected IOVA mode 'VA'
EAL: VFIO support initialized
EAL: Using IOMMU type 1 (Type 1)
EAL: Probe PCI driver: net_ice (8086:1592) device: 0000:65:00.0 (socket 0)
ice_load_pkg_type(): Active package is: 1.3.30.0, ICE OS Default Package (single VLAN mode)
ice_set_rx_function(): Using AVX2 Vector Rx (port 0).
app-ndpiptest: connected
pps=0; bps=0;
pps=0; bps=0;
pps=0; bps=0;
pps=0; bps=0;
pps=0; bps=0;
pps=82023; bps=595818080;
ndpip_rx_thread: avg_burst=0.000875; avg_replies=0.000000; pps=82017.829143;
pps=6623473; bps=48112910565;
ndpip_rx_thread: avg_burst=0.143481; avg_replies=0.000000; pps=6648548.913892;
pps=12833309; bps=93221160249;
ndpip_rx_thread: avg_burst=7.362866; avg_replies=0.000000; pps=12833317.056206;
pps=12833317; bps=93221217324;
ndpip_rx_thread: avg_burst=7.385034; avg_replies=0.000000; pps=12833305.900179;
pps=12833302; bps=93221112045;
ndpip_rx_thread: avg_burst=7.398634; avg_replies=0.000000; pps=12833307.816884;
pps=12833326; bps=93221282720;
ndpip_rx_thread: avg_burst=7.414924; avg_replies=0.000000; pps=12833317.331708;
pps=12833311; bps=93221173772;
ndpip_rx_thread: avg_burst=7.398088; avg_replies=0.000000; pps=12833298.131203;
pps=12833302; bps=93221109789;
ndpip_rx_thread: avg_burst=7.404096; avg_replies=0.000000; pps=12833331.409989;
pps=12833299; bps=93221085010;
ndpip_rx_thread: avg_burst=7.411781; avg_replies=0.000000; pps=12833317.570521;
pps=12833328; bps=93221298333;
ndpip_rx_thread: avg_burst=7.427098; avg_replies=0.000000; pps=12833309.988326;
pps=12833321; bps=93221248258;
ndpip_rx_thread: avg_burst=7.451077; avg_replies=0.000000; pps=12833307.855497;
pps=12833315; bps=93221204299;
ndpip_rx_thread: avg_burst=7.446835; avg_replies=0.000000; pps=12833310.997598;
pps=12833301; bps=93221099298;
ndpip_rx_thread: avg_burst=7.471723; avg_replies=0.000000; pps=12833314.970330;
pps=12833327; bps=93221292577;
ndpip_rx_thread: avg_burst=7.474041; avg_replies=0.000000; pps=12833316.862263;
pps=12833299; bps=93221089937;
ndpip_rx_thread: avg_burst=7.470895; avg_replies=0.000000; pps=12833305.087106;
