EAL: Detected CPU lcores: 16
EAL: Detected NUMA nodes: 1
EAL: Detected static linkage of DPDK
EAL: Multi-process socket /var/run/dpdk/rte/mp_socket
EAL: Selected IOVA mode 'VA'
EAL: VFIO support initialized
EAL: Using IOMMU type 1 (Type 1)
EAL: Probe PCI driver: net_ice (8086:1592) device: 0000:65:00.0 (socket 0)
ice_load_pkg_type(): Active package is: 1.3.30.0, ICE OS Default Package (single VLAN mode)
ice_set_rx_function(): Using AVX2 Vector Rx (port 0).
app-ndpiptest: connected
pps=0; bps=0;
pps=0; bps=0;
pps=0; bps=0;
pps=0; bps=0;
pps=0; bps=0;
pps=2099861; bps=1276715871;
ndpip_rx_thread: avg_burst=0.029421; avg_replies=0.000000; pps=2405387.669732;
pps=17980825; bps=10932341917;
ndpip_rx_thread: avg_burst=64.000000; avg_replies=0.000000; pps=17976565.907010;
pps=17949552; bps=10913327945;
ndpip_rx_thread: avg_burst=64.000000; avg_replies=0.000000; pps=17950791.317676;
pps=17920392; bps=10895598936;
ndpip_rx_thread: avg_burst=64.000000; avg_replies=0.000000; pps=17921666.870922;
pps=17907060; bps=10887492688;
ndpip_rx_thread: avg_burst=64.000000; avg_replies=0.000000; pps=17900514.481859;
pps=17880159; bps=10871137126;
ndpip_rx_thread: avg_burst=64.000000; avg_replies=0.000000; pps=17883912.639041;
pps=17889033; bps=10876532368;
ndpip_rx_thread: avg_burst=64.000000; avg_replies=0.000000; pps=17886786.217863;
pps=17881890; bps=10872189551;
ndpip_rx_thread: avg_burst=64.000000; avg_replies=0.000000; pps=17883830.333145;
pps=17874548; bps=10867725421;
ndpip_rx_thread: avg_burst=64.000000; avg_replies=0.000000; pps=17871012.714729;
pps=17868608; bps=10864114005;
ndpip_rx_thread: avg_burst=64.000000; avg_replies=0.000000; pps=17869422.084696;
pps=17868416; bps=10863997103;
ndpip_rx_thread: avg_burst=64.000000; avg_replies=0.000000; pps=17866239.750362;
pps=17862484; bps=10860390779;
ndpip_rx_thread: avg_burst=64.000000; avg_replies=0.000000; pps=17865093.944381;
pps=17868616; bps=10864118753;
ndpip_rx_thread: avg_burst=64.000000; avg_replies=0.000000; pps=17864190.044645;
pps=17851500; bps=10853712267;
ndpip_rx_thread: avg_burst=64.000000; avg_replies=0.000000; pps=17852833.466922;
pps=17847756; bps=10851435853;
ndpip_rx_thread: avg_burst=64.000000; avg_replies=0.000000; pps=17844062.212204;
pps=17837334; bps=10845099270;
ndpip_rx_thread: avg_burst=64.000000; avg_replies=0.000000; pps=17841969.401878;
