EAL: Detected CPU lcores: 16
EAL: Detected NUMA nodes: 1
EAL: Detected static linkage of DPDK
EAL: Multi-process socket /var/run/dpdk/rte/mp_socket
EAL: Selected IOVA mode 'VA'
EAL: VFIO support initialized
EAL: Using IOMMU type 1 (Type 1)
EAL: Probe PCI driver: net_ice (8086:1592) device: 0000:65:00.0 (socket 0)
ice_load_pkg_type(): Active package is: 1.3.30.0, ICE OS Default Package (single VLAN mode)
ice_set_rx_function(): Using AVX2 Vector Rx (port 0).
app-ndpiptest: connected
ndpip_rx_thread: avg_burst=0.000103; avg_replies=0.000002; pps=9726.392227;
pps=5879; bps=6021101;
ndpip_rx_thread: avg_burst=0.000000; avg_replies=0.000000; pps=3.999785;
pps=3; bps=4095;
ndpip_rx_thread: avg_burst=0.000000; avg_replies=0.000000; pps=3.999814;
pps=3; bps=4095;
ndpip_rx_thread: avg_burst=0.000000; avg_replies=0.000000; pps=3.999626;
pps=3; bps=4095;
ndpip_rx_thread: avg_burst=0.000000; avg_replies=0.000000; pps=3.999809;
pps=3; bps=4095;
ndpip_rx_thread: avg_burst=0.000000; avg_replies=0.000000; pps=3.999814;
pps=3; bps=4095;
ndpip_rx_thread: avg_burst=0.000000; avg_replies=0.000000; pps=3.999574;
pps=3; bps=4095;
ndpip_rx_thread: avg_burst=0.000000; avg_replies=0.000000; pps=3.999607;
pps=3; bps=4095;
ndpip_rx_thread: avg_burst=0.000000; avg_replies=0.000000; pps=3.999627;
pps=3; bps=4095;
ndpip_rx_thread: avg_burst=0.000000; avg_replies=0.000000; pps=3.999646;
pps=3; bps=4095;
ndpip_rx_thread: avg_burst=0.000000; avg_replies=0.000000; pps=3.999588;
pps=3; bps=4095;
ndpip_rx_thread: avg_burst=0.000000; avg_replies=0.000000; pps=3.999624;
pps=3; bps=4095;
ndpip_rx_thread: avg_burst=0.000000; avg_replies=0.000000; pps=3.999661;
pps=3; bps=4095;
ndpip_rx_thread: avg_burst=0.000000; avg_replies=0.000000; pps=3.999612;
pps=3; bps=4095;
ndpip_rx_thread: avg_burst=0.000000; avg_replies=0.000000; pps=3.999799;
