EAL: Detected CPU lcores: 16
EAL: Detected NUMA nodes: 1
EAL: Detected static linkage of DPDK
EAL: Multi-process socket /var/run/dpdk/rte/mp_socket
EAL: Selected IOVA mode 'VA'
EAL: VFIO support initialized
EAL: Using IOMMU type 1 (Type 1)
EAL: Probe PCI driver: net_ice (8086:1592) device: 0000:65:00.0 (socket 0)
ice_load_pkg_type(): Active package is: 1.3.30.0, ICE OS Default Package (single VLAN mode)
ice_set_rx_function(): Using AVX2 Vector Rx (port 0).
app-ndpiptest: connected
pps=0; bps=0;
pps=0; bps=0;
pps=0; bps=0;
pps=0; bps=0;
pps=0; bps=0;
pps=787251; bps=277112529;
ndpip_rx_thread: avg_burst=0.008719; avg_replies=0.000000; pps=787194.577569;
pps=17812210; bps=6269898253;
ndpip_rx_thread: avg_burst=9.107658; avg_replies=0.000000; pps=17815640.472244;
pps=18046180; bps=6352255397;
ndpip_rx_thread: avg_burst=64.000000; avg_replies=0.000000; pps=18043124.208204;
pps=18022367; bps=6343873236;
ndpip_rx_thread: avg_burst=64.000000; avg_replies=0.000000; pps=18023488.259674;
pps=18011313; bps=6339982307;
ndpip_rx_thread: avg_burst=64.000000; avg_replies=0.000000; pps=18008825.533932;
pps=17995081; bps=6334268767;
ndpip_rx_thread: avg_burst=64.000000; avg_replies=0.000000; pps=18001619.830555;
pps=17992721; bps=6333437938;
ndpip_rx_thread: avg_burst=64.000000; avg_replies=0.000000; pps=17986518.411682;
pps=17982201; bps=6329734865;
ndpip_rx_thread: avg_burst=64.000000; avg_replies=0.000000; pps=17982411.958319;
pps=17985218; bps=6330796755;
ndpip_rx_thread: avg_burst=64.000000; avg_replies=0.000000; pps=17982225.607210;
pps=17973647; bps=6326723799;
ndpip_rx_thread: avg_burst=64.000000; avg_replies=0.000000; pps=17976596.966024;
pps=17980588; bps=6329167086;
ndpip_rx_thread: avg_burst=64.000000; avg_replies=0.000000; pps=17978116.812600;
pps=17963501; bps=6323152633;
ndpip_rx_thread: avg_burst=64.000000; avg_replies=0.000000; pps=17966447.411748;
pps=17966752; bps=6324296990;
ndpip_rx_thread: avg_burst=64.000000; avg_replies=0.000000; pps=17959445.394207;
pps=17959662; bps=6321801055;
ndpip_rx_thread: avg_burst=64.000000; avg_replies=0.000000; pps=17958359.701272;
pps=17959129; bps=6321613661;
ndpip_rx_thread: avg_burst=64.000000; avg_replies=0.000000; pps=17963767.452242;
pps=17964607; bps=6323541745;
