EAL: Detected CPU lcores: 16
EAL: Detected NUMA nodes: 1
EAL: Detected static linkage of DPDK
EAL: Multi-process socket /var/run/dpdk/rte/mp_socket
EAL: Selected IOVA mode 'VA'
EAL: VFIO support initialized
EAL: Using IOMMU type 1 (Type 1)
EAL: Probe PCI driver: net_ice (8086:1592) device: 0000:65:00.0 (socket 0)
ice_load_pkg_type(): Active package is: 1.3.30.0, ICE OS Default Package (single VLAN mode)
ice_set_rx_function(): Using AVX2 Vector Rx (port 0).
app-ndpiptest: connected
pps=0; bps=0;
pps=0; bps=0;
pps=0; bps=0;
pps=0; bps=0;
pps=0; bps=0;
pps=1237243; bps=2652649082;
ndpip_rx_thread: avg_burst=0.029644; avg_replies=0.000000; pps=1779818.717159;
pps=14016874; bps=30052179844;
ndpip_rx_thread: avg_burst=64.000000; avg_replies=0.000000; pps=14019031.371341;
pps=14026604; bps=30073040333;
ndpip_rx_thread: avg_burst=64.000000; avg_replies=0.000000; pps=14025811.758011;
pps=14026640; bps=30073118206;
ndpip_rx_thread: avg_burst=64.000000; avg_replies=0.000000; pps=14024796.264737;
pps=14032373; bps=30085408845;
ndpip_rx_thread: avg_burst=64.000000; avg_replies=0.000000; pps=14034146.831676;
pps=14034531; bps=30090036520;
ndpip_rx_thread: avg_burst=64.000000; avg_replies=0.000000; pps=14026503.133037;
pps=14018015; bps=30054625792;
ndpip_rx_thread: avg_burst=64.000000; avg_replies=0.000000; pps=14025845.021696;
pps=14030142; bps=30080625151;
ndpip_rx_thread: avg_burst=64.000000; avg_replies=0.000000; pps=14031071.866425;
pps=14033290; bps=30087375702;
ndpip_rx_thread: avg_burst=64.000000; avg_replies=0.000000; pps=14028917.849898;
pps=14024601; bps=30068744798;
ndpip_rx_thread: avg_burst=64.000000; avg_replies=0.000000; pps=14029853.884885;
pps=14028852; bps=30077860052;
ndpip_rx_thread: avg_burst=64.000000; avg_replies=0.000000; pps=14029180.461590;
pps=14022779; bps=30064839876;
ndpip_rx_thread: avg_burst=64.000000; avg_replies=0.000000; pps=14025092.974056;
pps=14025231; bps=30070096127;
ndpip_rx_thread: avg_burst=64.000000; avg_replies=0.000000; pps=14018665.402248;
pps=14024564; bps=30068666067;
ndpip_rx_thread: avg_burst=64.000000; avg_replies=0.000000; pps=14030766.641714;
pps=14028672; bps=30077474700;
ndpip_rx_thread: avg_burst=64.000000; avg_replies=0.000000; pps=14029081.937376;
pps=13986643; bps=29987364425;
ndpip_rx_thread: avg_burst=64.000000; avg_replies=0.000000; pps=13985614.262362;
