EAL: Detected CPU lcores: 16
EAL: Detected NUMA nodes: 1
EAL: Detected static linkage of DPDK
EAL: Multi-process socket /var/run/dpdk/rte/mp_socket
EAL: Selected IOVA mode 'VA'
EAL: VFIO support initialized
EAL: Using IOMMU type 1 (Type 1)
EAL: Probe PCI driver: net_ice (8086:1592) device: 0000:65:00.0 (socket 0)
ice_load_pkg_type(): Active package is: 1.3.30.0, ICE OS Default Package (single VLAN mode)
ice_set_rx_function(): Using AVX2 Vector Rx (port 0).
app-ndpiptest: connected
ndpip_rx_thread: avg_burst=0.000000; avg_replies=0.000000; pps=1.999957;
pps=1; bps=1023;
ndpip_rx_thread: avg_burst=0.000000; avg_replies=0.000000; pps=2.999631;
pps=3; bps=2047;
ndpip_rx_thread: avg_burst=0.000000; avg_replies=0.000000; pps=3.999948;
pps=3; bps=2047;
ndpip_rx_thread: avg_burst=0.000000; avg_replies=0.000000; pps=3.999864;
pps=3; bps=2047;
ndpip_rx_thread: avg_burst=0.000000; avg_replies=0.000000; pps=3.999749;
pps=3; bps=2047;
ndpip_rx_thread: avg_burst=0.000000; avg_replies=0.000000; pps=3.999453;
pps=3; bps=2047;
ndpip_rx_thread: avg_burst=0.000000; avg_replies=0.000000; pps=3.999555;
pps=3; bps=2047;
ndpip_rx_thread: avg_burst=0.000000; avg_replies=0.000000; pps=3.999534;
pps=3; bps=2047;
ndpip_rx_thread: avg_burst=0.000000; avg_replies=0.000000; pps=3.999519;
pps=3; bps=2047;
ndpip_rx_thread: avg_burst=0.000000; avg_replies=0.000000; pps=3.999953;
pps=3; bps=2047;
ndpip_rx_thread: avg_burst=0.000000; avg_replies=0.000000; pps=3.999718;
pps=3; bps=2047;
ndpip_rx_thread: avg_burst=0.000000; avg_replies=0.000000; pps=3.999572;
pps=3; bps=2047;
ndpip_rx_thread: avg_burst=0.000000; avg_replies=0.000000; pps=4.000000;
pps=3; bps=2047;
ndpip_rx_thread: avg_burst=0.000000; avg_replies=0.000000; pps=3.999652;
pps=3; bps=2047;
ndpip_rx_thread: avg_burst=0.000000; avg_replies=0.000000; pps=3.999609;
pps=3; bps=2047;
ndpip_rx_thread: avg_burst=0.000000; avg_replies=0.000000; pps=3.999611;
