EAL: Detected CPU lcores: 16
EAL: Detected NUMA nodes: 1
EAL: Detected static linkage of DPDK
EAL: Multi-process socket /var/run/dpdk/rte/mp_socket
EAL: Selected IOVA mode 'VA'
EAL: VFIO support initialized
EAL: Using IOMMU type 1 (Type 1)
EAL: Probe PCI driver: net_ice (8086:1592) device: 0000:65:00.0 (socket 0)
ice_load_pkg_type(): Active package is: 1.3.30.0, ICE OS Default Package (single VLAN mode)
ice_set_rx_function(): Using AVX2 Vector Rx (port 0).
app-ndpiptest: connected
ndpip_rx_thread: avg_burst=0.000086; avg_replies=0.000001; pps=5934.814674;
pps=2359; bps=2416633;
ndpip_rx_thread: avg_burst=0.000000; avg_replies=0.000000; pps=3.999790;
pps=3; bps=4095;
ndpip_rx_thread: avg_burst=0.000000; avg_replies=0.000000; pps=3.999962;
pps=3; bps=4095;
ndpip_rx_thread: avg_burst=0.000000; avg_replies=0.000000; pps=3.999942;
pps=3; bps=4095;
ndpip_rx_thread: avg_burst=0.000000; avg_replies=0.000000; pps=3.999791;
pps=3; bps=4095;
ndpip_rx_thread: avg_burst=0.000000; avg_replies=0.000000; pps=3.999589;
pps=3; bps=4095;
ndpip_rx_thread: avg_burst=0.000000; avg_replies=0.000000; pps=3.999983;
pps=3; bps=4095;
ndpip_rx_thread: avg_burst=0.000000; avg_replies=0.000000; pps=3.999796;
pps=3; bps=4095;
ndpip_rx_thread: avg_burst=0.000000; avg_replies=0.000000; pps=3.999672;
pps=3; bps=4095;
ndpip_rx_thread: avg_burst=0.000000; avg_replies=0.000000; pps=3.999492;
pps=3; bps=4095;
ndpip_rx_thread: avg_burst=0.000000; avg_replies=0.000000; pps=3.999500;
pps=3; bps=4095;
ndpip_rx_thread: avg_burst=0.000000; avg_replies=0.000000; pps=3.999898;
pps=3; bps=4095;
ndpip_rx_thread: avg_burst=0.000000; avg_replies=0.000000; pps=3.999959;
pps=3; bps=4095;
ndpip_rx_thread: avg_burst=0.000000; avg_replies=0.000000; pps=3.999924;
pps=3; bps=4095;
