EAL: Detected CPU lcores: 16
EAL: Detected NUMA nodes: 1
EAL: Detected static linkage of DPDK
EAL: Multi-process socket /var/run/dpdk/rte/mp_socket
EAL: Selected IOVA mode 'VA'
EAL: VFIO support initialized
EAL: Using IOMMU type 1 (Type 1)
EAL: Probe PCI driver: net_ice (8086:1592) device: 0000:65:00.0 (socket 0)
ice_load_pkg_type(): Active package is: 1.3.30.0, ICE OS Default Package (single VLAN mode)
ice_set_rx_function(): Using AVX2 Vector Rx (port 0).
app-ndpiptest: connected
ndpip_rx_thread: avg_burst=0.000099; avg_replies=0.000002; pps=6870.302918;
pps=3127; bps=3203068;
ndpip_rx_thread: avg_burst=0.000000; avg_replies=0.000000; pps=3.999659;
pps=3; bps=4095;
ndpip_rx_thread: avg_burst=0.000000; avg_replies=0.000000; pps=3.999579;
pps=3; bps=4095;
ndpip_rx_thread: avg_burst=0.000000; avg_replies=0.000000; pps=3.999815;
pps=3; bps=4095;
ndpip_rx_thread: avg_burst=0.000000; avg_replies=0.000000; pps=3.999971;
pps=3; bps=4095;
ndpip_rx_thread: avg_burst=0.000000; avg_replies=0.000000; pps=3.999571;
pps=3; bps=4095;
ndpip_rx_thread: avg_burst=0.000000; avg_replies=0.000000; pps=3.999547;
pps=3; bps=4095;
ndpip_rx_thread: avg_burst=0.000000; avg_replies=0.000000; pps=3.999710;
pps=3; bps=4095;
ndpip_rx_thread: avg_burst=0.000000; avg_replies=0.000000; pps=3.999977;
pps=3; bps=4095;
ndpip_rx_thread: avg_burst=0.000000; avg_replies=0.000000; pps=3.999576;
pps=3; bps=4095;
ndpip_rx_thread: avg_burst=0.000000; avg_replies=0.000000; pps=3.999966;
pps=3; bps=4095;
ndpip_rx_thread: avg_burst=0.000000; avg_replies=0.000000; pps=3.999507;
pps=3; bps=4095;
ndpip_rx_thread: avg_burst=0.000000; avg_replies=0.000000; pps=3.999459;
pps=3; bps=4095;
ndpip_rx_thread: avg_burst=0.000000; avg_replies=0.000000; pps=3.999663;
pps=3; bps=4095;
ndpip_rx_thread: avg_burst=0.000000; avg_replies=0.000000; pps=3.999935;
pps=3; bps=4095;
ndpip_rx_thread: avg_burst=0.000000; avg_replies=0.000000; pps=3.999709;
pps=3; bps=4095;
ndpip_rx_thread: avg_burst=0.000000; avg_replies=0.000000; pps=3.999563;
