EAL: Detected CPU lcores: 16
EAL: Detected NUMA nodes: 1
EAL: Detected static linkage of DPDK
EAL: Multi-process socket /var/run/dpdk/rte/mp_socket
EAL: Selected IOVA mode 'VA'
EAL: VFIO support initialized
EAL: Using IOMMU type 1 (Type 1)
EAL: Probe PCI driver: net_ice (8086:1592) device: 0000:65:00.0 (socket 0)
ice_load_pkg_type(): Active package is: 1.3.30.0, ICE OS Default Package (single VLAN mode)
ice_set_rx_function(): Using AVX2 Vector Rx (port 0).
app-ndpiptest: connected
pps=0; bps=0;
pps=0; bps=0;
pps=0; bps=0;
pps=0; bps=0;
pps=0; bps=0;
pps=4130865; bps=4626568875;
ndpip_rx_thread: avg_burst=0.093590; avg_replies=0.000000; pps=4497575.090637;
pps=14908026; bps=16696989678;
ndpip_rx_thread: avg_burst=64.000000; avg_replies=0.000000; pps=14908570.873976;
pps=14908110; bps=16697083530;
ndpip_rx_thread: avg_burst=64.000000; avg_replies=0.000000; pps=14910245.497192;
pps=14912479; bps=16701976509;
ndpip_rx_thread: avg_burst=64.000000; avg_replies=0.000000; pps=14910514.410231;
pps=14914914; bps=16704704622;
ndpip_rx_thread: avg_burst=64.000000; avg_replies=0.000000; pps=14912449.390997;
pps=14911957; bps=16701392384;
ndpip_rx_thread: avg_burst=64.000000; avg_replies=0.000000; pps=14911941.963803;
pps=14912004; bps=16701445558;
ndpip_rx_thread: avg_burst=64.000000; avg_replies=0.000000; pps=14914780.673210;
pps=14911396; bps=16700763917;
ndpip_rx_thread: avg_burst=64.000000; avg_replies=0.000000; pps=14910750.941892;
pps=14913984; bps=16703662749;
ndpip_rx_thread: avg_burst=64.000000; avg_replies=0.000000; pps=14917092.679929;
pps=14912407; bps=16701896526;
ndpip_rx_thread: avg_burst=64.000000; avg_replies=0.000000; pps=14911441.547864;
pps=14913713; bps=16703359425;
ndpip_rx_thread: avg_burst=64.000000; avg_replies=0.000000; pps=14906977.244737;
pps=14907307; bps=16696183968;
ndpip_rx_thread: avg_burst=64.000000; avg_replies=0.000000; pps=14912150.196871;
pps=14909662; bps=16698822324;
ndpip_rx_thread: avg_burst=64.000000; avg_replies=0.000000; pps=14914118.746284;
pps=14909967; bps=16699163592;
ndpip_rx_thread: avg_burst=64.000000; avg_replies=0.000000; pps=14904978.430922;
pps=14912326; bps=16701805268;
ndpip_rx_thread: avg_burst=64.000000; avg_replies=0.000000; pps=14913220.622541;
pps=14888802; bps=16675458257;
