EAL: Detected CPU lcores: 16
EAL: Detected NUMA nodes: 1
EAL: Detected static linkage of DPDK
EAL: Multi-process socket /var/run/dpdk/rte/mp_socket
EAL: Selected IOVA mode 'VA'
EAL: VFIO support initialized
EAL: Using IOMMU type 1 (Type 1)
EAL: Probe PCI driver: net_ice (8086:1592) device: 0000:65:00.0 (socket 0)
ice_load_pkg_type(): Active package is: 1.3.30.0, ICE OS Default Package (single VLAN mode)
ice_set_rx_function(): Using AVX2 Vector Rx (port 0).
app-ndpiptest: connected
pps=0; bps=0;
pps=0; bps=0;
pps=0; bps=0;
pps=0; bps=0;
pps=0; bps=0;
pps=3797178; bps=23694395017;
ndpip_rx_thread: avg_burst=0.055274; avg_replies=0.000000; pps=3865628.515393;
pps=14774985; bps=92195911033;
ndpip_rx_thread: avg_burst=12.100331; avg_replies=0.000000; pps=14774987.248630;
pps=14774987; bps=92195923104;
ndpip_rx_thread: avg_burst=12.195033; avg_replies=0.000000; pps=14774996.903486;
pps=14775016; bps=92196100560;
ndpip_rx_thread: avg_burst=12.247354; avg_replies=0.000000; pps=14774997.395221;
pps=14774974; bps=92195837802;
ndpip_rx_thread: avg_burst=12.310802; avg_replies=0.000000; pps=14775001.510223;
pps=14774997; bps=92195982338;
ndpip_rx_thread: avg_burst=12.369720; avg_replies=0.000000; pps=14774993.361745;
pps=14775008; bps=92196050837;
ndpip_rx_thread: avg_burst=12.427554; avg_replies=0.000000; pps=14774998.246163;
pps=14774978; bps=92195867312;
ndpip_rx_thread: avg_burst=12.428747; avg_replies=0.000000; pps=14774994.339670;
pps=14775017; bps=92196108942;
ndpip_rx_thread: avg_burst=12.485051; avg_replies=0.000000; pps=14774989.464414;
pps=14774993; bps=92195959741;
ndpip_rx_thread: avg_burst=12.519888; avg_replies=0.000000; pps=14774982.466742;
pps=14774994; bps=92195963608;
ndpip_rx_thread: avg_burst=12.539502; avg_replies=0.000000; pps=14775021.100053;
pps=14774994; bps=92195967681;
ndpip_rx_thread: avg_burst=12.555260; avg_replies=0.000000; pps=14774986.634473;
pps=14775001; bps=92196011998;
ndpip_rx_thread: avg_burst=12.559314; avg_replies=0.000000; pps=14774995.876396;
pps=14774994; bps=92195965188;
ndpip_rx_thread: avg_burst=12.590258; avg_replies=0.000000; pps=14774979.878300;
pps=14774976; bps=92195851142;
ndpip_rx_thread: avg_burst=12.625312; avg_replies=0.000000; pps=14775007.444669;
