EAL: Detected CPU lcores: 128
EAL: Detected NUMA nodes: 2
EAL: Detected static linkage of DPDK
EAL: Multi-process socket /var/run/dpdk/rte/mp_socket
EAL: Selected IOVA mode 'VA'
EAL: VFIO support initialized
EAL: Probe PCI driver: mlx5_pci (15b3:101d) device: 0000:81:00.0 (socket 1)
app-ndpiptest: connected
pps=7076010; bps=37417943126;
pps=6282826; bps=33223586870;
ndpip_rx_thread: avg_burst=1.787165; avg_replies=0.028986; pps=6447134.941051;
pps=5988905; bps=31669333996;
pps=6006064; bps=31760067541;
pps=6144663; bps=32492982265;
ndpip_rx_thread: avg_burst=1.874585; avg_replies=0.030100; pps=6090716.487348;
pps=6163997; bps=32595220857;
pps=6063137; bps=32061873340;
pps=6122220; bps=32374299579;
ndpip_rx_thread: avg_burst=1.883748; avg_replies=0.030300; pps=6121657.527183;
pps=6101281; bps=32263576060;
