EAL: Detected CPU lcores: 128
EAL: Detected NUMA nodes: 2
EAL: Detected static linkage of DPDK
EAL: Multi-process socket /var/run/dpdk/rte/mp_socket
EAL: Selected IOVA mode 'VA'
EAL: VFIO support initialized
EAL: Probe PCI driver: mlx5_pci (15b3:101d) device: 0000:81:00.0 (socket 1)
app-ndpiptest: connected
pps=0; bps=0;
pps=0; bps=0;
pps=0; bps=0;
pps=6119973; bps=55863114313;
pps=8444472; bps=77081146100;
pps=8388335; bps=76568722664;
pps=8367404; bps=76377668352;
pps=8345522; bps=76177932678;
pps=8356608; bps=76279126232;
pps=8342742; bps=76152557963;
ndpip_rx_thread: avg_burst=5.848047; avg_replies=0.000000; pps=8062658.041947;
pps=8353361; bps=76249482369;
