EAL: Detected CPU lcores: 128
EAL: Detected NUMA nodes: 2
EAL: Detected static linkage of DPDK
EAL: Multi-process socket /var/run/dpdk/rte/mp_socket
EAL: Selected IOVA mode 'VA'
EAL: VFIO support initialized
EAL: Probe PCI driver: mlx5_pci (15b3:101d) device: 0000:81:00.0 (socket 1)
app-ndpiptest: connected
pps=0; bps=0;
pps=0; bps=0;
ndpip_rx_thread: avg_burst=0.012486; avg_replies=0.000000; pps=305474.265517;
pps=305793; bps=809741421;
pps=8609710; bps=22798513439;
pps=8479209; bps=22452945886;
pps=8409102; bps=22267303197;
pps=8413866; bps=22279919608;
pps=8417924; bps=22290664821;
pps=8398229; bps=22238510442;
pps=8390406; bps=22217797343;
pps=8384653; bps=22202561682;
