EAL: Detected CPU lcores: 128
EAL: Detected NUMA nodes: 2
EAL: Detected static linkage of DPDK
EAL: Multi-process socket /var/run/dpdk/rte/mp_socket
EAL: Selected IOVA mode 'VA'
EAL: VFIO support initialized
EAL: Probe PCI driver: mlx5_pci (15b3:101d) device: 0000:81:00.0 (socket 1)
app-ndpiptest: connected
pps=0; bps=0;
pps=0; bps=0;
pps=0; bps=0;
pps=6117345; bps=20603221139;
pps=8570116; bps=28864153242;
pps=8508968; bps=28658206411;
pps=8443744; bps=28438532814;
pps=8406540; bps=28313226768;
pps=8431730; bps=28398068864;
pps=8384227; bps=28238077693;
ndpip_rx_thread: avg_burst=6.263943; avg_replies=0.000000; pps=8145879.699675;
pps=8364105; bps=28170305944;
