EAL: Detected CPU lcores: 128
EAL: Detected NUMA nodes: 2
EAL: Detected static linkage of DPDK
EAL: Multi-process socket /var/run/dpdk/rte/mp_socket
EAL: Selected IOVA mode 'VA'
EAL: VFIO support initialized
EAL: Probe PCI driver: mlx5_pci (15b3:101d) device: 0000:81:00.0 (socket 1)
app-ndpiptest: connected
pps=0; bps=0;
pps=0; bps=0;
ndpip_rx_thread: avg_burst=0.044138; avg_replies=0.000000; pps=1009803.667775;
pps=1010170; bps=2917373030;
pps=8602503; bps=24844031492;
pps=8506917; bps=24567978279;
pps=8494086; bps=24530921889;
pps=8494426; bps=24531902324;
pps=8476912; bps=24481321916;
pps=8455827; bps=24420429090;
pps=8436607; bps=24364922764;
pps=8419333; bps=24315035744;
