EAL: Detected CPU lcores: 128
EAL: Detected NUMA nodes: 2
EAL: Detected static linkage of DPDK
EAL: Multi-process socket /var/run/dpdk/p1/mp_socket
EAL: Selected IOVA mode 'VA'
EAL: VFIO support initialized
app-ndpiptest: connected
ndpip_rx_thread: avg_burst=0.048714; avg_replies=0.000761; pps=2334318.699853;
pps=5315903; bps=24283046339;
ndpip_rx_thread: avg_burst=0.695130; avg_replies=0.010861; pps=5415125.013206;
pps=5426776; bps=24789514400;
ndpip_rx_thread: avg_burst=0.688128; avg_replies=0.010752; pps=5436768.537387;
pps=5435701; bps=24830286107;
pps=5450551; bps=24898121380;
ndpip_rx_thread: avg_burst=0.688128; avg_replies=0.010752; pps=5450866.324578;
pps=5466615; bps=24971501374;
ndpip_rx_thread: avg_burst=0.675840; avg_replies=0.010560; pps=5470418.369873;
pps=5473113; bps=25001180727;
ndpip_rx_thread: avg_burst=0.669696; avg_replies=0.010464; pps=5473325.376960;
pps=5476797; bps=25018011392;
ndpip_rx_thread: avg_burst=0.676250; avg_replies=0.010566; pps=5491564.202457;
pps=5490619; bps=25081151846;
pps=5480855; bps=25036548533;
ndpip_rx_thread: avg_burst=0.663552; avg_replies=0.010368; pps=5480047.687164;

