EAL: Detected CPU lcores: 128
EAL: Detected NUMA nodes: 2
EAL: Detected static linkage of DPDK
EAL: Multi-process socket /var/run/dpdk/p1/mp_socket
EAL: Selected IOVA mode 'VA'
EAL: VFIO support initialized
app-ndpiptest: connected
pps=0; bps=0;
pps=0; bps=0;
pps=0; bps=0;
pps=0; bps=0;
pps=0; bps=0;
pps=0; bps=0;
pps=0; bps=0;
pps=0; bps=0;
pps=0; bps=0;
ndpip_rx_thread: avg_burst=0.071052; avg_replies=0.000000; pps=2756573.424300;
pps=2756793; bps=19870965974;
pps=5195581; bps=37449751084;
pps=5236010; bps=37741164181;
pps=5273845; bps=38013877792;
pps=5320868; bps=38352821349;
pps=5295193; bps=38167754242;
pps=5318697; bps=38337169523;
pps=5323375; bps=38370892543;
pps=5306979; bps=38252709088;
pps=5314074; bps=38303851781;

