EAL: Detected CPU lcores: 128
EAL: Detected NUMA nodes: 2
EAL: Detected static linkage of DPDK
EAL: Multi-process socket /var/run/dpdk/p1/mp_socket
EAL: Selected IOVA mode 'VA'
EAL: VFIO support initialized
app-ndpiptest: connected
pps=0; bps=0;
pps=0; bps=0;
pps=0; bps=0;
pps=0; bps=0;
pps=0; bps=0;
pps=0; bps=0;
pps=0; bps=0;
pps=0; bps=0;
pps=0; bps=0;
ndpip_rx_thread: avg_burst=0.045590; avg_replies=0.000000; pps=2793334.837862;
pps=2793782; bps=6727428390;
pps=11283093; bps=27169688188;
pps=11290755; bps=27188139752;
pps=11290425; bps=27187343835;
pps=11282063; bps=27167209928;
pps=11291816; bps=27190693184;
pps=11283251; bps=27170070313;
pps=11279079; bps=27160023033;
pps=11279481; bps=27160992165;
pps=11294281; bps=27196629293;
pps=11283838; bps=27171483351;
pps=11283685; bps=27171114712;
pps=11284693; bps=27173541517;

