EAL: Detected CPU lcores: 128
EAL: Detected NUMA nodes: 2
EAL: Detected static linkage of DPDK
EAL: Multi-process socket /var/run/dpdk/p1/mp_socket
EAL: Selected IOVA mode 'VA'
EAL: VFIO support initialized
app-ndpiptest: connected
pps=0; bps=0;
pps=0; bps=0;
pps=0; bps=0;
pps=0; bps=0;
pps=0; bps=0;
pps=0; bps=0;
pps=0; bps=0;
pps=0; bps=0;
ndpip_rx_thread: avg_burst=0.266604; avg_replies=0.000000; pps=4475753.231843;
pps=4476001; bps=29040294570;
pps=5414267; bps=35127765402;
pps=5464097; bps=35451067554;
pps=5479389; bps=35550278554;
pps=5498456; bps=35673985016;
pps=5507772; bps=35734426352;
pps=5504994; bps=35716405807;
pps=5526362; bps=35855038202;
pps=5493664; bps=35642893311;

