EAL: Detected CPU lcores: 128
EAL: Detected NUMA nodes: 2
EAL: Detected static linkage of DPDK
EAL: Multi-process socket /var/run/dpdk/p1/mp_socket
EAL: Selected IOVA mode 'VA'
EAL: VFIO support initialized
app-ndpiptest: connected
pps=0; bps=0;
pps=0; bps=0;
pps=0; bps=0;
pps=0; bps=0;
pps=0; bps=0;
pps=0; bps=0;
pps=0; bps=0;
pps=0; bps=0;
pps=0; bps=0;
ndpip_rx_thread: avg_burst=0.099497; avg_replies=0.000000; pps=3693945.147732;
pps=3694248; bps=17761947325;
pps=6327585; bps=30423032427;
pps=6344578; bps=30504731607;
ndpip_rx_thread: avg_burst=1.339865; avg_replies=0.000000; pps=6340865.257314;
pps=6370806; bps=30630839097;
ndpip_rx_thread: avg_burst=1.037926; avg_replies=0.000000; pps=6363282.659192;
pps=6370703; bps=30630340803;
pps=6379431; bps=30672308752;
ndpip_rx_thread: avg_burst=1.001453; avg_replies=0.000000; pps=6383065.461406;
pps=6394046; bps=30742574790;
ndpip_rx_thread: avg_burst=0.932915; avg_replies=0.000000; pps=6395326.771414;
pps=6396306; bps=30753442281;
pps=6400204; bps=30772185347;
ndpip_rx_thread: avg_burst=0.932013; avg_replies=0.000000; pps=6403577.251862;
pps=6404604; bps=30793340791;
ndpip_rx_thread: avg_burst=0.912589; avg_replies=0.000000; pps=6407202.004737;
pps=6412159; bps=30829662536;
pps=6406558; bps=30802732714;
ndpip_rx_thread: avg_burst=0.916685; avg_replies=0.000000; pps=6407249.126555;
pps=6414137; bps=30839170984;
ndpip_rx_thread: avg_burst=0.911360; avg_replies=0.000000; pps=6416027.312823;

