EAL: Detected CPU lcores: 128
EAL: Detected NUMA nodes: 2
EAL: Detected static linkage of DPDK
EAL: Multi-process socket /var/run/dpdk/p1/mp_socket
EAL: Selected IOVA mode 'VA'
EAL: VFIO support initialized
app-ndpiptest: connected
pps=0; bps=0;
pps=0; bps=0;
pps=0; bps=0;
pps=0; bps=0;
pps=0; bps=0;
pps=0; bps=0;
pps=0; bps=0;
pps=0; bps=0;
pps=0; bps=0;
ndpip_rx_thread: avg_burst=0.108772; avg_replies=0.000000; pps=4536931.090675;
pps=4537269; bps=16370467491;
pps=8851236; bps=31935262470;
pps=8854657; bps=31947605711;
pps=8862883; bps=31977284488;
pps=8871251; bps=32007476026;
pps=8858354; bps=31960942997;
pps=8857662; bps=31958446962;
pps=8848627; bps=31925848392;
pps=8851043; bps=31934566448;
pps=8862266; bps=31975056740;

