EAL: Detected CPU lcores: 128
EAL: Detected NUMA nodes: 2
EAL: Detected static linkage of DPDK
EAL: Multi-process socket /var/run/dpdk/p1/mp_socket
EAL: Selected IOVA mode 'VA'
EAL: VFIO support initialized
app-ndpiptest: connected
pps=0; bps=0;
pps=0; bps=0;
pps=0; bps=0;
pps=0; bps=0;
pps=0; bps=0;
pps=0; bps=0;
pps=0; bps=0;
pps=0; bps=0;
pps=0; bps=0;
pps=0; bps=0;
pps=0; bps=0;
pps=0; bps=0;
ndpip_rx_thread: avg_burst=0.115783; avg_replies=0.000000; pps=3354814.725170;
pps=3355131; bps=28209947830;
pps=5001365; bps=42051478545;
pps=5026047; bps=42259005138;
pps=5033089; bps=42318216094;
pps=5035743; bps=42340535279;
pps=5032673; bps=42314715377;
pps=5039600; bps=42372961285;
pps=5037412; bps=42354563925;
pps=5037154; bps=42352391075;
pps=5034538; bps=42330401676;
pps=5037605; bps=42356184648;
pps=5036091; bps=42343460361;
pps=5023005; bps=42233430471;

