EAL: Detected CPU lcores: 128
EAL: Detected NUMA nodes: 2
EAL: Detected static linkage of DPDK
EAL: Multi-process socket /var/run/dpdk/p1/mp_socket
EAL: Selected IOVA mode 'VA'
EAL: VFIO support initialized
app-ndpiptest: connected
pps=0; bps=0;
pps=0; bps=0;
pps=0; bps=0;
pps=0; bps=0;
pps=0; bps=0;
pps=0; bps=0;
pps=0; bps=0;
pps=0; bps=0;
ndpip_rx_thread: avg_burst=0.092198; avg_replies=0.000000; pps=4939770.259987;
pps=4940388; bps=5967989357;
pps=13838651; bps=16717090429;
pps=13860101; bps=16743002249;
pps=13790233; bps=16658602115;
pps=13916090; bps=16810637512;
pps=13845614; bps=16725502164;
pps=13834081; bps=16711570919;
pps=13895985; bps=16786350127;
pps=13844558; bps=16724226854;
pps=13868175; bps=16752756407;
pps=13836474; bps=16714460652;
pps=13854061; bps=16735705829;

