EAL: Detected CPU lcores: 128
EAL: Detected NUMA nodes: 2
EAL: Detected static linkage of DPDK
EAL: Multi-process socket /var/run/dpdk/p1/mp_socket
EAL: Selected IOVA mode 'VA'
EAL: VFIO support initialized
app-ndpiptest: connected
pps=0; bps=0;
pps=0; bps=0;
pps=0; bps=0;
pps=0; bps=0;
pps=0; bps=0;
pps=0; bps=0;
pps=0; bps=0;
pps=0; bps=0;
ndpip_rx_thread: avg_burst=0.073555; avg_replies=0.000000; pps=3438653.520731;
pps=3439021; bps=13233356219;
ndpip_rx_thread: avg_burst=0.389215; avg_replies=0.000000; pps=6500966.626727;
pps=6501070; bps=25016117986;
ndpip_rx_thread: avg_burst=0.382417; avg_replies=0.000000; pps=6524705.692742;
pps=6524708; bps=25107080109;
ndpip_rx_thread: avg_burst=0.396173; avg_replies=0.000000; pps=6522227.705601;
pps=6521942; bps=25096435270;
ndpip_rx_thread: avg_burst=0.400321; avg_replies=0.000000; pps=6539546.731123;
pps=6539649; bps=25164571907;
ndpip_rx_thread: avg_burst=0.397286; avg_replies=0.000000; pps=6537319.341231;
pps=6537399; bps=25155914212;
ndpip_rx_thread: avg_burst=0.388309; avg_replies=0.000000; pps=6549043.851524;
pps=6549025; bps=25200649397;
ndpip_rx_thread: avg_burst=0.400186; avg_replies=0.000000; pps=6543266.784314;
pps=6543082; bps=25177781357;
ndpip_rx_thread: avg_burst=0.401381; avg_replies=0.000000; pps=6553324.936378;
pps=6553493; bps=25217843065;
ndpip_rx_thread: avg_burst=0.393809; avg_replies=0.000000; pps=6557823.947537;
pps=6557665; bps=25233897753;
ndpip_rx_thread: avg_burst=0.399922; avg_replies=0.000000; pps=6553919.941015;
pps=6554110; bps=25220218965;
ndpip_rx_thread: avg_burst=0.405876; avg_replies=0.000000; pps=6555835.928826;
pps=6555894; bps=25227081407;

