EAL: Detected CPU lcores: 128
EAL: Detected NUMA nodes: 2
EAL: Detected static linkage of DPDK
EAL: Multi-process socket /var/run/dpdk/p2/mp_socket
EAL: Selected IOVA mode 'VA'
EAL: VFIO support initialized
app-ndpiptest: connected
ndpip_rx_thread: avg_burst=0.002347; avg_replies=0.000000; pps=117322.999061;
ndpip_rx_thread: avg_burst=0.002336; avg_replies=0.000000; pps=116807.997781;
ndpip_rx_thread: avg_burst=0.002335; avg_replies=0.000000; pps=116570.998951;
ndpip_rx_thread: avg_burst=0.002347; avg_replies=0.000000; pps=116773.997898;
ndpip_rx_thread: avg_burst=0.002368; avg_replies=0.000000; pps=117043.997776;
ndpip_rx_thread: avg_burst=0.002341; avg_replies=0.000000; pps=116673.997783;
ndpip_rx_thread: avg_burst=0.002381; avg_replies=0.000000; pps=116480.997903;
ndpip_rx_thread: avg_burst=0.002376; avg_replies=0.000000; pps=116848.997780;
ndpip_rx_thread: avg_burst=0.002334; avg_replies=0.000000; pps=116717.996615;
ndpip_rx_thread: avg_burst=0.002333; avg_replies=0.000000; pps=116998.997894;
ndpip_rx_thread: avg_burst=0.002351; avg_replies=0.000000; pps=117164.998946;
ndpip_rx_thread: avg_burst=0.002348; avg_replies=0.000000; pps=116594.947532;
ndpip_rx_thread: avg_burst=0.002377; avg_replies=0.000000; pps=116245.948852;
ndpip_rx_thread: avg_burst=0.002376; avg_replies=0.000000; pps=116572.998951;
ndpip_rx_thread: avg_burst=0.002377; avg_replies=0.000000; pps=115971.996753;


